[2024-03-05 09:49:44,163] {taskinstance.py:1159} INFO - Dependencies all met for <TaskInstance: TwitterDAG.twitter_datascience scheduled__2024-03-04T00:00:00+00:00 [queued]>
[2024-03-05 09:49:44,202] {taskinstance.py:1159} INFO - Dependencies all met for <TaskInstance: TwitterDAG.twitter_datascience scheduled__2024-03-04T00:00:00+00:00 [queued]>
[2024-03-05 09:49:44,203] {taskinstance.py:1356} INFO - 
--------------------------------------------------------------------------------
[2024-03-05 09:49:44,203] {taskinstance.py:1357} INFO - Starting attempt 1 of 1
[2024-03-05 09:49:44,203] {taskinstance.py:1358} INFO - 
--------------------------------------------------------------------------------
[2024-03-05 09:49:44,235] {taskinstance.py:1377} INFO - Executing <Task(TwitterOperator): twitter_datascience> on 2024-03-04 00:00:00+00:00
[2024-03-05 09:49:44,238] {standard_task_runner.py:52} INFO - Started process 567 to run task
[2024-03-05 09:49:44,247] {standard_task_runner.py:79} INFO - Running: ['airflow', 'tasks', 'run', 'TwitterDAG', 'twitter_datascience', 'scheduled__2024-03-04T00:00:00+00:00', '--job-id', '20', '--raw', '--subdir', 'DAGS_FOLDER/twitter_dag.py', '--cfg-path', '/tmp/tmp9o012gpp', '--error-file', '/tmp/tmpn101yqzi']
[2024-03-05 09:49:44,248] {standard_task_runner.py:80} INFO - Job 20: Subtask twitter_datascience
[2024-03-05 09:49:44,412] {task_command.py:370} INFO - Running <TaskInstance: TwitterDAG.twitter_datascience scheduled__2024-03-04T00:00:00+00:00 [running]> on host BITL0401.
[2024-03-05 09:49:44,570] {taskinstance.py:1569} INFO - Exporting the following env vars:
AIRFLOW_CTX_DAG_OWNER=airflow
AIRFLOW_CTX_DAG_ID=TwitterDAG
AIRFLOW_CTX_TASK_ID=twitter_datascience
AIRFLOW_CTX_EXECUTION_DATE=2024-03-04T00:00:00+00:00
AIRFLOW_CTX_TRY_NUMBER=1
AIRFLOW_CTX_DAG_RUN_ID=scheduled__2024-03-04T00:00:00+00:00
[2024-03-05 09:49:44,602] {base.py:68} INFO - Using connection ID 'twitter_default' for task execution.
[2024-03-05 09:49:44,607] {twitter_hook.py:32} INFO - URL: https://labdados.com/2/tweets/search/recent?query=data science&tweet.fields=author_id,conversation_id,created_at,id,in_reply_to_user_id,public_metrics,lang,text&expansions=author_id&user.fields=id,name,username,created_at&start_time=2024-03-04T00:00:00.00Z&end_time=2024-03-05T00:00:00.00Z
[2024-03-05 09:49:45,315] {taskinstance.py:1395} INFO - Marking task as SUCCESS. dag_id=TwitterDAG, task_id=twitter_datascience, execution_date=20240304T000000, start_date=20240305T124944, end_date=20240305T124945
[2024-03-05 09:49:45,387] {local_task_job.py:156} INFO - Task exited with return code 0
[2024-03-05 09:49:45,440] {local_task_job.py:273} INFO - 0 downstream tasks scheduled from follow-on schedule check
