[2024-03-04 11:21:12,145] {processor.py:153} INFO - Started process (PID=17399) to work on /home/luan/Documents/curso-extracao-de-dados/venv/lib/python3.9/site-packages/airflow/example_dags/subdags/subdag.py
[2024-03-04 11:21:12,146] {processor.py:641} INFO - Processing file /home/luan/Documents/curso-extracao-de-dados/venv/lib/python3.9/site-packages/airflow/example_dags/subdags/subdag.py for tasks to queue
[2024-03-04 11:21:12,146] {logging_mixin.py:115} INFO - [2024-03-04 11:21:12,146] {dagbag.py:507} INFO - Filling up the DagBag from /home/luan/Documents/curso-extracao-de-dados/venv/lib/python3.9/site-packages/airflow/example_dags/subdags/subdag.py
[2024-03-04 11:21:12,147] {processor.py:653} WARNING - No viable dags retrieved from /home/luan/Documents/curso-extracao-de-dados/venv/lib/python3.9/site-packages/airflow/example_dags/subdags/subdag.py
[2024-03-04 11:21:12,154] {processor.py:161} INFO - Processing /home/luan/Documents/curso-extracao-de-dados/venv/lib/python3.9/site-packages/airflow/example_dags/subdags/subdag.py took 0.010 seconds
[2024-03-04 11:21:48,319] {processor.py:153} INFO - Started process (PID=17594) to work on /home/luan/Documents/curso-extracao-de-dados/venv/lib/python3.9/site-packages/airflow/example_dags/subdags/subdag.py
[2024-03-04 11:21:48,323] {processor.py:641} INFO - Processing file /home/luan/Documents/curso-extracao-de-dados/venv/lib/python3.9/site-packages/airflow/example_dags/subdags/subdag.py for tasks to queue
[2024-03-04 11:21:48,323] {logging_mixin.py:115} INFO - [2024-03-04 11:21:48,323] {dagbag.py:507} INFO - Filling up the DagBag from /home/luan/Documents/curso-extracao-de-dados/venv/lib/python3.9/site-packages/airflow/example_dags/subdags/subdag.py
[2024-03-04 11:21:48,324] {processor.py:653} WARNING - No viable dags retrieved from /home/luan/Documents/curso-extracao-de-dados/venv/lib/python3.9/site-packages/airflow/example_dags/subdags/subdag.py
[2024-03-04 11:21:48,331] {processor.py:161} INFO - Processing /home/luan/Documents/curso-extracao-de-dados/venv/lib/python3.9/site-packages/airflow/example_dags/subdags/subdag.py took 0.014 seconds
[2024-03-04 11:22:18,833] {processor.py:153} INFO - Started process (PID=17712) to work on /home/luan/Documents/curso-extracao-de-dados/venv/lib/python3.9/site-packages/airflow/example_dags/subdags/subdag.py
[2024-03-04 11:22:18,834] {processor.py:641} INFO - Processing file /home/luan/Documents/curso-extracao-de-dados/venv/lib/python3.9/site-packages/airflow/example_dags/subdags/subdag.py for tasks to queue
[2024-03-04 11:22:18,835] {logging_mixin.py:115} INFO - [2024-03-04 11:22:18,834] {dagbag.py:507} INFO - Filling up the DagBag from /home/luan/Documents/curso-extracao-de-dados/venv/lib/python3.9/site-packages/airflow/example_dags/subdags/subdag.py
[2024-03-04 11:22:18,835] {processor.py:653} WARNING - No viable dags retrieved from /home/luan/Documents/curso-extracao-de-dados/venv/lib/python3.9/site-packages/airflow/example_dags/subdags/subdag.py
[2024-03-04 11:22:18,845] {processor.py:161} INFO - Processing /home/luan/Documents/curso-extracao-de-dados/venv/lib/python3.9/site-packages/airflow/example_dags/subdags/subdag.py took 0.014 seconds
[2024-03-04 11:22:50,294] {processor.py:153} INFO - Started process (PID=17843) to work on /home/luan/Documents/curso-extracao-de-dados/venv/lib/python3.9/site-packages/airflow/example_dags/subdags/subdag.py
[2024-03-04 11:22:50,297] {processor.py:641} INFO - Processing file /home/luan/Documents/curso-extracao-de-dados/venv/lib/python3.9/site-packages/airflow/example_dags/subdags/subdag.py for tasks to queue
[2024-03-04 11:22:50,298] {logging_mixin.py:115} INFO - [2024-03-04 11:22:50,298] {dagbag.py:507} INFO - Filling up the DagBag from /home/luan/Documents/curso-extracao-de-dados/venv/lib/python3.9/site-packages/airflow/example_dags/subdags/subdag.py
[2024-03-04 11:22:50,299] {processor.py:653} WARNING - No viable dags retrieved from /home/luan/Documents/curso-extracao-de-dados/venv/lib/python3.9/site-packages/airflow/example_dags/subdags/subdag.py
[2024-03-04 11:22:50,306] {processor.py:161} INFO - Processing /home/luan/Documents/curso-extracao-de-dados/venv/lib/python3.9/site-packages/airflow/example_dags/subdags/subdag.py took 0.014 seconds
[2024-03-04 12:05:38,792] {processor.py:153} INFO - Started process (PID=28648) to work on /home/luan/Documents/curso-extracao-de-dados/venv/lib/python3.9/site-packages/airflow/example_dags/subdags/subdag.py
[2024-03-04 12:05:38,793] {processor.py:641} INFO - Processing file /home/luan/Documents/curso-extracao-de-dados/venv/lib/python3.9/site-packages/airflow/example_dags/subdags/subdag.py for tasks to queue
[2024-03-04 12:05:38,793] {logging_mixin.py:115} INFO - [2024-03-04 12:05:38,793] {dagbag.py:507} INFO - Filling up the DagBag from /home/luan/Documents/curso-extracao-de-dados/venv/lib/python3.9/site-packages/airflow/example_dags/subdags/subdag.py
[2024-03-04 12:05:38,794] {processor.py:653} WARNING - No viable dags retrieved from /home/luan/Documents/curso-extracao-de-dados/venv/lib/python3.9/site-packages/airflow/example_dags/subdags/subdag.py
[2024-03-04 12:05:38,800] {processor.py:161} INFO - Processing /home/luan/Documents/curso-extracao-de-dados/venv/lib/python3.9/site-packages/airflow/example_dags/subdags/subdag.py took 0.010 seconds
[2024-03-04 12:06:09,523] {processor.py:153} INFO - Started process (PID=28840) to work on /home/luan/Documents/curso-extracao-de-dados/venv/lib/python3.9/site-packages/airflow/example_dags/subdags/subdag.py
[2024-03-04 12:06:09,525] {processor.py:641} INFO - Processing file /home/luan/Documents/curso-extracao-de-dados/venv/lib/python3.9/site-packages/airflow/example_dags/subdags/subdag.py for tasks to queue
[2024-03-04 12:06:09,526] {logging_mixin.py:115} INFO - [2024-03-04 12:06:09,526] {dagbag.py:507} INFO - Filling up the DagBag from /home/luan/Documents/curso-extracao-de-dados/venv/lib/python3.9/site-packages/airflow/example_dags/subdags/subdag.py
[2024-03-04 12:06:09,531] {processor.py:653} WARNING - No viable dags retrieved from /home/luan/Documents/curso-extracao-de-dados/venv/lib/python3.9/site-packages/airflow/example_dags/subdags/subdag.py
[2024-03-04 12:06:09,550] {processor.py:161} INFO - Processing /home/luan/Documents/curso-extracao-de-dados/venv/lib/python3.9/site-packages/airflow/example_dags/subdags/subdag.py took 0.039 seconds
[2024-03-04 12:06:45,142] {processor.py:153} INFO - Started process (PID=29177) to work on /home/luan/Documents/curso-extracao-de-dados/venv/lib/python3.9/site-packages/airflow/example_dags/subdags/subdag.py
[2024-03-04 12:06:45,144] {processor.py:641} INFO - Processing file /home/luan/Documents/curso-extracao-de-dados/venv/lib/python3.9/site-packages/airflow/example_dags/subdags/subdag.py for tasks to queue
[2024-03-04 12:06:45,144] {logging_mixin.py:115} INFO - [2024-03-04 12:06:45,144] {dagbag.py:507} INFO - Filling up the DagBag from /home/luan/Documents/curso-extracao-de-dados/venv/lib/python3.9/site-packages/airflow/example_dags/subdags/subdag.py
[2024-03-04 12:06:45,145] {processor.py:653} WARNING - No viable dags retrieved from /home/luan/Documents/curso-extracao-de-dados/venv/lib/python3.9/site-packages/airflow/example_dags/subdags/subdag.py
[2024-03-04 12:06:45,152] {processor.py:161} INFO - Processing /home/luan/Documents/curso-extracao-de-dados/venv/lib/python3.9/site-packages/airflow/example_dags/subdags/subdag.py took 0.011 seconds
[2024-03-04 12:07:06,641] {processor.py:153} INFO - Started process (PID=29285) to work on /home/luan/Documents/curso-extracao-de-dados/venv/lib/python3.9/site-packages/airflow/example_dags/subdags/subdag.py
[2024-03-04 12:07:06,642] {processor.py:641} INFO - Processing file /home/luan/Documents/curso-extracao-de-dados/venv/lib/python3.9/site-packages/airflow/example_dags/subdags/subdag.py for tasks to queue
[2024-03-04 12:07:06,643] {logging_mixin.py:115} INFO - [2024-03-04 12:07:06,643] {dagbag.py:507} INFO - Filling up the DagBag from /home/luan/Documents/curso-extracao-de-dados/venv/lib/python3.9/site-packages/airflow/example_dags/subdags/subdag.py
[2024-03-04 12:07:06,644] {processor.py:653} WARNING - No viable dags retrieved from /home/luan/Documents/curso-extracao-de-dados/venv/lib/python3.9/site-packages/airflow/example_dags/subdags/subdag.py
[2024-03-04 12:07:06,650] {processor.py:161} INFO - Processing /home/luan/Documents/curso-extracao-de-dados/venv/lib/python3.9/site-packages/airflow/example_dags/subdags/subdag.py took 0.011 seconds
[2024-03-04 12:07:37,334] {processor.py:153} INFO - Started process (PID=29435) to work on /home/luan/Documents/curso-extracao-de-dados/venv/lib/python3.9/site-packages/airflow/example_dags/subdags/subdag.py
[2024-03-04 12:07:37,338] {processor.py:641} INFO - Processing file /home/luan/Documents/curso-extracao-de-dados/venv/lib/python3.9/site-packages/airflow/example_dags/subdags/subdag.py for tasks to queue
[2024-03-04 12:07:37,339] {logging_mixin.py:115} INFO - [2024-03-04 12:07:37,339] {dagbag.py:507} INFO - Filling up the DagBag from /home/luan/Documents/curso-extracao-de-dados/venv/lib/python3.9/site-packages/airflow/example_dags/subdags/subdag.py
[2024-03-04 12:07:37,340] {processor.py:653} WARNING - No viable dags retrieved from /home/luan/Documents/curso-extracao-de-dados/venv/lib/python3.9/site-packages/airflow/example_dags/subdags/subdag.py
[2024-03-04 12:07:37,347] {processor.py:161} INFO - Processing /home/luan/Documents/curso-extracao-de-dados/venv/lib/python3.9/site-packages/airflow/example_dags/subdags/subdag.py took 0.014 seconds
[2024-03-04 12:08:10,454] {processor.py:153} INFO - Started process (PID=29559) to work on /home/luan/Documents/curso-extracao-de-dados/venv/lib/python3.9/site-packages/airflow/example_dags/subdags/subdag.py
[2024-03-04 12:08:10,458] {processor.py:641} INFO - Processing file /home/luan/Documents/curso-extracao-de-dados/venv/lib/python3.9/site-packages/airflow/example_dags/subdags/subdag.py for tasks to queue
[2024-03-04 12:08:10,458] {logging_mixin.py:115} INFO - [2024-03-04 12:08:10,458] {dagbag.py:507} INFO - Filling up the DagBag from /home/luan/Documents/curso-extracao-de-dados/venv/lib/python3.9/site-packages/airflow/example_dags/subdags/subdag.py
[2024-03-04 12:08:10,459] {processor.py:653} WARNING - No viable dags retrieved from /home/luan/Documents/curso-extracao-de-dados/venv/lib/python3.9/site-packages/airflow/example_dags/subdags/subdag.py
[2024-03-04 12:08:10,466] {processor.py:161} INFO - Processing /home/luan/Documents/curso-extracao-de-dados/venv/lib/python3.9/site-packages/airflow/example_dags/subdags/subdag.py took 0.014 seconds
[2024-03-04 12:08:42,532] {processor.py:153} INFO - Started process (PID=29683) to work on /home/luan/Documents/curso-extracao-de-dados/venv/lib/python3.9/site-packages/airflow/example_dags/subdags/subdag.py
[2024-03-04 12:08:42,536] {processor.py:641} INFO - Processing file /home/luan/Documents/curso-extracao-de-dados/venv/lib/python3.9/site-packages/airflow/example_dags/subdags/subdag.py for tasks to queue
[2024-03-04 12:08:42,537] {logging_mixin.py:115} INFO - [2024-03-04 12:08:42,537] {dagbag.py:507} INFO - Filling up the DagBag from /home/luan/Documents/curso-extracao-de-dados/venv/lib/python3.9/site-packages/airflow/example_dags/subdags/subdag.py
[2024-03-04 12:08:42,538] {processor.py:653} WARNING - No viable dags retrieved from /home/luan/Documents/curso-extracao-de-dados/venv/lib/python3.9/site-packages/airflow/example_dags/subdags/subdag.py
[2024-03-04 12:08:42,545] {processor.py:161} INFO - Processing /home/luan/Documents/curso-extracao-de-dados/venv/lib/python3.9/site-packages/airflow/example_dags/subdags/subdag.py took 0.014 seconds
[2024-03-04 12:09:44,327] {processor.py:153} INFO - Started process (PID=29963) to work on /home/luan/Documents/curso-extracao-de-dados/venv/lib/python3.9/site-packages/airflow/example_dags/subdags/subdag.py
[2024-03-04 12:09:44,328] {processor.py:641} INFO - Processing file /home/luan/Documents/curso-extracao-de-dados/venv/lib/python3.9/site-packages/airflow/example_dags/subdags/subdag.py for tasks to queue
[2024-03-04 12:09:44,329] {logging_mixin.py:115} INFO - [2024-03-04 12:09:44,329] {dagbag.py:507} INFO - Filling up the DagBag from /home/luan/Documents/curso-extracao-de-dados/venv/lib/python3.9/site-packages/airflow/example_dags/subdags/subdag.py
[2024-03-04 12:09:44,330] {processor.py:653} WARNING - No viable dags retrieved from /home/luan/Documents/curso-extracao-de-dados/venv/lib/python3.9/site-packages/airflow/example_dags/subdags/subdag.py
[2024-03-04 12:09:44,336] {processor.py:161} INFO - Processing /home/luan/Documents/curso-extracao-de-dados/venv/lib/python3.9/site-packages/airflow/example_dags/subdags/subdag.py took 0.011 seconds
[2024-03-04 12:10:15,015] {processor.py:153} INFO - Started process (PID=30137) to work on /home/luan/Documents/curso-extracao-de-dados/venv/lib/python3.9/site-packages/airflow/example_dags/subdags/subdag.py
[2024-03-04 12:10:15,016] {processor.py:641} INFO - Processing file /home/luan/Documents/curso-extracao-de-dados/venv/lib/python3.9/site-packages/airflow/example_dags/subdags/subdag.py for tasks to queue
[2024-03-04 12:10:15,017] {logging_mixin.py:115} INFO - [2024-03-04 12:10:15,017] {dagbag.py:507} INFO - Filling up the DagBag from /home/luan/Documents/curso-extracao-de-dados/venv/lib/python3.9/site-packages/airflow/example_dags/subdags/subdag.py
[2024-03-04 12:10:15,018] {processor.py:653} WARNING - No viable dags retrieved from /home/luan/Documents/curso-extracao-de-dados/venv/lib/python3.9/site-packages/airflow/example_dags/subdags/subdag.py
[2024-03-04 12:10:15,031] {processor.py:161} INFO - Processing /home/luan/Documents/curso-extracao-de-dados/venv/lib/python3.9/site-packages/airflow/example_dags/subdags/subdag.py took 0.018 seconds
[2024-03-04 12:10:48,240] {processor.py:153} INFO - Started process (PID=30270) to work on /home/luan/Documents/curso-extracao-de-dados/venv/lib/python3.9/site-packages/airflow/example_dags/subdags/subdag.py
[2024-03-04 12:10:48,245] {processor.py:641} INFO - Processing file /home/luan/Documents/curso-extracao-de-dados/venv/lib/python3.9/site-packages/airflow/example_dags/subdags/subdag.py for tasks to queue
[2024-03-04 12:10:48,245] {logging_mixin.py:115} INFO - [2024-03-04 12:10:48,245] {dagbag.py:507} INFO - Filling up the DagBag from /home/luan/Documents/curso-extracao-de-dados/venv/lib/python3.9/site-packages/airflow/example_dags/subdags/subdag.py
[2024-03-04 12:10:48,246] {processor.py:653} WARNING - No viable dags retrieved from /home/luan/Documents/curso-extracao-de-dados/venv/lib/python3.9/site-packages/airflow/example_dags/subdags/subdag.py
[2024-03-04 12:10:48,253] {processor.py:161} INFO - Processing /home/luan/Documents/curso-extracao-de-dados/venv/lib/python3.9/site-packages/airflow/example_dags/subdags/subdag.py took 0.014 seconds
[2024-03-04 12:11:20,180] {processor.py:153} INFO - Started process (PID=30401) to work on /home/luan/Documents/curso-extracao-de-dados/venv/lib/python3.9/site-packages/airflow/example_dags/subdags/subdag.py
[2024-03-04 12:11:20,181] {processor.py:641} INFO - Processing file /home/luan/Documents/curso-extracao-de-dados/venv/lib/python3.9/site-packages/airflow/example_dags/subdags/subdag.py for tasks to queue
[2024-03-04 12:11:20,181] {logging_mixin.py:115} INFO - [2024-03-04 12:11:20,181] {dagbag.py:507} INFO - Filling up the DagBag from /home/luan/Documents/curso-extracao-de-dados/venv/lib/python3.9/site-packages/airflow/example_dags/subdags/subdag.py
[2024-03-04 12:11:20,182] {processor.py:653} WARNING - No viable dags retrieved from /home/luan/Documents/curso-extracao-de-dados/venv/lib/python3.9/site-packages/airflow/example_dags/subdags/subdag.py
[2024-03-04 12:11:20,190] {processor.py:161} INFO - Processing /home/luan/Documents/curso-extracao-de-dados/venv/lib/python3.9/site-packages/airflow/example_dags/subdags/subdag.py took 0.012 seconds
[2024-03-04 12:14:02,592] {processor.py:153} INFO - Started process (PID=31127) to work on /home/luan/Documents/curso-extracao-de-dados/venv/lib/python3.9/site-packages/airflow/example_dags/subdags/subdag.py
[2024-03-04 12:14:02,593] {processor.py:641} INFO - Processing file /home/luan/Documents/curso-extracao-de-dados/venv/lib/python3.9/site-packages/airflow/example_dags/subdags/subdag.py for tasks to queue
[2024-03-04 12:14:02,594] {logging_mixin.py:115} INFO - [2024-03-04 12:14:02,594] {dagbag.py:507} INFO - Filling up the DagBag from /home/luan/Documents/curso-extracao-de-dados/venv/lib/python3.9/site-packages/airflow/example_dags/subdags/subdag.py
[2024-03-04 12:14:02,595] {processor.py:653} WARNING - No viable dags retrieved from /home/luan/Documents/curso-extracao-de-dados/venv/lib/python3.9/site-packages/airflow/example_dags/subdags/subdag.py
[2024-03-04 12:14:02,603] {processor.py:161} INFO - Processing /home/luan/Documents/curso-extracao-de-dados/venv/lib/python3.9/site-packages/airflow/example_dags/subdags/subdag.py took 0.014 seconds
[2024-03-04 12:14:33,277] {processor.py:153} INFO - Started process (PID=31304) to work on /home/luan/Documents/curso-extracao-de-dados/venv/lib/python3.9/site-packages/airflow/example_dags/subdags/subdag.py
[2024-03-04 12:14:33,283] {processor.py:641} INFO - Processing file /home/luan/Documents/curso-extracao-de-dados/venv/lib/python3.9/site-packages/airflow/example_dags/subdags/subdag.py for tasks to queue
[2024-03-04 12:14:33,283] {logging_mixin.py:115} INFO - [2024-03-04 12:14:33,283] {dagbag.py:507} INFO - Filling up the DagBag from /home/luan/Documents/curso-extracao-de-dados/venv/lib/python3.9/site-packages/airflow/example_dags/subdags/subdag.py
[2024-03-04 12:14:33,284] {processor.py:653} WARNING - No viable dags retrieved from /home/luan/Documents/curso-extracao-de-dados/venv/lib/python3.9/site-packages/airflow/example_dags/subdags/subdag.py
[2024-03-04 12:14:33,290] {processor.py:161} INFO - Processing /home/luan/Documents/curso-extracao-de-dados/venv/lib/python3.9/site-packages/airflow/example_dags/subdags/subdag.py took 0.014 seconds
[2024-03-04 12:15:06,410] {processor.py:153} INFO - Started process (PID=31434) to work on /home/luan/Documents/curso-extracao-de-dados/venv/lib/python3.9/site-packages/airflow/example_dags/subdags/subdag.py
[2024-03-04 12:15:06,412] {processor.py:641} INFO - Processing file /home/luan/Documents/curso-extracao-de-dados/venv/lib/python3.9/site-packages/airflow/example_dags/subdags/subdag.py for tasks to queue
[2024-03-04 12:15:06,412] {logging_mixin.py:115} INFO - [2024-03-04 12:15:06,412] {dagbag.py:507} INFO - Filling up the DagBag from /home/luan/Documents/curso-extracao-de-dados/venv/lib/python3.9/site-packages/airflow/example_dags/subdags/subdag.py
[2024-03-04 12:15:06,413] {processor.py:653} WARNING - No viable dags retrieved from /home/luan/Documents/curso-extracao-de-dados/venv/lib/python3.9/site-packages/airflow/example_dags/subdags/subdag.py
[2024-03-04 12:15:06,420] {processor.py:161} INFO - Processing /home/luan/Documents/curso-extracao-de-dados/venv/lib/python3.9/site-packages/airflow/example_dags/subdags/subdag.py took 0.011 seconds
[2024-03-04 12:15:37,155] {processor.py:153} INFO - Started process (PID=31556) to work on /home/luan/Documents/curso-extracao-de-dados/venv/lib/python3.9/site-packages/airflow/example_dags/subdags/subdag.py
[2024-03-04 12:15:37,156] {processor.py:641} INFO - Processing file /home/luan/Documents/curso-extracao-de-dados/venv/lib/python3.9/site-packages/airflow/example_dags/subdags/subdag.py for tasks to queue
[2024-03-04 12:15:37,157] {logging_mixin.py:115} INFO - [2024-03-04 12:15:37,157] {dagbag.py:507} INFO - Filling up the DagBag from /home/luan/Documents/curso-extracao-de-dados/venv/lib/python3.9/site-packages/airflow/example_dags/subdags/subdag.py
[2024-03-04 12:15:37,158] {processor.py:653} WARNING - No viable dags retrieved from /home/luan/Documents/curso-extracao-de-dados/venv/lib/python3.9/site-packages/airflow/example_dags/subdags/subdag.py
[2024-03-04 12:15:37,167] {processor.py:161} INFO - Processing /home/luan/Documents/curso-extracao-de-dados/venv/lib/python3.9/site-packages/airflow/example_dags/subdags/subdag.py took 0.013 seconds
[2024-03-04 12:16:01,401] {processor.py:153} INFO - Started process (PID=31702) to work on /home/luan/Documents/curso-extracao-de-dados/venv/lib/python3.9/site-packages/airflow/example_dags/subdags/subdag.py
[2024-03-04 12:16:01,403] {processor.py:641} INFO - Processing file /home/luan/Documents/curso-extracao-de-dados/venv/lib/python3.9/site-packages/airflow/example_dags/subdags/subdag.py for tasks to queue
[2024-03-04 12:16:01,403] {logging_mixin.py:115} INFO - [2024-03-04 12:16:01,403] {dagbag.py:507} INFO - Filling up the DagBag from /home/luan/Documents/curso-extracao-de-dados/venv/lib/python3.9/site-packages/airflow/example_dags/subdags/subdag.py
[2024-03-04 12:16:01,405] {processor.py:653} WARNING - No viable dags retrieved from /home/luan/Documents/curso-extracao-de-dados/venv/lib/python3.9/site-packages/airflow/example_dags/subdags/subdag.py
[2024-03-04 12:16:01,412] {processor.py:161} INFO - Processing /home/luan/Documents/curso-extracao-de-dados/venv/lib/python3.9/site-packages/airflow/example_dags/subdags/subdag.py took 0.012 seconds
[2024-03-04 12:16:32,089] {processor.py:153} INFO - Started process (PID=31875) to work on /home/luan/Documents/curso-extracao-de-dados/venv/lib/python3.9/site-packages/airflow/example_dags/subdags/subdag.py
[2024-03-04 12:16:32,093] {processor.py:641} INFO - Processing file /home/luan/Documents/curso-extracao-de-dados/venv/lib/python3.9/site-packages/airflow/example_dags/subdags/subdag.py for tasks to queue
[2024-03-04 12:16:32,094] {logging_mixin.py:115} INFO - [2024-03-04 12:16:32,094] {dagbag.py:507} INFO - Filling up the DagBag from /home/luan/Documents/curso-extracao-de-dados/venv/lib/python3.9/site-packages/airflow/example_dags/subdags/subdag.py
[2024-03-04 12:16:32,095] {processor.py:653} WARNING - No viable dags retrieved from /home/luan/Documents/curso-extracao-de-dados/venv/lib/python3.9/site-packages/airflow/example_dags/subdags/subdag.py
[2024-03-04 12:16:32,104] {processor.py:161} INFO - Processing /home/luan/Documents/curso-extracao-de-dados/venv/lib/python3.9/site-packages/airflow/example_dags/subdags/subdag.py took 0.016 seconds
[2024-03-04 12:17:06,778] {processor.py:153} INFO - Started process (PID=32018) to work on /home/luan/Documents/curso-extracao-de-dados/venv/lib/python3.9/site-packages/airflow/example_dags/subdags/subdag.py
[2024-03-04 12:17:06,779] {processor.py:641} INFO - Processing file /home/luan/Documents/curso-extracao-de-dados/venv/lib/python3.9/site-packages/airflow/example_dags/subdags/subdag.py for tasks to queue
[2024-03-04 12:17:06,779] {logging_mixin.py:115} INFO - [2024-03-04 12:17:06,779] {dagbag.py:507} INFO - Filling up the DagBag from /home/luan/Documents/curso-extracao-de-dados/venv/lib/python3.9/site-packages/airflow/example_dags/subdags/subdag.py
[2024-03-04 12:17:06,780] {processor.py:653} WARNING - No viable dags retrieved from /home/luan/Documents/curso-extracao-de-dados/venv/lib/python3.9/site-packages/airflow/example_dags/subdags/subdag.py
[2024-03-04 12:17:06,788] {processor.py:161} INFO - Processing /home/luan/Documents/curso-extracao-de-dados/venv/lib/python3.9/site-packages/airflow/example_dags/subdags/subdag.py took 0.012 seconds
[2024-03-04 12:17:37,739] {processor.py:153} INFO - Started process (PID=32143) to work on /home/luan/Documents/curso-extracao-de-dados/venv/lib/python3.9/site-packages/airflow/example_dags/subdags/subdag.py
[2024-03-04 12:17:37,740] {processor.py:641} INFO - Processing file /home/luan/Documents/curso-extracao-de-dados/venv/lib/python3.9/site-packages/airflow/example_dags/subdags/subdag.py for tasks to queue
[2024-03-04 12:17:37,740] {logging_mixin.py:115} INFO - [2024-03-04 12:17:37,740] {dagbag.py:507} INFO - Filling up the DagBag from /home/luan/Documents/curso-extracao-de-dados/venv/lib/python3.9/site-packages/airflow/example_dags/subdags/subdag.py
[2024-03-04 12:17:37,741] {processor.py:653} WARNING - No viable dags retrieved from /home/luan/Documents/curso-extracao-de-dados/venv/lib/python3.9/site-packages/airflow/example_dags/subdags/subdag.py
[2024-03-04 12:17:37,757] {processor.py:161} INFO - Processing /home/luan/Documents/curso-extracao-de-dados/venv/lib/python3.9/site-packages/airflow/example_dags/subdags/subdag.py took 0.020 seconds
[2024-03-04 12:18:35,238] {processor.py:153} INFO - Started process (PID=32399) to work on /home/luan/Documents/curso-extracao-de-dados/venv/lib/python3.9/site-packages/airflow/example_dags/subdags/subdag.py
[2024-03-04 12:18:35,239] {processor.py:641} INFO - Processing file /home/luan/Documents/curso-extracao-de-dados/venv/lib/python3.9/site-packages/airflow/example_dags/subdags/subdag.py for tasks to queue
[2024-03-04 12:18:35,240] {logging_mixin.py:115} INFO - [2024-03-04 12:18:35,240] {dagbag.py:507} INFO - Filling up the DagBag from /home/luan/Documents/curso-extracao-de-dados/venv/lib/python3.9/site-packages/airflow/example_dags/subdags/subdag.py
[2024-03-04 12:18:35,241] {processor.py:653} WARNING - No viable dags retrieved from /home/luan/Documents/curso-extracao-de-dados/venv/lib/python3.9/site-packages/airflow/example_dags/subdags/subdag.py
[2024-03-04 12:18:35,247] {processor.py:161} INFO - Processing /home/luan/Documents/curso-extracao-de-dados/venv/lib/python3.9/site-packages/airflow/example_dags/subdags/subdag.py took 0.010 seconds
[2024-03-04 12:19:05,922] {processor.py:153} INFO - Started process (PID=32573) to work on /home/luan/Documents/curso-extracao-de-dados/venv/lib/python3.9/site-packages/airflow/example_dags/subdags/subdag.py
[2024-03-04 12:19:05,926] {processor.py:641} INFO - Processing file /home/luan/Documents/curso-extracao-de-dados/venv/lib/python3.9/site-packages/airflow/example_dags/subdags/subdag.py for tasks to queue
[2024-03-04 12:19:05,927] {logging_mixin.py:115} INFO - [2024-03-04 12:19:05,927] {dagbag.py:507} INFO - Filling up the DagBag from /home/luan/Documents/curso-extracao-de-dados/venv/lib/python3.9/site-packages/airflow/example_dags/subdags/subdag.py
[2024-03-04 12:19:05,928] {processor.py:653} WARNING - No viable dags retrieved from /home/luan/Documents/curso-extracao-de-dados/venv/lib/python3.9/site-packages/airflow/example_dags/subdags/subdag.py
[2024-03-04 12:19:05,934] {processor.py:161} INFO - Processing /home/luan/Documents/curso-extracao-de-dados/venv/lib/python3.9/site-packages/airflow/example_dags/subdags/subdag.py took 0.014 seconds
