[2024-03-04 12:38:48,685] {taskinstance.py:1159} INFO - Dependencies all met for <TaskInstance: TwitterDAG.twitter_datascience scheduled__2024-03-03T00:00:00+00:00 [queued]>
[2024-03-04 12:38:48,692] {taskinstance.py:1159} INFO - Dependencies all met for <TaskInstance: TwitterDAG.twitter_datascience scheduled__2024-03-03T00:00:00+00:00 [queued]>
[2024-03-04 12:38:48,692] {taskinstance.py:1356} INFO - 
--------------------------------------------------------------------------------
[2024-03-04 12:38:48,692] {taskinstance.py:1357} INFO - Starting attempt 1 of 1
[2024-03-04 12:38:48,692] {taskinstance.py:1358} INFO - 
--------------------------------------------------------------------------------
[2024-03-04 12:38:48,707] {taskinstance.py:1377} INFO - Executing <Task(TwitterOperator): twitter_datascience> on 2024-03-03 00:00:00+00:00
[2024-03-04 12:38:48,709] {standard_task_runner.py:52} INFO - Started process 36468 to run task
[2024-03-04 12:38:48,711] {standard_task_runner.py:79} INFO - Running: ['airflow', 'tasks', 'run', 'TwitterDAG', 'twitter_datascience', 'scheduled__2024-03-03T00:00:00+00:00', '--job-id', '11', '--raw', '--subdir', 'DAGS_FOLDER/twitter_dag.py', '--cfg-path', '/tmp/tmph113hv41', '--error-file', '/tmp/tmpwdil14id']
[2024-03-04 12:38:48,711] {standard_task_runner.py:80} INFO - Job 11: Subtask twitter_datascience
[2024-03-04 12:38:48,745] {task_command.py:370} INFO - Running <TaskInstance: TwitterDAG.twitter_datascience scheduled__2024-03-03T00:00:00+00:00 [running]> on host BITL0401.
[2024-03-04 12:38:48,794] {taskinstance.py:1569} INFO - Exporting the following env vars:
AIRFLOW_CTX_DAG_OWNER=airflow
AIRFLOW_CTX_DAG_ID=TwitterDAG
AIRFLOW_CTX_TASK_ID=twitter_datascience
AIRFLOW_CTX_EXECUTION_DATE=2024-03-03T00:00:00+00:00
AIRFLOW_CTX_TRY_NUMBER=1
AIRFLOW_CTX_DAG_RUN_ID=scheduled__2024-03-03T00:00:00+00:00
[2024-03-04 12:38:48,800] {base.py:68} INFO - Using connection ID 'twitter_default' for task execution.
[2024-03-04 12:38:48,801] {twitter_hook.py:32} INFO - URL: https://labdados.com/2/tweets/search/recent?query=data science&tweet.fields=author_id,conversation_id,created_at,id,in_reply_to_user_id,public_metrics,lang,text&expansions=author_id&user.fields=id,name,username,created_at&start_time=2024-03-03T00:00:00.00Z&end_time=2024-03-04T00:00:00.00Z
[2024-03-04 12:38:52,377] {taskinstance.py:1395} INFO - Marking task as SUCCESS. dag_id=TwitterDAG, task_id=twitter_datascience, execution_date=20240303T000000, start_date=20240304T153848, end_date=20240304T153852
[2024-03-04 12:38:52,426] {local_task_job.py:156} INFO - Task exited with return code 0
[2024-03-04 12:38:52,437] {local_task_job.py:273} INFO - 0 downstream tasks scheduled from follow-on schedule check
[2024-03-05T13:43:47.344-0300] {taskinstance.py:1979} INFO - Dependencies all met for dep_context=non-requeueable deps ti=<TaskInstance: TwitterDAG.twitter_datascience scheduled__2024-03-03T00:00:00+00:00 [queued]>
[2024-03-05T13:43:47.350-0300] {taskinstance.py:1979} INFO - Dependencies all met for dep_context=requeueable deps ti=<TaskInstance: TwitterDAG.twitter_datascience scheduled__2024-03-03T00:00:00+00:00 [queued]>
[2024-03-05T13:43:47.350-0300] {taskinstance.py:2193} INFO - Starting attempt 1 of 1
[2024-03-05T13:43:47.368-0300] {taskinstance.py:2214} INFO - Executing <Task(TwitterOperator): twitter_datascience> on 2024-03-03 00:00:00+00:00
[2024-03-05T13:43:47.371-0300] {standard_task_runner.py:60} INFO - Started process 55409 to run task
[2024-03-05T13:43:47.374-0300] {standard_task_runner.py:87} INFO - Running: ['airflow', 'tasks', 'run', 'TwitterDAG', 'twitter_datascience', 'scheduled__2024-03-03T00:00:00+00:00', '--job-id', '5', '--raw', '--subdir', 'DAGS_FOLDER/twitter_dag.py', '--cfg-path', '/tmp/tmp9bt4k40c']
[2024-03-05T13:43:47.376-0300] {standard_task_runner.py:88} INFO - Job 5: Subtask twitter_datascience
[2024-03-05T13:43:47.414-0300] {task_command.py:423} INFO - Running <TaskInstance: TwitterDAG.twitter_datascience scheduled__2024-03-03T00:00:00+00:00 [running]> on host BITL0401.
[2024-03-05T13:43:47.471-0300] {taskinstance.py:2510} INFO - Exporting env vars: AIRFLOW_CTX_DAG_OWNER='airflow' AIRFLOW_CTX_DAG_ID='TwitterDAG' AIRFLOW_CTX_TASK_ID='twitter_datascience' AIRFLOW_CTX_EXECUTION_DATE='2024-03-03T00:00:00+00:00' AIRFLOW_CTX_TRY_NUMBER='1' AIRFLOW_CTX_DAG_RUN_ID='scheduled__2024-03-03T00:00:00+00:00'
[2024-03-05T13:43:47.477-0300] {base.py:83} INFO - Using connection ID 'twitter_default' for task execution.
[2024-03-05T13:43:47.478-0300] {twitter_hook.py:32} INFO - URL: https://labdados.com/2/tweets/search/recent?query=data science&tweet.fields=author_id,conversation_id,created_at,id,in_reply_to_user_id,public_metrics,lang,text&expansions=author_id&user.fields=id,name,username,created_at&start_time=2024-03-03T00:00:00.00Z&end_time=2024-03-04T00:00:00.00Z
[2024-03-05T13:43:48.206-0300] {twitter_hook.py:32} INFO - URL: https://labdados.com/2/tweets/search/recent?query=data science&tweet.fields=author_id,conversation_id,created_at,id,in_reply_to_user_id,public_metrics,lang,text&expansions=author_id&user.fields=id,name,username,created_at&start_time=2024-03-03T00:00:00.00Z&end_time=2024-03-04T00:00:00.00Z&next_token=1234567890abcdef
[2024-03-05T13:43:48.342-0300] {taskinstance.py:1149} INFO - Marking task as SUCCESS. dag_id=TwitterDAG, task_id=twitter_datascience, execution_date=20240303T000000, start_date=20240305T164347, end_date=20240305T164348
[2024-03-05T13:43:48.391-0300] {local_task_job_runner.py:234} INFO - Task exited with return code 0
[2024-03-05T13:43:48.413-0300] {taskinstance.py:3309} INFO - 1 downstream tasks scheduled from follow-on schedule check
[2024-03-05T13:58:41.464-0300] {taskinstance.py:1979} INFO - Dependencies all met for dep_context=non-requeueable deps ti=<TaskInstance: TwitterDAG.twitter_datascience scheduled__2024-03-03T00:00:00+00:00 [queued]>
[2024-03-05T13:58:41.471-0300] {taskinstance.py:1979} INFO - Dependencies all met for dep_context=requeueable deps ti=<TaskInstance: TwitterDAG.twitter_datascience scheduled__2024-03-03T00:00:00+00:00 [queued]>
[2024-03-05T13:58:41.471-0300] {taskinstance.py:2193} INFO - Starting attempt 1 of 1
[2024-03-05T13:58:41.487-0300] {taskinstance.py:2214} INFO - Executing <Task(TwitterOperator): twitter_datascience> on 2024-03-03 00:00:00+00:00
[2024-03-05T13:58:41.490-0300] {standard_task_runner.py:60} INFO - Started process 59042 to run task
[2024-03-05T13:58:41.493-0300] {standard_task_runner.py:87} INFO - Running: ['airflow', 'tasks', 'run', 'TwitterDAG', 'twitter_datascience', 'scheduled__2024-03-03T00:00:00+00:00', '--job-id', '11', '--raw', '--subdir', 'DAGS_FOLDER/twitter_dag.py', '--cfg-path', '/tmp/tmpj0f1ukdi']
[2024-03-05T13:58:41.494-0300] {standard_task_runner.py:88} INFO - Job 11: Subtask twitter_datascience
[2024-03-05T13:58:41.532-0300] {task_command.py:423} INFO - Running <TaskInstance: TwitterDAG.twitter_datascience scheduled__2024-03-03T00:00:00+00:00 [running]> on host BITL0401.
[2024-03-05T13:58:41.592-0300] {taskinstance.py:2510} INFO - Exporting env vars: AIRFLOW_CTX_DAG_OWNER='airflow' AIRFLOW_CTX_DAG_ID='TwitterDAG' AIRFLOW_CTX_TASK_ID='twitter_datascience' AIRFLOW_CTX_EXECUTION_DATE='2024-03-03T00:00:00+00:00' AIRFLOW_CTX_TRY_NUMBER='1' AIRFLOW_CTX_DAG_RUN_ID='scheduled__2024-03-03T00:00:00+00:00'
[2024-03-05T13:58:41.597-0300] {base.py:83} INFO - Using connection ID 'twitter_default' for task execution.
[2024-03-05T13:58:41.598-0300] {twitter_hook.py:32} INFO - URL: https://labdados.com/2/tweets/search/recent?query=data science&tweet.fields=author_id,conversation_id,created_at,id,in_reply_to_user_id,public_metrics,lang,text&expansions=author_id&user.fields=id,name,username,created_at&start_time=2024-03-03T00:00:00.00Z&end_time=2024-03-04T00:00:00.00Z
[2024-03-05T13:58:42.121-0300] {taskinstance.py:1149} INFO - Marking task as SUCCESS. dag_id=TwitterDAG, task_id=twitter_datascience, execution_date=20240303T000000, start_date=20240305T165841, end_date=20240305T165842
[2024-03-05T13:58:42.149-0300] {local_task_job_runner.py:234} INFO - Task exited with return code 0
[2024-03-05T13:58:42.164-0300] {taskinstance.py:3309} INFO - 1 downstream tasks scheduled from follow-on schedule check
