[2024-03-04 11:21:45,863] {processor.py:153} INFO - Started process (PID=17586) to work on /home/luan/Documents/curso-extracao-de-dados/venv/lib/python3.9/site-packages/airflow/example_dags/example_branch_day_of_week_operator.py
[2024-03-04 11:21:45,863] {processor.py:641} INFO - Processing file /home/luan/Documents/curso-extracao-de-dados/venv/lib/python3.9/site-packages/airflow/example_dags/example_branch_day_of_week_operator.py for tasks to queue
[2024-03-04 11:21:45,863] {logging_mixin.py:115} INFO - [2024-03-04 11:21:45,863] {dagbag.py:507} INFO - Filling up the DagBag from /home/luan/Documents/curso-extracao-de-dados/venv/lib/python3.9/site-packages/airflow/example_dags/example_branch_day_of_week_operator.py
[2024-03-04 11:21:45,868] {processor.py:651} INFO - DAG(s) dict_keys(['example_weekday_branch_operator']) retrieved from /home/luan/Documents/curso-extracao-de-dados/venv/lib/python3.9/site-packages/airflow/example_dags/example_branch_day_of_week_operator.py
[2024-03-04 11:21:45,928] {logging_mixin.py:115} INFO - [2024-03-04 11:21:45,928] {manager.py:508} INFO - Created Permission View: can edit on DAG:example_weekday_branch_operator
[2024-03-04 11:21:45,940] {logging_mixin.py:115} INFO - [2024-03-04 11:21:45,940] {manager.py:508} INFO - Created Permission View: can delete on DAG:example_weekday_branch_operator
[2024-03-04 11:21:45,952] {logging_mixin.py:115} INFO - [2024-03-04 11:21:45,951] {manager.py:508} INFO - Created Permission View: can read on DAG:example_weekday_branch_operator
[2024-03-04 11:21:45,952] {logging_mixin.py:115} INFO - [2024-03-04 11:21:45,952] {dag.py:2379} INFO - Sync 1 DAGs
[2024-03-04 11:21:45,959] {logging_mixin.py:115} INFO - [2024-03-04 11:21:45,958] {dag.py:2398} INFO - Creating ORM DAG for example_weekday_branch_operator
[2024-03-04 11:21:45,966] {logging_mixin.py:115} INFO - [2024-03-04 11:21:45,966] {dag.py:2927} INFO - Setting next_dagrun for example_weekday_branch_operator to 2024-03-03T00:00:00+00:00, run_after=2024-03-04T00:00:00+00:00
[2024-03-04 11:21:45,985] {processor.py:161} INFO - Processing /home/luan/Documents/curso-extracao-de-dados/venv/lib/python3.9/site-packages/airflow/example_dags/example_branch_day_of_week_operator.py took 0.125 seconds
[2024-03-04 11:22:17,703] {processor.py:153} INFO - Started process (PID=17711) to work on /home/luan/Documents/curso-extracao-de-dados/venv/lib/python3.9/site-packages/airflow/example_dags/example_branch_day_of_week_operator.py
[2024-03-04 11:22:17,704] {processor.py:641} INFO - Processing file /home/luan/Documents/curso-extracao-de-dados/venv/lib/python3.9/site-packages/airflow/example_dags/example_branch_day_of_week_operator.py for tasks to queue
[2024-03-04 11:22:17,705] {logging_mixin.py:115} INFO - [2024-03-04 11:22:17,705] {dagbag.py:507} INFO - Filling up the DagBag from /home/luan/Documents/curso-extracao-de-dados/venv/lib/python3.9/site-packages/airflow/example_dags/example_branch_day_of_week_operator.py
[2024-03-04 11:22:17,711] {processor.py:651} INFO - DAG(s) dict_keys(['example_weekday_branch_operator']) retrieved from /home/luan/Documents/curso-extracao-de-dados/venv/lib/python3.9/site-packages/airflow/example_dags/example_branch_day_of_week_operator.py
[2024-03-04 11:22:17,722] {logging_mixin.py:115} INFO - [2024-03-04 11:22:17,721] {dag.py:2379} INFO - Sync 1 DAGs
[2024-03-04 11:22:17,737] {logging_mixin.py:115} INFO - [2024-03-04 11:22:17,737] {dag.py:2927} INFO - Setting next_dagrun for example_weekday_branch_operator to 2024-03-03T00:00:00+00:00, run_after=2024-03-04T00:00:00+00:00
[2024-03-04 11:22:17,752] {processor.py:161} INFO - Processing /home/luan/Documents/curso-extracao-de-dados/venv/lib/python3.9/site-packages/airflow/example_dags/example_branch_day_of_week_operator.py took 0.050 seconds
[2024-03-04 12:06:08,894] {processor.py:153} INFO - Started process (PID=28816) to work on /home/luan/Documents/curso-extracao-de-dados/venv/lib/python3.9/site-packages/airflow/example_dags/example_branch_day_of_week_operator.py
[2024-03-04 12:06:08,896] {processor.py:641} INFO - Processing file /home/luan/Documents/curso-extracao-de-dados/venv/lib/python3.9/site-packages/airflow/example_dags/example_branch_day_of_week_operator.py for tasks to queue
[2024-03-04 12:06:08,896] {logging_mixin.py:115} INFO - [2024-03-04 12:06:08,896] {dagbag.py:507} INFO - Filling up the DagBag from /home/luan/Documents/curso-extracao-de-dados/venv/lib/python3.9/site-packages/airflow/example_dags/example_branch_day_of_week_operator.py
[2024-03-04 12:06:08,901] {processor.py:651} INFO - DAG(s) dict_keys(['example_weekday_branch_operator']) retrieved from /home/luan/Documents/curso-extracao-de-dados/venv/lib/python3.9/site-packages/airflow/example_dags/example_branch_day_of_week_operator.py
[2024-03-04 12:06:08,915] {logging_mixin.py:115} INFO - [2024-03-04 12:06:08,914] {dag.py:2379} INFO - Sync 1 DAGs
[2024-03-04 12:06:08,935] {logging_mixin.py:115} INFO - [2024-03-04 12:06:08,935] {dag.py:2927} INFO - Setting next_dagrun for example_weekday_branch_operator to 2024-03-03T00:00:00+00:00, run_after=2024-03-04T00:00:00+00:00
[2024-03-04 12:06:08,953] {processor.py:161} INFO - Processing /home/luan/Documents/curso-extracao-de-dados/venv/lib/python3.9/site-packages/airflow/example_dags/example_branch_day_of_week_operator.py took 0.060 seconds
[2024-03-04 12:06:42,881] {processor.py:153} INFO - Started process (PID=29167) to work on /home/luan/Documents/curso-extracao-de-dados/venv/lib/python3.9/site-packages/airflow/example_dags/example_branch_day_of_week_operator.py
[2024-03-04 12:06:42,885] {processor.py:641} INFO - Processing file /home/luan/Documents/curso-extracao-de-dados/venv/lib/python3.9/site-packages/airflow/example_dags/example_branch_day_of_week_operator.py for tasks to queue
[2024-03-04 12:06:42,886] {logging_mixin.py:115} INFO - [2024-03-04 12:06:42,886] {dagbag.py:507} INFO - Filling up the DagBag from /home/luan/Documents/curso-extracao-de-dados/venv/lib/python3.9/site-packages/airflow/example_dags/example_branch_day_of_week_operator.py
[2024-03-04 12:06:42,891] {processor.py:651} INFO - DAG(s) dict_keys(['example_weekday_branch_operator']) retrieved from /home/luan/Documents/curso-extracao-de-dados/venv/lib/python3.9/site-packages/airflow/example_dags/example_branch_day_of_week_operator.py
[2024-03-04 12:06:42,901] {logging_mixin.py:115} INFO - [2024-03-04 12:06:42,901] {dag.py:2379} INFO - Sync 1 DAGs
[2024-03-04 12:06:42,915] {logging_mixin.py:115} INFO - [2024-03-04 12:06:42,915] {dag.py:2927} INFO - Setting next_dagrun for example_weekday_branch_operator to 2024-03-03T00:00:00+00:00, run_after=2024-03-04T00:00:00+00:00
[2024-03-04 12:06:42,929] {processor.py:161} INFO - Processing /home/luan/Documents/curso-extracao-de-dados/venv/lib/python3.9/site-packages/airflow/example_dags/example_branch_day_of_week_operator.py took 0.049 seconds
[2024-03-04 12:07:36,719] {processor.py:153} INFO - Started process (PID=29433) to work on /home/luan/Documents/curso-extracao-de-dados/venv/lib/python3.9/site-packages/airflow/example_dags/example_branch_day_of_week_operator.py
[2024-03-04 12:07:36,720] {processor.py:641} INFO - Processing file /home/luan/Documents/curso-extracao-de-dados/venv/lib/python3.9/site-packages/airflow/example_dags/example_branch_day_of_week_operator.py for tasks to queue
[2024-03-04 12:07:36,721] {logging_mixin.py:115} INFO - [2024-03-04 12:07:36,721] {dagbag.py:507} INFO - Filling up the DagBag from /home/luan/Documents/curso-extracao-de-dados/venv/lib/python3.9/site-packages/airflow/example_dags/example_branch_day_of_week_operator.py
[2024-03-04 12:07:36,727] {processor.py:651} INFO - DAG(s) dict_keys(['example_weekday_branch_operator']) retrieved from /home/luan/Documents/curso-extracao-de-dados/venv/lib/python3.9/site-packages/airflow/example_dags/example_branch_day_of_week_operator.py
[2024-03-04 12:07:36,736] {logging_mixin.py:115} INFO - [2024-03-04 12:07:36,736] {dag.py:2379} INFO - Sync 1 DAGs
[2024-03-04 12:07:36,750] {logging_mixin.py:115} INFO - [2024-03-04 12:07:36,750] {dag.py:2927} INFO - Setting next_dagrun for example_weekday_branch_operator to 2024-03-03T00:00:00+00:00, run_after=2024-03-04T00:00:00+00:00
[2024-03-04 12:07:36,764] {processor.py:161} INFO - Processing /home/luan/Documents/curso-extracao-de-dados/venv/lib/python3.9/site-packages/airflow/example_dags/example_branch_day_of_week_operator.py took 0.047 seconds
[2024-03-04 12:08:09,326] {processor.py:153} INFO - Started process (PID=29552) to work on /home/luan/Documents/curso-extracao-de-dados/venv/lib/python3.9/site-packages/airflow/example_dags/example_branch_day_of_week_operator.py
[2024-03-04 12:08:09,327] {processor.py:641} INFO - Processing file /home/luan/Documents/curso-extracao-de-dados/venv/lib/python3.9/site-packages/airflow/example_dags/example_branch_day_of_week_operator.py for tasks to queue
[2024-03-04 12:08:09,328] {logging_mixin.py:115} INFO - [2024-03-04 12:08:09,328] {dagbag.py:507} INFO - Filling up the DagBag from /home/luan/Documents/curso-extracao-de-dados/venv/lib/python3.9/site-packages/airflow/example_dags/example_branch_day_of_week_operator.py
[2024-03-04 12:08:09,332] {processor.py:651} INFO - DAG(s) dict_keys(['example_weekday_branch_operator']) retrieved from /home/luan/Documents/curso-extracao-de-dados/venv/lib/python3.9/site-packages/airflow/example_dags/example_branch_day_of_week_operator.py
[2024-03-04 12:08:09,343] {logging_mixin.py:115} INFO - [2024-03-04 12:08:09,343] {dag.py:2379} INFO - Sync 1 DAGs
[2024-03-04 12:08:09,360] {logging_mixin.py:115} INFO - [2024-03-04 12:08:09,359] {dag.py:2927} INFO - Setting next_dagrun for example_weekday_branch_operator to 2024-03-03T00:00:00+00:00, run_after=2024-03-04T00:00:00+00:00
[2024-03-04 12:08:09,374] {processor.py:161} INFO - Processing /home/luan/Documents/curso-extracao-de-dados/venv/lib/python3.9/site-packages/airflow/example_dags/example_branch_day_of_week_operator.py took 0.049 seconds
[2024-03-04 12:08:41,404] {processor.py:153} INFO - Started process (PID=29682) to work on /home/luan/Documents/curso-extracao-de-dados/venv/lib/python3.9/site-packages/airflow/example_dags/example_branch_day_of_week_operator.py
[2024-03-04 12:08:41,408] {processor.py:641} INFO - Processing file /home/luan/Documents/curso-extracao-de-dados/venv/lib/python3.9/site-packages/airflow/example_dags/example_branch_day_of_week_operator.py for tasks to queue
[2024-03-04 12:08:41,409] {logging_mixin.py:115} INFO - [2024-03-04 12:08:41,409] {dagbag.py:507} INFO - Filling up the DagBag from /home/luan/Documents/curso-extracao-de-dados/venv/lib/python3.9/site-packages/airflow/example_dags/example_branch_day_of_week_operator.py
[2024-03-04 12:08:41,413] {processor.py:651} INFO - DAG(s) dict_keys(['example_weekday_branch_operator']) retrieved from /home/luan/Documents/curso-extracao-de-dados/venv/lib/python3.9/site-packages/airflow/example_dags/example_branch_day_of_week_operator.py
[2024-03-04 12:08:41,423] {logging_mixin.py:115} INFO - [2024-03-04 12:08:41,423] {dag.py:2379} INFO - Sync 1 DAGs
[2024-03-04 12:08:41,437] {logging_mixin.py:115} INFO - [2024-03-04 12:08:41,437] {dag.py:2927} INFO - Setting next_dagrun for example_weekday_branch_operator to 2024-03-03T00:00:00+00:00, run_after=2024-03-04T00:00:00+00:00
[2024-03-04 12:08:41,453] {processor.py:161} INFO - Processing /home/luan/Documents/curso-extracao-de-dados/venv/lib/python3.9/site-packages/airflow/example_dags/example_branch_day_of_week_operator.py took 0.051 seconds
[2024-03-04 12:10:14,398] {processor.py:153} INFO - Started process (PID=30132) to work on /home/luan/Documents/curso-extracao-de-dados/venv/lib/python3.9/site-packages/airflow/example_dags/example_branch_day_of_week_operator.py
[2024-03-04 12:10:14,400] {processor.py:641} INFO - Processing file /home/luan/Documents/curso-extracao-de-dados/venv/lib/python3.9/site-packages/airflow/example_dags/example_branch_day_of_week_operator.py for tasks to queue
[2024-03-04 12:10:14,400] {logging_mixin.py:115} INFO - [2024-03-04 12:10:14,400] {dagbag.py:507} INFO - Filling up the DagBag from /home/luan/Documents/curso-extracao-de-dados/venv/lib/python3.9/site-packages/airflow/example_dags/example_branch_day_of_week_operator.py
[2024-03-04 12:10:14,405] {processor.py:651} INFO - DAG(s) dict_keys(['example_weekday_branch_operator']) retrieved from /home/luan/Documents/curso-extracao-de-dados/venv/lib/python3.9/site-packages/airflow/example_dags/example_branch_day_of_week_operator.py
[2024-03-04 12:10:14,416] {logging_mixin.py:115} INFO - [2024-03-04 12:10:14,416] {dag.py:2379} INFO - Sync 1 DAGs
[2024-03-04 12:10:14,434] {logging_mixin.py:115} INFO - [2024-03-04 12:10:14,434] {dag.py:2927} INFO - Setting next_dagrun for example_weekday_branch_operator to 2024-03-03T00:00:00+00:00, run_after=2024-03-04T00:00:00+00:00
[2024-03-04 12:10:14,450] {processor.py:161} INFO - Processing /home/luan/Documents/curso-extracao-de-dados/venv/lib/python3.9/site-packages/airflow/example_dags/example_branch_day_of_week_operator.py took 0.053 seconds
[2024-03-04 12:10:47,110] {processor.py:153} INFO - Started process (PID=30263) to work on /home/luan/Documents/curso-extracao-de-dados/venv/lib/python3.9/site-packages/airflow/example_dags/example_branch_day_of_week_operator.py
[2024-03-04 12:10:47,111] {processor.py:641} INFO - Processing file /home/luan/Documents/curso-extracao-de-dados/venv/lib/python3.9/site-packages/airflow/example_dags/example_branch_day_of_week_operator.py for tasks to queue
[2024-03-04 12:10:47,111] {logging_mixin.py:115} INFO - [2024-03-04 12:10:47,111] {dagbag.py:507} INFO - Filling up the DagBag from /home/luan/Documents/curso-extracao-de-dados/venv/lib/python3.9/site-packages/airflow/example_dags/example_branch_day_of_week_operator.py
[2024-03-04 12:10:47,117] {processor.py:651} INFO - DAG(s) dict_keys(['example_weekday_branch_operator']) retrieved from /home/luan/Documents/curso-extracao-de-dados/venv/lib/python3.9/site-packages/airflow/example_dags/example_branch_day_of_week_operator.py
[2024-03-04 12:10:47,130] {logging_mixin.py:115} INFO - [2024-03-04 12:10:47,130] {dag.py:2379} INFO - Sync 1 DAGs
[2024-03-04 12:10:47,146] {logging_mixin.py:115} INFO - [2024-03-04 12:10:47,146] {dag.py:2927} INFO - Setting next_dagrun for example_weekday_branch_operator to 2024-03-03T00:00:00+00:00, run_after=2024-03-04T00:00:00+00:00
[2024-03-04 12:10:47,161] {processor.py:161} INFO - Processing /home/luan/Documents/curso-extracao-de-dados/venv/lib/python3.9/site-packages/airflow/example_dags/example_branch_day_of_week_operator.py took 0.053 seconds
[2024-03-04 12:11:19,051] {processor.py:153} INFO - Started process (PID=30400) to work on /home/luan/Documents/curso-extracao-de-dados/venv/lib/python3.9/site-packages/airflow/example_dags/example_branch_day_of_week_operator.py
[2024-03-04 12:11:19,055] {processor.py:641} INFO - Processing file /home/luan/Documents/curso-extracao-de-dados/venv/lib/python3.9/site-packages/airflow/example_dags/example_branch_day_of_week_operator.py for tasks to queue
[2024-03-04 12:11:19,056] {logging_mixin.py:115} INFO - [2024-03-04 12:11:19,056] {dagbag.py:507} INFO - Filling up the DagBag from /home/luan/Documents/curso-extracao-de-dados/venv/lib/python3.9/site-packages/airflow/example_dags/example_branch_day_of_week_operator.py
[2024-03-04 12:11:19,061] {processor.py:651} INFO - DAG(s) dict_keys(['example_weekday_branch_operator']) retrieved from /home/luan/Documents/curso-extracao-de-dados/venv/lib/python3.9/site-packages/airflow/example_dags/example_branch_day_of_week_operator.py
[2024-03-04 12:11:19,071] {logging_mixin.py:115} INFO - [2024-03-04 12:11:19,070] {dag.py:2379} INFO - Sync 1 DAGs
[2024-03-04 12:11:19,085] {logging_mixin.py:115} INFO - [2024-03-04 12:11:19,084] {dag.py:2927} INFO - Setting next_dagrun for example_weekday_branch_operator to 2024-03-03T00:00:00+00:00, run_after=2024-03-04T00:00:00+00:00
[2024-03-04 12:11:19,103] {processor.py:161} INFO - Processing /home/luan/Documents/curso-extracao-de-dados/venv/lib/python3.9/site-packages/airflow/example_dags/example_branch_day_of_week_operator.py took 0.054 seconds
[2024-03-04 12:14:32,665] {processor.py:153} INFO - Started process (PID=31296) to work on /home/luan/Documents/curso-extracao-de-dados/venv/lib/python3.9/site-packages/airflow/example_dags/example_branch_day_of_week_operator.py
[2024-03-04 12:14:32,669] {processor.py:641} INFO - Processing file /home/luan/Documents/curso-extracao-de-dados/venv/lib/python3.9/site-packages/airflow/example_dags/example_branch_day_of_week_operator.py for tasks to queue
[2024-03-04 12:14:32,670] {logging_mixin.py:115} INFO - [2024-03-04 12:14:32,670] {dagbag.py:507} INFO - Filling up the DagBag from /home/luan/Documents/curso-extracao-de-dados/venv/lib/python3.9/site-packages/airflow/example_dags/example_branch_day_of_week_operator.py
[2024-03-04 12:14:32,677] {processor.py:651} INFO - DAG(s) dict_keys(['example_weekday_branch_operator']) retrieved from /home/luan/Documents/curso-extracao-de-dados/venv/lib/python3.9/site-packages/airflow/example_dags/example_branch_day_of_week_operator.py
[2024-03-04 12:14:32,691] {logging_mixin.py:115} INFO - [2024-03-04 12:14:32,691] {dag.py:2379} INFO - Sync 1 DAGs
[2024-03-04 12:14:32,709] {logging_mixin.py:115} INFO - [2024-03-04 12:14:32,709] {dag.py:2927} INFO - Setting next_dagrun for example_weekday_branch_operator to 2024-03-03T00:00:00+00:00, run_after=2024-03-04T00:00:00+00:00
[2024-03-04 12:14:32,724] {processor.py:161} INFO - Processing /home/luan/Documents/curso-extracao-de-dados/venv/lib/python3.9/site-packages/airflow/example_dags/example_branch_day_of_week_operator.py took 0.062 seconds
[2024-03-04 12:15:05,281] {processor.py:153} INFO - Started process (PID=31427) to work on /home/luan/Documents/curso-extracao-de-dados/venv/lib/python3.9/site-packages/airflow/example_dags/example_branch_day_of_week_operator.py
[2024-03-04 12:15:05,285] {processor.py:641} INFO - Processing file /home/luan/Documents/curso-extracao-de-dados/venv/lib/python3.9/site-packages/airflow/example_dags/example_branch_day_of_week_operator.py for tasks to queue
[2024-03-04 12:15:05,286] {logging_mixin.py:115} INFO - [2024-03-04 12:15:05,286] {dagbag.py:507} INFO - Filling up the DagBag from /home/luan/Documents/curso-extracao-de-dados/venv/lib/python3.9/site-packages/airflow/example_dags/example_branch_day_of_week_operator.py
[2024-03-04 12:15:05,290] {processor.py:651} INFO - DAG(s) dict_keys(['example_weekday_branch_operator']) retrieved from /home/luan/Documents/curso-extracao-de-dados/venv/lib/python3.9/site-packages/airflow/example_dags/example_branch_day_of_week_operator.py
[2024-03-04 12:15:05,300] {logging_mixin.py:115} INFO - [2024-03-04 12:15:05,300] {dag.py:2379} INFO - Sync 1 DAGs
[2024-03-04 12:15:05,316] {logging_mixin.py:115} INFO - [2024-03-04 12:15:05,315] {dag.py:2927} INFO - Setting next_dagrun for example_weekday_branch_operator to 2024-03-03T00:00:00+00:00, run_after=2024-03-04T00:00:00+00:00
[2024-03-04 12:15:05,330] {processor.py:161} INFO - Processing /home/luan/Documents/curso-extracao-de-dados/venv/lib/python3.9/site-packages/airflow/example_dags/example_branch_day_of_week_operator.py took 0.051 seconds
[2024-03-04 12:15:39,412] {processor.py:153} INFO - Started process (PID=31567) to work on /home/luan/Documents/curso-extracao-de-dados/venv/lib/python3.9/site-packages/airflow/example_dags/example_branch_day_of_week_operator.py
[2024-03-04 12:15:39,417] {processor.py:641} INFO - Processing file /home/luan/Documents/curso-extracao-de-dados/venv/lib/python3.9/site-packages/airflow/example_dags/example_branch_day_of_week_operator.py for tasks to queue
[2024-03-04 12:15:39,417] {logging_mixin.py:115} INFO - [2024-03-04 12:15:39,417] {dagbag.py:507} INFO - Filling up the DagBag from /home/luan/Documents/curso-extracao-de-dados/venv/lib/python3.9/site-packages/airflow/example_dags/example_branch_day_of_week_operator.py
[2024-03-04 12:15:39,422] {processor.py:651} INFO - DAG(s) dict_keys(['example_weekday_branch_operator']) retrieved from /home/luan/Documents/curso-extracao-de-dados/venv/lib/python3.9/site-packages/airflow/example_dags/example_branch_day_of_week_operator.py
[2024-03-04 12:15:39,432] {logging_mixin.py:115} INFO - [2024-03-04 12:15:39,432] {dag.py:2379} INFO - Sync 1 DAGs
[2024-03-04 12:15:39,446] {logging_mixin.py:115} INFO - [2024-03-04 12:15:39,446] {dag.py:2927} INFO - Setting next_dagrun for example_weekday_branch_operator to 2024-03-03T00:00:00+00:00, run_after=2024-03-04T00:00:00+00:00
[2024-03-04 12:15:39,461] {processor.py:161} INFO - Processing /home/luan/Documents/curso-extracao-de-dados/venv/lib/python3.9/site-packages/airflow/example_dags/example_branch_day_of_week_operator.py took 0.050 seconds
[2024-03-04 12:16:31,473] {processor.py:153} INFO - Started process (PID=31873) to work on /home/luan/Documents/curso-extracao-de-dados/venv/lib/python3.9/site-packages/airflow/example_dags/example_branch_day_of_week_operator.py
[2024-03-04 12:16:31,477] {processor.py:641} INFO - Processing file /home/luan/Documents/curso-extracao-de-dados/venv/lib/python3.9/site-packages/airflow/example_dags/example_branch_day_of_week_operator.py for tasks to queue
[2024-03-04 12:16:31,478] {logging_mixin.py:115} INFO - [2024-03-04 12:16:31,478] {dagbag.py:507} INFO - Filling up the DagBag from /home/luan/Documents/curso-extracao-de-dados/venv/lib/python3.9/site-packages/airflow/example_dags/example_branch_day_of_week_operator.py
[2024-03-04 12:16:31,487] {processor.py:651} INFO - DAG(s) dict_keys(['example_weekday_branch_operator']) retrieved from /home/luan/Documents/curso-extracao-de-dados/venv/lib/python3.9/site-packages/airflow/example_dags/example_branch_day_of_week_operator.py
[2024-03-04 12:16:31,500] {logging_mixin.py:115} INFO - [2024-03-04 12:16:31,500] {dag.py:2379} INFO - Sync 1 DAGs
[2024-03-04 12:16:31,517] {logging_mixin.py:115} INFO - [2024-03-04 12:16:31,517] {dag.py:2927} INFO - Setting next_dagrun for example_weekday_branch_operator to 2024-03-03T00:00:00+00:00, run_after=2024-03-04T00:00:00+00:00
[2024-03-04 12:16:31,538] {processor.py:161} INFO - Processing /home/luan/Documents/curso-extracao-de-dados/venv/lib/python3.9/site-packages/airflow/example_dags/example_branch_day_of_week_operator.py took 0.067 seconds
[2024-03-04 12:17:04,523] {processor.py:153} INFO - Started process (PID=32010) to work on /home/luan/Documents/curso-extracao-de-dados/venv/lib/python3.9/site-packages/airflow/example_dags/example_branch_day_of_week_operator.py
[2024-03-04 12:17:04,527] {processor.py:641} INFO - Processing file /home/luan/Documents/curso-extracao-de-dados/venv/lib/python3.9/site-packages/airflow/example_dags/example_branch_day_of_week_operator.py for tasks to queue
[2024-03-04 12:17:04,528] {logging_mixin.py:115} INFO - [2024-03-04 12:17:04,528] {dagbag.py:507} INFO - Filling up the DagBag from /home/luan/Documents/curso-extracao-de-dados/venv/lib/python3.9/site-packages/airflow/example_dags/example_branch_day_of_week_operator.py
[2024-03-04 12:17:04,533] {processor.py:651} INFO - DAG(s) dict_keys(['example_weekday_branch_operator']) retrieved from /home/luan/Documents/curso-extracao-de-dados/venv/lib/python3.9/site-packages/airflow/example_dags/example_branch_day_of_week_operator.py
[2024-03-04 12:17:04,543] {logging_mixin.py:115} INFO - [2024-03-04 12:17:04,543] {dag.py:2379} INFO - Sync 1 DAGs
[2024-03-04 12:17:04,558] {logging_mixin.py:115} INFO - [2024-03-04 12:17:04,558] {dag.py:2927} INFO - Setting next_dagrun for example_weekday_branch_operator to 2024-03-03T00:00:00+00:00, run_after=2024-03-04T00:00:00+00:00
[2024-03-04 12:17:04,572] {processor.py:161} INFO - Processing /home/luan/Documents/curso-extracao-de-dados/venv/lib/python3.9/site-packages/airflow/example_dags/example_branch_day_of_week_operator.py took 0.051 seconds
[2024-03-04 12:17:38,869] {processor.py:153} INFO - Started process (PID=32144) to work on /home/luan/Documents/curso-extracao-de-dados/venv/lib/python3.9/site-packages/airflow/example_dags/example_branch_day_of_week_operator.py
[2024-03-04 12:17:38,874] {processor.py:641} INFO - Processing file /home/luan/Documents/curso-extracao-de-dados/venv/lib/python3.9/site-packages/airflow/example_dags/example_branch_day_of_week_operator.py for tasks to queue
[2024-03-04 12:17:38,874] {logging_mixin.py:115} INFO - [2024-03-04 12:17:38,874] {dagbag.py:507} INFO - Filling up the DagBag from /home/luan/Documents/curso-extracao-de-dados/venv/lib/python3.9/site-packages/airflow/example_dags/example_branch_day_of_week_operator.py
[2024-03-04 12:17:38,881] {processor.py:651} INFO - DAG(s) dict_keys(['example_weekday_branch_operator']) retrieved from /home/luan/Documents/curso-extracao-de-dados/venv/lib/python3.9/site-packages/airflow/example_dags/example_branch_day_of_week_operator.py
[2024-03-04 12:17:38,894] {logging_mixin.py:115} INFO - [2024-03-04 12:17:38,894] {dag.py:2379} INFO - Sync 1 DAGs
[2024-03-04 12:17:38,910] {logging_mixin.py:115} INFO - [2024-03-04 12:17:38,910] {dag.py:2927} INFO - Setting next_dagrun for example_weekday_branch_operator to 2024-03-03T00:00:00+00:00, run_after=2024-03-04T00:00:00+00:00
[2024-03-04 12:17:38,927] {processor.py:161} INFO - Processing /home/luan/Documents/curso-extracao-de-dados/venv/lib/python3.9/site-packages/airflow/example_dags/example_branch_day_of_week_operator.py took 0.061 seconds
[2024-03-04 12:19:05,307] {processor.py:153} INFO - Started process (PID=32571) to work on /home/luan/Documents/curso-extracao-de-dados/venv/lib/python3.9/site-packages/airflow/example_dags/example_branch_day_of_week_operator.py
[2024-03-04 12:19:05,308] {processor.py:641} INFO - Processing file /home/luan/Documents/curso-extracao-de-dados/venv/lib/python3.9/site-packages/airflow/example_dags/example_branch_day_of_week_operator.py for tasks to queue
[2024-03-04 12:19:05,308] {logging_mixin.py:115} INFO - [2024-03-04 12:19:05,308] {dagbag.py:507} INFO - Filling up the DagBag from /home/luan/Documents/curso-extracao-de-dados/venv/lib/python3.9/site-packages/airflow/example_dags/example_branch_day_of_week_operator.py
[2024-03-04 12:19:05,313] {processor.py:651} INFO - DAG(s) dict_keys(['example_weekday_branch_operator']) retrieved from /home/luan/Documents/curso-extracao-de-dados/venv/lib/python3.9/site-packages/airflow/example_dags/example_branch_day_of_week_operator.py
[2024-03-04 12:19:05,322] {logging_mixin.py:115} INFO - [2024-03-04 12:19:05,322] {dag.py:2379} INFO - Sync 1 DAGs
[2024-03-04 12:19:05,336] {logging_mixin.py:115} INFO - [2024-03-04 12:19:05,335] {dag.py:2927} INFO - Setting next_dagrun for example_weekday_branch_operator to 2024-03-03T00:00:00+00:00, run_after=2024-03-04T00:00:00+00:00
[2024-03-04 12:19:05,351] {processor.py:161} INFO - Processing /home/luan/Documents/curso-extracao-de-dados/venv/lib/python3.9/site-packages/airflow/example_dags/example_branch_day_of_week_operator.py took 0.046 seconds
