[2024-03-04 11:21:20,721] {processor.py:153} INFO - Started process (PID=17481) to work on /home/luan/Documents/curso-extracao-de-dados/venv/lib/python3.9/site-packages/airflow/example_dags/example_external_task_marker_dag.py
[2024-03-04 11:21:20,722] {processor.py:641} INFO - Processing file /home/luan/Documents/curso-extracao-de-dados/venv/lib/python3.9/site-packages/airflow/example_dags/example_external_task_marker_dag.py for tasks to queue
[2024-03-04 11:21:20,722] {logging_mixin.py:115} INFO - [2024-03-04 11:21:20,722] {dagbag.py:507} INFO - Filling up the DagBag from /home/luan/Documents/curso-extracao-de-dados/venv/lib/python3.9/site-packages/airflow/example_dags/example_external_task_marker_dag.py
[2024-03-04 11:21:20,725] {processor.py:651} INFO - DAG(s) dict_keys(['example_external_task_marker_parent', 'example_external_task_marker_child']) retrieved from /home/luan/Documents/curso-extracao-de-dados/venv/lib/python3.9/site-packages/airflow/example_dags/example_external_task_marker_dag.py
[2024-03-04 11:21:20,777] {logging_mixin.py:115} INFO - [2024-03-04 11:21:20,777] {manager.py:508} INFO - Created Permission View: can edit on DAG:example_external_task_marker_parent
[2024-03-04 11:21:20,789] {logging_mixin.py:115} INFO - [2024-03-04 11:21:20,788] {manager.py:508} INFO - Created Permission View: can delete on DAG:example_external_task_marker_parent
[2024-03-04 11:21:20,798] {logging_mixin.py:115} INFO - [2024-03-04 11:21:20,798] {manager.py:508} INFO - Created Permission View: can read on DAG:example_external_task_marker_parent
[2024-03-04 11:21:20,823] {logging_mixin.py:115} INFO - [2024-03-04 11:21:20,822] {manager.py:508} INFO - Created Permission View: can edit on DAG:example_external_task_marker_child
[2024-03-04 11:21:20,833] {logging_mixin.py:115} INFO - [2024-03-04 11:21:20,832] {manager.py:508} INFO - Created Permission View: can delete on DAG:example_external_task_marker_child
[2024-03-04 11:21:20,843] {logging_mixin.py:115} INFO - [2024-03-04 11:21:20,843] {manager.py:508} INFO - Created Permission View: can read on DAG:example_external_task_marker_child
[2024-03-04 11:21:20,843] {logging_mixin.py:115} INFO - [2024-03-04 11:21:20,843] {dag.py:2379} INFO - Sync 2 DAGs
[2024-03-04 11:21:20,848] {logging_mixin.py:115} INFO - [2024-03-04 11:21:20,848] {dag.py:2398} INFO - Creating ORM DAG for example_external_task_marker_parent
[2024-03-04 11:21:20,848] {logging_mixin.py:115} INFO - [2024-03-04 11:21:20,848] {dag.py:2398} INFO - Creating ORM DAG for example_external_task_marker_child
[2024-03-04 11:21:20,854] {logging_mixin.py:115} INFO - [2024-03-04 11:21:20,854] {dag.py:2927} INFO - Setting next_dagrun for example_external_task_marker_child to None, run_after=None
[2024-03-04 11:21:20,854] {logging_mixin.py:115} INFO - [2024-03-04 11:21:20,854] {dag.py:2927} INFO - Setting next_dagrun for example_external_task_marker_parent to None, run_after=None
[2024-03-04 11:21:20,870] {processor.py:161} INFO - Processing /home/luan/Documents/curso-extracao-de-dados/venv/lib/python3.9/site-packages/airflow/example_dags/example_external_task_marker_dag.py took 0.150 seconds
[2024-03-04 11:21:56,010] {processor.py:153} INFO - Started process (PID=17620) to work on /home/luan/Documents/curso-extracao-de-dados/venv/lib/python3.9/site-packages/airflow/example_dags/example_external_task_marker_dag.py
[2024-03-04 11:21:56,014] {processor.py:641} INFO - Processing file /home/luan/Documents/curso-extracao-de-dados/venv/lib/python3.9/site-packages/airflow/example_dags/example_external_task_marker_dag.py for tasks to queue
[2024-03-04 11:21:56,015] {logging_mixin.py:115} INFO - [2024-03-04 11:21:56,015] {dagbag.py:507} INFO - Filling up the DagBag from /home/luan/Documents/curso-extracao-de-dados/venv/lib/python3.9/site-packages/airflow/example_dags/example_external_task_marker_dag.py
[2024-03-04 11:21:56,017] {processor.py:651} INFO - DAG(s) dict_keys(['example_external_task_marker_parent', 'example_external_task_marker_child']) retrieved from /home/luan/Documents/curso-extracao-de-dados/venv/lib/python3.9/site-packages/airflow/example_dags/example_external_task_marker_dag.py
[2024-03-04 11:21:56,034] {logging_mixin.py:115} INFO - [2024-03-04 11:21:56,034] {dag.py:2379} INFO - Sync 2 DAGs
[2024-03-04 11:21:56,048] {logging_mixin.py:115} INFO - [2024-03-04 11:21:56,048] {dag.py:2927} INFO - Setting next_dagrun for example_external_task_marker_child to None, run_after=None
[2024-03-04 11:21:56,048] {logging_mixin.py:115} INFO - [2024-03-04 11:21:56,048] {dag.py:2927} INFO - Setting next_dagrun for example_external_task_marker_parent to None, run_after=None
[2024-03-04 11:21:56,063] {processor.py:161} INFO - Processing /home/luan/Documents/curso-extracao-de-dados/venv/lib/python3.9/site-packages/airflow/example_dags/example_external_task_marker_dag.py took 0.055 seconds
[2024-03-04 11:22:27,869] {processor.py:153} INFO - Started process (PID=17751) to work on /home/luan/Documents/curso-extracao-de-dados/venv/lib/python3.9/site-packages/airflow/example_dags/example_external_task_marker_dag.py
[2024-03-04 11:22:27,871] {processor.py:641} INFO - Processing file /home/luan/Documents/curso-extracao-de-dados/venv/lib/python3.9/site-packages/airflow/example_dags/example_external_task_marker_dag.py for tasks to queue
[2024-03-04 11:22:27,871] {logging_mixin.py:115} INFO - [2024-03-04 11:22:27,871] {dagbag.py:507} INFO - Filling up the DagBag from /home/luan/Documents/curso-extracao-de-dados/venv/lib/python3.9/site-packages/airflow/example_dags/example_external_task_marker_dag.py
[2024-03-04 11:22:27,874] {processor.py:651} INFO - DAG(s) dict_keys(['example_external_task_marker_parent', 'example_external_task_marker_child']) retrieved from /home/luan/Documents/curso-extracao-de-dados/venv/lib/python3.9/site-packages/airflow/example_dags/example_external_task_marker_dag.py
[2024-03-04 11:22:27,894] {logging_mixin.py:115} INFO - [2024-03-04 11:22:27,894] {dag.py:2379} INFO - Sync 2 DAGs
[2024-03-04 11:22:27,908] {logging_mixin.py:115} INFO - [2024-03-04 11:22:27,908] {dag.py:2927} INFO - Setting next_dagrun for example_external_task_marker_child to None, run_after=None
[2024-03-04 11:22:27,908] {logging_mixin.py:115} INFO - [2024-03-04 11:22:27,908] {dag.py:2927} INFO - Setting next_dagrun for example_external_task_marker_parent to None, run_after=None
[2024-03-04 11:22:27,923] {processor.py:161} INFO - Processing /home/luan/Documents/curso-extracao-de-dados/venv/lib/python3.9/site-packages/airflow/example_dags/example_external_task_marker_dag.py took 0.055 seconds
[2024-03-04 12:05:47,172] {processor.py:153} INFO - Started process (PID=28731) to work on /home/luan/Documents/curso-extracao-de-dados/venv/lib/python3.9/site-packages/airflow/example_dags/example_external_task_marker_dag.py
[2024-03-04 12:05:47,176] {processor.py:641} INFO - Processing file /home/luan/Documents/curso-extracao-de-dados/venv/lib/python3.9/site-packages/airflow/example_dags/example_external_task_marker_dag.py for tasks to queue
[2024-03-04 12:05:47,177] {logging_mixin.py:115} INFO - [2024-03-04 12:05:47,176] {dagbag.py:507} INFO - Filling up the DagBag from /home/luan/Documents/curso-extracao-de-dados/venv/lib/python3.9/site-packages/airflow/example_dags/example_external_task_marker_dag.py
[2024-03-04 12:05:47,179] {processor.py:651} INFO - DAG(s) dict_keys(['example_external_task_marker_parent', 'example_external_task_marker_child']) retrieved from /home/luan/Documents/curso-extracao-de-dados/venv/lib/python3.9/site-packages/airflow/example_dags/example_external_task_marker_dag.py
[2024-03-04 12:05:47,195] {logging_mixin.py:115} INFO - [2024-03-04 12:05:47,195] {dag.py:2379} INFO - Sync 2 DAGs
[2024-03-04 12:05:47,208] {logging_mixin.py:115} INFO - [2024-03-04 12:05:47,208] {dag.py:2927} INFO - Setting next_dagrun for example_external_task_marker_child to None, run_after=None
[2024-03-04 12:05:47,208] {logging_mixin.py:115} INFO - [2024-03-04 12:05:47,208] {dag.py:2927} INFO - Setting next_dagrun for example_external_task_marker_parent to None, run_after=None
[2024-03-04 12:05:47,222] {processor.py:161} INFO - Processing /home/luan/Documents/curso-extracao-de-dados/venv/lib/python3.9/site-packages/airflow/example_dags/example_external_task_marker_dag.py took 0.052 seconds
[2024-03-04 12:06:19,186] {processor.py:153} INFO - Started process (PID=29016) to work on /home/luan/Documents/curso-extracao-de-dados/venv/lib/python3.9/site-packages/airflow/example_dags/example_external_task_marker_dag.py
[2024-03-04 12:06:19,188] {processor.py:641} INFO - Processing file /home/luan/Documents/curso-extracao-de-dados/venv/lib/python3.9/site-packages/airflow/example_dags/example_external_task_marker_dag.py for tasks to queue
[2024-03-04 12:06:19,189] {logging_mixin.py:115} INFO - [2024-03-04 12:06:19,189] {dagbag.py:507} INFO - Filling up the DagBag from /home/luan/Documents/curso-extracao-de-dados/venv/lib/python3.9/site-packages/airflow/example_dags/example_external_task_marker_dag.py
[2024-03-04 12:06:19,192] {processor.py:651} INFO - DAG(s) dict_keys(['example_external_task_marker_parent', 'example_external_task_marker_child']) retrieved from /home/luan/Documents/curso-extracao-de-dados/venv/lib/python3.9/site-packages/airflow/example_dags/example_external_task_marker_dag.py
[2024-03-04 12:06:19,209] {logging_mixin.py:115} INFO - [2024-03-04 12:06:19,209] {dag.py:2379} INFO - Sync 2 DAGs
[2024-03-04 12:06:19,242] {logging_mixin.py:115} INFO - [2024-03-04 12:06:19,242] {dag.py:2927} INFO - Setting next_dagrun for example_external_task_marker_child to None, run_after=None
[2024-03-04 12:06:19,243] {logging_mixin.py:115} INFO - [2024-03-04 12:06:19,243] {dag.py:2927} INFO - Setting next_dagrun for example_external_task_marker_parent to None, run_after=None
[2024-03-04 12:06:19,262] {processor.py:161} INFO - Processing /home/luan/Documents/curso-extracao-de-dados/venv/lib/python3.9/site-packages/airflow/example_dags/example_external_task_marker_dag.py took 0.077 seconds
[2024-03-04 12:06:53,096] {processor.py:153} INFO - Started process (PID=29197) to work on /home/luan/Documents/curso-extracao-de-dados/venv/lib/python3.9/site-packages/airflow/example_dags/example_external_task_marker_dag.py
[2024-03-04 12:06:53,097] {processor.py:641} INFO - Processing file /home/luan/Documents/curso-extracao-de-dados/venv/lib/python3.9/site-packages/airflow/example_dags/example_external_task_marker_dag.py for tasks to queue
[2024-03-04 12:06:53,097] {logging_mixin.py:115} INFO - [2024-03-04 12:06:53,097] {dagbag.py:507} INFO - Filling up the DagBag from /home/luan/Documents/curso-extracao-de-dados/venv/lib/python3.9/site-packages/airflow/example_dags/example_external_task_marker_dag.py
[2024-03-04 12:06:53,100] {processor.py:651} INFO - DAG(s) dict_keys(['example_external_task_marker_parent', 'example_external_task_marker_child']) retrieved from /home/luan/Documents/curso-extracao-de-dados/venv/lib/python3.9/site-packages/airflow/example_dags/example_external_task_marker_dag.py
[2024-03-04 12:06:53,118] {logging_mixin.py:115} INFO - [2024-03-04 12:06:53,118] {dag.py:2379} INFO - Sync 2 DAGs
[2024-03-04 12:06:53,134] {logging_mixin.py:115} INFO - [2024-03-04 12:06:53,134] {dag.py:2927} INFO - Setting next_dagrun for example_external_task_marker_child to None, run_after=None
[2024-03-04 12:06:53,134] {logging_mixin.py:115} INFO - [2024-03-04 12:06:53,134] {dag.py:2927} INFO - Setting next_dagrun for example_external_task_marker_parent to None, run_after=None
[2024-03-04 12:06:53,149] {processor.py:161} INFO - Processing /home/luan/Documents/curso-extracao-de-dados/venv/lib/python3.9/site-packages/airflow/example_dags/example_external_task_marker_dag.py took 0.054 seconds
[2024-03-04 12:07:15,031] {processor.py:153} INFO - Started process (PID=29355) to work on /home/luan/Documents/curso-extracao-de-dados/venv/lib/python3.9/site-packages/airflow/example_dags/example_external_task_marker_dag.py
[2024-03-04 12:07:15,033] {processor.py:641} INFO - Processing file /home/luan/Documents/curso-extracao-de-dados/venv/lib/python3.9/site-packages/airflow/example_dags/example_external_task_marker_dag.py for tasks to queue
[2024-03-04 12:07:15,033] {logging_mixin.py:115} INFO - [2024-03-04 12:07:15,033] {dagbag.py:507} INFO - Filling up the DagBag from /home/luan/Documents/curso-extracao-de-dados/venv/lib/python3.9/site-packages/airflow/example_dags/example_external_task_marker_dag.py
[2024-03-04 12:07:15,036] {processor.py:651} INFO - DAG(s) dict_keys(['example_external_task_marker_parent', 'example_external_task_marker_child']) retrieved from /home/luan/Documents/curso-extracao-de-dados/venv/lib/python3.9/site-packages/airflow/example_dags/example_external_task_marker_dag.py
[2024-03-04 12:07:15,055] {logging_mixin.py:115} INFO - [2024-03-04 12:07:15,055] {dag.py:2379} INFO - Sync 2 DAGs
[2024-03-04 12:07:15,068] {logging_mixin.py:115} INFO - [2024-03-04 12:07:15,068] {dag.py:2927} INFO - Setting next_dagrun for example_external_task_marker_child to None, run_after=None
[2024-03-04 12:07:15,068] {logging_mixin.py:115} INFO - [2024-03-04 12:07:15,068] {dag.py:2927} INFO - Setting next_dagrun for example_external_task_marker_parent to None, run_after=None
[2024-03-04 12:07:15,082] {processor.py:161} INFO - Processing /home/luan/Documents/curso-extracao-de-dados/venv/lib/python3.9/site-packages/airflow/example_dags/example_external_task_marker_dag.py took 0.053 seconds
[2024-03-04 12:07:45,887] {processor.py:153} INFO - Started process (PID=29462) to work on /home/luan/Documents/curso-extracao-de-dados/venv/lib/python3.9/site-packages/airflow/example_dags/example_external_task_marker_dag.py
[2024-03-04 12:07:45,891] {processor.py:641} INFO - Processing file /home/luan/Documents/curso-extracao-de-dados/venv/lib/python3.9/site-packages/airflow/example_dags/example_external_task_marker_dag.py for tasks to queue
[2024-03-04 12:07:45,892] {logging_mixin.py:115} INFO - [2024-03-04 12:07:45,892] {dagbag.py:507} INFO - Filling up the DagBag from /home/luan/Documents/curso-extracao-de-dados/venv/lib/python3.9/site-packages/airflow/example_dags/example_external_task_marker_dag.py
[2024-03-04 12:07:45,895] {processor.py:651} INFO - DAG(s) dict_keys(['example_external_task_marker_parent', 'example_external_task_marker_child']) retrieved from /home/luan/Documents/curso-extracao-de-dados/venv/lib/python3.9/site-packages/airflow/example_dags/example_external_task_marker_dag.py
[2024-03-04 12:07:45,910] {logging_mixin.py:115} INFO - [2024-03-04 12:07:45,910] {dag.py:2379} INFO - Sync 2 DAGs
[2024-03-04 12:07:45,924] {logging_mixin.py:115} INFO - [2024-03-04 12:07:45,924] {dag.py:2927} INFO - Setting next_dagrun for example_external_task_marker_child to None, run_after=None
[2024-03-04 12:07:45,924] {logging_mixin.py:115} INFO - [2024-03-04 12:07:45,924] {dag.py:2927} INFO - Setting next_dagrun for example_external_task_marker_parent to None, run_after=None
[2024-03-04 12:07:45,938] {processor.py:161} INFO - Processing /home/luan/Documents/curso-extracao-de-dados/venv/lib/python3.9/site-packages/airflow/example_dags/example_external_task_marker_dag.py took 0.052 seconds
[2024-03-04 12:08:19,610] {processor.py:153} INFO - Started process (PID=29592) to work on /home/luan/Documents/curso-extracao-de-dados/venv/lib/python3.9/site-packages/airflow/example_dags/example_external_task_marker_dag.py
[2024-03-04 12:08:19,615] {processor.py:641} INFO - Processing file /home/luan/Documents/curso-extracao-de-dados/venv/lib/python3.9/site-packages/airflow/example_dags/example_external_task_marker_dag.py for tasks to queue
[2024-03-04 12:08:19,615] {logging_mixin.py:115} INFO - [2024-03-04 12:08:19,615] {dagbag.py:507} INFO - Filling up the DagBag from /home/luan/Documents/curso-extracao-de-dados/venv/lib/python3.9/site-packages/airflow/example_dags/example_external_task_marker_dag.py
[2024-03-04 12:08:19,618] {processor.py:651} INFO - DAG(s) dict_keys(['example_external_task_marker_parent', 'example_external_task_marker_child']) retrieved from /home/luan/Documents/curso-extracao-de-dados/venv/lib/python3.9/site-packages/airflow/example_dags/example_external_task_marker_dag.py
[2024-03-04 12:08:19,634] {logging_mixin.py:115} INFO - [2024-03-04 12:08:19,634] {dag.py:2379} INFO - Sync 2 DAGs
[2024-03-04 12:08:19,647] {logging_mixin.py:115} INFO - [2024-03-04 12:08:19,646] {dag.py:2927} INFO - Setting next_dagrun for example_external_task_marker_child to None, run_after=None
[2024-03-04 12:08:19,647] {logging_mixin.py:115} INFO - [2024-03-04 12:08:19,647] {dag.py:2927} INFO - Setting next_dagrun for example_external_task_marker_parent to None, run_after=None
[2024-03-04 12:08:19,663] {processor.py:161} INFO - Processing /home/luan/Documents/curso-extracao-de-dados/venv/lib/python3.9/site-packages/airflow/example_dags/example_external_task_marker_dag.py took 0.055 seconds
[2024-03-04 12:08:50,559] {processor.py:153} INFO - Started process (PID=29716) to work on /home/luan/Documents/curso-extracao-de-dados/venv/lib/python3.9/site-packages/airflow/example_dags/example_external_task_marker_dag.py
[2024-03-04 12:08:50,563] {processor.py:641} INFO - Processing file /home/luan/Documents/curso-extracao-de-dados/venv/lib/python3.9/site-packages/airflow/example_dags/example_external_task_marker_dag.py for tasks to queue
[2024-03-04 12:08:50,564] {logging_mixin.py:115} INFO - [2024-03-04 12:08:50,564] {dagbag.py:507} INFO - Filling up the DagBag from /home/luan/Documents/curso-extracao-de-dados/venv/lib/python3.9/site-packages/airflow/example_dags/example_external_task_marker_dag.py
[2024-03-04 12:08:50,566] {processor.py:651} INFO - DAG(s) dict_keys(['example_external_task_marker_parent', 'example_external_task_marker_child']) retrieved from /home/luan/Documents/curso-extracao-de-dados/venv/lib/python3.9/site-packages/airflow/example_dags/example_external_task_marker_dag.py
[2024-03-04 12:08:50,582] {logging_mixin.py:115} INFO - [2024-03-04 12:08:50,582] {dag.py:2379} INFO - Sync 2 DAGs
[2024-03-04 12:08:50,595] {logging_mixin.py:115} INFO - [2024-03-04 12:08:50,595] {dag.py:2927} INFO - Setting next_dagrun for example_external_task_marker_child to None, run_after=None
[2024-03-04 12:08:50,595] {logging_mixin.py:115} INFO - [2024-03-04 12:08:50,595] {dag.py:2927} INFO - Setting next_dagrun for example_external_task_marker_parent to None, run_after=None
[2024-03-04 12:08:50,612] {processor.py:161} INFO - Processing /home/luan/Documents/curso-extracao-de-dados/venv/lib/python3.9/site-packages/airflow/example_dags/example_external_task_marker_dag.py took 0.054 seconds
[2024-03-04 12:09:52,705] {processor.py:153} INFO - Started process (PID=30045) to work on /home/luan/Documents/curso-extracao-de-dados/venv/lib/python3.9/site-packages/airflow/example_dags/example_external_task_marker_dag.py
[2024-03-04 12:09:52,709] {processor.py:641} INFO - Processing file /home/luan/Documents/curso-extracao-de-dados/venv/lib/python3.9/site-packages/airflow/example_dags/example_external_task_marker_dag.py for tasks to queue
[2024-03-04 12:09:52,709] {logging_mixin.py:115} INFO - [2024-03-04 12:09:52,709] {dagbag.py:507} INFO - Filling up the DagBag from /home/luan/Documents/curso-extracao-de-dados/venv/lib/python3.9/site-packages/airflow/example_dags/example_external_task_marker_dag.py
[2024-03-04 12:09:52,712] {processor.py:651} INFO - DAG(s) dict_keys(['example_external_task_marker_parent', 'example_external_task_marker_child']) retrieved from /home/luan/Documents/curso-extracao-de-dados/venv/lib/python3.9/site-packages/airflow/example_dags/example_external_task_marker_dag.py
[2024-03-04 12:09:52,727] {logging_mixin.py:115} INFO - [2024-03-04 12:09:52,727] {dag.py:2379} INFO - Sync 2 DAGs
[2024-03-04 12:09:52,745] {logging_mixin.py:115} INFO - [2024-03-04 12:09:52,745] {dag.py:2927} INFO - Setting next_dagrun for example_external_task_marker_child to None, run_after=None
[2024-03-04 12:09:52,745] {logging_mixin.py:115} INFO - [2024-03-04 12:09:52,745] {dag.py:2927} INFO - Setting next_dagrun for example_external_task_marker_parent to None, run_after=None
[2024-03-04 12:09:52,758] {processor.py:161} INFO - Processing /home/luan/Documents/curso-extracao-de-dados/venv/lib/python3.9/site-packages/airflow/example_dags/example_external_task_marker_dag.py took 0.055 seconds
[2024-03-04 12:10:23,555] {processor.py:153} INFO - Started process (PID=30169) to work on /home/luan/Documents/curso-extracao-de-dados/venv/lib/python3.9/site-packages/airflow/example_dags/example_external_task_marker_dag.py
[2024-03-04 12:10:23,559] {processor.py:641} INFO - Processing file /home/luan/Documents/curso-extracao-de-dados/venv/lib/python3.9/site-packages/airflow/example_dags/example_external_task_marker_dag.py for tasks to queue
[2024-03-04 12:10:23,559] {logging_mixin.py:115} INFO - [2024-03-04 12:10:23,559] {dagbag.py:507} INFO - Filling up the DagBag from /home/luan/Documents/curso-extracao-de-dados/venv/lib/python3.9/site-packages/airflow/example_dags/example_external_task_marker_dag.py
[2024-03-04 12:10:23,562] {processor.py:651} INFO - DAG(s) dict_keys(['example_external_task_marker_parent', 'example_external_task_marker_child']) retrieved from /home/luan/Documents/curso-extracao-de-dados/venv/lib/python3.9/site-packages/airflow/example_dags/example_external_task_marker_dag.py
[2024-03-04 12:10:23,579] {logging_mixin.py:115} INFO - [2024-03-04 12:10:23,579] {dag.py:2379} INFO - Sync 2 DAGs
[2024-03-04 12:10:23,594] {logging_mixin.py:115} INFO - [2024-03-04 12:10:23,594] {dag.py:2927} INFO - Setting next_dagrun for example_external_task_marker_child to None, run_after=None
[2024-03-04 12:10:23,594] {logging_mixin.py:115} INFO - [2024-03-04 12:10:23,594] {dag.py:2927} INFO - Setting next_dagrun for example_external_task_marker_parent to None, run_after=None
[2024-03-04 12:10:23,608] {processor.py:161} INFO - Processing /home/luan/Documents/curso-extracao-de-dados/venv/lib/python3.9/site-packages/airflow/example_dags/example_external_task_marker_dag.py took 0.055 seconds
[2024-03-04 12:10:57,356] {processor.py:153} INFO - Started process (PID=30305) to work on /home/luan/Documents/curso-extracao-de-dados/venv/lib/python3.9/site-packages/airflow/example_dags/example_external_task_marker_dag.py
[2024-03-04 12:10:57,360] {processor.py:641} INFO - Processing file /home/luan/Documents/curso-extracao-de-dados/venv/lib/python3.9/site-packages/airflow/example_dags/example_external_task_marker_dag.py for tasks to queue
[2024-03-04 12:10:57,361] {logging_mixin.py:115} INFO - [2024-03-04 12:10:57,361] {dagbag.py:507} INFO - Filling up the DagBag from /home/luan/Documents/curso-extracao-de-dados/venv/lib/python3.9/site-packages/airflow/example_dags/example_external_task_marker_dag.py
[2024-03-04 12:10:57,363] {processor.py:651} INFO - DAG(s) dict_keys(['example_external_task_marker_parent', 'example_external_task_marker_child']) retrieved from /home/luan/Documents/curso-extracao-de-dados/venv/lib/python3.9/site-packages/airflow/example_dags/example_external_task_marker_dag.py
[2024-03-04 12:10:57,379] {logging_mixin.py:115} INFO - [2024-03-04 12:10:57,379] {dag.py:2379} INFO - Sync 2 DAGs
[2024-03-04 12:10:57,392] {logging_mixin.py:115} INFO - [2024-03-04 12:10:57,391] {dag.py:2927} INFO - Setting next_dagrun for example_external_task_marker_child to None, run_after=None
[2024-03-04 12:10:57,392] {logging_mixin.py:115} INFO - [2024-03-04 12:10:57,392] {dag.py:2927} INFO - Setting next_dagrun for example_external_task_marker_parent to None, run_after=None
[2024-03-04 12:10:57,405] {processor.py:161} INFO - Processing /home/luan/Documents/curso-extracao-de-dados/venv/lib/python3.9/site-packages/airflow/example_dags/example_external_task_marker_dag.py took 0.051 seconds
[2024-03-04 12:11:28,206] {processor.py:153} INFO - Started process (PID=30434) to work on /home/luan/Documents/curso-extracao-de-dados/venv/lib/python3.9/site-packages/airflow/example_dags/example_external_task_marker_dag.py
[2024-03-04 12:11:28,210] {processor.py:641} INFO - Processing file /home/luan/Documents/curso-extracao-de-dados/venv/lib/python3.9/site-packages/airflow/example_dags/example_external_task_marker_dag.py for tasks to queue
[2024-03-04 12:11:28,211] {logging_mixin.py:115} INFO - [2024-03-04 12:11:28,211] {dagbag.py:507} INFO - Filling up the DagBag from /home/luan/Documents/curso-extracao-de-dados/venv/lib/python3.9/site-packages/airflow/example_dags/example_external_task_marker_dag.py
[2024-03-04 12:11:28,213] {processor.py:651} INFO - DAG(s) dict_keys(['example_external_task_marker_parent', 'example_external_task_marker_child']) retrieved from /home/luan/Documents/curso-extracao-de-dados/venv/lib/python3.9/site-packages/airflow/example_dags/example_external_task_marker_dag.py
[2024-03-04 12:11:28,229] {logging_mixin.py:115} INFO - [2024-03-04 12:11:28,229] {dag.py:2379} INFO - Sync 2 DAGs
[2024-03-04 12:11:28,242] {logging_mixin.py:115} INFO - [2024-03-04 12:11:28,242] {dag.py:2927} INFO - Setting next_dagrun for example_external_task_marker_child to None, run_after=None
[2024-03-04 12:11:28,242] {logging_mixin.py:115} INFO - [2024-03-04 12:11:28,242] {dag.py:2927} INFO - Setting next_dagrun for example_external_task_marker_parent to None, run_after=None
[2024-03-04 12:11:28,256] {processor.py:161} INFO - Processing /home/luan/Documents/curso-extracao-de-dados/venv/lib/python3.9/site-packages/airflow/example_dags/example_external_task_marker_dag.py took 0.051 seconds
[2024-03-04 12:14:10,966] {processor.py:153} INFO - Started process (PID=31209) to work on /home/luan/Documents/curso-extracao-de-dados/venv/lib/python3.9/site-packages/airflow/example_dags/example_external_task_marker_dag.py
[2024-03-04 12:14:10,967] {processor.py:641} INFO - Processing file /home/luan/Documents/curso-extracao-de-dados/venv/lib/python3.9/site-packages/airflow/example_dags/example_external_task_marker_dag.py for tasks to queue
[2024-03-04 12:14:10,967] {logging_mixin.py:115} INFO - [2024-03-04 12:14:10,967] {dagbag.py:507} INFO - Filling up the DagBag from /home/luan/Documents/curso-extracao-de-dados/venv/lib/python3.9/site-packages/airflow/example_dags/example_external_task_marker_dag.py
[2024-03-04 12:14:10,970] {processor.py:651} INFO - DAG(s) dict_keys(['example_external_task_marker_parent', 'example_external_task_marker_child']) retrieved from /home/luan/Documents/curso-extracao-de-dados/venv/lib/python3.9/site-packages/airflow/example_dags/example_external_task_marker_dag.py
[2024-03-04 12:14:10,986] {logging_mixin.py:115} INFO - [2024-03-04 12:14:10,986] {dag.py:2379} INFO - Sync 2 DAGs
[2024-03-04 12:14:10,998] {logging_mixin.py:115} INFO - [2024-03-04 12:14:10,998] {dag.py:2927} INFO - Setting next_dagrun for example_external_task_marker_child to None, run_after=None
[2024-03-04 12:14:10,999] {logging_mixin.py:115} INFO - [2024-03-04 12:14:10,999] {dag.py:2927} INFO - Setting next_dagrun for example_external_task_marker_parent to None, run_after=None
[2024-03-04 12:14:11,015] {processor.py:161} INFO - Processing /home/luan/Documents/curso-extracao-de-dados/venv/lib/python3.9/site-packages/airflow/example_dags/example_external_task_marker_dag.py took 0.051 seconds
[2024-03-04 12:14:41,821] {processor.py:153} INFO - Started process (PID=31336) to work on /home/luan/Documents/curso-extracao-de-dados/venv/lib/python3.9/site-packages/airflow/example_dags/example_external_task_marker_dag.py
[2024-03-04 12:14:41,822] {processor.py:641} INFO - Processing file /home/luan/Documents/curso-extracao-de-dados/venv/lib/python3.9/site-packages/airflow/example_dags/example_external_task_marker_dag.py for tasks to queue
[2024-03-04 12:14:41,822] {logging_mixin.py:115} INFO - [2024-03-04 12:14:41,822] {dagbag.py:507} INFO - Filling up the DagBag from /home/luan/Documents/curso-extracao-de-dados/venv/lib/python3.9/site-packages/airflow/example_dags/example_external_task_marker_dag.py
[2024-03-04 12:14:41,825] {processor.py:651} INFO - DAG(s) dict_keys(['example_external_task_marker_parent', 'example_external_task_marker_child']) retrieved from /home/luan/Documents/curso-extracao-de-dados/venv/lib/python3.9/site-packages/airflow/example_dags/example_external_task_marker_dag.py
[2024-03-04 12:14:41,840] {logging_mixin.py:115} INFO - [2024-03-04 12:14:41,840] {dag.py:2379} INFO - Sync 2 DAGs
[2024-03-04 12:14:41,853] {logging_mixin.py:115} INFO - [2024-03-04 12:14:41,853] {dag.py:2927} INFO - Setting next_dagrun for example_external_task_marker_child to None, run_after=None
[2024-03-04 12:14:41,853] {logging_mixin.py:115} INFO - [2024-03-04 12:14:41,853] {dag.py:2927} INFO - Setting next_dagrun for example_external_task_marker_parent to None, run_after=None
[2024-03-04 12:14:41,869] {processor.py:161} INFO - Processing /home/luan/Documents/curso-extracao-de-dados/venv/lib/python3.9/site-packages/airflow/example_dags/example_external_task_marker_dag.py took 0.050 seconds
[2024-03-04 12:15:15,565] {processor.py:153} INFO - Started process (PID=31468) to work on /home/luan/Documents/curso-extracao-de-dados/venv/lib/python3.9/site-packages/airflow/example_dags/example_external_task_marker_dag.py
[2024-03-04 12:15:15,570] {processor.py:641} INFO - Processing file /home/luan/Documents/curso-extracao-de-dados/venv/lib/python3.9/site-packages/airflow/example_dags/example_external_task_marker_dag.py for tasks to queue
[2024-03-04 12:15:15,570] {logging_mixin.py:115} INFO - [2024-03-04 12:15:15,570] {dagbag.py:507} INFO - Filling up the DagBag from /home/luan/Documents/curso-extracao-de-dados/venv/lib/python3.9/site-packages/airflow/example_dags/example_external_task_marker_dag.py
[2024-03-04 12:15:15,573] {processor.py:651} INFO - DAG(s) dict_keys(['example_external_task_marker_parent', 'example_external_task_marker_child']) retrieved from /home/luan/Documents/curso-extracao-de-dados/venv/lib/python3.9/site-packages/airflow/example_dags/example_external_task_marker_dag.py
[2024-03-04 12:15:15,588] {logging_mixin.py:115} INFO - [2024-03-04 12:15:15,588] {dag.py:2379} INFO - Sync 2 DAGs
[2024-03-04 12:15:15,601] {logging_mixin.py:115} INFO - [2024-03-04 12:15:15,601] {dag.py:2927} INFO - Setting next_dagrun for example_external_task_marker_child to None, run_after=None
[2024-03-04 12:15:15,601] {logging_mixin.py:115} INFO - [2024-03-04 12:15:15,601] {dag.py:2927} INFO - Setting next_dagrun for example_external_task_marker_parent to None, run_after=None
[2024-03-04 12:15:15,616] {processor.py:161} INFO - Processing /home/luan/Documents/curso-extracao-de-dados/venv/lib/python3.9/site-packages/airflow/example_dags/example_external_task_marker_dag.py took 0.052 seconds
[2024-03-04 12:15:47,443] {processor.py:153} INFO - Started process (PID=31594) to work on /home/luan/Documents/curso-extracao-de-dados/venv/lib/python3.9/site-packages/airflow/example_dags/example_external_task_marker_dag.py
[2024-03-04 12:15:47,445] {processor.py:641} INFO - Processing file /home/luan/Documents/curso-extracao-de-dados/venv/lib/python3.9/site-packages/airflow/example_dags/example_external_task_marker_dag.py for tasks to queue
[2024-03-04 12:15:47,445] {logging_mixin.py:115} INFO - [2024-03-04 12:15:47,445] {dagbag.py:507} INFO - Filling up the DagBag from /home/luan/Documents/curso-extracao-de-dados/venv/lib/python3.9/site-packages/airflow/example_dags/example_external_task_marker_dag.py
[2024-03-04 12:15:47,448] {processor.py:651} INFO - DAG(s) dict_keys(['example_external_task_marker_parent', 'example_external_task_marker_child']) retrieved from /home/luan/Documents/curso-extracao-de-dados/venv/lib/python3.9/site-packages/airflow/example_dags/example_external_task_marker_dag.py
[2024-03-04 12:15:47,463] {logging_mixin.py:115} INFO - [2024-03-04 12:15:47,463] {dag.py:2379} INFO - Sync 2 DAGs
[2024-03-04 12:15:47,476] {logging_mixin.py:115} INFO - [2024-03-04 12:15:47,476] {dag.py:2927} INFO - Setting next_dagrun for example_external_task_marker_child to None, run_after=None
[2024-03-04 12:15:47,476] {logging_mixin.py:115} INFO - [2024-03-04 12:15:47,476] {dag.py:2927} INFO - Setting next_dagrun for example_external_task_marker_parent to None, run_after=None
[2024-03-04 12:15:47,494] {processor.py:161} INFO - Processing /home/luan/Documents/curso-extracao-de-dados/venv/lib/python3.9/site-packages/airflow/example_dags/example_external_task_marker_dag.py took 0.052 seconds
[2024-03-04 12:16:09,779] {processor.py:153} INFO - Started process (PID=31783) to work on /home/luan/Documents/curso-extracao-de-dados/venv/lib/python3.9/site-packages/airflow/example_dags/example_external_task_marker_dag.py
[2024-03-04 12:16:09,783] {processor.py:641} INFO - Processing file /home/luan/Documents/curso-extracao-de-dados/venv/lib/python3.9/site-packages/airflow/example_dags/example_external_task_marker_dag.py for tasks to queue
[2024-03-04 12:16:09,784] {logging_mixin.py:115} INFO - [2024-03-04 12:16:09,784] {dagbag.py:507} INFO - Filling up the DagBag from /home/luan/Documents/curso-extracao-de-dados/venv/lib/python3.9/site-packages/airflow/example_dags/example_external_task_marker_dag.py
[2024-03-04 12:16:09,786] {processor.py:651} INFO - DAG(s) dict_keys(['example_external_task_marker_parent', 'example_external_task_marker_child']) retrieved from /home/luan/Documents/curso-extracao-de-dados/venv/lib/python3.9/site-packages/airflow/example_dags/example_external_task_marker_dag.py
[2024-03-04 12:16:09,801] {logging_mixin.py:115} INFO - [2024-03-04 12:16:09,801] {dag.py:2379} INFO - Sync 2 DAGs
[2024-03-04 12:16:09,814] {logging_mixin.py:115} INFO - [2024-03-04 12:16:09,814] {dag.py:2927} INFO - Setting next_dagrun for example_external_task_marker_child to None, run_after=None
[2024-03-04 12:16:09,814] {logging_mixin.py:115} INFO - [2024-03-04 12:16:09,814] {dag.py:2927} INFO - Setting next_dagrun for example_external_task_marker_parent to None, run_after=None
[2024-03-04 12:16:09,831] {processor.py:161} INFO - Processing /home/luan/Documents/curso-extracao-de-dados/venv/lib/python3.9/site-packages/airflow/example_dags/example_external_task_marker_dag.py took 0.054 seconds
[2024-03-04 12:16:40,730] {processor.py:153} INFO - Started process (PID=31907) to work on /home/luan/Documents/curso-extracao-de-dados/venv/lib/python3.9/site-packages/airflow/example_dags/example_external_task_marker_dag.py
[2024-03-04 12:16:40,734] {processor.py:641} INFO - Processing file /home/luan/Documents/curso-extracao-de-dados/venv/lib/python3.9/site-packages/airflow/example_dags/example_external_task_marker_dag.py for tasks to queue
[2024-03-04 12:16:40,735] {logging_mixin.py:115} INFO - [2024-03-04 12:16:40,734] {dagbag.py:507} INFO - Filling up the DagBag from /home/luan/Documents/curso-extracao-de-dados/venv/lib/python3.9/site-packages/airflow/example_dags/example_external_task_marker_dag.py
[2024-03-04 12:16:40,737] {processor.py:651} INFO - DAG(s) dict_keys(['example_external_task_marker_parent', 'example_external_task_marker_child']) retrieved from /home/luan/Documents/curso-extracao-de-dados/venv/lib/python3.9/site-packages/airflow/example_dags/example_external_task_marker_dag.py
[2024-03-04 12:16:40,753] {logging_mixin.py:115} INFO - [2024-03-04 12:16:40,753] {dag.py:2379} INFO - Sync 2 DAGs
[2024-03-04 12:16:40,766] {logging_mixin.py:115} INFO - [2024-03-04 12:16:40,766] {dag.py:2927} INFO - Setting next_dagrun for example_external_task_marker_child to None, run_after=None
[2024-03-04 12:16:40,766] {logging_mixin.py:115} INFO - [2024-03-04 12:16:40,766] {dag.py:2927} INFO - Setting next_dagrun for example_external_task_marker_parent to None, run_after=None
[2024-03-04 12:16:40,910] {processor.py:161} INFO - Processing /home/luan/Documents/curso-extracao-de-dados/venv/lib/python3.9/site-packages/airflow/example_dags/example_external_task_marker_dag.py took 0.181 seconds
[2024-03-04 12:17:13,665] {processor.py:153} INFO - Started process (PID=32047) to work on /home/luan/Documents/curso-extracao-de-dados/venv/lib/python3.9/site-packages/airflow/example_dags/example_external_task_marker_dag.py
[2024-03-04 12:17:13,666] {processor.py:641} INFO - Processing file /home/luan/Documents/curso-extracao-de-dados/venv/lib/python3.9/site-packages/airflow/example_dags/example_external_task_marker_dag.py for tasks to queue
[2024-03-04 12:17:13,666] {logging_mixin.py:115} INFO - [2024-03-04 12:17:13,666] {dagbag.py:507} INFO - Filling up the DagBag from /home/luan/Documents/curso-extracao-de-dados/venv/lib/python3.9/site-packages/airflow/example_dags/example_external_task_marker_dag.py
[2024-03-04 12:17:13,669] {processor.py:651} INFO - DAG(s) dict_keys(['example_external_task_marker_parent', 'example_external_task_marker_child']) retrieved from /home/luan/Documents/curso-extracao-de-dados/venv/lib/python3.9/site-packages/airflow/example_dags/example_external_task_marker_dag.py
[2024-03-04 12:17:13,686] {logging_mixin.py:115} INFO - [2024-03-04 12:17:13,685] {dag.py:2379} INFO - Sync 2 DAGs
[2024-03-04 12:17:13,699] {logging_mixin.py:115} INFO - [2024-03-04 12:17:13,699] {dag.py:2927} INFO - Setting next_dagrun for example_external_task_marker_child to None, run_after=None
[2024-03-04 12:17:13,700] {logging_mixin.py:115} INFO - [2024-03-04 12:17:13,700] {dag.py:2927} INFO - Setting next_dagrun for example_external_task_marker_parent to None, run_after=None
[2024-03-04 12:17:13,714] {processor.py:161} INFO - Processing /home/luan/Documents/curso-extracao-de-dados/venv/lib/python3.9/site-packages/airflow/example_dags/example_external_task_marker_dag.py took 0.051 seconds
[2024-03-04 12:17:47,042] {processor.py:153} INFO - Started process (PID=32177) to work on /home/luan/Documents/curso-extracao-de-dados/venv/lib/python3.9/site-packages/airflow/example_dags/example_external_task_marker_dag.py
[2024-03-04 12:17:47,044] {processor.py:641} INFO - Processing file /home/luan/Documents/curso-extracao-de-dados/venv/lib/python3.9/site-packages/airflow/example_dags/example_external_task_marker_dag.py for tasks to queue
[2024-03-04 12:17:47,045] {logging_mixin.py:115} INFO - [2024-03-04 12:17:47,044] {dagbag.py:507} INFO - Filling up the DagBag from /home/luan/Documents/curso-extracao-de-dados/venv/lib/python3.9/site-packages/airflow/example_dags/example_external_task_marker_dag.py
[2024-03-04 12:17:47,047] {processor.py:651} INFO - DAG(s) dict_keys(['example_external_task_marker_parent', 'example_external_task_marker_child']) retrieved from /home/luan/Documents/curso-extracao-de-dados/venv/lib/python3.9/site-packages/airflow/example_dags/example_external_task_marker_dag.py
[2024-03-04 12:17:47,064] {logging_mixin.py:115} INFO - [2024-03-04 12:17:47,064] {dag.py:2379} INFO - Sync 2 DAGs
[2024-03-04 12:17:47,077] {logging_mixin.py:115} INFO - [2024-03-04 12:17:47,077] {dag.py:2927} INFO - Setting next_dagrun for example_external_task_marker_child to None, run_after=None
[2024-03-04 12:17:47,077] {logging_mixin.py:115} INFO - [2024-03-04 12:17:47,077] {dag.py:2927} INFO - Setting next_dagrun for example_external_task_marker_parent to None, run_after=None
[2024-03-04 12:17:47,094] {processor.py:161} INFO - Processing /home/luan/Documents/curso-extracao-de-dados/venv/lib/python3.9/site-packages/airflow/example_dags/example_external_task_marker_dag.py took 0.054 seconds
[2024-03-04 12:18:43,618] {processor.py:153} INFO - Started process (PID=32481) to work on /home/luan/Documents/curso-extracao-de-dados/venv/lib/python3.9/site-packages/airflow/example_dags/example_external_task_marker_dag.py
[2024-03-04 12:18:43,619] {processor.py:641} INFO - Processing file /home/luan/Documents/curso-extracao-de-dados/venv/lib/python3.9/site-packages/airflow/example_dags/example_external_task_marker_dag.py for tasks to queue
[2024-03-04 12:18:43,620] {logging_mixin.py:115} INFO - [2024-03-04 12:18:43,620] {dagbag.py:507} INFO - Filling up the DagBag from /home/luan/Documents/curso-extracao-de-dados/venv/lib/python3.9/site-packages/airflow/example_dags/example_external_task_marker_dag.py
[2024-03-04 12:18:43,622] {processor.py:651} INFO - DAG(s) dict_keys(['example_external_task_marker_parent', 'example_external_task_marker_child']) retrieved from /home/luan/Documents/curso-extracao-de-dados/venv/lib/python3.9/site-packages/airflow/example_dags/example_external_task_marker_dag.py
[2024-03-04 12:18:43,638] {logging_mixin.py:115} INFO - [2024-03-04 12:18:43,638] {dag.py:2379} INFO - Sync 2 DAGs
[2024-03-04 12:18:43,650] {logging_mixin.py:115} INFO - [2024-03-04 12:18:43,650] {dag.py:2927} INFO - Setting next_dagrun for example_external_task_marker_child to None, run_after=None
[2024-03-04 12:18:43,650] {logging_mixin.py:115} INFO - [2024-03-04 12:18:43,650] {dag.py:2927} INFO - Setting next_dagrun for example_external_task_marker_parent to None, run_after=None
[2024-03-04 12:18:43,664] {processor.py:161} INFO - Processing /home/luan/Documents/curso-extracao-de-dados/venv/lib/python3.9/site-packages/airflow/example_dags/example_external_task_marker_dag.py took 0.048 seconds
[2024-03-04 12:19:14,463] {processor.py:153} INFO - Started process (PID=32605) to work on /home/luan/Documents/curso-extracao-de-dados/venv/lib/python3.9/site-packages/airflow/example_dags/example_external_task_marker_dag.py
[2024-03-04 12:19:14,467] {processor.py:641} INFO - Processing file /home/luan/Documents/curso-extracao-de-dados/venv/lib/python3.9/site-packages/airflow/example_dags/example_external_task_marker_dag.py for tasks to queue
[2024-03-04 12:19:14,468] {logging_mixin.py:115} INFO - [2024-03-04 12:19:14,468] {dagbag.py:507} INFO - Filling up the DagBag from /home/luan/Documents/curso-extracao-de-dados/venv/lib/python3.9/site-packages/airflow/example_dags/example_external_task_marker_dag.py
[2024-03-04 12:19:14,471] {processor.py:651} INFO - DAG(s) dict_keys(['example_external_task_marker_parent', 'example_external_task_marker_child']) retrieved from /home/luan/Documents/curso-extracao-de-dados/venv/lib/python3.9/site-packages/airflow/example_dags/example_external_task_marker_dag.py
[2024-03-04 12:19:14,486] {logging_mixin.py:115} INFO - [2024-03-04 12:19:14,486] {dag.py:2379} INFO - Sync 2 DAGs
[2024-03-04 12:19:14,498] {logging_mixin.py:115} INFO - [2024-03-04 12:19:14,498] {dag.py:2927} INFO - Setting next_dagrun for example_external_task_marker_child to None, run_after=None
[2024-03-04 12:19:14,498] {logging_mixin.py:115} INFO - [2024-03-04 12:19:14,498] {dag.py:2927} INFO - Setting next_dagrun for example_external_task_marker_parent to None, run_after=None
[2024-03-04 12:19:14,511] {processor.py:161} INFO - Processing /home/luan/Documents/curso-extracao-de-dados/venv/lib/python3.9/site-packages/airflow/example_dags/example_external_task_marker_dag.py took 0.050 seconds
