[2024-03-04 11:21:24,836] {processor.py:153} INFO - Started process (PID=17497) to work on /home/luan/Documents/curso-extracao-de-dados/venv/lib/python3.9/site-packages/airflow/example_dags/example_trigger_controller_dag.py
[2024-03-04 11:21:24,836] {processor.py:641} INFO - Processing file /home/luan/Documents/curso-extracao-de-dados/venv/lib/python3.9/site-packages/airflow/example_dags/example_trigger_controller_dag.py for tasks to queue
[2024-03-04 11:21:24,836] {logging_mixin.py:115} INFO - [2024-03-04 11:21:24,836] {dagbag.py:507} INFO - Filling up the DagBag from /home/luan/Documents/curso-extracao-de-dados/venv/lib/python3.9/site-packages/airflow/example_dags/example_trigger_controller_dag.py
[2024-03-04 11:21:24,838] {processor.py:651} INFO - DAG(s) dict_keys(['example_trigger_controller_dag']) retrieved from /home/luan/Documents/curso-extracao-de-dados/venv/lib/python3.9/site-packages/airflow/example_dags/example_trigger_controller_dag.py
[2024-03-04 11:21:24,893] {logging_mixin.py:115} INFO - [2024-03-04 11:21:24,893] {manager.py:508} INFO - Created Permission View: can edit on DAG:example_trigger_controller_dag
[2024-03-04 11:21:24,905] {logging_mixin.py:115} INFO - [2024-03-04 11:21:24,904] {manager.py:508} INFO - Created Permission View: can delete on DAG:example_trigger_controller_dag
[2024-03-04 11:21:24,914] {logging_mixin.py:115} INFO - [2024-03-04 11:21:24,914] {manager.py:508} INFO - Created Permission View: can read on DAG:example_trigger_controller_dag
[2024-03-04 11:21:24,914] {logging_mixin.py:115} INFO - [2024-03-04 11:21:24,914] {dag.py:2379} INFO - Sync 1 DAGs
[2024-03-04 11:21:24,919] {logging_mixin.py:115} INFO - [2024-03-04 11:21:24,919] {dag.py:2398} INFO - Creating ORM DAG for example_trigger_controller_dag
[2024-03-04 11:21:24,925] {logging_mixin.py:115} INFO - [2024-03-04 11:21:24,925] {dag.py:2927} INFO - Setting next_dagrun for example_trigger_controller_dag to 2021-01-01T00:00:00+00:00, run_after=2021-01-01T00:00:00+00:00
[2024-03-04 11:21:24,942] {processor.py:161} INFO - Processing /home/luan/Documents/curso-extracao-de-dados/venv/lib/python3.9/site-packages/airflow/example_dags/example_trigger_controller_dag.py took 0.108 seconds
[2024-03-04 11:21:58,877] {processor.py:153} INFO - Started process (PID=17636) to work on /home/luan/Documents/curso-extracao-de-dados/venv/lib/python3.9/site-packages/airflow/example_dags/example_trigger_controller_dag.py
[2024-03-04 11:21:58,878] {processor.py:641} INFO - Processing file /home/luan/Documents/curso-extracao-de-dados/venv/lib/python3.9/site-packages/airflow/example_dags/example_trigger_controller_dag.py for tasks to queue
[2024-03-04 11:21:58,879] {logging_mixin.py:115} INFO - [2024-03-04 11:21:58,879] {dagbag.py:507} INFO - Filling up the DagBag from /home/luan/Documents/curso-extracao-de-dados/venv/lib/python3.9/site-packages/airflow/example_dags/example_trigger_controller_dag.py
[2024-03-04 11:21:58,881] {processor.py:651} INFO - DAG(s) dict_keys(['example_trigger_controller_dag']) retrieved from /home/luan/Documents/curso-extracao-de-dados/venv/lib/python3.9/site-packages/airflow/example_dags/example_trigger_controller_dag.py
[2024-03-04 11:21:58,892] {logging_mixin.py:115} INFO - [2024-03-04 11:21:58,892] {dag.py:2379} INFO - Sync 1 DAGs
[2024-03-04 11:21:58,906] {logging_mixin.py:115} INFO - [2024-03-04 11:21:58,906] {dag.py:2927} INFO - Setting next_dagrun for example_trigger_controller_dag to 2021-01-01T00:00:00+00:00, run_after=2021-01-01T00:00:00+00:00
[2024-03-04 11:21:58,920] {processor.py:161} INFO - Processing /home/luan/Documents/curso-extracao-de-dados/venv/lib/python3.9/site-packages/airflow/example_dags/example_trigger_controller_dag.py took 0.044 seconds
[2024-03-04 11:22:31,994] {processor.py:153} INFO - Started process (PID=17767) to work on /home/luan/Documents/curso-extracao-de-dados/venv/lib/python3.9/site-packages/airflow/example_dags/example_trigger_controller_dag.py
[2024-03-04 11:22:31,998] {processor.py:641} INFO - Processing file /home/luan/Documents/curso-extracao-de-dados/venv/lib/python3.9/site-packages/airflow/example_dags/example_trigger_controller_dag.py for tasks to queue
[2024-03-04 11:22:31,998] {logging_mixin.py:115} INFO - [2024-03-04 11:22:31,998] {dagbag.py:507} INFO - Filling up the DagBag from /home/luan/Documents/curso-extracao-de-dados/venv/lib/python3.9/site-packages/airflow/example_dags/example_trigger_controller_dag.py
[2024-03-04 11:22:32,000] {processor.py:651} INFO - DAG(s) dict_keys(['example_trigger_controller_dag']) retrieved from /home/luan/Documents/curso-extracao-de-dados/venv/lib/python3.9/site-packages/airflow/example_dags/example_trigger_controller_dag.py
[2024-03-04 11:22:32,011] {logging_mixin.py:115} INFO - [2024-03-04 11:22:32,011] {dag.py:2379} INFO - Sync 1 DAGs
[2024-03-04 11:22:32,025] {logging_mixin.py:115} INFO - [2024-03-04 11:22:32,024] {dag.py:2927} INFO - Setting next_dagrun for example_trigger_controller_dag to 2021-01-01T00:00:00+00:00, run_after=2021-01-01T00:00:00+00:00
[2024-03-04 11:22:32,038] {processor.py:161} INFO - Processing /home/luan/Documents/curso-extracao-de-dados/venv/lib/python3.9/site-packages/airflow/example_dags/example_trigger_controller_dag.py took 0.045 seconds
[2024-03-04 12:05:50,067] {processor.py:153} INFO - Started process (PID=28743) to work on /home/luan/Documents/curso-extracao-de-dados/venv/lib/python3.9/site-packages/airflow/example_dags/example_trigger_controller_dag.py
[2024-03-04 12:05:50,068] {processor.py:641} INFO - Processing file /home/luan/Documents/curso-extracao-de-dados/venv/lib/python3.9/site-packages/airflow/example_dags/example_trigger_controller_dag.py for tasks to queue
[2024-03-04 12:05:50,068] {logging_mixin.py:115} INFO - [2024-03-04 12:05:50,068] {dagbag.py:507} INFO - Filling up the DagBag from /home/luan/Documents/curso-extracao-de-dados/venv/lib/python3.9/site-packages/airflow/example_dags/example_trigger_controller_dag.py
[2024-03-04 12:05:50,070] {processor.py:651} INFO - DAG(s) dict_keys(['example_trigger_controller_dag']) retrieved from /home/luan/Documents/curso-extracao-de-dados/venv/lib/python3.9/site-packages/airflow/example_dags/example_trigger_controller_dag.py
[2024-03-04 12:05:50,080] {logging_mixin.py:115} INFO - [2024-03-04 12:05:50,080] {dag.py:2379} INFO - Sync 1 DAGs
[2024-03-04 12:05:50,093] {logging_mixin.py:115} INFO - [2024-03-04 12:05:50,093] {dag.py:2927} INFO - Setting next_dagrun for example_trigger_controller_dag to 2021-01-01T00:00:00+00:00, run_after=2021-01-01T00:00:00+00:00
[2024-03-04 12:05:50,108] {processor.py:161} INFO - Processing /home/luan/Documents/curso-extracao-de-dados/venv/lib/python3.9/site-packages/airflow/example_dags/example_trigger_controller_dag.py took 0.043 seconds
[2024-03-04 12:06:23,224] {processor.py:153} INFO - Started process (PID=29044) to work on /home/luan/Documents/curso-extracao-de-dados/venv/lib/python3.9/site-packages/airflow/example_dags/example_trigger_controller_dag.py
[2024-03-04 12:06:23,228] {processor.py:641} INFO - Processing file /home/luan/Documents/curso-extracao-de-dados/venv/lib/python3.9/site-packages/airflow/example_dags/example_trigger_controller_dag.py for tasks to queue
[2024-03-04 12:06:23,228] {logging_mixin.py:115} INFO - [2024-03-04 12:06:23,228] {dagbag.py:507} INFO - Filling up the DagBag from /home/luan/Documents/curso-extracao-de-dados/venv/lib/python3.9/site-packages/airflow/example_dags/example_trigger_controller_dag.py
[2024-03-04 12:06:23,230] {processor.py:651} INFO - DAG(s) dict_keys(['example_trigger_controller_dag']) retrieved from /home/luan/Documents/curso-extracao-de-dados/venv/lib/python3.9/site-packages/airflow/example_dags/example_trigger_controller_dag.py
[2024-03-04 12:06:23,243] {logging_mixin.py:115} INFO - [2024-03-04 12:06:23,243] {dag.py:2379} INFO - Sync 1 DAGs
[2024-03-04 12:06:23,259] {logging_mixin.py:115} INFO - [2024-03-04 12:06:23,259] {dag.py:2927} INFO - Setting next_dagrun for example_trigger_controller_dag to 2021-01-01T00:00:00+00:00, run_after=2021-01-01T00:00:00+00:00
[2024-03-04 12:06:23,273] {processor.py:161} INFO - Processing /home/luan/Documents/curso-extracao-de-dados/venv/lib/python3.9/site-packages/airflow/example_dags/example_trigger_controller_dag.py took 0.051 seconds
[2024-03-04 12:06:57,111] {processor.py:153} INFO - Started process (PID=29207) to work on /home/luan/Documents/curso-extracao-de-dados/venv/lib/python3.9/site-packages/airflow/example_dags/example_trigger_controller_dag.py
[2024-03-04 12:06:57,112] {processor.py:641} INFO - Processing file /home/luan/Documents/curso-extracao-de-dados/venv/lib/python3.9/site-packages/airflow/example_dags/example_trigger_controller_dag.py for tasks to queue
[2024-03-04 12:06:57,113] {logging_mixin.py:115} INFO - [2024-03-04 12:06:57,113] {dagbag.py:507} INFO - Filling up the DagBag from /home/luan/Documents/curso-extracao-de-dados/venv/lib/python3.9/site-packages/airflow/example_dags/example_trigger_controller_dag.py
[2024-03-04 12:06:57,115] {processor.py:651} INFO - DAG(s) dict_keys(['example_trigger_controller_dag']) retrieved from /home/luan/Documents/curso-extracao-de-dados/venv/lib/python3.9/site-packages/airflow/example_dags/example_trigger_controller_dag.py
[2024-03-04 12:06:57,125] {logging_mixin.py:115} INFO - [2024-03-04 12:06:57,125] {dag.py:2379} INFO - Sync 1 DAGs
[2024-03-04 12:06:57,139] {logging_mixin.py:115} INFO - [2024-03-04 12:06:57,139] {dag.py:2927} INFO - Setting next_dagrun for example_trigger_controller_dag to 2021-01-01T00:00:00+00:00, run_after=2021-01-01T00:00:00+00:00
[2024-03-04 12:06:57,154] {processor.py:161} INFO - Processing /home/luan/Documents/curso-extracao-de-dados/venv/lib/python3.9/site-packages/airflow/example_dags/example_trigger_controller_dag.py took 0.045 seconds
[2024-03-04 12:07:17,908] {processor.py:153} INFO - Started process (PID=29365) to work on /home/luan/Documents/curso-extracao-de-dados/venv/lib/python3.9/site-packages/airflow/example_dags/example_trigger_controller_dag.py
[2024-03-04 12:07:17,912] {processor.py:641} INFO - Processing file /home/luan/Documents/curso-extracao-de-dados/venv/lib/python3.9/site-packages/airflow/example_dags/example_trigger_controller_dag.py for tasks to queue
[2024-03-04 12:07:17,912] {logging_mixin.py:115} INFO - [2024-03-04 12:07:17,912] {dagbag.py:507} INFO - Filling up the DagBag from /home/luan/Documents/curso-extracao-de-dados/venv/lib/python3.9/site-packages/airflow/example_dags/example_trigger_controller_dag.py
[2024-03-04 12:07:17,914] {processor.py:651} INFO - DAG(s) dict_keys(['example_trigger_controller_dag']) retrieved from /home/luan/Documents/curso-extracao-de-dados/venv/lib/python3.9/site-packages/airflow/example_dags/example_trigger_controller_dag.py
[2024-03-04 12:07:17,924] {logging_mixin.py:115} INFO - [2024-03-04 12:07:17,924] {dag.py:2379} INFO - Sync 1 DAGs
[2024-03-04 12:07:17,937] {logging_mixin.py:115} INFO - [2024-03-04 12:07:17,937] {dag.py:2927} INFO - Setting next_dagrun for example_trigger_controller_dag to 2021-01-01T00:00:00+00:00, run_after=2021-01-01T00:00:00+00:00
[2024-03-04 12:07:17,951] {processor.py:161} INFO - Processing /home/luan/Documents/curso-extracao-de-dados/venv/lib/python3.9/site-packages/airflow/example_dags/example_trigger_controller_dag.py took 0.045 seconds
[2024-03-04 12:07:49,896] {processor.py:153} INFO - Started process (PID=29478) to work on /home/luan/Documents/curso-extracao-de-dados/venv/lib/python3.9/site-packages/airflow/example_dags/example_trigger_controller_dag.py
[2024-03-04 12:07:49,901] {processor.py:641} INFO - Processing file /home/luan/Documents/curso-extracao-de-dados/venv/lib/python3.9/site-packages/airflow/example_dags/example_trigger_controller_dag.py for tasks to queue
[2024-03-04 12:07:49,902] {logging_mixin.py:115} INFO - [2024-03-04 12:07:49,901] {dagbag.py:507} INFO - Filling up the DagBag from /home/luan/Documents/curso-extracao-de-dados/venv/lib/python3.9/site-packages/airflow/example_dags/example_trigger_controller_dag.py
[2024-03-04 12:07:49,905] {processor.py:651} INFO - DAG(s) dict_keys(['example_trigger_controller_dag']) retrieved from /home/luan/Documents/curso-extracao-de-dados/venv/lib/python3.9/site-packages/airflow/example_dags/example_trigger_controller_dag.py
[2024-03-04 12:07:49,917] {logging_mixin.py:115} INFO - [2024-03-04 12:07:49,917] {dag.py:2379} INFO - Sync 1 DAGs
[2024-03-04 12:07:49,931] {logging_mixin.py:115} INFO - [2024-03-04 12:07:49,931] {dag.py:2927} INFO - Setting next_dagrun for example_trigger_controller_dag to 2021-01-01T00:00:00+00:00, run_after=2021-01-01T00:00:00+00:00
[2024-03-04 12:07:49,947] {processor.py:161} INFO - Processing /home/luan/Documents/curso-extracao-de-dados/venv/lib/python3.9/site-packages/airflow/example_dags/example_trigger_controller_dag.py took 0.052 seconds
[2024-03-04 12:08:23,252] {processor.py:153} INFO - Started process (PID=29608) to work on /home/luan/Documents/curso-extracao-de-dados/venv/lib/python3.9/site-packages/airflow/example_dags/example_trigger_controller_dag.py
[2024-03-04 12:08:23,256] {processor.py:641} INFO - Processing file /home/luan/Documents/curso-extracao-de-dados/venv/lib/python3.9/site-packages/airflow/example_dags/example_trigger_controller_dag.py for tasks to queue
[2024-03-04 12:08:23,256] {logging_mixin.py:115} INFO - [2024-03-04 12:08:23,256] {dagbag.py:507} INFO - Filling up the DagBag from /home/luan/Documents/curso-extracao-de-dados/venv/lib/python3.9/site-packages/airflow/example_dags/example_trigger_controller_dag.py
[2024-03-04 12:08:23,258] {processor.py:651} INFO - DAG(s) dict_keys(['example_trigger_controller_dag']) retrieved from /home/luan/Documents/curso-extracao-de-dados/venv/lib/python3.9/site-packages/airflow/example_dags/example_trigger_controller_dag.py
[2024-03-04 12:08:23,268] {logging_mixin.py:115} INFO - [2024-03-04 12:08:23,268] {dag.py:2379} INFO - Sync 1 DAGs
[2024-03-04 12:08:23,281] {logging_mixin.py:115} INFO - [2024-03-04 12:08:23,281] {dag.py:2927} INFO - Setting next_dagrun for example_trigger_controller_dag to 2021-01-01T00:00:00+00:00, run_after=2021-01-01T00:00:00+00:00
[2024-03-04 12:08:23,297] {processor.py:161} INFO - Processing /home/luan/Documents/curso-extracao-de-dados/venv/lib/python3.9/site-packages/airflow/example_dags/example_trigger_controller_dag.py took 0.047 seconds
[2024-03-04 12:08:54,560] {processor.py:153} INFO - Started process (PID=29741) to work on /home/luan/Documents/curso-extracao-de-dados/venv/lib/python3.9/site-packages/airflow/example_dags/example_trigger_controller_dag.py
[2024-03-04 12:08:54,565] {processor.py:641} INFO - Processing file /home/luan/Documents/curso-extracao-de-dados/venv/lib/python3.9/site-packages/airflow/example_dags/example_trigger_controller_dag.py for tasks to queue
[2024-03-04 12:08:54,565] {logging_mixin.py:115} INFO - [2024-03-04 12:08:54,565] {dagbag.py:507} INFO - Filling up the DagBag from /home/luan/Documents/curso-extracao-de-dados/venv/lib/python3.9/site-packages/airflow/example_dags/example_trigger_controller_dag.py
[2024-03-04 12:08:54,567] {processor.py:651} INFO - DAG(s) dict_keys(['example_trigger_controller_dag']) retrieved from /home/luan/Documents/curso-extracao-de-dados/venv/lib/python3.9/site-packages/airflow/example_dags/example_trigger_controller_dag.py
[2024-03-04 12:08:54,579] {logging_mixin.py:115} INFO - [2024-03-04 12:08:54,579] {dag.py:2379} INFO - Sync 1 DAGs
[2024-03-04 12:08:54,593] {logging_mixin.py:115} INFO - [2024-03-04 12:08:54,592] {dag.py:2927} INFO - Setting next_dagrun for example_trigger_controller_dag to 2021-01-01T00:00:00+00:00, run_after=2021-01-01T00:00:00+00:00
[2024-03-04 12:08:54,606] {processor.py:161} INFO - Processing /home/luan/Documents/curso-extracao-de-dados/venv/lib/python3.9/site-packages/airflow/example_dags/example_trigger_controller_dag.py took 0.048 seconds
[2024-03-04 12:09:55,589] {processor.py:153} INFO - Started process (PID=30055) to work on /home/luan/Documents/curso-extracao-de-dados/venv/lib/python3.9/site-packages/airflow/example_dags/example_trigger_controller_dag.py
[2024-03-04 12:09:55,590] {processor.py:641} INFO - Processing file /home/luan/Documents/curso-extracao-de-dados/venv/lib/python3.9/site-packages/airflow/example_dags/example_trigger_controller_dag.py for tasks to queue
[2024-03-04 12:09:55,590] {logging_mixin.py:115} INFO - [2024-03-04 12:09:55,590] {dagbag.py:507} INFO - Filling up the DagBag from /home/luan/Documents/curso-extracao-de-dados/venv/lib/python3.9/site-packages/airflow/example_dags/example_trigger_controller_dag.py
[2024-03-04 12:09:55,592] {processor.py:651} INFO - DAG(s) dict_keys(['example_trigger_controller_dag']) retrieved from /home/luan/Documents/curso-extracao-de-dados/venv/lib/python3.9/site-packages/airflow/example_dags/example_trigger_controller_dag.py
[2024-03-04 12:09:55,602] {logging_mixin.py:115} INFO - [2024-03-04 12:09:55,602] {dag.py:2379} INFO - Sync 1 DAGs
[2024-03-04 12:09:55,615] {logging_mixin.py:115} INFO - [2024-03-04 12:09:55,615] {dag.py:2927} INFO - Setting next_dagrun for example_trigger_controller_dag to 2021-01-01T00:00:00+00:00, run_after=2021-01-01T00:00:00+00:00
[2024-03-04 12:09:55,628] {processor.py:161} INFO - Processing /home/luan/Documents/curso-extracao-de-dados/venv/lib/python3.9/site-packages/airflow/example_dags/example_trigger_controller_dag.py took 0.041 seconds
[2024-03-04 12:10:27,568] {processor.py:153} INFO - Started process (PID=30185) to work on /home/luan/Documents/curso-extracao-de-dados/venv/lib/python3.9/site-packages/airflow/example_dags/example_trigger_controller_dag.py
[2024-03-04 12:10:27,572] {processor.py:641} INFO - Processing file /home/luan/Documents/curso-extracao-de-dados/venv/lib/python3.9/site-packages/airflow/example_dags/example_trigger_controller_dag.py for tasks to queue
[2024-03-04 12:10:27,572] {logging_mixin.py:115} INFO - [2024-03-04 12:10:27,572] {dagbag.py:507} INFO - Filling up the DagBag from /home/luan/Documents/curso-extracao-de-dados/venv/lib/python3.9/site-packages/airflow/example_dags/example_trigger_controller_dag.py
[2024-03-04 12:10:27,574] {processor.py:651} INFO - DAG(s) dict_keys(['example_trigger_controller_dag']) retrieved from /home/luan/Documents/curso-extracao-de-dados/venv/lib/python3.9/site-packages/airflow/example_dags/example_trigger_controller_dag.py
[2024-03-04 12:10:27,586] {logging_mixin.py:115} INFO - [2024-03-04 12:10:27,586] {dag.py:2379} INFO - Sync 1 DAGs
[2024-03-04 12:10:27,601] {logging_mixin.py:115} INFO - [2024-03-04 12:10:27,601] {dag.py:2927} INFO - Setting next_dagrun for example_trigger_controller_dag to 2021-01-01T00:00:00+00:00, run_after=2021-01-01T00:00:00+00:00
[2024-03-04 12:10:27,615] {processor.py:161} INFO - Processing /home/luan/Documents/curso-extracao-de-dados/venv/lib/python3.9/site-packages/airflow/example_dags/example_trigger_controller_dag.py took 0.048 seconds
[2024-03-04 12:11:00,933] {processor.py:153} INFO - Started process (PID=30321) to work on /home/luan/Documents/curso-extracao-de-dados/venv/lib/python3.9/site-packages/airflow/example_dags/example_trigger_controller_dag.py
[2024-03-04 12:11:00,937] {processor.py:641} INFO - Processing file /home/luan/Documents/curso-extracao-de-dados/venv/lib/python3.9/site-packages/airflow/example_dags/example_trigger_controller_dag.py for tasks to queue
[2024-03-04 12:11:00,938] {logging_mixin.py:115} INFO - [2024-03-04 12:11:00,938] {dagbag.py:507} INFO - Filling up the DagBag from /home/luan/Documents/curso-extracao-de-dados/venv/lib/python3.9/site-packages/airflow/example_dags/example_trigger_controller_dag.py
[2024-03-04 12:11:00,940] {processor.py:651} INFO - DAG(s) dict_keys(['example_trigger_controller_dag']) retrieved from /home/luan/Documents/curso-extracao-de-dados/venv/lib/python3.9/site-packages/airflow/example_dags/example_trigger_controller_dag.py
[2024-03-04 12:11:00,951] {logging_mixin.py:115} INFO - [2024-03-04 12:11:00,951] {dag.py:2379} INFO - Sync 1 DAGs
[2024-03-04 12:11:00,965] {logging_mixin.py:115} INFO - [2024-03-04 12:11:00,965] {dag.py:2927} INFO - Setting next_dagrun for example_trigger_controller_dag to 2021-01-01T00:00:00+00:00, run_after=2021-01-01T00:00:00+00:00
[2024-03-04 12:11:00,978] {processor.py:161} INFO - Processing /home/luan/Documents/curso-extracao-de-dados/venv/lib/python3.9/site-packages/airflow/example_dags/example_trigger_controller_dag.py took 0.047 seconds
[2024-03-04 12:14:13,855] {processor.py:153} INFO - Started process (PID=31219) to work on /home/luan/Documents/curso-extracao-de-dados/venv/lib/python3.9/site-packages/airflow/example_dags/example_trigger_controller_dag.py
[2024-03-04 12:14:13,856] {processor.py:641} INFO - Processing file /home/luan/Documents/curso-extracao-de-dados/venv/lib/python3.9/site-packages/airflow/example_dags/example_trigger_controller_dag.py for tasks to queue
[2024-03-04 12:14:13,857] {logging_mixin.py:115} INFO - [2024-03-04 12:14:13,856] {dagbag.py:507} INFO - Filling up the DagBag from /home/luan/Documents/curso-extracao-de-dados/venv/lib/python3.9/site-packages/airflow/example_dags/example_trigger_controller_dag.py
[2024-03-04 12:14:13,859] {processor.py:651} INFO - DAG(s) dict_keys(['example_trigger_controller_dag']) retrieved from /home/luan/Documents/curso-extracao-de-dados/venv/lib/python3.9/site-packages/airflow/example_dags/example_trigger_controller_dag.py
[2024-03-04 12:14:13,872] {logging_mixin.py:115} INFO - [2024-03-04 12:14:13,872] {dag.py:2379} INFO - Sync 1 DAGs
[2024-03-04 12:14:13,890] {logging_mixin.py:115} INFO - [2024-03-04 12:14:13,890] {dag.py:2927} INFO - Setting next_dagrun for example_trigger_controller_dag to 2021-01-01T00:00:00+00:00, run_after=2021-01-01T00:00:00+00:00
[2024-03-04 12:14:13,906] {processor.py:161} INFO - Processing /home/luan/Documents/curso-extracao-de-dados/venv/lib/python3.9/site-packages/airflow/example_dags/example_trigger_controller_dag.py took 0.053 seconds
[2024-03-04 12:14:45,832] {processor.py:153} INFO - Started process (PID=31352) to work on /home/luan/Documents/curso-extracao-de-dados/venv/lib/python3.9/site-packages/airflow/example_dags/example_trigger_controller_dag.py
[2024-03-04 12:14:45,833] {processor.py:641} INFO - Processing file /home/luan/Documents/curso-extracao-de-dados/venv/lib/python3.9/site-packages/airflow/example_dags/example_trigger_controller_dag.py for tasks to queue
[2024-03-04 12:14:45,833] {logging_mixin.py:115} INFO - [2024-03-04 12:14:45,833] {dagbag.py:507} INFO - Filling up the DagBag from /home/luan/Documents/curso-extracao-de-dados/venv/lib/python3.9/site-packages/airflow/example_dags/example_trigger_controller_dag.py
[2024-03-04 12:14:45,835] {processor.py:651} INFO - DAG(s) dict_keys(['example_trigger_controller_dag']) retrieved from /home/luan/Documents/curso-extracao-de-dados/venv/lib/python3.9/site-packages/airflow/example_dags/example_trigger_controller_dag.py
[2024-03-04 12:14:45,845] {logging_mixin.py:115} INFO - [2024-03-04 12:14:45,845] {dag.py:2379} INFO - Sync 1 DAGs
[2024-03-04 12:14:45,857] {logging_mixin.py:115} INFO - [2024-03-04 12:14:45,857] {dag.py:2927} INFO - Setting next_dagrun for example_trigger_controller_dag to 2021-01-01T00:00:00+00:00, run_after=2021-01-01T00:00:00+00:00
[2024-03-04 12:14:45,873] {processor.py:161} INFO - Processing /home/luan/Documents/curso-extracao-de-dados/venv/lib/python3.9/site-packages/airflow/example_dags/example_trigger_controller_dag.py took 0.043 seconds
[2024-03-04 12:15:19,201] {processor.py:153} INFO - Started process (PID=31484) to work on /home/luan/Documents/curso-extracao-de-dados/venv/lib/python3.9/site-packages/airflow/example_dags/example_trigger_controller_dag.py
[2024-03-04 12:15:19,205] {processor.py:641} INFO - Processing file /home/luan/Documents/curso-extracao-de-dados/venv/lib/python3.9/site-packages/airflow/example_dags/example_trigger_controller_dag.py for tasks to queue
[2024-03-04 12:15:19,205] {logging_mixin.py:115} INFO - [2024-03-04 12:15:19,205] {dagbag.py:507} INFO - Filling up the DagBag from /home/luan/Documents/curso-extracao-de-dados/venv/lib/python3.9/site-packages/airflow/example_dags/example_trigger_controller_dag.py
[2024-03-04 12:15:19,207] {processor.py:651} INFO - DAG(s) dict_keys(['example_trigger_controller_dag']) retrieved from /home/luan/Documents/curso-extracao-de-dados/venv/lib/python3.9/site-packages/airflow/example_dags/example_trigger_controller_dag.py
[2024-03-04 12:15:19,218] {logging_mixin.py:115} INFO - [2024-03-04 12:15:19,218] {dag.py:2379} INFO - Sync 1 DAGs
[2024-03-04 12:15:19,231] {logging_mixin.py:115} INFO - [2024-03-04 12:15:19,231] {dag.py:2927} INFO - Setting next_dagrun for example_trigger_controller_dag to 2021-01-01T00:00:00+00:00, run_after=2021-01-01T00:00:00+00:00
[2024-03-04 12:15:19,246] {processor.py:161} INFO - Processing /home/luan/Documents/curso-extracao-de-dados/venv/lib/python3.9/site-packages/airflow/example_dags/example_trigger_controller_dag.py took 0.047 seconds
[2024-03-04 12:15:51,455] {processor.py:153} INFO - Started process (PID=31612) to work on /home/luan/Documents/curso-extracao-de-dados/venv/lib/python3.9/site-packages/airflow/example_dags/example_trigger_controller_dag.py
[2024-03-04 12:15:51,456] {processor.py:641} INFO - Processing file /home/luan/Documents/curso-extracao-de-dados/venv/lib/python3.9/site-packages/airflow/example_dags/example_trigger_controller_dag.py for tasks to queue
[2024-03-04 12:15:51,457] {logging_mixin.py:115} INFO - [2024-03-04 12:15:51,457] {dagbag.py:507} INFO - Filling up the DagBag from /home/luan/Documents/curso-extracao-de-dados/venv/lib/python3.9/site-packages/airflow/example_dags/example_trigger_controller_dag.py
[2024-03-04 12:15:51,459] {processor.py:651} INFO - DAG(s) dict_keys(['example_trigger_controller_dag']) retrieved from /home/luan/Documents/curso-extracao-de-dados/venv/lib/python3.9/site-packages/airflow/example_dags/example_trigger_controller_dag.py
[2024-03-04 12:15:51,471] {logging_mixin.py:115} INFO - [2024-03-04 12:15:51,471] {dag.py:2379} INFO - Sync 1 DAGs
[2024-03-04 12:15:51,488] {logging_mixin.py:115} INFO - [2024-03-04 12:15:51,488] {dag.py:2927} INFO - Setting next_dagrun for example_trigger_controller_dag to 2021-01-01T00:00:00+00:00, run_after=2021-01-01T00:00:00+00:00
[2024-03-04 12:15:51,506] {processor.py:161} INFO - Processing /home/luan/Documents/curso-extracao-de-dados/venv/lib/python3.9/site-packages/airflow/example_dags/example_trigger_controller_dag.py took 0.053 seconds
[2024-03-04 12:16:12,669] {processor.py:153} INFO - Started process (PID=31799) to work on /home/luan/Documents/curso-extracao-de-dados/venv/lib/python3.9/site-packages/airflow/example_dags/example_trigger_controller_dag.py
[2024-03-04 12:16:12,671] {processor.py:641} INFO - Processing file /home/luan/Documents/curso-extracao-de-dados/venv/lib/python3.9/site-packages/airflow/example_dags/example_trigger_controller_dag.py for tasks to queue
[2024-03-04 12:16:12,672] {logging_mixin.py:115} INFO - [2024-03-04 12:16:12,671] {dagbag.py:507} INFO - Filling up the DagBag from /home/luan/Documents/curso-extracao-de-dados/venv/lib/python3.9/site-packages/airflow/example_dags/example_trigger_controller_dag.py
[2024-03-04 12:16:12,676] {processor.py:651} INFO - DAG(s) dict_keys(['example_trigger_controller_dag']) retrieved from /home/luan/Documents/curso-extracao-de-dados/venv/lib/python3.9/site-packages/airflow/example_dags/example_trigger_controller_dag.py
[2024-03-04 12:16:12,695] {logging_mixin.py:115} INFO - [2024-03-04 12:16:12,695] {dag.py:2379} INFO - Sync 1 DAGs
[2024-03-04 12:16:12,721] {logging_mixin.py:115} INFO - [2024-03-04 12:16:12,721] {dag.py:2927} INFO - Setting next_dagrun for example_trigger_controller_dag to 2021-01-01T00:00:00+00:00, run_after=2021-01-01T00:00:00+00:00
[2024-03-04 12:16:12,738] {processor.py:161} INFO - Processing /home/luan/Documents/curso-extracao-de-dados/venv/lib/python3.9/site-packages/airflow/example_dags/example_trigger_controller_dag.py took 0.071 seconds
[2024-03-04 12:16:44,745] {processor.py:153} INFO - Started process (PID=31923) to work on /home/luan/Documents/curso-extracao-de-dados/venv/lib/python3.9/site-packages/airflow/example_dags/example_trigger_controller_dag.py
[2024-03-04 12:16:44,747] {processor.py:641} INFO - Processing file /home/luan/Documents/curso-extracao-de-dados/venv/lib/python3.9/site-packages/airflow/example_dags/example_trigger_controller_dag.py for tasks to queue
[2024-03-04 12:16:44,747] {logging_mixin.py:115} INFO - [2024-03-04 12:16:44,747] {dagbag.py:507} INFO - Filling up the DagBag from /home/luan/Documents/curso-extracao-de-dados/venv/lib/python3.9/site-packages/airflow/example_dags/example_trigger_controller_dag.py
[2024-03-04 12:16:44,749] {processor.py:651} INFO - DAG(s) dict_keys(['example_trigger_controller_dag']) retrieved from /home/luan/Documents/curso-extracao-de-dados/venv/lib/python3.9/site-packages/airflow/example_dags/example_trigger_controller_dag.py
[2024-03-04 12:16:44,759] {logging_mixin.py:115} INFO - [2024-03-04 12:16:44,759] {dag.py:2379} INFO - Sync 1 DAGs
[2024-03-04 12:16:44,772] {logging_mixin.py:115} INFO - [2024-03-04 12:16:44,772] {dag.py:2927} INFO - Setting next_dagrun for example_trigger_controller_dag to 2021-01-01T00:00:00+00:00, run_after=2021-01-01T00:00:00+00:00
[2024-03-04 12:16:44,786] {processor.py:161} INFO - Processing /home/luan/Documents/curso-extracao-de-dados/venv/lib/python3.9/site-packages/airflow/example_dags/example_trigger_controller_dag.py took 0.042 seconds
[2024-03-04 12:17:17,908] {processor.py:153} INFO - Started process (PID=32063) to work on /home/luan/Documents/curso-extracao-de-dados/venv/lib/python3.9/site-packages/airflow/example_dags/example_trigger_controller_dag.py
[2024-03-04 12:17:17,913] {processor.py:641} INFO - Processing file /home/luan/Documents/curso-extracao-de-dados/venv/lib/python3.9/site-packages/airflow/example_dags/example_trigger_controller_dag.py for tasks to queue
[2024-03-04 12:17:17,913] {logging_mixin.py:115} INFO - [2024-03-04 12:17:17,913] {dagbag.py:507} INFO - Filling up the DagBag from /home/luan/Documents/curso-extracao-de-dados/venv/lib/python3.9/site-packages/airflow/example_dags/example_trigger_controller_dag.py
[2024-03-04 12:17:17,915] {processor.py:651} INFO - DAG(s) dict_keys(['example_trigger_controller_dag']) retrieved from /home/luan/Documents/curso-extracao-de-dados/venv/lib/python3.9/site-packages/airflow/example_dags/example_trigger_controller_dag.py
[2024-03-04 12:17:17,926] {logging_mixin.py:115} INFO - [2024-03-04 12:17:17,926] {dag.py:2379} INFO - Sync 1 DAGs
[2024-03-04 12:17:17,940] {logging_mixin.py:115} INFO - [2024-03-04 12:17:17,940] {dag.py:2927} INFO - Setting next_dagrun for example_trigger_controller_dag to 2021-01-01T00:00:00+00:00, run_after=2021-01-01T00:00:00+00:00
[2024-03-04 12:17:17,953] {processor.py:161} INFO - Processing /home/luan/Documents/curso-extracao-de-dados/venv/lib/python3.9/site-packages/airflow/example_dags/example_trigger_controller_dag.py took 0.047 seconds
[2024-03-04 12:17:50,913] {processor.py:153} INFO - Started process (PID=32193) to work on /home/luan/Documents/curso-extracao-de-dados/venv/lib/python3.9/site-packages/airflow/example_dags/example_trigger_controller_dag.py
[2024-03-04 12:17:50,917] {processor.py:641} INFO - Processing file /home/luan/Documents/curso-extracao-de-dados/venv/lib/python3.9/site-packages/airflow/example_dags/example_trigger_controller_dag.py for tasks to queue
[2024-03-04 12:17:50,917] {logging_mixin.py:115} INFO - [2024-03-04 12:17:50,917] {dagbag.py:507} INFO - Filling up the DagBag from /home/luan/Documents/curso-extracao-de-dados/venv/lib/python3.9/site-packages/airflow/example_dags/example_trigger_controller_dag.py
[2024-03-04 12:17:50,919] {processor.py:651} INFO - DAG(s) dict_keys(['example_trigger_controller_dag']) retrieved from /home/luan/Documents/curso-extracao-de-dados/venv/lib/python3.9/site-packages/airflow/example_dags/example_trigger_controller_dag.py
[2024-03-04 12:17:50,929] {logging_mixin.py:115} INFO - [2024-03-04 12:17:50,929] {dag.py:2379} INFO - Sync 1 DAGs
[2024-03-04 12:17:50,943] {logging_mixin.py:115} INFO - [2024-03-04 12:17:50,943] {dag.py:2927} INFO - Setting next_dagrun for example_trigger_controller_dag to 2021-01-01T00:00:00+00:00, run_after=2021-01-01T00:00:00+00:00
[2024-03-04 12:17:50,958] {processor.py:161} INFO - Processing /home/luan/Documents/curso-extracao-de-dados/venv/lib/python3.9/site-packages/airflow/example_dags/example_trigger_controller_dag.py took 0.048 seconds
[2024-03-04 12:18:46,497] {processor.py:153} INFO - Started process (PID=32497) to work on /home/luan/Documents/curso-extracao-de-dados/venv/lib/python3.9/site-packages/airflow/example_dags/example_trigger_controller_dag.py
[2024-03-04 12:18:46,501] {processor.py:641} INFO - Processing file /home/luan/Documents/curso-extracao-de-dados/venv/lib/python3.9/site-packages/airflow/example_dags/example_trigger_controller_dag.py for tasks to queue
[2024-03-04 12:18:46,502] {logging_mixin.py:115} INFO - [2024-03-04 12:18:46,501] {dagbag.py:507} INFO - Filling up the DagBag from /home/luan/Documents/curso-extracao-de-dados/venv/lib/python3.9/site-packages/airflow/example_dags/example_trigger_controller_dag.py
[2024-03-04 12:18:46,504] {processor.py:651} INFO - DAG(s) dict_keys(['example_trigger_controller_dag']) retrieved from /home/luan/Documents/curso-extracao-de-dados/venv/lib/python3.9/site-packages/airflow/example_dags/example_trigger_controller_dag.py
[2024-03-04 12:18:46,513] {logging_mixin.py:115} INFO - [2024-03-04 12:18:46,513] {dag.py:2379} INFO - Sync 1 DAGs
[2024-03-04 12:18:46,526] {logging_mixin.py:115} INFO - [2024-03-04 12:18:46,526] {dag.py:2927} INFO - Setting next_dagrun for example_trigger_controller_dag to 2021-01-01T00:00:00+00:00, run_after=2021-01-01T00:00:00+00:00
[2024-03-04 12:18:46,539] {processor.py:161} INFO - Processing /home/luan/Documents/curso-extracao-de-dados/venv/lib/python3.9/site-packages/airflow/example_dags/example_trigger_controller_dag.py took 0.043 seconds
[2024-03-04 12:19:18,476] {processor.py:153} INFO - Started process (PID=32621) to work on /home/luan/Documents/curso-extracao-de-dados/venv/lib/python3.9/site-packages/airflow/example_dags/example_trigger_controller_dag.py
[2024-03-04 12:19:18,480] {processor.py:641} INFO - Processing file /home/luan/Documents/curso-extracao-de-dados/venv/lib/python3.9/site-packages/airflow/example_dags/example_trigger_controller_dag.py for tasks to queue
[2024-03-04 12:19:18,481] {logging_mixin.py:115} INFO - [2024-03-04 12:19:18,481] {dagbag.py:507} INFO - Filling up the DagBag from /home/luan/Documents/curso-extracao-de-dados/venv/lib/python3.9/site-packages/airflow/example_dags/example_trigger_controller_dag.py
[2024-03-04 12:19:18,483] {processor.py:651} INFO - DAG(s) dict_keys(['example_trigger_controller_dag']) retrieved from /home/luan/Documents/curso-extracao-de-dados/venv/lib/python3.9/site-packages/airflow/example_dags/example_trigger_controller_dag.py
[2024-03-04 12:19:18,493] {logging_mixin.py:115} INFO - [2024-03-04 12:19:18,493] {dag.py:2379} INFO - Sync 1 DAGs
[2024-03-04 12:19:18,505] {logging_mixin.py:115} INFO - [2024-03-04 12:19:18,505] {dag.py:2927} INFO - Setting next_dagrun for example_trigger_controller_dag to 2021-01-01T00:00:00+00:00, run_after=2021-01-01T00:00:00+00:00
[2024-03-04 12:19:18,521] {processor.py:161} INFO - Processing /home/luan/Documents/curso-extracao-de-dados/venv/lib/python3.9/site-packages/airflow/example_dags/example_trigger_controller_dag.py took 0.047 seconds
