[2024-03-04 11:21:44,634] {processor.py:153} INFO - Started process (PID=17579) to work on /home/luan/Documents/curso-extracao-de-dados/venv/lib/python3.9/site-packages/airflow/example_dags/example_bash_operator.py
[2024-03-04 11:21:44,634] {processor.py:641} INFO - Processing file /home/luan/Documents/curso-extracao-de-dados/venv/lib/python3.9/site-packages/airflow/example_dags/example_bash_operator.py for tasks to queue
[2024-03-04 11:21:44,635] {logging_mixin.py:115} INFO - [2024-03-04 11:21:44,634] {dagbag.py:507} INFO - Filling up the DagBag from /home/luan/Documents/curso-extracao-de-dados/venv/lib/python3.9/site-packages/airflow/example_dags/example_bash_operator.py
[2024-03-04 11:21:44,642] {processor.py:651} INFO - DAG(s) dict_keys(['example_bash_operator']) retrieved from /home/luan/Documents/curso-extracao-de-dados/venv/lib/python3.9/site-packages/airflow/example_dags/example_bash_operator.py
[2024-03-04 11:21:44,698] {logging_mixin.py:115} INFO - [2024-03-04 11:21:44,698] {manager.py:508} INFO - Created Permission View: can edit on DAG:example_bash_operator
[2024-03-04 11:21:44,710] {logging_mixin.py:115} INFO - [2024-03-04 11:21:44,710] {manager.py:508} INFO - Created Permission View: can delete on DAG:example_bash_operator
[2024-03-04 11:21:44,720] {logging_mixin.py:115} INFO - [2024-03-04 11:21:44,719] {manager.py:508} INFO - Created Permission View: can read on DAG:example_bash_operator
[2024-03-04 11:21:44,720] {logging_mixin.py:115} INFO - [2024-03-04 11:21:44,720] {dag.py:2379} INFO - Sync 1 DAGs
[2024-03-04 11:21:44,725] {logging_mixin.py:115} INFO - [2024-03-04 11:21:44,725] {dag.py:2398} INFO - Creating ORM DAG for example_bash_operator
[2024-03-04 11:21:44,732] {logging_mixin.py:115} INFO - [2024-03-04 11:21:44,732] {dag.py:2927} INFO - Setting next_dagrun for example_bash_operator to 2024-03-03T00:00:00+00:00, run_after=2024-03-04T00:00:00+00:00
[2024-03-04 11:21:44,750] {processor.py:161} INFO - Processing /home/luan/Documents/curso-extracao-de-dados/venv/lib/python3.9/site-packages/airflow/example_dags/example_bash_operator.py took 0.118 seconds
[2024-03-04 11:22:16,576] {processor.py:153} INFO - Started process (PID=17704) to work on /home/luan/Documents/curso-extracao-de-dados/venv/lib/python3.9/site-packages/airflow/example_dags/example_bash_operator.py
[2024-03-04 11:22:16,577] {processor.py:641} INFO - Processing file /home/luan/Documents/curso-extracao-de-dados/venv/lib/python3.9/site-packages/airflow/example_dags/example_bash_operator.py for tasks to queue
[2024-03-04 11:22:16,577] {logging_mixin.py:115} INFO - [2024-03-04 11:22:16,577] {dagbag.py:507} INFO - Filling up the DagBag from /home/luan/Documents/curso-extracao-de-dados/venv/lib/python3.9/site-packages/airflow/example_dags/example_bash_operator.py
[2024-03-04 11:22:16,592] {processor.py:651} INFO - DAG(s) dict_keys(['example_bash_operator']) retrieved from /home/luan/Documents/curso-extracao-de-dados/venv/lib/python3.9/site-packages/airflow/example_dags/example_bash_operator.py
[2024-03-04 11:22:16,611] {logging_mixin.py:115} INFO - [2024-03-04 11:22:16,611] {dag.py:2379} INFO - Sync 1 DAGs
[2024-03-04 11:22:16,627] {logging_mixin.py:115} INFO - [2024-03-04 11:22:16,627] {dag.py:2927} INFO - Setting next_dagrun for example_bash_operator to 2024-03-03T00:00:00+00:00, run_after=2024-03-04T00:00:00+00:00
[2024-03-04 11:22:16,642] {processor.py:161} INFO - Processing /home/luan/Documents/curso-extracao-de-dados/venv/lib/python3.9/site-packages/airflow/example_dags/example_bash_operator.py took 0.068 seconds
[2024-03-04 11:22:53,137] {processor.py:153} INFO - Started process (PID=17852) to work on /home/luan/Documents/curso-extracao-de-dados/venv/lib/python3.9/site-packages/airflow/example_dags/example_bash_operator.py
[2024-03-04 11:22:53,139] {processor.py:641} INFO - Processing file /home/luan/Documents/curso-extracao-de-dados/venv/lib/python3.9/site-packages/airflow/example_dags/example_bash_operator.py for tasks to queue
[2024-03-04 11:22:53,139] {logging_mixin.py:115} INFO - [2024-03-04 11:22:53,139] {dagbag.py:507} INFO - Filling up the DagBag from /home/luan/Documents/curso-extracao-de-dados/venv/lib/python3.9/site-packages/airflow/example_dags/example_bash_operator.py
[2024-03-04 11:22:53,146] {processor.py:651} INFO - DAG(s) dict_keys(['example_bash_operator']) retrieved from /home/luan/Documents/curso-extracao-de-dados/venv/lib/python3.9/site-packages/airflow/example_dags/example_bash_operator.py
[2024-03-04 11:22:53,156] {logging_mixin.py:115} INFO - [2024-03-04 11:22:53,156] {dag.py:2379} INFO - Sync 1 DAGs
[2024-03-04 11:22:53,170] {logging_mixin.py:115} INFO - [2024-03-04 11:22:53,170] {dag.py:2927} INFO - Setting next_dagrun for example_bash_operator to 2024-03-03T00:00:00+00:00, run_after=2024-03-04T00:00:00+00:00
[2024-03-04 11:22:53,184] {processor.py:161} INFO - Processing /home/luan/Documents/curso-extracao-de-dados/venv/lib/python3.9/site-packages/airflow/example_dags/example_bash_operator.py took 0.048 seconds
[2024-03-04 12:06:07,764] {processor.py:153} INFO - Started process (PID=28815) to work on /home/luan/Documents/curso-extracao-de-dados/venv/lib/python3.9/site-packages/airflow/example_dags/example_bash_operator.py
[2024-03-04 12:06:07,766] {processor.py:641} INFO - Processing file /home/luan/Documents/curso-extracao-de-dados/venv/lib/python3.9/site-packages/airflow/example_dags/example_bash_operator.py for tasks to queue
[2024-03-04 12:06:07,766] {logging_mixin.py:115} INFO - [2024-03-04 12:06:07,766] {dagbag.py:507} INFO - Filling up the DagBag from /home/luan/Documents/curso-extracao-de-dados/venv/lib/python3.9/site-packages/airflow/example_dags/example_bash_operator.py
[2024-03-04 12:06:07,778] {processor.py:651} INFO - DAG(s) dict_keys(['example_bash_operator']) retrieved from /home/luan/Documents/curso-extracao-de-dados/venv/lib/python3.9/site-packages/airflow/example_dags/example_bash_operator.py
[2024-03-04 12:06:07,795] {logging_mixin.py:115} INFO - [2024-03-04 12:06:07,794] {dag.py:2379} INFO - Sync 1 DAGs
[2024-03-04 12:06:07,815] {logging_mixin.py:115} INFO - [2024-03-04 12:06:07,815] {dag.py:2927} INFO - Setting next_dagrun for example_bash_operator to 2024-03-03T00:00:00+00:00, run_after=2024-03-04T00:00:00+00:00
[2024-03-04 12:06:07,833] {processor.py:161} INFO - Processing /home/luan/Documents/curso-extracao-de-dados/venv/lib/python3.9/site-packages/airflow/example_dags/example_bash_operator.py took 0.071 seconds
[2024-03-04 12:06:41,752] {processor.py:153} INFO - Started process (PID=29166) to work on /home/luan/Documents/curso-extracao-de-dados/venv/lib/python3.9/site-packages/airflow/example_dags/example_bash_operator.py
[2024-03-04 12:06:41,753] {processor.py:641} INFO - Processing file /home/luan/Documents/curso-extracao-de-dados/venv/lib/python3.9/site-packages/airflow/example_dags/example_bash_operator.py for tasks to queue
[2024-03-04 12:06:41,754] {logging_mixin.py:115} INFO - [2024-03-04 12:06:41,754] {dagbag.py:507} INFO - Filling up the DagBag from /home/luan/Documents/curso-extracao-de-dados/venv/lib/python3.9/site-packages/airflow/example_dags/example_bash_operator.py
[2024-03-04 12:06:41,761] {processor.py:651} INFO - DAG(s) dict_keys(['example_bash_operator']) retrieved from /home/luan/Documents/curso-extracao-de-dados/venv/lib/python3.9/site-packages/airflow/example_dags/example_bash_operator.py
[2024-03-04 12:06:41,772] {logging_mixin.py:115} INFO - [2024-03-04 12:06:41,772] {dag.py:2379} INFO - Sync 1 DAGs
[2024-03-04 12:06:41,786] {logging_mixin.py:115} INFO - [2024-03-04 12:06:41,786] {dag.py:2927} INFO - Setting next_dagrun for example_bash_operator to 2024-03-03T00:00:00+00:00, run_after=2024-03-04T00:00:00+00:00
[2024-03-04 12:06:41,799] {processor.py:161} INFO - Processing /home/luan/Documents/curso-extracao-de-dados/venv/lib/python3.9/site-packages/airflow/example_dags/example_bash_operator.py took 0.049 seconds
[2024-03-04 12:07:35,593] {processor.py:153} INFO - Started process (PID=29426) to work on /home/luan/Documents/curso-extracao-de-dados/venv/lib/python3.9/site-packages/airflow/example_dags/example_bash_operator.py
[2024-03-04 12:07:35,597] {processor.py:641} INFO - Processing file /home/luan/Documents/curso-extracao-de-dados/venv/lib/python3.9/site-packages/airflow/example_dags/example_bash_operator.py for tasks to queue
[2024-03-04 12:07:35,598] {logging_mixin.py:115} INFO - [2024-03-04 12:07:35,597] {dagbag.py:507} INFO - Filling up the DagBag from /home/luan/Documents/curso-extracao-de-dados/venv/lib/python3.9/site-packages/airflow/example_dags/example_bash_operator.py
[2024-03-04 12:07:35,604] {processor.py:651} INFO - DAG(s) dict_keys(['example_bash_operator']) retrieved from /home/luan/Documents/curso-extracao-de-dados/venv/lib/python3.9/site-packages/airflow/example_dags/example_bash_operator.py
[2024-03-04 12:07:35,615] {logging_mixin.py:115} INFO - [2024-03-04 12:07:35,615] {dag.py:2379} INFO - Sync 1 DAGs
[2024-03-04 12:07:35,630] {logging_mixin.py:115} INFO - [2024-03-04 12:07:35,630] {dag.py:2927} INFO - Setting next_dagrun for example_bash_operator to 2024-03-03T00:00:00+00:00, run_after=2024-03-04T00:00:00+00:00
[2024-03-04 12:07:35,644] {processor.py:161} INFO - Processing /home/luan/Documents/curso-extracao-de-dados/venv/lib/python3.9/site-packages/airflow/example_dags/example_bash_operator.py took 0.054 seconds
[2024-03-04 12:08:08,183] {processor.py:153} INFO - Started process (PID=29548) to work on /home/luan/Documents/curso-extracao-de-dados/venv/lib/python3.9/site-packages/airflow/example_dags/example_bash_operator.py
[2024-03-04 12:08:08,187] {processor.py:641} INFO - Processing file /home/luan/Documents/curso-extracao-de-dados/venv/lib/python3.9/site-packages/airflow/example_dags/example_bash_operator.py for tasks to queue
[2024-03-04 12:08:08,188] {logging_mixin.py:115} INFO - [2024-03-04 12:08:08,187] {dagbag.py:507} INFO - Filling up the DagBag from /home/luan/Documents/curso-extracao-de-dados/venv/lib/python3.9/site-packages/airflow/example_dags/example_bash_operator.py
[2024-03-04 12:08:08,195] {processor.py:651} INFO - DAG(s) dict_keys(['example_bash_operator']) retrieved from /home/luan/Documents/curso-extracao-de-dados/venv/lib/python3.9/site-packages/airflow/example_dags/example_bash_operator.py
[2024-03-04 12:08:08,205] {logging_mixin.py:115} INFO - [2024-03-04 12:08:08,205] {dag.py:2379} INFO - Sync 1 DAGs
[2024-03-04 12:08:08,220] {logging_mixin.py:115} INFO - [2024-03-04 12:08:08,219] {dag.py:2927} INFO - Setting next_dagrun for example_bash_operator to 2024-03-03T00:00:00+00:00, run_after=2024-03-04T00:00:00+00:00
[2024-03-04 12:08:08,234] {processor.py:161} INFO - Processing /home/luan/Documents/curso-extracao-de-dados/venv/lib/python3.9/site-packages/airflow/example_dags/example_bash_operator.py took 0.053 seconds
[2024-03-04 12:08:40,276] {processor.py:153} INFO - Started process (PID=29675) to work on /home/luan/Documents/curso-extracao-de-dados/venv/lib/python3.9/site-packages/airflow/example_dags/example_bash_operator.py
[2024-03-04 12:08:40,280] {processor.py:641} INFO - Processing file /home/luan/Documents/curso-extracao-de-dados/venv/lib/python3.9/site-packages/airflow/example_dags/example_bash_operator.py for tasks to queue
[2024-03-04 12:08:40,280] {logging_mixin.py:115} INFO - [2024-03-04 12:08:40,280] {dagbag.py:507} INFO - Filling up the DagBag from /home/luan/Documents/curso-extracao-de-dados/venv/lib/python3.9/site-packages/airflow/example_dags/example_bash_operator.py
[2024-03-04 12:08:40,287] {processor.py:651} INFO - DAG(s) dict_keys(['example_bash_operator']) retrieved from /home/luan/Documents/curso-extracao-de-dados/venv/lib/python3.9/site-packages/airflow/example_dags/example_bash_operator.py
[2024-03-04 12:08:40,298] {logging_mixin.py:115} INFO - [2024-03-04 12:08:40,298] {dag.py:2379} INFO - Sync 1 DAGs
[2024-03-04 12:08:40,311] {logging_mixin.py:115} INFO - [2024-03-04 12:08:40,311] {dag.py:2927} INFO - Setting next_dagrun for example_bash_operator to 2024-03-03T00:00:00+00:00, run_after=2024-03-04T00:00:00+00:00
[2024-03-04 12:08:40,327] {processor.py:161} INFO - Processing /home/luan/Documents/curso-extracao-de-dados/venv/lib/python3.9/site-packages/airflow/example_dags/example_bash_operator.py took 0.053 seconds
[2024-03-04 12:10:13,269] {processor.py:153} INFO - Started process (PID=30128) to work on /home/luan/Documents/curso-extracao-de-dados/venv/lib/python3.9/site-packages/airflow/example_dags/example_bash_operator.py
[2024-03-04 12:10:13,273] {processor.py:641} INFO - Processing file /home/luan/Documents/curso-extracao-de-dados/venv/lib/python3.9/site-packages/airflow/example_dags/example_bash_operator.py for tasks to queue
[2024-03-04 12:10:13,274] {logging_mixin.py:115} INFO - [2024-03-04 12:10:13,274] {dagbag.py:507} INFO - Filling up the DagBag from /home/luan/Documents/curso-extracao-de-dados/venv/lib/python3.9/site-packages/airflow/example_dags/example_bash_operator.py
[2024-03-04 12:10:13,282] {processor.py:651} INFO - DAG(s) dict_keys(['example_bash_operator']) retrieved from /home/luan/Documents/curso-extracao-de-dados/venv/lib/python3.9/site-packages/airflow/example_dags/example_bash_operator.py
[2024-03-04 12:10:13,294] {logging_mixin.py:115} INFO - [2024-03-04 12:10:13,294] {dag.py:2379} INFO - Sync 1 DAGs
[2024-03-04 12:10:13,309] {logging_mixin.py:115} INFO - [2024-03-04 12:10:13,308] {dag.py:2927} INFO - Setting next_dagrun for example_bash_operator to 2024-03-03T00:00:00+00:00, run_after=2024-03-04T00:00:00+00:00
[2024-03-04 12:10:13,322] {processor.py:161} INFO - Processing /home/luan/Documents/curso-extracao-de-dados/venv/lib/python3.9/site-packages/airflow/example_dags/example_bash_operator.py took 0.055 seconds
[2024-03-04 12:10:45,966] {processor.py:153} INFO - Started process (PID=30262) to work on /home/luan/Documents/curso-extracao-de-dados/venv/lib/python3.9/site-packages/airflow/example_dags/example_bash_operator.py
[2024-03-04 12:10:45,967] {processor.py:641} INFO - Processing file /home/luan/Documents/curso-extracao-de-dados/venv/lib/python3.9/site-packages/airflow/example_dags/example_bash_operator.py for tasks to queue
[2024-03-04 12:10:45,967] {logging_mixin.py:115} INFO - [2024-03-04 12:10:45,967] {dagbag.py:507} INFO - Filling up the DagBag from /home/luan/Documents/curso-extracao-de-dados/venv/lib/python3.9/site-packages/airflow/example_dags/example_bash_operator.py
[2024-03-04 12:10:45,974] {processor.py:651} INFO - DAG(s) dict_keys(['example_bash_operator']) retrieved from /home/luan/Documents/curso-extracao-de-dados/venv/lib/python3.9/site-packages/airflow/example_dags/example_bash_operator.py
[2024-03-04 12:10:45,986] {logging_mixin.py:115} INFO - [2024-03-04 12:10:45,986] {dag.py:2379} INFO - Sync 1 DAGs
[2024-03-04 12:10:46,001] {logging_mixin.py:115} INFO - [2024-03-04 12:10:46,001] {dag.py:2927} INFO - Setting next_dagrun for example_bash_operator to 2024-03-03T00:00:00+00:00, run_after=2024-03-04T00:00:00+00:00
[2024-03-04 12:10:46,017] {processor.py:161} INFO - Processing /home/luan/Documents/curso-extracao-de-dados/venv/lib/python3.9/site-packages/airflow/example_dags/example_bash_operator.py took 0.053 seconds
[2024-03-04 12:11:17,922] {processor.py:153} INFO - Started process (PID=30393) to work on /home/luan/Documents/curso-extracao-de-dados/venv/lib/python3.9/site-packages/airflow/example_dags/example_bash_operator.py
[2024-03-04 12:11:17,923] {processor.py:641} INFO - Processing file /home/luan/Documents/curso-extracao-de-dados/venv/lib/python3.9/site-packages/airflow/example_dags/example_bash_operator.py for tasks to queue
[2024-03-04 12:11:17,924] {logging_mixin.py:115} INFO - [2024-03-04 12:11:17,923] {dagbag.py:507} INFO - Filling up the DagBag from /home/luan/Documents/curso-extracao-de-dados/venv/lib/python3.9/site-packages/airflow/example_dags/example_bash_operator.py
[2024-03-04 12:11:17,930] {processor.py:651} INFO - DAG(s) dict_keys(['example_bash_operator']) retrieved from /home/luan/Documents/curso-extracao-de-dados/venv/lib/python3.9/site-packages/airflow/example_dags/example_bash_operator.py
[2024-03-04 12:11:17,941] {logging_mixin.py:115} INFO - [2024-03-04 12:11:17,940] {dag.py:2379} INFO - Sync 1 DAGs
[2024-03-04 12:11:17,954] {logging_mixin.py:115} INFO - [2024-03-04 12:11:17,954] {dag.py:2927} INFO - Setting next_dagrun for example_bash_operator to 2024-03-03T00:00:00+00:00, run_after=2024-03-04T00:00:00+00:00
[2024-03-04 12:11:17,967] {processor.py:161} INFO - Processing /home/luan/Documents/curso-extracao-de-dados/venv/lib/python3.9/site-packages/airflow/example_dags/example_bash_operator.py took 0.047 seconds
[2024-03-04 12:14:31,534] {processor.py:153} INFO - Started process (PID=31295) to work on /home/luan/Documents/curso-extracao-de-dados/venv/lib/python3.9/site-packages/airflow/example_dags/example_bash_operator.py
[2024-03-04 12:14:31,536] {processor.py:641} INFO - Processing file /home/luan/Documents/curso-extracao-de-dados/venv/lib/python3.9/site-packages/airflow/example_dags/example_bash_operator.py for tasks to queue
[2024-03-04 12:14:31,537] {logging_mixin.py:115} INFO - [2024-03-04 12:14:31,537] {dagbag.py:507} INFO - Filling up the DagBag from /home/luan/Documents/curso-extracao-de-dados/venv/lib/python3.9/site-packages/airflow/example_dags/example_bash_operator.py
[2024-03-04 12:14:31,543] {processor.py:651} INFO - DAG(s) dict_keys(['example_bash_operator']) retrieved from /home/luan/Documents/curso-extracao-de-dados/venv/lib/python3.9/site-packages/airflow/example_dags/example_bash_operator.py
[2024-03-04 12:14:31,553] {logging_mixin.py:115} INFO - [2024-03-04 12:14:31,553] {dag.py:2379} INFO - Sync 1 DAGs
[2024-03-04 12:14:31,567] {logging_mixin.py:115} INFO - [2024-03-04 12:14:31,567] {dag.py:2927} INFO - Setting next_dagrun for example_bash_operator to 2024-03-03T00:00:00+00:00, run_after=2024-03-04T00:00:00+00:00
[2024-03-04 12:14:31,582] {processor.py:161} INFO - Processing /home/luan/Documents/curso-extracao-de-dados/venv/lib/python3.9/site-packages/airflow/example_dags/example_bash_operator.py took 0.049 seconds
[2024-03-04 12:15:04,138] {processor.py:153} INFO - Started process (PID=31426) to work on /home/luan/Documents/curso-extracao-de-dados/venv/lib/python3.9/site-packages/airflow/example_dags/example_bash_operator.py
[2024-03-04 12:15:04,143] {processor.py:641} INFO - Processing file /home/luan/Documents/curso-extracao-de-dados/venv/lib/python3.9/site-packages/airflow/example_dags/example_bash_operator.py for tasks to queue
[2024-03-04 12:15:04,143] {logging_mixin.py:115} INFO - [2024-03-04 12:15:04,143] {dagbag.py:507} INFO - Filling up the DagBag from /home/luan/Documents/curso-extracao-de-dados/venv/lib/python3.9/site-packages/airflow/example_dags/example_bash_operator.py
[2024-03-04 12:15:04,152] {processor.py:651} INFO - DAG(s) dict_keys(['example_bash_operator']) retrieved from /home/luan/Documents/curso-extracao-de-dados/venv/lib/python3.9/site-packages/airflow/example_dags/example_bash_operator.py
[2024-03-04 12:15:04,162] {logging_mixin.py:115} INFO - [2024-03-04 12:15:04,162] {dag.py:2379} INFO - Sync 1 DAGs
[2024-03-04 12:15:04,179] {logging_mixin.py:115} INFO - [2024-03-04 12:15:04,179] {dag.py:2927} INFO - Setting next_dagrun for example_bash_operator to 2024-03-03T00:00:00+00:00, run_after=2024-03-04T00:00:00+00:00
[2024-03-04 12:15:04,194] {processor.py:161} INFO - Processing /home/luan/Documents/curso-extracao-de-dados/venv/lib/python3.9/site-packages/airflow/example_dags/example_bash_operator.py took 0.058 seconds
[2024-03-04 12:15:38,282] {processor.py:153} INFO - Started process (PID=31560) to work on /home/luan/Documents/curso-extracao-de-dados/venv/lib/python3.9/site-packages/airflow/example_dags/example_bash_operator.py
[2024-03-04 12:15:38,286] {processor.py:641} INFO - Processing file /home/luan/Documents/curso-extracao-de-dados/venv/lib/python3.9/site-packages/airflow/example_dags/example_bash_operator.py for tasks to queue
[2024-03-04 12:15:38,287] {logging_mixin.py:115} INFO - [2024-03-04 12:15:38,287] {dagbag.py:507} INFO - Filling up the DagBag from /home/luan/Documents/curso-extracao-de-dados/venv/lib/python3.9/site-packages/airflow/example_dags/example_bash_operator.py
[2024-03-04 12:15:38,294] {processor.py:651} INFO - DAG(s) dict_keys(['example_bash_operator']) retrieved from /home/luan/Documents/curso-extracao-de-dados/venv/lib/python3.9/site-packages/airflow/example_dags/example_bash_operator.py
[2024-03-04 12:15:38,306] {logging_mixin.py:115} INFO - [2024-03-04 12:15:38,306] {dag.py:2379} INFO - Sync 1 DAGs
[2024-03-04 12:15:38,340] {logging_mixin.py:115} INFO - [2024-03-04 12:15:38,339] {dag.py:2927} INFO - Setting next_dagrun for example_bash_operator to 2024-03-03T00:00:00+00:00, run_after=2024-03-04T00:00:00+00:00
[2024-03-04 12:15:38,356] {processor.py:161} INFO - Processing /home/luan/Documents/curso-extracao-de-dados/venv/lib/python3.9/site-packages/airflow/example_dags/example_bash_operator.py took 0.075 seconds
[2024-03-04 12:16:30,345] {processor.py:153} INFO - Started process (PID=31866) to work on /home/luan/Documents/curso-extracao-de-dados/venv/lib/python3.9/site-packages/airflow/example_dags/example_bash_operator.py
[2024-03-04 12:16:30,346] {processor.py:641} INFO - Processing file /home/luan/Documents/curso-extracao-de-dados/venv/lib/python3.9/site-packages/airflow/example_dags/example_bash_operator.py for tasks to queue
[2024-03-04 12:16:30,346] {logging_mixin.py:115} INFO - [2024-03-04 12:16:30,346] {dagbag.py:507} INFO - Filling up the DagBag from /home/luan/Documents/curso-extracao-de-dados/venv/lib/python3.9/site-packages/airflow/example_dags/example_bash_operator.py
[2024-03-04 12:16:30,353] {processor.py:651} INFO - DAG(s) dict_keys(['example_bash_operator']) retrieved from /home/luan/Documents/curso-extracao-de-dados/venv/lib/python3.9/site-packages/airflow/example_dags/example_bash_operator.py
[2024-03-04 12:16:30,363] {logging_mixin.py:115} INFO - [2024-03-04 12:16:30,363] {dag.py:2379} INFO - Sync 1 DAGs
[2024-03-04 12:16:30,376] {logging_mixin.py:115} INFO - [2024-03-04 12:16:30,376] {dag.py:2927} INFO - Setting next_dagrun for example_bash_operator to 2024-03-03T00:00:00+00:00, run_after=2024-03-04T00:00:00+00:00
[2024-03-04 12:16:30,393] {processor.py:161} INFO - Processing /home/luan/Documents/curso-extracao-de-dados/venv/lib/python3.9/site-packages/airflow/example_dags/example_bash_operator.py took 0.050 seconds
[2024-03-04 12:17:03,381] {processor.py:153} INFO - Started process (PID=32003) to work on /home/luan/Documents/curso-extracao-de-dados/venv/lib/python3.9/site-packages/airflow/example_dags/example_bash_operator.py
[2024-03-04 12:17:03,383] {processor.py:641} INFO - Processing file /home/luan/Documents/curso-extracao-de-dados/venv/lib/python3.9/site-packages/airflow/example_dags/example_bash_operator.py for tasks to queue
[2024-03-04 12:17:03,383] {logging_mixin.py:115} INFO - [2024-03-04 12:17:03,383] {dagbag.py:507} INFO - Filling up the DagBag from /home/luan/Documents/curso-extracao-de-dados/venv/lib/python3.9/site-packages/airflow/example_dags/example_bash_operator.py
[2024-03-04 12:17:03,391] {processor.py:651} INFO - DAG(s) dict_keys(['example_bash_operator']) retrieved from /home/luan/Documents/curso-extracao-de-dados/venv/lib/python3.9/site-packages/airflow/example_dags/example_bash_operator.py
[2024-03-04 12:17:03,405] {logging_mixin.py:115} INFO - [2024-03-04 12:17:03,405] {dag.py:2379} INFO - Sync 1 DAGs
[2024-03-04 12:17:03,420] {logging_mixin.py:115} INFO - [2024-03-04 12:17:03,420] {dag.py:2927} INFO - Setting next_dagrun for example_bash_operator to 2024-03-03T00:00:00+00:00, run_after=2024-03-04T00:00:00+00:00
[2024-03-04 12:17:03,436] {processor.py:161} INFO - Processing /home/luan/Documents/curso-extracao-de-dados/venv/lib/python3.9/site-packages/airflow/example_dags/example_bash_operator.py took 0.057 seconds
[2024-03-04 12:17:36,610] {processor.py:153} INFO - Started process (PID=32136) to work on /home/luan/Documents/curso-extracao-de-dados/venv/lib/python3.9/site-packages/airflow/example_dags/example_bash_operator.py
[2024-03-04 12:17:36,612] {processor.py:641} INFO - Processing file /home/luan/Documents/curso-extracao-de-dados/venv/lib/python3.9/site-packages/airflow/example_dags/example_bash_operator.py for tasks to queue
[2024-03-04 12:17:36,612] {logging_mixin.py:115} INFO - [2024-03-04 12:17:36,612] {dagbag.py:507} INFO - Filling up the DagBag from /home/luan/Documents/curso-extracao-de-dados/venv/lib/python3.9/site-packages/airflow/example_dags/example_bash_operator.py
[2024-03-04 12:17:36,621] {processor.py:651} INFO - DAG(s) dict_keys(['example_bash_operator']) retrieved from /home/luan/Documents/curso-extracao-de-dados/venv/lib/python3.9/site-packages/airflow/example_dags/example_bash_operator.py
[2024-03-04 12:17:36,632] {logging_mixin.py:115} INFO - [2024-03-04 12:17:36,632] {dag.py:2379} INFO - Sync 1 DAGs
[2024-03-04 12:17:36,647] {logging_mixin.py:115} INFO - [2024-03-04 12:17:36,647] {dag.py:2927} INFO - Setting next_dagrun for example_bash_operator to 2024-03-03T00:00:00+00:00, run_after=2024-03-04T00:00:00+00:00
[2024-03-04 12:17:36,661] {processor.py:161} INFO - Processing /home/luan/Documents/curso-extracao-de-dados/venv/lib/python3.9/site-packages/airflow/example_dags/example_bash_operator.py took 0.052 seconds
[2024-03-04 12:18:10,228] {processor.py:153} INFO - Started process (PID=32266) to work on /home/luan/Documents/curso-extracao-de-dados/venv/lib/python3.9/site-packages/airflow/example_dags/example_bash_operator.py
[2024-03-04 12:18:10,233] {processor.py:641} INFO - Processing file /home/luan/Documents/curso-extracao-de-dados/venv/lib/python3.9/site-packages/airflow/example_dags/example_bash_operator.py for tasks to queue
[2024-03-04 12:18:10,233] {logging_mixin.py:115} INFO - [2024-03-04 12:18:10,233] {dagbag.py:507} INFO - Filling up the DagBag from /home/luan/Documents/curso-extracao-de-dados/venv/lib/python3.9/site-packages/airflow/example_dags/example_bash_operator.py
[2024-03-04 12:18:10,240] {processor.py:651} INFO - DAG(s) dict_keys(['example_bash_operator']) retrieved from /home/luan/Documents/curso-extracao-de-dados/venv/lib/python3.9/site-packages/airflow/example_dags/example_bash_operator.py
[2024-03-04 12:18:10,250] {logging_mixin.py:115} INFO - [2024-03-04 12:18:10,250] {dag.py:2379} INFO - Sync 1 DAGs
[2024-03-04 12:18:10,265] {logging_mixin.py:115} INFO - [2024-03-04 12:18:10,265] {dag.py:2927} INFO - Setting next_dagrun for example_bash_operator to 2024-03-03T00:00:00+00:00, run_after=2024-03-04T00:00:00+00:00
[2024-03-04 12:18:10,282] {processor.py:161} INFO - Processing /home/luan/Documents/curso-extracao-de-dados/venv/lib/python3.9/site-packages/airflow/example_dags/example_bash_operator.py took 0.056 seconds
[2024-03-04 12:19:04,177] {processor.py:153} INFO - Started process (PID=32564) to work on /home/luan/Documents/curso-extracao-de-dados/venv/lib/python3.9/site-packages/airflow/example_dags/example_bash_operator.py
[2024-03-04 12:19:04,181] {processor.py:641} INFO - Processing file /home/luan/Documents/curso-extracao-de-dados/venv/lib/python3.9/site-packages/airflow/example_dags/example_bash_operator.py for tasks to queue
[2024-03-04 12:19:04,182] {logging_mixin.py:115} INFO - [2024-03-04 12:19:04,182] {dagbag.py:507} INFO - Filling up the DagBag from /home/luan/Documents/curso-extracao-de-dados/venv/lib/python3.9/site-packages/airflow/example_dags/example_bash_operator.py
[2024-03-04 12:19:04,188] {processor.py:651} INFO - DAG(s) dict_keys(['example_bash_operator']) retrieved from /home/luan/Documents/curso-extracao-de-dados/venv/lib/python3.9/site-packages/airflow/example_dags/example_bash_operator.py
[2024-03-04 12:19:04,198] {logging_mixin.py:115} INFO - [2024-03-04 12:19:04,198] {dag.py:2379} INFO - Sync 1 DAGs
[2024-03-04 12:19:04,211] {logging_mixin.py:115} INFO - [2024-03-04 12:19:04,211] {dag.py:2927} INFO - Setting next_dagrun for example_bash_operator to 2024-03-03T00:00:00+00:00, run_after=2024-03-04T00:00:00+00:00
[2024-03-04 12:19:04,227] {processor.py:161} INFO - Processing /home/luan/Documents/curso-extracao-de-dados/venv/lib/python3.9/site-packages/airflow/example_dags/example_bash_operator.py took 0.051 seconds
