[2024-03-04 11:21:47,093] {processor.py:153} INFO - Started process (PID=17587) to work on /home/luan/Documents/curso-extracao-de-dados/venv/lib/python3.9/site-packages/airflow/example_dags/example_branch_datetime_operator.py
[2024-03-04 11:21:47,093] {processor.py:641} INFO - Processing file /home/luan/Documents/curso-extracao-de-dados/venv/lib/python3.9/site-packages/airflow/example_dags/example_branch_datetime_operator.py for tasks to queue
[2024-03-04 11:21:47,094] {logging_mixin.py:115} INFO - [2024-03-04 11:21:47,094] {dagbag.py:507} INFO - Filling up the DagBag from /home/luan/Documents/curso-extracao-de-dados/venv/lib/python3.9/site-packages/airflow/example_dags/example_branch_datetime_operator.py
[2024-03-04 11:21:47,099] {processor.py:651} INFO - DAG(s) dict_keys(['example_branch_datetime_operator_2']) retrieved from /home/luan/Documents/curso-extracao-de-dados/venv/lib/python3.9/site-packages/airflow/example_dags/example_branch_datetime_operator.py
[2024-03-04 11:21:47,175] {logging_mixin.py:115} INFO - [2024-03-04 11:21:47,175] {manager.py:508} INFO - Created Permission View: can edit on DAG:example_branch_datetime_operator_2
[2024-03-04 11:21:47,186] {logging_mixin.py:115} INFO - [2024-03-04 11:21:47,186] {manager.py:508} INFO - Created Permission View: can delete on DAG:example_branch_datetime_operator_2
[2024-03-04 11:21:47,198] {logging_mixin.py:115} INFO - [2024-03-04 11:21:47,198] {manager.py:508} INFO - Created Permission View: can read on DAG:example_branch_datetime_operator_2
[2024-03-04 11:21:47,198] {logging_mixin.py:115} INFO - [2024-03-04 11:21:47,198] {dag.py:2379} INFO - Sync 1 DAGs
[2024-03-04 11:21:47,204] {logging_mixin.py:115} INFO - [2024-03-04 11:21:47,203] {dag.py:2398} INFO - Creating ORM DAG for example_branch_datetime_operator_2
[2024-03-04 11:21:47,212] {logging_mixin.py:115} INFO - [2024-03-04 11:21:47,212] {dag.py:2927} INFO - Setting next_dagrun for example_branch_datetime_operator_2 to 2024-03-03T00:00:00+00:00, run_after=2024-03-04T00:00:00+00:00
[2024-03-04 11:21:47,229] {processor.py:161} INFO - Processing /home/luan/Documents/curso-extracao-de-dados/venv/lib/python3.9/site-packages/airflow/example_dags/example_branch_datetime_operator.py took 0.139 seconds
[2024-03-04 11:22:20,587] {processor.py:153} INFO - Started process (PID=17720) to work on /home/luan/Documents/curso-extracao-de-dados/venv/lib/python3.9/site-packages/airflow/example_dags/example_branch_datetime_operator.py
[2024-03-04 11:22:20,592] {processor.py:641} INFO - Processing file /home/luan/Documents/curso-extracao-de-dados/venv/lib/python3.9/site-packages/airflow/example_dags/example_branch_datetime_operator.py for tasks to queue
[2024-03-04 11:22:20,592] {logging_mixin.py:115} INFO - [2024-03-04 11:22:20,592] {dagbag.py:507} INFO - Filling up the DagBag from /home/luan/Documents/curso-extracao-de-dados/venv/lib/python3.9/site-packages/airflow/example_dags/example_branch_datetime_operator.py
[2024-03-04 11:22:20,597] {processor.py:651} INFO - DAG(s) dict_keys(['example_branch_datetime_operator_2']) retrieved from /home/luan/Documents/curso-extracao-de-dados/venv/lib/python3.9/site-packages/airflow/example_dags/example_branch_datetime_operator.py
[2024-03-04 11:22:20,607] {logging_mixin.py:115} INFO - [2024-03-04 11:22:20,607] {dag.py:2379} INFO - Sync 1 DAGs
[2024-03-04 11:22:20,621] {logging_mixin.py:115} INFO - [2024-03-04 11:22:20,621] {dag.py:2927} INFO - Setting next_dagrun for example_branch_datetime_operator_2 to 2024-03-03T00:00:00+00:00, run_after=2024-03-04T00:00:00+00:00
[2024-03-04 11:22:20,637] {processor.py:161} INFO - Processing /home/luan/Documents/curso-extracao-de-dados/venv/lib/python3.9/site-packages/airflow/example_dags/example_branch_datetime_operator.py took 0.051 seconds
[2024-03-04 12:06:09,044] {processor.py:153} INFO - Started process (PID=28821) to work on /home/luan/Documents/curso-extracao-de-dados/venv/lib/python3.9/site-packages/airflow/example_dags/example_branch_datetime_operator.py
[2024-03-04 12:06:09,045] {processor.py:641} INFO - Processing file /home/luan/Documents/curso-extracao-de-dados/venv/lib/python3.9/site-packages/airflow/example_dags/example_branch_datetime_operator.py for tasks to queue
[2024-03-04 12:06:09,046] {logging_mixin.py:115} INFO - [2024-03-04 12:06:09,045] {dagbag.py:507} INFO - Filling up the DagBag from /home/luan/Documents/curso-extracao-de-dados/venv/lib/python3.9/site-packages/airflow/example_dags/example_branch_datetime_operator.py
[2024-03-04 12:06:09,052] {processor.py:651} INFO - DAG(s) dict_keys(['example_branch_datetime_operator_2']) retrieved from /home/luan/Documents/curso-extracao-de-dados/venv/lib/python3.9/site-packages/airflow/example_dags/example_branch_datetime_operator.py
[2024-03-04 12:06:09,079] {logging_mixin.py:115} INFO - [2024-03-04 12:06:09,079] {dag.py:2379} INFO - Sync 1 DAGs
[2024-03-04 12:06:09,101] {logging_mixin.py:115} INFO - [2024-03-04 12:06:09,101] {dag.py:2927} INFO - Setting next_dagrun for example_branch_datetime_operator_2 to 2024-03-03T00:00:00+00:00, run_after=2024-03-04T00:00:00+00:00
[2024-03-04 12:06:09,119] {processor.py:161} INFO - Processing /home/luan/Documents/curso-extracao-de-dados/venv/lib/python3.9/site-packages/airflow/example_dags/example_branch_datetime_operator.py took 0.077 seconds
[2024-03-04 12:06:44,010] {processor.py:153} INFO - Started process (PID=29170) to work on /home/luan/Documents/curso-extracao-de-dados/venv/lib/python3.9/site-packages/airflow/example_dags/example_branch_datetime_operator.py
[2024-03-04 12:06:44,011] {processor.py:641} INFO - Processing file /home/luan/Documents/curso-extracao-de-dados/venv/lib/python3.9/site-packages/airflow/example_dags/example_branch_datetime_operator.py for tasks to queue
[2024-03-04 12:06:44,011] {logging_mixin.py:115} INFO - [2024-03-04 12:06:44,011] {dagbag.py:507} INFO - Filling up the DagBag from /home/luan/Documents/curso-extracao-de-dados/venv/lib/python3.9/site-packages/airflow/example_dags/example_branch_datetime_operator.py
[2024-03-04 12:06:44,020] {processor.py:651} INFO - DAG(s) dict_keys(['example_branch_datetime_operator_2']) retrieved from /home/luan/Documents/curso-extracao-de-dados/venv/lib/python3.9/site-packages/airflow/example_dags/example_branch_datetime_operator.py
[2024-03-04 12:06:44,035] {logging_mixin.py:115} INFO - [2024-03-04 12:06:44,034] {dag.py:2379} INFO - Sync 1 DAGs
[2024-03-04 12:06:44,058] {logging_mixin.py:115} INFO - [2024-03-04 12:06:44,058] {dag.py:2927} INFO - Setting next_dagrun for example_branch_datetime_operator_2 to 2024-03-03T00:00:00+00:00, run_after=2024-03-04T00:00:00+00:00
[2024-03-04 12:06:44,080] {processor.py:161} INFO - Processing /home/luan/Documents/curso-extracao-de-dados/venv/lib/python3.9/site-packages/airflow/example_dags/example_branch_datetime_operator.py took 0.072 seconds
[2024-03-04 12:07:36,888] {processor.py:153} INFO - Started process (PID=29434) to work on /home/luan/Documents/curso-extracao-de-dados/venv/lib/python3.9/site-packages/airflow/example_dags/example_branch_datetime_operator.py
[2024-03-04 12:07:36,889] {processor.py:641} INFO - Processing file /home/luan/Documents/curso-extracao-de-dados/venv/lib/python3.9/site-packages/airflow/example_dags/example_branch_datetime_operator.py for tasks to queue
[2024-03-04 12:07:36,890] {logging_mixin.py:115} INFO - [2024-03-04 12:07:36,890] {dagbag.py:507} INFO - Filling up the DagBag from /home/luan/Documents/curso-extracao-de-dados/venv/lib/python3.9/site-packages/airflow/example_dags/example_branch_datetime_operator.py
[2024-03-04 12:07:36,895] {processor.py:651} INFO - DAG(s) dict_keys(['example_branch_datetime_operator_2']) retrieved from /home/luan/Documents/curso-extracao-de-dados/venv/lib/python3.9/site-packages/airflow/example_dags/example_branch_datetime_operator.py
[2024-03-04 12:07:36,905] {logging_mixin.py:115} INFO - [2024-03-04 12:07:36,905] {dag.py:2379} INFO - Sync 1 DAGs
[2024-03-04 12:07:36,920] {logging_mixin.py:115} INFO - [2024-03-04 12:07:36,919] {dag.py:2927} INFO - Setting next_dagrun for example_branch_datetime_operator_2 to 2024-03-03T00:00:00+00:00, run_after=2024-03-04T00:00:00+00:00
[2024-03-04 12:07:36,934] {processor.py:161} INFO - Processing /home/luan/Documents/curso-extracao-de-dados/venv/lib/python3.9/site-packages/airflow/example_dags/example_branch_datetime_operator.py took 0.048 seconds
[2024-03-04 12:08:13,327] {processor.py:153} INFO - Started process (PID=29568) to work on /home/luan/Documents/curso-extracao-de-dados/venv/lib/python3.9/site-packages/airflow/example_dags/example_branch_datetime_operator.py
[2024-03-04 12:08:13,328] {processor.py:641} INFO - Processing file /home/luan/Documents/curso-extracao-de-dados/venv/lib/python3.9/site-packages/airflow/example_dags/example_branch_datetime_operator.py for tasks to queue
[2024-03-04 12:08:13,328] {logging_mixin.py:115} INFO - [2024-03-04 12:08:13,328] {dagbag.py:507} INFO - Filling up the DagBag from /home/luan/Documents/curso-extracao-de-dados/venv/lib/python3.9/site-packages/airflow/example_dags/example_branch_datetime_operator.py
[2024-03-04 12:08:13,333] {processor.py:651} INFO - DAG(s) dict_keys(['example_branch_datetime_operator_2']) retrieved from /home/luan/Documents/curso-extracao-de-dados/venv/lib/python3.9/site-packages/airflow/example_dags/example_branch_datetime_operator.py
[2024-03-04 12:08:13,343] {logging_mixin.py:115} INFO - [2024-03-04 12:08:13,343] {dag.py:2379} INFO - Sync 1 DAGs
[2024-03-04 12:08:13,357] {logging_mixin.py:115} INFO - [2024-03-04 12:08:13,357] {dag.py:2927} INFO - Setting next_dagrun for example_branch_datetime_operator_2 to 2024-03-03T00:00:00+00:00, run_after=2024-03-04T00:00:00+00:00
[2024-03-04 12:08:13,372] {processor.py:161} INFO - Processing /home/luan/Documents/curso-extracao-de-dados/venv/lib/python3.9/site-packages/airflow/example_dags/example_branch_datetime_operator.py took 0.047 seconds
[2024-03-04 12:08:45,419] {processor.py:153} INFO - Started process (PID=29693) to work on /home/luan/Documents/curso-extracao-de-dados/venv/lib/python3.9/site-packages/airflow/example_dags/example_branch_datetime_operator.py
[2024-03-04 12:08:45,423] {processor.py:641} INFO - Processing file /home/luan/Documents/curso-extracao-de-dados/venv/lib/python3.9/site-packages/airflow/example_dags/example_branch_datetime_operator.py for tasks to queue
[2024-03-04 12:08:45,423] {logging_mixin.py:115} INFO - [2024-03-04 12:08:45,423] {dagbag.py:507} INFO - Filling up the DagBag from /home/luan/Documents/curso-extracao-de-dados/venv/lib/python3.9/site-packages/airflow/example_dags/example_branch_datetime_operator.py
[2024-03-04 12:08:45,429] {processor.py:651} INFO - DAG(s) dict_keys(['example_branch_datetime_operator_2']) retrieved from /home/luan/Documents/curso-extracao-de-dados/venv/lib/python3.9/site-packages/airflow/example_dags/example_branch_datetime_operator.py
[2024-03-04 12:08:45,440] {logging_mixin.py:115} INFO - [2024-03-04 12:08:45,439] {dag.py:2379} INFO - Sync 1 DAGs
[2024-03-04 12:08:45,456] {logging_mixin.py:115} INFO - [2024-03-04 12:08:45,455] {dag.py:2927} INFO - Setting next_dagrun for example_branch_datetime_operator_2 to 2024-03-03T00:00:00+00:00, run_after=2024-03-04T00:00:00+00:00
[2024-03-04 12:08:45,469] {processor.py:161} INFO - Processing /home/luan/Documents/curso-extracao-de-dados/venv/lib/python3.9/site-packages/airflow/example_dags/example_branch_datetime_operator.py took 0.052 seconds
[2024-03-04 12:10:14,574] {processor.py:153} INFO - Started process (PID=30136) to work on /home/luan/Documents/curso-extracao-de-dados/venv/lib/python3.9/site-packages/airflow/example_dags/example_branch_datetime_operator.py
[2024-03-04 12:10:14,576] {processor.py:641} INFO - Processing file /home/luan/Documents/curso-extracao-de-dados/venv/lib/python3.9/site-packages/airflow/example_dags/example_branch_datetime_operator.py for tasks to queue
[2024-03-04 12:10:14,576] {logging_mixin.py:115} INFO - [2024-03-04 12:10:14,576] {dagbag.py:507} INFO - Filling up the DagBag from /home/luan/Documents/curso-extracao-de-dados/venv/lib/python3.9/site-packages/airflow/example_dags/example_branch_datetime_operator.py
[2024-03-04 12:10:14,581] {processor.py:651} INFO - DAG(s) dict_keys(['example_branch_datetime_operator_2']) retrieved from /home/luan/Documents/curso-extracao-de-dados/venv/lib/python3.9/site-packages/airflow/example_dags/example_branch_datetime_operator.py
[2024-03-04 12:10:14,591] {logging_mixin.py:115} INFO - [2024-03-04 12:10:14,591] {dag.py:2379} INFO - Sync 1 DAGs
[2024-03-04 12:10:14,605] {logging_mixin.py:115} INFO - [2024-03-04 12:10:14,605] {dag.py:2927} INFO - Setting next_dagrun for example_branch_datetime_operator_2 to 2024-03-03T00:00:00+00:00, run_after=2024-03-04T00:00:00+00:00
[2024-03-04 12:10:14,620] {processor.py:161} INFO - Processing /home/luan/Documents/curso-extracao-de-dados/venv/lib/python3.9/site-packages/airflow/example_dags/example_branch_datetime_operator.py took 0.048 seconds
[2024-03-04 12:10:51,109] {processor.py:153} INFO - Started process (PID=30281) to work on /home/luan/Documents/curso-extracao-de-dados/venv/lib/python3.9/site-packages/airflow/example_dags/example_branch_datetime_operator.py
[2024-03-04 12:10:51,110] {processor.py:641} INFO - Processing file /home/luan/Documents/curso-extracao-de-dados/venv/lib/python3.9/site-packages/airflow/example_dags/example_branch_datetime_operator.py for tasks to queue
[2024-03-04 12:10:51,110] {logging_mixin.py:115} INFO - [2024-03-04 12:10:51,110] {dagbag.py:507} INFO - Filling up the DagBag from /home/luan/Documents/curso-extracao-de-dados/venv/lib/python3.9/site-packages/airflow/example_dags/example_branch_datetime_operator.py
[2024-03-04 12:10:51,115] {processor.py:651} INFO - DAG(s) dict_keys(['example_branch_datetime_operator_2']) retrieved from /home/luan/Documents/curso-extracao-de-dados/venv/lib/python3.9/site-packages/airflow/example_dags/example_branch_datetime_operator.py
[2024-03-04 12:10:51,125] {logging_mixin.py:115} INFO - [2024-03-04 12:10:51,125] {dag.py:2379} INFO - Sync 1 DAGs
[2024-03-04 12:10:51,139] {logging_mixin.py:115} INFO - [2024-03-04 12:10:51,139] {dag.py:2927} INFO - Setting next_dagrun for example_branch_datetime_operator_2 to 2024-03-03T00:00:00+00:00, run_after=2024-03-04T00:00:00+00:00
[2024-03-04 12:10:51,154] {processor.py:161} INFO - Processing /home/luan/Documents/curso-extracao-de-dados/venv/lib/python3.9/site-packages/airflow/example_dags/example_branch_datetime_operator.py took 0.047 seconds
[2024-03-04 12:11:23,065] {processor.py:153} INFO - Started process (PID=30416) to work on /home/luan/Documents/curso-extracao-de-dados/venv/lib/python3.9/site-packages/airflow/example_dags/example_branch_datetime_operator.py
[2024-03-04 12:11:23,069] {processor.py:641} INFO - Processing file /home/luan/Documents/curso-extracao-de-dados/venv/lib/python3.9/site-packages/airflow/example_dags/example_branch_datetime_operator.py for tasks to queue
[2024-03-04 12:11:23,069] {logging_mixin.py:115} INFO - [2024-03-04 12:11:23,069] {dagbag.py:507} INFO - Filling up the DagBag from /home/luan/Documents/curso-extracao-de-dados/venv/lib/python3.9/site-packages/airflow/example_dags/example_branch_datetime_operator.py
[2024-03-04 12:11:23,074] {processor.py:651} INFO - DAG(s) dict_keys(['example_branch_datetime_operator_2']) retrieved from /home/luan/Documents/curso-extracao-de-dados/venv/lib/python3.9/site-packages/airflow/example_dags/example_branch_datetime_operator.py
[2024-03-04 12:11:23,085] {logging_mixin.py:115} INFO - [2024-03-04 12:11:23,085] {dag.py:2379} INFO - Sync 1 DAGs
[2024-03-04 12:11:23,099] {logging_mixin.py:115} INFO - [2024-03-04 12:11:23,099] {dag.py:2927} INFO - Setting next_dagrun for example_branch_datetime_operator_2 to 2024-03-03T00:00:00+00:00, run_after=2024-03-04T00:00:00+00:00
[2024-03-04 12:11:23,114] {processor.py:161} INFO - Processing /home/luan/Documents/curso-extracao-de-dados/venv/lib/python3.9/site-packages/airflow/example_dags/example_branch_datetime_operator.py took 0.051 seconds
[2024-03-04 12:14:32,834] {processor.py:153} INFO - Started process (PID=31297) to work on /home/luan/Documents/curso-extracao-de-dados/venv/lib/python3.9/site-packages/airflow/example_dags/example_branch_datetime_operator.py
[2024-03-04 12:14:32,835] {processor.py:641} INFO - Processing file /home/luan/Documents/curso-extracao-de-dados/venv/lib/python3.9/site-packages/airflow/example_dags/example_branch_datetime_operator.py for tasks to queue
[2024-03-04 12:14:32,836] {logging_mixin.py:115} INFO - [2024-03-04 12:14:32,836] {dagbag.py:507} INFO - Filling up the DagBag from /home/luan/Documents/curso-extracao-de-dados/venv/lib/python3.9/site-packages/airflow/example_dags/example_branch_datetime_operator.py
[2024-03-04 12:14:32,840] {processor.py:651} INFO - DAG(s) dict_keys(['example_branch_datetime_operator_2']) retrieved from /home/luan/Documents/curso-extracao-de-dados/venv/lib/python3.9/site-packages/airflow/example_dags/example_branch_datetime_operator.py
[2024-03-04 12:14:32,860] {logging_mixin.py:115} INFO - [2024-03-04 12:14:32,860] {dag.py:2379} INFO - Sync 1 DAGs
[2024-03-04 12:14:32,875] {logging_mixin.py:115} INFO - [2024-03-04 12:14:32,875] {dag.py:2927} INFO - Setting next_dagrun for example_branch_datetime_operator_2 to 2024-03-03T00:00:00+00:00, run_after=2024-03-04T00:00:00+00:00
[2024-03-04 12:14:32,888] {processor.py:161} INFO - Processing /home/luan/Documents/curso-extracao-de-dados/venv/lib/python3.9/site-packages/airflow/example_dags/example_branch_datetime_operator.py took 0.056 seconds
[2024-03-04 12:15:09,282] {processor.py:153} INFO - Started process (PID=31443) to work on /home/luan/Documents/curso-extracao-de-dados/venv/lib/python3.9/site-packages/airflow/example_dags/example_branch_datetime_operator.py
[2024-03-04 12:15:09,284] {processor.py:641} INFO - Processing file /home/luan/Documents/curso-extracao-de-dados/venv/lib/python3.9/site-packages/airflow/example_dags/example_branch_datetime_operator.py for tasks to queue
[2024-03-04 12:15:09,284] {logging_mixin.py:115} INFO - [2024-03-04 12:15:09,284] {dagbag.py:507} INFO - Filling up the DagBag from /home/luan/Documents/curso-extracao-de-dados/venv/lib/python3.9/site-packages/airflow/example_dags/example_branch_datetime_operator.py
[2024-03-04 12:15:09,289] {processor.py:651} INFO - DAG(s) dict_keys(['example_branch_datetime_operator_2']) retrieved from /home/luan/Documents/curso-extracao-de-dados/venv/lib/python3.9/site-packages/airflow/example_dags/example_branch_datetime_operator.py
[2024-03-04 12:15:09,300] {logging_mixin.py:115} INFO - [2024-03-04 12:15:09,299] {dag.py:2379} INFO - Sync 1 DAGs
[2024-03-04 12:15:09,314] {logging_mixin.py:115} INFO - [2024-03-04 12:15:09,313] {dag.py:2927} INFO - Setting next_dagrun for example_branch_datetime_operator_2 to 2024-03-03T00:00:00+00:00, run_after=2024-03-04T00:00:00+00:00
[2024-03-04 12:15:09,329] {processor.py:161} INFO - Processing /home/luan/Documents/curso-extracao-de-dados/venv/lib/python3.9/site-packages/airflow/example_dags/example_branch_datetime_operator.py took 0.049 seconds
[2024-03-04 12:15:42,305] {processor.py:153} INFO - Started process (PID=31576) to work on /home/luan/Documents/curso-extracao-de-dados/venv/lib/python3.9/site-packages/airflow/example_dags/example_branch_datetime_operator.py
[2024-03-04 12:15:42,306] {processor.py:641} INFO - Processing file /home/luan/Documents/curso-extracao-de-dados/venv/lib/python3.9/site-packages/airflow/example_dags/example_branch_datetime_operator.py for tasks to queue
[2024-03-04 12:15:42,307] {logging_mixin.py:115} INFO - [2024-03-04 12:15:42,307] {dagbag.py:507} INFO - Filling up the DagBag from /home/luan/Documents/curso-extracao-de-dados/venv/lib/python3.9/site-packages/airflow/example_dags/example_branch_datetime_operator.py
[2024-03-04 12:15:42,313] {processor.py:651} INFO - DAG(s) dict_keys(['example_branch_datetime_operator_2']) retrieved from /home/luan/Documents/curso-extracao-de-dados/venv/lib/python3.9/site-packages/airflow/example_dags/example_branch_datetime_operator.py
[2024-03-04 12:15:42,323] {logging_mixin.py:115} INFO - [2024-03-04 12:15:42,323] {dag.py:2379} INFO - Sync 1 DAGs
[2024-03-04 12:15:42,339] {logging_mixin.py:115} INFO - [2024-03-04 12:15:42,339] {dag.py:2927} INFO - Setting next_dagrun for example_branch_datetime_operator_2 to 2024-03-03T00:00:00+00:00, run_after=2024-03-04T00:00:00+00:00
[2024-03-04 12:15:42,355] {processor.py:161} INFO - Processing /home/luan/Documents/curso-extracao-de-dados/venv/lib/python3.9/site-packages/airflow/example_dags/example_branch_datetime_operator.py took 0.053 seconds
[2024-03-04 12:16:31,647] {processor.py:153} INFO - Started process (PID=31874) to work on /home/luan/Documents/curso-extracao-de-dados/venv/lib/python3.9/site-packages/airflow/example_dags/example_branch_datetime_operator.py
[2024-03-04 12:16:31,648] {processor.py:641} INFO - Processing file /home/luan/Documents/curso-extracao-de-dados/venv/lib/python3.9/site-packages/airflow/example_dags/example_branch_datetime_operator.py for tasks to queue
[2024-03-04 12:16:31,649] {logging_mixin.py:115} INFO - [2024-03-04 12:16:31,648] {dagbag.py:507} INFO - Filling up the DagBag from /home/luan/Documents/curso-extracao-de-dados/venv/lib/python3.9/site-packages/airflow/example_dags/example_branch_datetime_operator.py
[2024-03-04 12:16:31,654] {processor.py:651} INFO - DAG(s) dict_keys(['example_branch_datetime_operator_2']) retrieved from /home/luan/Documents/curso-extracao-de-dados/venv/lib/python3.9/site-packages/airflow/example_dags/example_branch_datetime_operator.py
[2024-03-04 12:16:31,664] {logging_mixin.py:115} INFO - [2024-03-04 12:16:31,664] {dag.py:2379} INFO - Sync 1 DAGs
[2024-03-04 12:16:31,680] {logging_mixin.py:115} INFO - [2024-03-04 12:16:31,680] {dag.py:2927} INFO - Setting next_dagrun for example_branch_datetime_operator_2 to 2024-03-03T00:00:00+00:00, run_after=2024-03-04T00:00:00+00:00
[2024-03-04 12:16:31,698] {processor.py:161} INFO - Processing /home/luan/Documents/curso-extracao-de-dados/venv/lib/python3.9/site-packages/airflow/example_dags/example_branch_datetime_operator.py took 0.053 seconds
[2024-03-04 12:17:05,651] {processor.py:153} INFO - Started process (PID=32011) to work on /home/luan/Documents/curso-extracao-de-dados/venv/lib/python3.9/site-packages/airflow/example_dags/example_branch_datetime_operator.py
[2024-03-04 12:17:05,652] {processor.py:641} INFO - Processing file /home/luan/Documents/curso-extracao-de-dados/venv/lib/python3.9/site-packages/airflow/example_dags/example_branch_datetime_operator.py for tasks to queue
[2024-03-04 12:17:05,653] {logging_mixin.py:115} INFO - [2024-03-04 12:17:05,653] {dagbag.py:507} INFO - Filling up the DagBag from /home/luan/Documents/curso-extracao-de-dados/venv/lib/python3.9/site-packages/airflow/example_dags/example_branch_datetime_operator.py
[2024-03-04 12:17:05,657] {processor.py:651} INFO - DAG(s) dict_keys(['example_branch_datetime_operator_2']) retrieved from /home/luan/Documents/curso-extracao-de-dados/venv/lib/python3.9/site-packages/airflow/example_dags/example_branch_datetime_operator.py
[2024-03-04 12:17:05,668] {logging_mixin.py:115} INFO - [2024-03-04 12:17:05,668] {dag.py:2379} INFO - Sync 1 DAGs
[2024-03-04 12:17:05,682] {logging_mixin.py:115} INFO - [2024-03-04 12:17:05,682] {dag.py:2927} INFO - Setting next_dagrun for example_branch_datetime_operator_2 to 2024-03-03T00:00:00+00:00, run_after=2024-03-04T00:00:00+00:00
[2024-03-04 12:17:05,696] {processor.py:161} INFO - Processing /home/luan/Documents/curso-extracao-de-dados/venv/lib/python3.9/site-packages/airflow/example_dags/example_branch_datetime_operator.py took 0.047 seconds
[2024-03-04 12:17:39,483] {processor.py:153} INFO - Started process (PID=32145) to work on /home/luan/Documents/curso-extracao-de-dados/venv/lib/python3.9/site-packages/airflow/example_dags/example_branch_datetime_operator.py
[2024-03-04 12:17:39,488] {processor.py:641} INFO - Processing file /home/luan/Documents/curso-extracao-de-dados/venv/lib/python3.9/site-packages/airflow/example_dags/example_branch_datetime_operator.py for tasks to queue
[2024-03-04 12:17:39,488] {logging_mixin.py:115} INFO - [2024-03-04 12:17:39,488] {dagbag.py:507} INFO - Filling up the DagBag from /home/luan/Documents/curso-extracao-de-dados/venv/lib/python3.9/site-packages/airflow/example_dags/example_branch_datetime_operator.py
[2024-03-04 12:17:39,494] {processor.py:651} INFO - DAG(s) dict_keys(['example_branch_datetime_operator_2']) retrieved from /home/luan/Documents/curso-extracao-de-dados/venv/lib/python3.9/site-packages/airflow/example_dags/example_branch_datetime_operator.py
[2024-03-04 12:17:39,505] {logging_mixin.py:115} INFO - [2024-03-04 12:17:39,505] {dag.py:2379} INFO - Sync 1 DAGs
[2024-03-04 12:17:39,523] {logging_mixin.py:115} INFO - [2024-03-04 12:17:39,523] {dag.py:2927} INFO - Setting next_dagrun for example_branch_datetime_operator_2 to 2024-03-03T00:00:00+00:00, run_after=2024-03-04T00:00:00+00:00
[2024-03-04 12:17:39,539] {processor.py:161} INFO - Processing /home/luan/Documents/curso-extracao-de-dados/venv/lib/python3.9/site-packages/airflow/example_dags/example_branch_datetime_operator.py took 0.058 seconds
[2024-03-04 12:19:05,485] {processor.py:153} INFO - Started process (PID=32572) to work on /home/luan/Documents/curso-extracao-de-dados/venv/lib/python3.9/site-packages/airflow/example_dags/example_branch_datetime_operator.py
[2024-03-04 12:19:05,486] {processor.py:641} INFO - Processing file /home/luan/Documents/curso-extracao-de-dados/venv/lib/python3.9/site-packages/airflow/example_dags/example_branch_datetime_operator.py for tasks to queue
[2024-03-04 12:19:05,487] {logging_mixin.py:115} INFO - [2024-03-04 12:19:05,487] {dagbag.py:507} INFO - Filling up the DagBag from /home/luan/Documents/curso-extracao-de-dados/venv/lib/python3.9/site-packages/airflow/example_dags/example_branch_datetime_operator.py
[2024-03-04 12:19:05,492] {processor.py:651} INFO - DAG(s) dict_keys(['example_branch_datetime_operator_2']) retrieved from /home/luan/Documents/curso-extracao-de-dados/venv/lib/python3.9/site-packages/airflow/example_dags/example_branch_datetime_operator.py
[2024-03-04 12:19:05,502] {logging_mixin.py:115} INFO - [2024-03-04 12:19:05,502] {dag.py:2379} INFO - Sync 1 DAGs
[2024-03-04 12:19:05,516] {logging_mixin.py:115} INFO - [2024-03-04 12:19:05,515] {dag.py:2927} INFO - Setting next_dagrun for example_branch_datetime_operator_2 to 2024-03-03T00:00:00+00:00, run_after=2024-03-04T00:00:00+00:00
[2024-03-04 12:19:05,530] {processor.py:161} INFO - Processing /home/luan/Documents/curso-extracao-de-dados/venv/lib/python3.9/site-packages/airflow/example_dags/example_branch_datetime_operator.py took 0.047 seconds
