[2024-03-04 11:21:17,136] {processor.py:153} INFO - Started process (PID=17470) to work on /home/luan/Documents/curso-extracao-de-dados/venv/lib/python3.9/site-packages/airflow/example_dags/example_short_circuit_operator.py
[2024-03-04 11:21:17,137] {processor.py:641} INFO - Processing file /home/luan/Documents/curso-extracao-de-dados/venv/lib/python3.9/site-packages/airflow/example_dags/example_short_circuit_operator.py for tasks to queue
[2024-03-04 11:21:17,137] {logging_mixin.py:115} INFO - [2024-03-04 11:21:17,137] {dagbag.py:507} INFO - Filling up the DagBag from /home/luan/Documents/curso-extracao-de-dados/venv/lib/python3.9/site-packages/airflow/example_dags/example_short_circuit_operator.py
[2024-03-04 11:21:17,143] {processor.py:651} INFO - DAG(s) dict_keys(['example_short_circuit_operator']) retrieved from /home/luan/Documents/curso-extracao-de-dados/venv/lib/python3.9/site-packages/airflow/example_dags/example_short_circuit_operator.py
[2024-03-04 11:21:17,197] {logging_mixin.py:115} INFO - [2024-03-04 11:21:17,197] {manager.py:508} INFO - Created Permission View: can edit on DAG:example_short_circuit_operator
[2024-03-04 11:21:17,208] {logging_mixin.py:115} INFO - [2024-03-04 11:21:17,208] {manager.py:508} INFO - Created Permission View: can delete on DAG:example_short_circuit_operator
[2024-03-04 11:21:17,217] {logging_mixin.py:115} INFO - [2024-03-04 11:21:17,217] {manager.py:508} INFO - Created Permission View: can read on DAG:example_short_circuit_operator
[2024-03-04 11:21:17,218] {logging_mixin.py:115} INFO - [2024-03-04 11:21:17,217] {dag.py:2379} INFO - Sync 1 DAGs
[2024-03-04 11:21:17,223] {logging_mixin.py:115} INFO - [2024-03-04 11:21:17,223] {dag.py:2398} INFO - Creating ORM DAG for example_short_circuit_operator
[2024-03-04 11:21:17,229] {logging_mixin.py:115} INFO - [2024-03-04 11:21:17,229] {dag.py:2927} INFO - Setting next_dagrun for example_short_circuit_operator to 2024-03-03T14:21:17.229337+00:00, run_after=2024-03-04T14:21:17.229337+00:00
[2024-03-04 11:21:17,247] {processor.py:161} INFO - Processing /home/luan/Documents/curso-extracao-de-dados/venv/lib/python3.9/site-packages/airflow/example_dags/example_short_circuit_operator.py took 0.113 seconds
[2024-03-04 11:21:52,609] {processor.py:153} INFO - Started process (PID=17611) to work on /home/luan/Documents/curso-extracao-de-dados/venv/lib/python3.9/site-packages/airflow/example_dags/example_short_circuit_operator.py
[2024-03-04 11:21:52,610] {processor.py:641} INFO - Processing file /home/luan/Documents/curso-extracao-de-dados/venv/lib/python3.9/site-packages/airflow/example_dags/example_short_circuit_operator.py for tasks to queue
[2024-03-04 11:21:52,611] {logging_mixin.py:115} INFO - [2024-03-04 11:21:52,611] {dagbag.py:507} INFO - Filling up the DagBag from /home/luan/Documents/curso-extracao-de-dados/venv/lib/python3.9/site-packages/airflow/example_dags/example_short_circuit_operator.py
[2024-03-04 11:21:52,616] {processor.py:651} INFO - DAG(s) dict_keys(['example_short_circuit_operator']) retrieved from /home/luan/Documents/curso-extracao-de-dados/venv/lib/python3.9/site-packages/airflow/example_dags/example_short_circuit_operator.py
[2024-03-04 11:21:52,628] {logging_mixin.py:115} INFO - [2024-03-04 11:21:52,628] {dag.py:2379} INFO - Sync 1 DAGs
[2024-03-04 11:21:52,642] {logging_mixin.py:115} INFO - [2024-03-04 11:21:52,641] {dag.py:2927} INFO - Setting next_dagrun for example_short_circuit_operator to 2024-03-03T14:21:52.641638+00:00, run_after=2024-03-04T14:21:52.641638+00:00
[2024-03-04 11:21:52,657] {processor.py:161} INFO - Processing /home/luan/Documents/curso-extracao-de-dados/venv/lib/python3.9/site-packages/airflow/example_dags/example_short_circuit_operator.py took 0.050 seconds
[2024-03-04 11:22:24,587] {processor.py:153} INFO - Started process (PID=17736) to work on /home/luan/Documents/curso-extracao-de-dados/venv/lib/python3.9/site-packages/airflow/example_dags/example_short_circuit_operator.py
[2024-03-04 11:22:24,591] {processor.py:641} INFO - Processing file /home/luan/Documents/curso-extracao-de-dados/venv/lib/python3.9/site-packages/airflow/example_dags/example_short_circuit_operator.py for tasks to queue
[2024-03-04 11:22:24,591] {logging_mixin.py:115} INFO - [2024-03-04 11:22:24,591] {dagbag.py:507} INFO - Filling up the DagBag from /home/luan/Documents/curso-extracao-de-dados/venv/lib/python3.9/site-packages/airflow/example_dags/example_short_circuit_operator.py
[2024-03-04 11:22:24,597] {processor.py:651} INFO - DAG(s) dict_keys(['example_short_circuit_operator']) retrieved from /home/luan/Documents/curso-extracao-de-dados/venv/lib/python3.9/site-packages/airflow/example_dags/example_short_circuit_operator.py
[2024-03-04 11:22:24,608] {logging_mixin.py:115} INFO - [2024-03-04 11:22:24,607] {dag.py:2379} INFO - Sync 1 DAGs
[2024-03-04 11:22:24,621] {logging_mixin.py:115} INFO - [2024-03-04 11:22:24,621] {dag.py:2927} INFO - Setting next_dagrun for example_short_circuit_operator to 2024-03-03T14:22:24.621187+00:00, run_after=2024-03-04T14:22:24.621187+00:00
[2024-03-04 11:22:24,635] {processor.py:161} INFO - Processing /home/luan/Documents/curso-extracao-de-dados/venv/lib/python3.9/site-packages/airflow/example_dags/example_short_circuit_operator.py took 0.050 seconds
[2024-03-04 12:05:43,778] {processor.py:153} INFO - Started process (PID=28714) to work on /home/luan/Documents/curso-extracao-de-dados/venv/lib/python3.9/site-packages/airflow/example_dags/example_short_circuit_operator.py
[2024-03-04 12:05:43,779] {processor.py:641} INFO - Processing file /home/luan/Documents/curso-extracao-de-dados/venv/lib/python3.9/site-packages/airflow/example_dags/example_short_circuit_operator.py for tasks to queue
[2024-03-04 12:05:43,779] {logging_mixin.py:115} INFO - [2024-03-04 12:05:43,779] {dagbag.py:507} INFO - Filling up the DagBag from /home/luan/Documents/curso-extracao-de-dados/venv/lib/python3.9/site-packages/airflow/example_dags/example_short_circuit_operator.py
[2024-03-04 12:05:43,786] {processor.py:651} INFO - DAG(s) dict_keys(['example_short_circuit_operator']) retrieved from /home/luan/Documents/curso-extracao-de-dados/venv/lib/python3.9/site-packages/airflow/example_dags/example_short_circuit_operator.py
[2024-03-04 12:05:43,801] {logging_mixin.py:115} INFO - [2024-03-04 12:05:43,801] {dag.py:2379} INFO - Sync 1 DAGs
[2024-03-04 12:05:43,820] {logging_mixin.py:115} INFO - [2024-03-04 12:05:43,820] {dag.py:2927} INFO - Setting next_dagrun for example_short_circuit_operator to 2024-03-03T15:05:43.819723+00:00, run_after=2024-03-04T15:05:43.819723+00:00
[2024-03-04 12:05:43,835] {processor.py:161} INFO - Processing /home/luan/Documents/curso-extracao-de-dados/venv/lib/python3.9/site-packages/airflow/example_dags/example_short_circuit_operator.py took 0.058 seconds
[2024-03-04 12:06:15,826] {processor.py:153} INFO - Started process (PID=29007) to work on /home/luan/Documents/curso-extracao-de-dados/venv/lib/python3.9/site-packages/airflow/example_dags/example_short_circuit_operator.py
[2024-03-04 12:06:15,902] {processor.py:641} INFO - Processing file /home/luan/Documents/curso-extracao-de-dados/venv/lib/python3.9/site-packages/airflow/example_dags/example_short_circuit_operator.py for tasks to queue
[2024-03-04 12:06:15,902] {logging_mixin.py:115} INFO - [2024-03-04 12:06:15,902] {dagbag.py:507} INFO - Filling up the DagBag from /home/luan/Documents/curso-extracao-de-dados/venv/lib/python3.9/site-packages/airflow/example_dags/example_short_circuit_operator.py
[2024-03-04 12:06:15,910] {processor.py:651} INFO - DAG(s) dict_keys(['example_short_circuit_operator']) retrieved from /home/luan/Documents/curso-extracao-de-dados/venv/lib/python3.9/site-packages/airflow/example_dags/example_short_circuit_operator.py
[2024-03-04 12:06:15,922] {logging_mixin.py:115} INFO - [2024-03-04 12:06:15,922] {dag.py:2379} INFO - Sync 1 DAGs
[2024-03-04 12:06:15,940] {logging_mixin.py:115} INFO - [2024-03-04 12:06:15,940] {dag.py:2927} INFO - Setting next_dagrun for example_short_circuit_operator to 2024-03-03T15:06:15.939817+00:00, run_after=2024-03-04T15:06:15.939817+00:00
[2024-03-04 12:06:16,166] {processor.py:161} INFO - Processing /home/luan/Documents/curso-extracao-de-dados/venv/lib/python3.9/site-packages/airflow/example_dags/example_short_circuit_operator.py took 0.342 seconds
[2024-03-04 12:06:49,692] {processor.py:153} INFO - Started process (PID=29188) to work on /home/luan/Documents/curso-extracao-de-dados/venv/lib/python3.9/site-packages/airflow/example_dags/example_short_circuit_operator.py
[2024-03-04 12:06:49,696] {processor.py:641} INFO - Processing file /home/luan/Documents/curso-extracao-de-dados/venv/lib/python3.9/site-packages/airflow/example_dags/example_short_circuit_operator.py for tasks to queue
[2024-03-04 12:06:49,696] {logging_mixin.py:115} INFO - [2024-03-04 12:06:49,696] {dagbag.py:507} INFO - Filling up the DagBag from /home/luan/Documents/curso-extracao-de-dados/venv/lib/python3.9/site-packages/airflow/example_dags/example_short_circuit_operator.py
[2024-03-04 12:06:49,701] {processor.py:651} INFO - DAG(s) dict_keys(['example_short_circuit_operator']) retrieved from /home/luan/Documents/curso-extracao-de-dados/venv/lib/python3.9/site-packages/airflow/example_dags/example_short_circuit_operator.py
[2024-03-04 12:06:49,713] {logging_mixin.py:115} INFO - [2024-03-04 12:06:49,713] {dag.py:2379} INFO - Sync 1 DAGs
[2024-03-04 12:06:49,728] {logging_mixin.py:115} INFO - [2024-03-04 12:06:49,728] {dag.py:2927} INFO - Setting next_dagrun for example_short_circuit_operator to 2024-03-03T15:06:49.728077+00:00, run_after=2024-03-04T15:06:49.728077+00:00
[2024-03-04 12:06:49,742] {processor.py:161} INFO - Processing /home/luan/Documents/curso-extracao-de-dados/venv/lib/python3.9/site-packages/airflow/example_dags/example_short_circuit_operator.py took 0.052 seconds
[2024-03-04 12:07:11,628] {processor.py:153} INFO - Started process (PID=29344) to work on /home/luan/Documents/curso-extracao-de-dados/venv/lib/python3.9/site-packages/airflow/example_dags/example_short_circuit_operator.py
[2024-03-04 12:07:11,630] {processor.py:641} INFO - Processing file /home/luan/Documents/curso-extracao-de-dados/venv/lib/python3.9/site-packages/airflow/example_dags/example_short_circuit_operator.py for tasks to queue
[2024-03-04 12:07:11,631] {logging_mixin.py:115} INFO - [2024-03-04 12:07:11,631] {dagbag.py:507} INFO - Filling up the DagBag from /home/luan/Documents/curso-extracao-de-dados/venv/lib/python3.9/site-packages/airflow/example_dags/example_short_circuit_operator.py
[2024-03-04 12:07:11,637] {processor.py:651} INFO - DAG(s) dict_keys(['example_short_circuit_operator']) retrieved from /home/luan/Documents/curso-extracao-de-dados/venv/lib/python3.9/site-packages/airflow/example_dags/example_short_circuit_operator.py
[2024-03-04 12:07:11,653] {logging_mixin.py:115} INFO - [2024-03-04 12:07:11,653] {dag.py:2379} INFO - Sync 1 DAGs
[2024-03-04 12:07:11,669] {logging_mixin.py:115} INFO - [2024-03-04 12:07:11,669] {dag.py:2927} INFO - Setting next_dagrun for example_short_circuit_operator to 2024-03-03T15:07:11.669232+00:00, run_after=2024-03-04T15:07:11.669232+00:00
[2024-03-04 12:07:11,686] {processor.py:161} INFO - Processing /home/luan/Documents/curso-extracao-de-dados/venv/lib/python3.9/site-packages/airflow/example_dags/example_short_circuit_operator.py took 0.061 seconds
[2024-03-04 12:07:42,476] {processor.py:153} INFO - Started process (PID=29452) to work on /home/luan/Documents/curso-extracao-de-dados/venv/lib/python3.9/site-packages/airflow/example_dags/example_short_circuit_operator.py
[2024-03-04 12:07:42,481] {processor.py:641} INFO - Processing file /home/luan/Documents/curso-extracao-de-dados/venv/lib/python3.9/site-packages/airflow/example_dags/example_short_circuit_operator.py for tasks to queue
[2024-03-04 12:07:42,481] {logging_mixin.py:115} INFO - [2024-03-04 12:07:42,481] {dagbag.py:507} INFO - Filling up the DagBag from /home/luan/Documents/curso-extracao-de-dados/venv/lib/python3.9/site-packages/airflow/example_dags/example_short_circuit_operator.py
[2024-03-04 12:07:42,486] {processor.py:651} INFO - DAG(s) dict_keys(['example_short_circuit_operator']) retrieved from /home/luan/Documents/curso-extracao-de-dados/venv/lib/python3.9/site-packages/airflow/example_dags/example_short_circuit_operator.py
[2024-03-04 12:07:42,498] {logging_mixin.py:115} INFO - [2024-03-04 12:07:42,498] {dag.py:2379} INFO - Sync 1 DAGs
[2024-03-04 12:07:42,512] {logging_mixin.py:115} INFO - [2024-03-04 12:07:42,512] {dag.py:2927} INFO - Setting next_dagrun for example_short_circuit_operator to 2024-03-03T15:07:42.512142+00:00, run_after=2024-03-04T15:07:42.512142+00:00
[2024-03-04 12:07:42,526] {processor.py:161} INFO - Processing /home/luan/Documents/curso-extracao-de-dados/venv/lib/python3.9/site-packages/airflow/example_dags/example_short_circuit_operator.py took 0.051 seconds
[2024-03-04 12:08:16,728] {processor.py:153} INFO - Started process (PID=29583) to work on /home/luan/Documents/curso-extracao-de-dados/venv/lib/python3.9/site-packages/airflow/example_dags/example_short_circuit_operator.py
[2024-03-04 12:08:16,732] {processor.py:641} INFO - Processing file /home/luan/Documents/curso-extracao-de-dados/venv/lib/python3.9/site-packages/airflow/example_dags/example_short_circuit_operator.py for tasks to queue
[2024-03-04 12:08:16,733] {logging_mixin.py:115} INFO - [2024-03-04 12:08:16,733] {dagbag.py:507} INFO - Filling up the DagBag from /home/luan/Documents/curso-extracao-de-dados/venv/lib/python3.9/site-packages/airflow/example_dags/example_short_circuit_operator.py
[2024-03-04 12:08:16,738] {processor.py:651} INFO - DAG(s) dict_keys(['example_short_circuit_operator']) retrieved from /home/luan/Documents/curso-extracao-de-dados/venv/lib/python3.9/site-packages/airflow/example_dags/example_short_circuit_operator.py
[2024-03-04 12:08:16,749] {logging_mixin.py:115} INFO - [2024-03-04 12:08:16,749] {dag.py:2379} INFO - Sync 1 DAGs
[2024-03-04 12:08:16,763] {logging_mixin.py:115} INFO - [2024-03-04 12:08:16,763] {dag.py:2927} INFO - Setting next_dagrun for example_short_circuit_operator to 2024-03-03T15:08:16.762954+00:00, run_after=2024-03-04T15:08:16.762954+00:00
[2024-03-04 12:08:16,776] {processor.py:161} INFO - Processing /home/luan/Documents/curso-extracao-de-dados/venv/lib/python3.9/site-packages/airflow/example_dags/example_short_circuit_operator.py took 0.049 seconds
[2024-03-04 12:08:47,807] {processor.py:153} INFO - Started process (PID=29707) to work on /home/luan/Documents/curso-extracao-de-dados/venv/lib/python3.9/site-packages/airflow/example_dags/example_short_circuit_operator.py
[2024-03-04 12:08:47,809] {processor.py:641} INFO - Processing file /home/luan/Documents/curso-extracao-de-dados/venv/lib/python3.9/site-packages/airflow/example_dags/example_short_circuit_operator.py for tasks to queue
[2024-03-04 12:08:47,809] {logging_mixin.py:115} INFO - [2024-03-04 12:08:47,809] {dagbag.py:507} INFO - Filling up the DagBag from /home/luan/Documents/curso-extracao-de-dados/venv/lib/python3.9/site-packages/airflow/example_dags/example_short_circuit_operator.py
[2024-03-04 12:08:47,815] {processor.py:651} INFO - DAG(s) dict_keys(['example_short_circuit_operator']) retrieved from /home/luan/Documents/curso-extracao-de-dados/venv/lib/python3.9/site-packages/airflow/example_dags/example_short_circuit_operator.py
[2024-03-04 12:08:47,830] {logging_mixin.py:115} INFO - [2024-03-04 12:08:47,829] {dag.py:2379} INFO - Sync 1 DAGs
[2024-03-04 12:08:47,842] {logging_mixin.py:115} INFO - [2024-03-04 12:08:47,842] {dag.py:2927} INFO - Setting next_dagrun for example_short_circuit_operator to 2024-03-03T15:08:47.842535+00:00, run_after=2024-03-04T15:08:47.842535+00:00
[2024-03-04 12:08:47,858] {processor.py:161} INFO - Processing /home/luan/Documents/curso-extracao-de-dados/venv/lib/python3.9/site-packages/airflow/example_dags/example_short_circuit_operator.py took 0.052 seconds
[2024-03-04 12:09:49,313] {processor.py:153} INFO - Started process (PID=30028) to work on /home/luan/Documents/curso-extracao-de-dados/venv/lib/python3.9/site-packages/airflow/example_dags/example_short_circuit_operator.py
[2024-03-04 12:09:49,314] {processor.py:641} INFO - Processing file /home/luan/Documents/curso-extracao-de-dados/venv/lib/python3.9/site-packages/airflow/example_dags/example_short_circuit_operator.py for tasks to queue
[2024-03-04 12:09:49,314] {logging_mixin.py:115} INFO - [2024-03-04 12:09:49,314] {dagbag.py:507} INFO - Filling up the DagBag from /home/luan/Documents/curso-extracao-de-dados/venv/lib/python3.9/site-packages/airflow/example_dags/example_short_circuit_operator.py
[2024-03-04 12:09:49,319] {processor.py:651} INFO - DAG(s) dict_keys(['example_short_circuit_operator']) retrieved from /home/luan/Documents/curso-extracao-de-dados/venv/lib/python3.9/site-packages/airflow/example_dags/example_short_circuit_operator.py
[2024-03-04 12:09:49,329] {logging_mixin.py:115} INFO - [2024-03-04 12:09:49,329] {dag.py:2379} INFO - Sync 1 DAGs
[2024-03-04 12:09:49,343] {logging_mixin.py:115} INFO - [2024-03-04 12:09:49,343] {dag.py:2927} INFO - Setting next_dagrun for example_short_circuit_operator to 2024-03-03T15:09:49.342828+00:00, run_after=2024-03-04T15:09:49.342828+00:00
[2024-03-04 12:09:49,357] {processor.py:161} INFO - Processing /home/luan/Documents/curso-extracao-de-dados/venv/lib/python3.9/site-packages/airflow/example_dags/example_short_circuit_operator.py took 0.046 seconds
[2024-03-04 12:10:20,156] {processor.py:153} INFO - Started process (PID=30154) to work on /home/luan/Documents/curso-extracao-de-dados/venv/lib/python3.9/site-packages/airflow/example_dags/example_short_circuit_operator.py
[2024-03-04 12:10:20,158] {processor.py:641} INFO - Processing file /home/luan/Documents/curso-extracao-de-dados/venv/lib/python3.9/site-packages/airflow/example_dags/example_short_circuit_operator.py for tasks to queue
[2024-03-04 12:10:20,158] {logging_mixin.py:115} INFO - [2024-03-04 12:10:20,158] {dagbag.py:507} INFO - Filling up the DagBag from /home/luan/Documents/curso-extracao-de-dados/venv/lib/python3.9/site-packages/airflow/example_dags/example_short_circuit_operator.py
[2024-03-04 12:10:20,165] {processor.py:651} INFO - DAG(s) dict_keys(['example_short_circuit_operator']) retrieved from /home/luan/Documents/curso-extracao-de-dados/venv/lib/python3.9/site-packages/airflow/example_dags/example_short_circuit_operator.py
[2024-03-04 12:10:20,177] {logging_mixin.py:115} INFO - [2024-03-04 12:10:20,176] {dag.py:2379} INFO - Sync 1 DAGs
[2024-03-04 12:10:20,190] {logging_mixin.py:115} INFO - [2024-03-04 12:10:20,190] {dag.py:2927} INFO - Setting next_dagrun for example_short_circuit_operator to 2024-03-03T15:10:20.190004+00:00, run_after=2024-03-04T15:10:20.190004+00:00
[2024-03-04 12:10:20,204] {processor.py:161} INFO - Processing /home/luan/Documents/curso-extracao-de-dados/venv/lib/python3.9/site-packages/airflow/example_dags/example_short_circuit_operator.py took 0.049 seconds
[2024-03-04 12:10:54,506] {processor.py:153} INFO - Started process (PID=30296) to work on /home/luan/Documents/curso-extracao-de-dados/venv/lib/python3.9/site-packages/airflow/example_dags/example_short_circuit_operator.py
[2024-03-04 12:10:54,507] {processor.py:641} INFO - Processing file /home/luan/Documents/curso-extracao-de-dados/venv/lib/python3.9/site-packages/airflow/example_dags/example_short_circuit_operator.py for tasks to queue
[2024-03-04 12:10:54,508] {logging_mixin.py:115} INFO - [2024-03-04 12:10:54,508] {dagbag.py:507} INFO - Filling up the DagBag from /home/luan/Documents/curso-extracao-de-dados/venv/lib/python3.9/site-packages/airflow/example_dags/example_short_circuit_operator.py
[2024-03-04 12:10:54,513] {processor.py:651} INFO - DAG(s) dict_keys(['example_short_circuit_operator']) retrieved from /home/luan/Documents/curso-extracao-de-dados/venv/lib/python3.9/site-packages/airflow/example_dags/example_short_circuit_operator.py
[2024-03-04 12:10:54,523] {logging_mixin.py:115} INFO - [2024-03-04 12:10:54,523] {dag.py:2379} INFO - Sync 1 DAGs
[2024-03-04 12:10:54,536] {logging_mixin.py:115} INFO - [2024-03-04 12:10:54,536] {dag.py:2927} INFO - Setting next_dagrun for example_short_circuit_operator to 2024-03-03T15:10:54.535917+00:00, run_after=2024-03-04T15:10:54.535917+00:00
[2024-03-04 12:10:54,550] {processor.py:161} INFO - Processing /home/luan/Documents/curso-extracao-de-dados/venv/lib/python3.9/site-packages/airflow/example_dags/example_short_circuit_operator.py took 0.046 seconds
[2024-03-04 12:11:25,475] {processor.py:153} INFO - Started process (PID=30425) to work on /home/luan/Documents/curso-extracao-de-dados/venv/lib/python3.9/site-packages/airflow/example_dags/example_short_circuit_operator.py
[2024-03-04 12:11:25,476] {processor.py:641} INFO - Processing file /home/luan/Documents/curso-extracao-de-dados/venv/lib/python3.9/site-packages/airflow/example_dags/example_short_circuit_operator.py for tasks to queue
[2024-03-04 12:11:25,477] {logging_mixin.py:115} INFO - [2024-03-04 12:11:25,477] {dagbag.py:507} INFO - Filling up the DagBag from /home/luan/Documents/curso-extracao-de-dados/venv/lib/python3.9/site-packages/airflow/example_dags/example_short_circuit_operator.py
[2024-03-04 12:11:25,483] {processor.py:651} INFO - DAG(s) dict_keys(['example_short_circuit_operator']) retrieved from /home/luan/Documents/curso-extracao-de-dados/venv/lib/python3.9/site-packages/airflow/example_dags/example_short_circuit_operator.py
[2024-03-04 12:11:25,494] {logging_mixin.py:115} INFO - [2024-03-04 12:11:25,494] {dag.py:2379} INFO - Sync 1 DAGs
[2024-03-04 12:11:25,509] {logging_mixin.py:115} INFO - [2024-03-04 12:11:25,509] {dag.py:2927} INFO - Setting next_dagrun for example_short_circuit_operator to 2024-03-03T15:11:25.509063+00:00, run_after=2024-03-04T15:11:25.509063+00:00
[2024-03-04 12:11:25,524] {processor.py:161} INFO - Processing /home/luan/Documents/curso-extracao-de-dados/venv/lib/python3.9/site-packages/airflow/example_dags/example_short_circuit_operator.py took 0.050 seconds
[2024-03-04 12:14:07,571] {processor.py:153} INFO - Started process (PID=31192) to work on /home/luan/Documents/curso-extracao-de-dados/venv/lib/python3.9/site-packages/airflow/example_dags/example_short_circuit_operator.py
[2024-03-04 12:14:07,576] {processor.py:641} INFO - Processing file /home/luan/Documents/curso-extracao-de-dados/venv/lib/python3.9/site-packages/airflow/example_dags/example_short_circuit_operator.py for tasks to queue
[2024-03-04 12:14:07,576] {logging_mixin.py:115} INFO - [2024-03-04 12:14:07,576] {dagbag.py:507} INFO - Filling up the DagBag from /home/luan/Documents/curso-extracao-de-dados/venv/lib/python3.9/site-packages/airflow/example_dags/example_short_circuit_operator.py
[2024-03-04 12:14:07,581] {processor.py:651} INFO - DAG(s) dict_keys(['example_short_circuit_operator']) retrieved from /home/luan/Documents/curso-extracao-de-dados/venv/lib/python3.9/site-packages/airflow/example_dags/example_short_circuit_operator.py
[2024-03-04 12:14:07,592] {logging_mixin.py:115} INFO - [2024-03-04 12:14:07,592] {dag.py:2379} INFO - Sync 1 DAGs
[2024-03-04 12:14:07,608] {logging_mixin.py:115} INFO - [2024-03-04 12:14:07,608] {dag.py:2927} INFO - Setting next_dagrun for example_short_circuit_operator to 2024-03-03T15:14:07.608376+00:00, run_after=2024-03-04T15:14:07.608376+00:00
[2024-03-04 12:14:07,624] {processor.py:161} INFO - Processing /home/luan/Documents/curso-extracao-de-dados/venv/lib/python3.9/site-packages/airflow/example_dags/example_short_circuit_operator.py took 0.054 seconds
[2024-03-04 12:14:38,421] {processor.py:153} INFO - Started process (PID=31321) to work on /home/luan/Documents/curso-extracao-de-dados/venv/lib/python3.9/site-packages/airflow/example_dags/example_short_circuit_operator.py
[2024-03-04 12:14:38,422] {processor.py:641} INFO - Processing file /home/luan/Documents/curso-extracao-de-dados/venv/lib/python3.9/site-packages/airflow/example_dags/example_short_circuit_operator.py for tasks to queue
[2024-03-04 12:14:38,422] {logging_mixin.py:115} INFO - [2024-03-04 12:14:38,422] {dagbag.py:507} INFO - Filling up the DagBag from /home/luan/Documents/curso-extracao-de-dados/venv/lib/python3.9/site-packages/airflow/example_dags/example_short_circuit_operator.py
[2024-03-04 12:14:38,427] {processor.py:651} INFO - DAG(s) dict_keys(['example_short_circuit_operator']) retrieved from /home/luan/Documents/curso-extracao-de-dados/venv/lib/python3.9/site-packages/airflow/example_dags/example_short_circuit_operator.py
[2024-03-04 12:14:38,438] {logging_mixin.py:115} INFO - [2024-03-04 12:14:38,438] {dag.py:2379} INFO - Sync 1 DAGs
[2024-03-04 12:14:38,450] {logging_mixin.py:115} INFO - [2024-03-04 12:14:38,450] {dag.py:2927} INFO - Setting next_dagrun for example_short_circuit_operator to 2024-03-03T15:14:38.450282+00:00, run_after=2024-03-04T15:14:38.450282+00:00
[2024-03-04 12:14:38,466] {processor.py:161} INFO - Processing /home/luan/Documents/curso-extracao-de-dados/venv/lib/python3.9/site-packages/airflow/example_dags/example_short_circuit_operator.py took 0.047 seconds
[2024-03-04 12:15:12,680] {processor.py:153} INFO - Started process (PID=31459) to work on /home/luan/Documents/curso-extracao-de-dados/venv/lib/python3.9/site-packages/airflow/example_dags/example_short_circuit_operator.py
[2024-03-04 12:15:12,681] {processor.py:641} INFO - Processing file /home/luan/Documents/curso-extracao-de-dados/venv/lib/python3.9/site-packages/airflow/example_dags/example_short_circuit_operator.py for tasks to queue
[2024-03-04 12:15:12,681] {logging_mixin.py:115} INFO - [2024-03-04 12:15:12,681] {dagbag.py:507} INFO - Filling up the DagBag from /home/luan/Documents/curso-extracao-de-dados/venv/lib/python3.9/site-packages/airflow/example_dags/example_short_circuit_operator.py
[2024-03-04 12:15:12,688] {processor.py:651} INFO - DAG(s) dict_keys(['example_short_circuit_operator']) retrieved from /home/luan/Documents/curso-extracao-de-dados/venv/lib/python3.9/site-packages/airflow/example_dags/example_short_circuit_operator.py
[2024-03-04 12:15:12,699] {logging_mixin.py:115} INFO - [2024-03-04 12:15:12,699] {dag.py:2379} INFO - Sync 1 DAGs
[2024-03-04 12:15:12,714] {logging_mixin.py:115} INFO - [2024-03-04 12:15:12,713] {dag.py:2927} INFO - Setting next_dagrun for example_short_circuit_operator to 2024-03-03T15:15:12.713635+00:00, run_after=2024-03-04T15:15:12.713635+00:00
[2024-03-04 12:15:12,729] {processor.py:161} INFO - Processing /home/luan/Documents/curso-extracao-de-dados/venv/lib/python3.9/site-packages/airflow/example_dags/example_short_circuit_operator.py took 0.051 seconds
[2024-03-04 12:15:44,856] {processor.py:153} INFO - Started process (PID=31585) to work on /home/luan/Documents/curso-extracao-de-dados/venv/lib/python3.9/site-packages/airflow/example_dags/example_short_circuit_operator.py
[2024-03-04 12:15:44,860] {processor.py:641} INFO - Processing file /home/luan/Documents/curso-extracao-de-dados/venv/lib/python3.9/site-packages/airflow/example_dags/example_short_circuit_operator.py for tasks to queue
[2024-03-04 12:15:44,860] {logging_mixin.py:115} INFO - [2024-03-04 12:15:44,860] {dagbag.py:507} INFO - Filling up the DagBag from /home/luan/Documents/curso-extracao-de-dados/venv/lib/python3.9/site-packages/airflow/example_dags/example_short_circuit_operator.py
[2024-03-04 12:15:44,866] {processor.py:651} INFO - DAG(s) dict_keys(['example_short_circuit_operator']) retrieved from /home/luan/Documents/curso-extracao-de-dados/venv/lib/python3.9/site-packages/airflow/example_dags/example_short_circuit_operator.py
[2024-03-04 12:15:44,876] {logging_mixin.py:115} INFO - [2024-03-04 12:15:44,876] {dag.py:2379} INFO - Sync 1 DAGs
[2024-03-04 12:15:44,889] {logging_mixin.py:115} INFO - [2024-03-04 12:15:44,889] {dag.py:2927} INFO - Setting next_dagrun for example_short_circuit_operator to 2024-03-03T15:15:44.889152+00:00, run_after=2024-03-04T15:15:44.889152+00:00
[2024-03-04 12:15:44,905] {processor.py:161} INFO - Processing /home/luan/Documents/curso-extracao-de-dados/venv/lib/python3.9/site-packages/airflow/example_dags/example_short_circuit_operator.py took 0.051 seconds
[2024-03-04 12:16:06,383] {processor.py:153} INFO - Started process (PID=31774) to work on /home/luan/Documents/curso-extracao-de-dados/venv/lib/python3.9/site-packages/airflow/example_dags/example_short_circuit_operator.py
[2024-03-04 12:16:06,384] {processor.py:641} INFO - Processing file /home/luan/Documents/curso-extracao-de-dados/venv/lib/python3.9/site-packages/airflow/example_dags/example_short_circuit_operator.py for tasks to queue
[2024-03-04 12:16:06,384] {logging_mixin.py:115} INFO - [2024-03-04 12:16:06,384] {dagbag.py:507} INFO - Filling up the DagBag from /home/luan/Documents/curso-extracao-de-dados/venv/lib/python3.9/site-packages/airflow/example_dags/example_short_circuit_operator.py
[2024-03-04 12:16:06,389] {processor.py:651} INFO - DAG(s) dict_keys(['example_short_circuit_operator']) retrieved from /home/luan/Documents/curso-extracao-de-dados/venv/lib/python3.9/site-packages/airflow/example_dags/example_short_circuit_operator.py
[2024-03-04 12:16:06,400] {logging_mixin.py:115} INFO - [2024-03-04 12:16:06,400] {dag.py:2379} INFO - Sync 1 DAGs
[2024-03-04 12:16:06,412] {logging_mixin.py:115} INFO - [2024-03-04 12:16:06,412] {dag.py:2927} INFO - Setting next_dagrun for example_short_circuit_operator to 2024-03-03T15:16:06.412444+00:00, run_after=2024-03-04T15:16:06.412444+00:00
[2024-03-04 12:16:06,425] {processor.py:161} INFO - Processing /home/luan/Documents/curso-extracao-de-dados/venv/lib/python3.9/site-packages/airflow/example_dags/example_short_circuit_operator.py took 0.044 seconds
[2024-03-04 12:16:37,230] {processor.py:153} INFO - Started process (PID=31892) to work on /home/luan/Documents/curso-extracao-de-dados/venv/lib/python3.9/site-packages/airflow/example_dags/example_short_circuit_operator.py
[2024-03-04 12:16:37,235] {processor.py:641} INFO - Processing file /home/luan/Documents/curso-extracao-de-dados/venv/lib/python3.9/site-packages/airflow/example_dags/example_short_circuit_operator.py for tasks to queue
[2024-03-04 12:16:37,235] {logging_mixin.py:115} INFO - [2024-03-04 12:16:37,235] {dagbag.py:507} INFO - Filling up the DagBag from /home/luan/Documents/curso-extracao-de-dados/venv/lib/python3.9/site-packages/airflow/example_dags/example_short_circuit_operator.py
[2024-03-04 12:16:37,241] {processor.py:651} INFO - DAG(s) dict_keys(['example_short_circuit_operator']) retrieved from /home/luan/Documents/curso-extracao-de-dados/venv/lib/python3.9/site-packages/airflow/example_dags/example_short_circuit_operator.py
[2024-03-04 12:16:37,252] {logging_mixin.py:115} INFO - [2024-03-04 12:16:37,252] {dag.py:2379} INFO - Sync 1 DAGs
[2024-03-04 12:16:37,265] {logging_mixin.py:115} INFO - [2024-03-04 12:16:37,264] {dag.py:2927} INFO - Setting next_dagrun for example_short_circuit_operator to 2024-03-03T15:16:37.264784+00:00, run_after=2024-03-04T15:16:37.264784+00:00
[2024-03-04 12:16:37,333] {processor.py:161} INFO - Processing /home/luan/Documents/curso-extracao-de-dados/venv/lib/python3.9/site-packages/airflow/example_dags/example_short_circuit_operator.py took 0.104 seconds
[2024-03-04 12:17:11,924] {processor.py:153} INFO - Started process (PID=32038) to work on /home/luan/Documents/curso-extracao-de-dados/venv/lib/python3.9/site-packages/airflow/example_dags/example_short_circuit_operator.py
[2024-03-04 12:17:11,926] {processor.py:641} INFO - Processing file /home/luan/Documents/curso-extracao-de-dados/venv/lib/python3.9/site-packages/airflow/example_dags/example_short_circuit_operator.py for tasks to queue
[2024-03-04 12:17:11,926] {logging_mixin.py:115} INFO - [2024-03-04 12:17:11,926] {dagbag.py:507} INFO - Filling up the DagBag from /home/luan/Documents/curso-extracao-de-dados/venv/lib/python3.9/site-packages/airflow/example_dags/example_short_circuit_operator.py
[2024-03-04 12:17:11,931] {processor.py:651} INFO - DAG(s) dict_keys(['example_short_circuit_operator']) retrieved from /home/luan/Documents/curso-extracao-de-dados/venv/lib/python3.9/site-packages/airflow/example_dags/example_short_circuit_operator.py
[2024-03-04 12:17:11,943] {logging_mixin.py:115} INFO - [2024-03-04 12:17:11,943] {dag.py:2379} INFO - Sync 1 DAGs
[2024-03-04 12:17:11,956] {logging_mixin.py:115} INFO - [2024-03-04 12:17:11,956] {dag.py:2927} INFO - Setting next_dagrun for example_short_circuit_operator to 2024-03-03T15:17:11.956455+00:00, run_after=2024-03-04T15:17:11.956455+00:00
[2024-03-04 12:17:11,971] {processor.py:161} INFO - Processing /home/luan/Documents/curso-extracao-de-dados/venv/lib/python3.9/site-packages/airflow/example_dags/example_short_circuit_operator.py took 0.048 seconds
[2024-03-04 12:17:44,626] {processor.py:153} INFO - Started process (PID=32168) to work on /home/luan/Documents/curso-extracao-de-dados/venv/lib/python3.9/site-packages/airflow/example_dags/example_short_circuit_operator.py
[2024-03-04 12:17:44,628] {processor.py:641} INFO - Processing file /home/luan/Documents/curso-extracao-de-dados/venv/lib/python3.9/site-packages/airflow/example_dags/example_short_circuit_operator.py for tasks to queue
[2024-03-04 12:17:44,628] {logging_mixin.py:115} INFO - [2024-03-04 12:17:44,628] {dagbag.py:507} INFO - Filling up the DagBag from /home/luan/Documents/curso-extracao-de-dados/venv/lib/python3.9/site-packages/airflow/example_dags/example_short_circuit_operator.py
[2024-03-04 12:17:44,633] {processor.py:651} INFO - DAG(s) dict_keys(['example_short_circuit_operator']) retrieved from /home/luan/Documents/curso-extracao-de-dados/venv/lib/python3.9/site-packages/airflow/example_dags/example_short_circuit_operator.py
[2024-03-04 12:17:44,645] {logging_mixin.py:115} INFO - [2024-03-04 12:17:44,645] {dag.py:2379} INFO - Sync 1 DAGs
[2024-03-04 12:17:44,658] {logging_mixin.py:115} INFO - [2024-03-04 12:17:44,658] {dag.py:2927} INFO - Setting next_dagrun for example_short_circuit_operator to 2024-03-03T15:17:44.657886+00:00, run_after=2024-03-04T15:17:44.657886+00:00
[2024-03-04 12:17:44,672] {processor.py:161} INFO - Processing /home/luan/Documents/curso-extracao-de-dados/venv/lib/python3.9/site-packages/airflow/example_dags/example_short_circuit_operator.py took 0.047 seconds
[2024-03-04 12:18:40,224] {processor.py:153} INFO - Started process (PID=32470) to work on /home/luan/Documents/curso-extracao-de-dados/venv/lib/python3.9/site-packages/airflow/example_dags/example_short_circuit_operator.py
[2024-03-04 12:18:40,228] {processor.py:641} INFO - Processing file /home/luan/Documents/curso-extracao-de-dados/venv/lib/python3.9/site-packages/airflow/example_dags/example_short_circuit_operator.py for tasks to queue
[2024-03-04 12:18:40,229] {logging_mixin.py:115} INFO - [2024-03-04 12:18:40,228] {dagbag.py:507} INFO - Filling up the DagBag from /home/luan/Documents/curso-extracao-de-dados/venv/lib/python3.9/site-packages/airflow/example_dags/example_short_circuit_operator.py
[2024-03-04 12:18:40,234] {processor.py:651} INFO - DAG(s) dict_keys(['example_short_circuit_operator']) retrieved from /home/luan/Documents/curso-extracao-de-dados/venv/lib/python3.9/site-packages/airflow/example_dags/example_short_circuit_operator.py
[2024-03-04 12:18:40,245] {logging_mixin.py:115} INFO - [2024-03-04 12:18:40,245] {dag.py:2379} INFO - Sync 1 DAGs
[2024-03-04 12:18:40,262] {logging_mixin.py:115} INFO - [2024-03-04 12:18:40,262] {dag.py:2927} INFO - Setting next_dagrun for example_short_circuit_operator to 2024-03-03T15:18:40.262319+00:00, run_after=2024-03-04T15:18:40.262319+00:00
[2024-03-04 12:18:40,277] {processor.py:161} INFO - Processing /home/luan/Documents/curso-extracao-de-dados/venv/lib/python3.9/site-packages/airflow/example_dags/example_short_circuit_operator.py took 0.055 seconds
[2024-03-04 12:19:11,064] {processor.py:153} INFO - Started process (PID=32596) to work on /home/luan/Documents/curso-extracao-de-dados/venv/lib/python3.9/site-packages/airflow/example_dags/example_short_circuit_operator.py
[2024-03-04 12:19:11,068] {processor.py:641} INFO - Processing file /home/luan/Documents/curso-extracao-de-dados/venv/lib/python3.9/site-packages/airflow/example_dags/example_short_circuit_operator.py for tasks to queue
[2024-03-04 12:19:11,068] {logging_mixin.py:115} INFO - [2024-03-04 12:19:11,068] {dagbag.py:507} INFO - Filling up the DagBag from /home/luan/Documents/curso-extracao-de-dados/venv/lib/python3.9/site-packages/airflow/example_dags/example_short_circuit_operator.py
[2024-03-04 12:19:11,074] {processor.py:651} INFO - DAG(s) dict_keys(['example_short_circuit_operator']) retrieved from /home/luan/Documents/curso-extracao-de-dados/venv/lib/python3.9/site-packages/airflow/example_dags/example_short_circuit_operator.py
[2024-03-04 12:19:11,084] {logging_mixin.py:115} INFO - [2024-03-04 12:19:11,084] {dag.py:2379} INFO - Sync 1 DAGs
[2024-03-04 12:19:11,097] {logging_mixin.py:115} INFO - [2024-03-04 12:19:11,097] {dag.py:2927} INFO - Setting next_dagrun for example_short_circuit_operator to 2024-03-03T15:19:11.097084+00:00, run_after=2024-03-04T15:19:11.097084+00:00
[2024-03-04 12:19:11,110] {processor.py:161} INFO - Processing /home/luan/Documents/curso-extracao-de-dados/venv/lib/python3.9/site-packages/airflow/example_dags/example_short_circuit_operator.py took 0.047 seconds
