[2024-03-04 11:21:42,376] {processor.py:153} INFO - Started process (PID=17571) to work on /home/luan/Documents/curso-extracao-de-dados/venv/lib/python3.9/site-packages/airflow/example_dags/example_latest_only.py
[2024-03-04 11:21:42,377] {processor.py:641} INFO - Processing file /home/luan/Documents/curso-extracao-de-dados/venv/lib/python3.9/site-packages/airflow/example_dags/example_latest_only.py for tasks to queue
[2024-03-04 11:21:42,377] {logging_mixin.py:115} INFO - [2024-03-04 11:21:42,377] {dagbag.py:507} INFO - Filling up the DagBag from /home/luan/Documents/curso-extracao-de-dados/venv/lib/python3.9/site-packages/airflow/example_dags/example_latest_only.py
[2024-03-04 11:21:42,381] {processor.py:651} INFO - DAG(s) dict_keys(['latest_only']) retrieved from /home/luan/Documents/curso-extracao-de-dados/venv/lib/python3.9/site-packages/airflow/example_dags/example_latest_only.py
[2024-03-04 11:21:42,453] {logging_mixin.py:115} INFO - [2024-03-04 11:21:42,453] {manager.py:508} INFO - Created Permission View: can edit on DAG:latest_only
[2024-03-04 11:21:42,464] {logging_mixin.py:115} INFO - [2024-03-04 11:21:42,464] {manager.py:508} INFO - Created Permission View: can delete on DAG:latest_only
[2024-03-04 11:21:42,474] {logging_mixin.py:115} INFO - [2024-03-04 11:21:42,474] {manager.py:508} INFO - Created Permission View: can read on DAG:latest_only
[2024-03-04 11:21:42,474] {logging_mixin.py:115} INFO - [2024-03-04 11:21:42,474] {dag.py:2379} INFO - Sync 1 DAGs
[2024-03-04 11:21:42,480] {logging_mixin.py:115} INFO - [2024-03-04 11:21:42,480] {dag.py:2398} INFO - Creating ORM DAG for latest_only
[2024-03-04 11:21:42,487] {logging_mixin.py:115} INFO - [2024-03-04 11:21:42,487] {dag.py:2927} INFO - Setting next_dagrun for latest_only to 2024-03-04T10:21:42.487129+00:00, run_after=2024-03-04T14:21:42.487129+00:00
[2024-03-04 11:21:42,505] {processor.py:161} INFO - Processing /home/luan/Documents/curso-extracao-de-dados/venv/lib/python3.9/site-packages/airflow/example_dags/example_latest_only.py took 0.131 seconds
[2024-03-04 11:22:14,303] {processor.py:153} INFO - Started process (PID=17696) to work on /home/luan/Documents/curso-extracao-de-dados/venv/lib/python3.9/site-packages/airflow/example_dags/example_latest_only.py
[2024-03-04 11:22:14,305] {processor.py:641} INFO - Processing file /home/luan/Documents/curso-extracao-de-dados/venv/lib/python3.9/site-packages/airflow/example_dags/example_latest_only.py for tasks to queue
[2024-03-04 11:22:14,306] {logging_mixin.py:115} INFO - [2024-03-04 11:22:14,306] {dagbag.py:507} INFO - Filling up the DagBag from /home/luan/Documents/curso-extracao-de-dados/venv/lib/python3.9/site-packages/airflow/example_dags/example_latest_only.py
[2024-03-04 11:22:14,312] {processor.py:651} INFO - DAG(s) dict_keys(['latest_only']) retrieved from /home/luan/Documents/curso-extracao-de-dados/venv/lib/python3.9/site-packages/airflow/example_dags/example_latest_only.py
[2024-03-04 11:22:14,327] {logging_mixin.py:115} INFO - [2024-03-04 11:22:14,326] {dag.py:2379} INFO - Sync 1 DAGs
[2024-03-04 11:22:14,353] {logging_mixin.py:115} INFO - [2024-03-04 11:22:14,352] {dag.py:2927} INFO - Setting next_dagrun for latest_only to 2024-03-04T10:22:14.352538+00:00, run_after=2024-03-04T14:22:14.352538+00:00
[2024-03-04 11:22:14,367] {processor.py:161} INFO - Processing /home/luan/Documents/curso-extracao-de-dados/venv/lib/python3.9/site-packages/airflow/example_dags/example_latest_only.py took 0.067 seconds
[2024-03-04 11:22:49,780] {processor.py:153} INFO - Started process (PID=17836) to work on /home/luan/Documents/curso-extracao-de-dados/venv/lib/python3.9/site-packages/airflow/example_dags/example_latest_only.py
[2024-03-04 11:22:49,781] {processor.py:641} INFO - Processing file /home/luan/Documents/curso-extracao-de-dados/venv/lib/python3.9/site-packages/airflow/example_dags/example_latest_only.py for tasks to queue
[2024-03-04 11:22:49,782] {logging_mixin.py:115} INFO - [2024-03-04 11:22:49,781] {dagbag.py:507} INFO - Filling up the DagBag from /home/luan/Documents/curso-extracao-de-dados/venv/lib/python3.9/site-packages/airflow/example_dags/example_latest_only.py
[2024-03-04 11:22:49,785] {processor.py:651} INFO - DAG(s) dict_keys(['latest_only']) retrieved from /home/luan/Documents/curso-extracao-de-dados/venv/lib/python3.9/site-packages/airflow/example_dags/example_latest_only.py
[2024-03-04 11:22:49,795] {logging_mixin.py:115} INFO - [2024-03-04 11:22:49,795] {dag.py:2379} INFO - Sync 1 DAGs
[2024-03-04 11:22:49,808] {logging_mixin.py:115} INFO - [2024-03-04 11:22:49,808] {dag.py:2927} INFO - Setting next_dagrun for latest_only to 2024-03-04T10:22:49.807842+00:00, run_after=2024-03-04T14:22:49.807842+00:00
[2024-03-04 11:22:49,824] {processor.py:161} INFO - Processing /home/luan/Documents/curso-extracao-de-dados/venv/lib/python3.9/site-packages/airflow/example_dags/example_latest_only.py took 0.046 seconds
[2024-03-04 12:06:05,492] {processor.py:153} INFO - Started process (PID=28809) to work on /home/luan/Documents/curso-extracao-de-dados/venv/lib/python3.9/site-packages/airflow/example_dags/example_latest_only.py
[2024-03-04 12:06:05,493] {processor.py:641} INFO - Processing file /home/luan/Documents/curso-extracao-de-dados/venv/lib/python3.9/site-packages/airflow/example_dags/example_latest_only.py for tasks to queue
[2024-03-04 12:06:05,494] {logging_mixin.py:115} INFO - [2024-03-04 12:06:05,494] {dagbag.py:507} INFO - Filling up the DagBag from /home/luan/Documents/curso-extracao-de-dados/venv/lib/python3.9/site-packages/airflow/example_dags/example_latest_only.py
[2024-03-04 12:06:05,496] {processor.py:651} INFO - DAG(s) dict_keys(['latest_only']) retrieved from /home/luan/Documents/curso-extracao-de-dados/venv/lib/python3.9/site-packages/airflow/example_dags/example_latest_only.py
[2024-03-04 12:06:05,507] {logging_mixin.py:115} INFO - [2024-03-04 12:06:05,506] {dag.py:2379} INFO - Sync 1 DAGs
[2024-03-04 12:06:05,522] {logging_mixin.py:115} INFO - [2024-03-04 12:06:05,522] {dag.py:2927} INFO - Setting next_dagrun for latest_only to 2024-03-04T11:06:05.522011+00:00, run_after=2024-03-04T15:06:05.522011+00:00
[2024-03-04 12:06:05,538] {processor.py:161} INFO - Processing /home/luan/Documents/curso-extracao-de-dados/venv/lib/python3.9/site-packages/airflow/example_dags/example_latest_only.py took 0.047 seconds
[2024-03-04 12:06:39,562] {processor.py:153} INFO - Started process (PID=29158) to work on /home/luan/Documents/curso-extracao-de-dados/venv/lib/python3.9/site-packages/airflow/example_dags/example_latest_only.py
[2024-03-04 12:06:39,567] {processor.py:641} INFO - Processing file /home/luan/Documents/curso-extracao-de-dados/venv/lib/python3.9/site-packages/airflow/example_dags/example_latest_only.py for tasks to queue
[2024-03-04 12:06:39,567] {logging_mixin.py:115} INFO - [2024-03-04 12:06:39,567] {dagbag.py:507} INFO - Filling up the DagBag from /home/luan/Documents/curso-extracao-de-dados/venv/lib/python3.9/site-packages/airflow/example_dags/example_latest_only.py
[2024-03-04 12:06:39,571] {processor.py:651} INFO - DAG(s) dict_keys(['latest_only']) retrieved from /home/luan/Documents/curso-extracao-de-dados/venv/lib/python3.9/site-packages/airflow/example_dags/example_latest_only.py
[2024-03-04 12:06:39,582] {logging_mixin.py:115} INFO - [2024-03-04 12:06:39,582] {dag.py:2379} INFO - Sync 1 DAGs
[2024-03-04 12:06:39,601] {logging_mixin.py:115} INFO - [2024-03-04 12:06:39,601] {dag.py:2927} INFO - Setting next_dagrun for latest_only to 2024-03-04T11:06:39.601093+00:00, run_after=2024-03-04T15:06:39.601093+00:00
[2024-03-04 12:06:39,615] {processor.py:161} INFO - Processing /home/luan/Documents/curso-extracao-de-dados/venv/lib/python3.9/site-packages/airflow/example_dags/example_latest_only.py took 0.054 seconds
[2024-03-04 12:07:33,335] {processor.py:153} INFO - Started process (PID=29418) to work on /home/luan/Documents/curso-extracao-de-dados/venv/lib/python3.9/site-packages/airflow/example_dags/example_latest_only.py
[2024-03-04 12:07:33,338] {processor.py:641} INFO - Processing file /home/luan/Documents/curso-extracao-de-dados/venv/lib/python3.9/site-packages/airflow/example_dags/example_latest_only.py for tasks to queue
[2024-03-04 12:07:33,339] {logging_mixin.py:115} INFO - [2024-03-04 12:07:33,339] {dagbag.py:507} INFO - Filling up the DagBag from /home/luan/Documents/curso-extracao-de-dados/venv/lib/python3.9/site-packages/airflow/example_dags/example_latest_only.py
[2024-03-04 12:07:33,342] {processor.py:651} INFO - DAG(s) dict_keys(['latest_only']) retrieved from /home/luan/Documents/curso-extracao-de-dados/venv/lib/python3.9/site-packages/airflow/example_dags/example_latest_only.py
[2024-03-04 12:07:33,352] {logging_mixin.py:115} INFO - [2024-03-04 12:07:33,352] {dag.py:2379} INFO - Sync 1 DAGs
[2024-03-04 12:07:33,366] {logging_mixin.py:115} INFO - [2024-03-04 12:07:33,366] {dag.py:2927} INFO - Setting next_dagrun for latest_only to 2024-03-04T11:07:33.366123+00:00, run_after=2024-03-04T15:07:33.366123+00:00
[2024-03-04 12:07:33,379] {processor.py:161} INFO - Processing /home/luan/Documents/curso-extracao-de-dados/venv/lib/python3.9/site-packages/airflow/example_dags/example_latest_only.py took 0.046 seconds
[2024-03-04 12:08:06,987] {processor.py:153} INFO - Started process (PID=29543) to work on /home/luan/Documents/curso-extracao-de-dados/venv/lib/python3.9/site-packages/airflow/example_dags/example_latest_only.py
[2024-03-04 12:08:06,989] {processor.py:641} INFO - Processing file /home/luan/Documents/curso-extracao-de-dados/venv/lib/python3.9/site-packages/airflow/example_dags/example_latest_only.py for tasks to queue
[2024-03-04 12:08:06,990] {logging_mixin.py:115} INFO - [2024-03-04 12:08:06,990] {dagbag.py:507} INFO - Filling up the DagBag from /home/luan/Documents/curso-extracao-de-dados/venv/lib/python3.9/site-packages/airflow/example_dags/example_latest_only.py
[2024-03-04 12:08:06,994] {processor.py:651} INFO - DAG(s) dict_keys(['latest_only']) retrieved from /home/luan/Documents/curso-extracao-de-dados/venv/lib/python3.9/site-packages/airflow/example_dags/example_latest_only.py
[2024-03-04 12:08:07,004] {logging_mixin.py:115} INFO - [2024-03-04 12:08:07,004] {dag.py:2379} INFO - Sync 1 DAGs
[2024-03-04 12:08:07,018] {logging_mixin.py:115} INFO - [2024-03-04 12:08:07,018] {dag.py:2927} INFO - Setting next_dagrun for latest_only to 2024-03-04T11:08:07.017882+00:00, run_after=2024-03-04T15:08:07.017882+00:00
[2024-03-04 12:08:07,033] {processor.py:161} INFO - Processing /home/luan/Documents/curso-extracao-de-dados/venv/lib/python3.9/site-packages/airflow/example_dags/example_latest_only.py took 0.048 seconds
[2024-03-04 12:08:38,809] {processor.py:153} INFO - Started process (PID=29667) to work on /home/luan/Documents/curso-extracao-de-dados/venv/lib/python3.9/site-packages/airflow/example_dags/example_latest_only.py
[2024-03-04 12:08:38,814] {processor.py:641} INFO - Processing file /home/luan/Documents/curso-extracao-de-dados/venv/lib/python3.9/site-packages/airflow/example_dags/example_latest_only.py for tasks to queue
[2024-03-04 12:08:38,815] {logging_mixin.py:115} INFO - [2024-03-04 12:08:38,814] {dagbag.py:507} INFO - Filling up the DagBag from /home/luan/Documents/curso-extracao-de-dados/venv/lib/python3.9/site-packages/airflow/example_dags/example_latest_only.py
[2024-03-04 12:08:38,818] {processor.py:651} INFO - DAG(s) dict_keys(['latest_only']) retrieved from /home/luan/Documents/curso-extracao-de-dados/venv/lib/python3.9/site-packages/airflow/example_dags/example_latest_only.py
[2024-03-04 12:08:38,828] {logging_mixin.py:115} INFO - [2024-03-04 12:08:38,828] {dag.py:2379} INFO - Sync 1 DAGs
[2024-03-04 12:08:38,841] {logging_mixin.py:115} INFO - [2024-03-04 12:08:38,841] {dag.py:2927} INFO - Setting next_dagrun for latest_only to 2024-03-04T11:08:38.841254+00:00, run_after=2024-03-04T15:08:38.841254+00:00
[2024-03-04 12:08:38,857] {processor.py:161} INFO - Processing /home/luan/Documents/curso-extracao-de-dados/venv/lib/python3.9/site-packages/airflow/example_dags/example_latest_only.py took 0.049 seconds
[2024-03-04 12:10:11,014] {processor.py:153} INFO - Started process (PID=30120) to work on /home/luan/Documents/curso-extracao-de-dados/venv/lib/python3.9/site-packages/airflow/example_dags/example_latest_only.py
[2024-03-04 12:10:11,018] {processor.py:641} INFO - Processing file /home/luan/Documents/curso-extracao-de-dados/venv/lib/python3.9/site-packages/airflow/example_dags/example_latest_only.py for tasks to queue
[2024-03-04 12:10:11,018] {logging_mixin.py:115} INFO - [2024-03-04 12:10:11,018] {dagbag.py:507} INFO - Filling up the DagBag from /home/luan/Documents/curso-extracao-de-dados/venv/lib/python3.9/site-packages/airflow/example_dags/example_latest_only.py
[2024-03-04 12:10:11,022] {processor.py:651} INFO - DAG(s) dict_keys(['latest_only']) retrieved from /home/luan/Documents/curso-extracao-de-dados/venv/lib/python3.9/site-packages/airflow/example_dags/example_latest_only.py
[2024-03-04 12:10:11,032] {logging_mixin.py:115} INFO - [2024-03-04 12:10:11,032] {dag.py:2379} INFO - Sync 1 DAGs
[2024-03-04 12:10:11,050] {logging_mixin.py:115} INFO - [2024-03-04 12:10:11,050] {dag.py:2927} INFO - Setting next_dagrun for latest_only to 2024-03-04T11:10:11.049943+00:00, run_after=2024-03-04T15:10:11.049943+00:00
[2024-03-04 12:10:11,066] {processor.py:161} INFO - Processing /home/luan/Documents/curso-extracao-de-dados/venv/lib/python3.9/site-packages/airflow/example_dags/example_latest_only.py took 0.054 seconds
[2024-03-04 12:10:44,666] {processor.py:153} INFO - Started process (PID=30251) to work on /home/luan/Documents/curso-extracao-de-dados/venv/lib/python3.9/site-packages/airflow/example_dags/example_latest_only.py
[2024-03-04 12:10:44,667] {processor.py:641} INFO - Processing file /home/luan/Documents/curso-extracao-de-dados/venv/lib/python3.9/site-packages/airflow/example_dags/example_latest_only.py for tasks to queue
[2024-03-04 12:10:44,668] {logging_mixin.py:115} INFO - [2024-03-04 12:10:44,668] {dagbag.py:507} INFO - Filling up the DagBag from /home/luan/Documents/curso-extracao-de-dados/venv/lib/python3.9/site-packages/airflow/example_dags/example_latest_only.py
[2024-03-04 12:10:44,671] {processor.py:651} INFO - DAG(s) dict_keys(['latest_only']) retrieved from /home/luan/Documents/curso-extracao-de-dados/venv/lib/python3.9/site-packages/airflow/example_dags/example_latest_only.py
[2024-03-04 12:10:44,682] {logging_mixin.py:115} INFO - [2024-03-04 12:10:44,682] {dag.py:2379} INFO - Sync 1 DAGs
[2024-03-04 12:10:44,696] {logging_mixin.py:115} INFO - [2024-03-04 12:10:44,695] {dag.py:2927} INFO - Setting next_dagrun for latest_only to 2024-03-04T11:10:44.695730+00:00, run_after=2024-03-04T15:10:44.695730+00:00
[2024-03-04 12:10:44,712] {processor.py:161} INFO - Processing /home/luan/Documents/curso-extracao-de-dados/venv/lib/python3.9/site-packages/airflow/example_dags/example_latest_only.py took 0.047 seconds
[2024-03-04 12:11:16,475] {processor.py:153} INFO - Started process (PID=30385) to work on /home/luan/Documents/curso-extracao-de-dados/venv/lib/python3.9/site-packages/airflow/example_dags/example_latest_only.py
[2024-03-04 12:11:16,480] {processor.py:641} INFO - Processing file /home/luan/Documents/curso-extracao-de-dados/venv/lib/python3.9/site-packages/airflow/example_dags/example_latest_only.py for tasks to queue
[2024-03-04 12:11:16,480] {logging_mixin.py:115} INFO - [2024-03-04 12:11:16,480] {dagbag.py:507} INFO - Filling up the DagBag from /home/luan/Documents/curso-extracao-de-dados/venv/lib/python3.9/site-packages/airflow/example_dags/example_latest_only.py
[2024-03-04 12:11:16,485] {processor.py:651} INFO - DAG(s) dict_keys(['latest_only']) retrieved from /home/luan/Documents/curso-extracao-de-dados/venv/lib/python3.9/site-packages/airflow/example_dags/example_latest_only.py
[2024-03-04 12:11:16,497] {logging_mixin.py:115} INFO - [2024-03-04 12:11:16,496] {dag.py:2379} INFO - Sync 1 DAGs
[2024-03-04 12:11:16,512] {logging_mixin.py:115} INFO - [2024-03-04 12:11:16,511] {dag.py:2927} INFO - Setting next_dagrun for latest_only to 2024-03-04T11:11:16.511590+00:00, run_after=2024-03-04T15:11:16.511590+00:00
[2024-03-04 12:11:16,527] {processor.py:161} INFO - Processing /home/luan/Documents/curso-extracao-de-dados/venv/lib/python3.9/site-packages/airflow/example_dags/example_latest_only.py took 0.053 seconds
[2024-03-04 12:14:29,280] {processor.py:153} INFO - Started process (PID=31287) to work on /home/luan/Documents/curso-extracao-de-dados/venv/lib/python3.9/site-packages/airflow/example_dags/example_latest_only.py
[2024-03-04 12:14:29,281] {processor.py:641} INFO - Processing file /home/luan/Documents/curso-extracao-de-dados/venv/lib/python3.9/site-packages/airflow/example_dags/example_latest_only.py for tasks to queue
[2024-03-04 12:14:29,283] {logging_mixin.py:115} INFO - [2024-03-04 12:14:29,283] {dagbag.py:507} INFO - Filling up the DagBag from /home/luan/Documents/curso-extracao-de-dados/venv/lib/python3.9/site-packages/airflow/example_dags/example_latest_only.py
[2024-03-04 12:14:29,288] {processor.py:651} INFO - DAG(s) dict_keys(['latest_only']) retrieved from /home/luan/Documents/curso-extracao-de-dados/venv/lib/python3.9/site-packages/airflow/example_dags/example_latest_only.py
[2024-03-04 12:14:29,300] {logging_mixin.py:115} INFO - [2024-03-04 12:14:29,300] {dag.py:2379} INFO - Sync 1 DAGs
[2024-03-04 12:14:29,317] {logging_mixin.py:115} INFO - [2024-03-04 12:14:29,317] {dag.py:2927} INFO - Setting next_dagrun for latest_only to 2024-03-04T11:14:29.317191+00:00, run_after=2024-03-04T15:14:29.317191+00:00
[2024-03-04 12:14:29,333] {processor.py:161} INFO - Processing /home/luan/Documents/curso-extracao-de-dados/venv/lib/python3.9/site-packages/airflow/example_dags/example_latest_only.py took 0.058 seconds
[2024-03-04 12:15:02,933] {processor.py:153} INFO - Started process (PID=31417) to work on /home/luan/Documents/curso-extracao-de-dados/venv/lib/python3.9/site-packages/airflow/example_dags/example_latest_only.py
[2024-03-04 12:15:02,937] {processor.py:641} INFO - Processing file /home/luan/Documents/curso-extracao-de-dados/venv/lib/python3.9/site-packages/airflow/example_dags/example_latest_only.py for tasks to queue
[2024-03-04 12:15:02,938] {logging_mixin.py:115} INFO - [2024-03-04 12:15:02,938] {dagbag.py:507} INFO - Filling up the DagBag from /home/luan/Documents/curso-extracao-de-dados/venv/lib/python3.9/site-packages/airflow/example_dags/example_latest_only.py
[2024-03-04 12:15:02,944] {processor.py:651} INFO - DAG(s) dict_keys(['latest_only']) retrieved from /home/luan/Documents/curso-extracao-de-dados/venv/lib/python3.9/site-packages/airflow/example_dags/example_latest_only.py
[2024-03-04 12:15:02,960] {logging_mixin.py:115} INFO - [2024-03-04 12:15:02,959] {dag.py:2379} INFO - Sync 1 DAGs
[2024-03-04 12:15:02,976] {logging_mixin.py:115} INFO - [2024-03-04 12:15:02,976] {dag.py:2927} INFO - Setting next_dagrun for latest_only to 2024-03-04T11:15:02.976512+00:00, run_after=2024-03-04T15:15:02.976512+00:00
[2024-03-04 12:15:02,993] {processor.py:161} INFO - Processing /home/luan/Documents/curso-extracao-de-dados/venv/lib/python3.9/site-packages/airflow/example_dags/example_latest_only.py took 0.062 seconds
[2024-03-04 12:15:34,883] {processor.py:153} INFO - Started process (PID=31545) to work on /home/luan/Documents/curso-extracao-de-dados/venv/lib/python3.9/site-packages/airflow/example_dags/example_latest_only.py
[2024-03-04 12:15:34,885] {processor.py:641} INFO - Processing file /home/luan/Documents/curso-extracao-de-dados/venv/lib/python3.9/site-packages/airflow/example_dags/example_latest_only.py for tasks to queue
[2024-03-04 12:15:34,885] {logging_mixin.py:115} INFO - [2024-03-04 12:15:34,885] {dagbag.py:507} INFO - Filling up the DagBag from /home/luan/Documents/curso-extracao-de-dados/venv/lib/python3.9/site-packages/airflow/example_dags/example_latest_only.py
[2024-03-04 12:15:34,888] {processor.py:651} INFO - DAG(s) dict_keys(['latest_only']) retrieved from /home/luan/Documents/curso-extracao-de-dados/venv/lib/python3.9/site-packages/airflow/example_dags/example_latest_only.py
[2024-03-04 12:15:34,898] {logging_mixin.py:115} INFO - [2024-03-04 12:15:34,898] {dag.py:2379} INFO - Sync 1 DAGs
[2024-03-04 12:15:34,911] {logging_mixin.py:115} INFO - [2024-03-04 12:15:34,911] {dag.py:2927} INFO - Setting next_dagrun for latest_only to 2024-03-04T11:15:34.911472+00:00, run_after=2024-03-04T15:15:34.911472+00:00
[2024-03-04 12:15:34,925] {processor.py:161} INFO - Processing /home/luan/Documents/curso-extracao-de-dados/venv/lib/python3.9/site-packages/airflow/example_dags/example_latest_only.py took 0.044 seconds
[2024-03-04 12:16:28,089] {processor.py:153} INFO - Started process (PID=31858) to work on /home/luan/Documents/curso-extracao-de-dados/venv/lib/python3.9/site-packages/airflow/example_dags/example_latest_only.py
[2024-03-04 12:16:28,093] {processor.py:641} INFO - Processing file /home/luan/Documents/curso-extracao-de-dados/venv/lib/python3.9/site-packages/airflow/example_dags/example_latest_only.py for tasks to queue
[2024-03-04 12:16:28,094] {logging_mixin.py:115} INFO - [2024-03-04 12:16:28,094] {dagbag.py:507} INFO - Filling up the DagBag from /home/luan/Documents/curso-extracao-de-dados/venv/lib/python3.9/site-packages/airflow/example_dags/example_latest_only.py
[2024-03-04 12:16:28,097] {processor.py:651} INFO - DAG(s) dict_keys(['latest_only']) retrieved from /home/luan/Documents/curso-extracao-de-dados/venv/lib/python3.9/site-packages/airflow/example_dags/example_latest_only.py
[2024-03-04 12:16:28,108] {logging_mixin.py:115} INFO - [2024-03-04 12:16:28,108] {dag.py:2379} INFO - Sync 1 DAGs
[2024-03-04 12:16:28,123] {logging_mixin.py:115} INFO - [2024-03-04 12:16:28,123] {dag.py:2927} INFO - Setting next_dagrun for latest_only to 2024-03-04T11:16:28.123205+00:00, run_after=2024-03-04T15:16:28.123205+00:00
[2024-03-04 12:16:28,138] {processor.py:161} INFO - Processing /home/luan/Documents/curso-extracao-de-dados/venv/lib/python3.9/site-packages/airflow/example_dags/example_latest_only.py took 0.050 seconds
[2024-03-04 12:17:02,040] {processor.py:153} INFO - Started process (PID=31993) to work on /home/luan/Documents/curso-extracao-de-dados/venv/lib/python3.9/site-packages/airflow/example_dags/example_latest_only.py
[2024-03-04 12:17:02,041] {processor.py:641} INFO - Processing file /home/luan/Documents/curso-extracao-de-dados/venv/lib/python3.9/site-packages/airflow/example_dags/example_latest_only.py for tasks to queue
[2024-03-04 12:17:02,041] {logging_mixin.py:115} INFO - [2024-03-04 12:17:02,041] {dagbag.py:507} INFO - Filling up the DagBag from /home/luan/Documents/curso-extracao-de-dados/venv/lib/python3.9/site-packages/airflow/example_dags/example_latest_only.py
[2024-03-04 12:17:02,045] {processor.py:651} INFO - DAG(s) dict_keys(['latest_only']) retrieved from /home/luan/Documents/curso-extracao-de-dados/venv/lib/python3.9/site-packages/airflow/example_dags/example_latest_only.py
[2024-03-04 12:17:02,057] {logging_mixin.py:115} INFO - [2024-03-04 12:17:02,057] {dag.py:2379} INFO - Sync 1 DAGs
[2024-03-04 12:17:02,073] {logging_mixin.py:115} INFO - [2024-03-04 12:17:02,073] {dag.py:2927} INFO - Setting next_dagrun for latest_only to 2024-03-04T11:17:02.073588+00:00, run_after=2024-03-04T15:17:02.073588+00:00
[2024-03-04 12:17:02,091] {processor.py:161} INFO - Processing /home/luan/Documents/curso-extracao-de-dados/venv/lib/python3.9/site-packages/airflow/example_dags/example_latest_only.py took 0.053 seconds
[2024-03-04 12:17:34,341] {processor.py:153} INFO - Started process (PID=32128) to work on /home/luan/Documents/curso-extracao-de-dados/venv/lib/python3.9/site-packages/airflow/example_dags/example_latest_only.py
[2024-03-04 12:17:34,345] {processor.py:641} INFO - Processing file /home/luan/Documents/curso-extracao-de-dados/venv/lib/python3.9/site-packages/airflow/example_dags/example_latest_only.py for tasks to queue
[2024-03-04 12:17:34,346] {logging_mixin.py:115} INFO - [2024-03-04 12:17:34,346] {dagbag.py:507} INFO - Filling up the DagBag from /home/luan/Documents/curso-extracao-de-dados/venv/lib/python3.9/site-packages/airflow/example_dags/example_latest_only.py
[2024-03-04 12:17:34,349] {processor.py:651} INFO - DAG(s) dict_keys(['latest_only']) retrieved from /home/luan/Documents/curso-extracao-de-dados/venv/lib/python3.9/site-packages/airflow/example_dags/example_latest_only.py
[2024-03-04 12:17:34,359] {logging_mixin.py:115} INFO - [2024-03-04 12:17:34,359] {dag.py:2379} INFO - Sync 1 DAGs
[2024-03-04 12:17:34,374] {logging_mixin.py:115} INFO - [2024-03-04 12:17:34,374] {dag.py:2927} INFO - Setting next_dagrun for latest_only to 2024-03-04T11:17:34.374120+00:00, run_after=2024-03-04T15:17:34.374120+00:00
[2024-03-04 12:17:34,389] {processor.py:161} INFO - Processing /home/luan/Documents/curso-extracao-de-dados/venv/lib/python3.9/site-packages/airflow/example_dags/example_latest_only.py took 0.049 seconds
[2024-03-04 12:18:08,485] {processor.py:153} INFO - Started process (PID=32258) to work on /home/luan/Documents/curso-extracao-de-dados/venv/lib/python3.9/site-packages/airflow/example_dags/example_latest_only.py
[2024-03-04 12:18:08,490] {processor.py:641} INFO - Processing file /home/luan/Documents/curso-extracao-de-dados/venv/lib/python3.9/site-packages/airflow/example_dags/example_latest_only.py for tasks to queue
[2024-03-04 12:18:08,490] {logging_mixin.py:115} INFO - [2024-03-04 12:18:08,490] {dagbag.py:507} INFO - Filling up the DagBag from /home/luan/Documents/curso-extracao-de-dados/venv/lib/python3.9/site-packages/airflow/example_dags/example_latest_only.py
[2024-03-04 12:18:08,494] {processor.py:651} INFO - DAG(s) dict_keys(['latest_only']) retrieved from /home/luan/Documents/curso-extracao-de-dados/venv/lib/python3.9/site-packages/airflow/example_dags/example_latest_only.py
[2024-03-04 12:18:08,505] {logging_mixin.py:115} INFO - [2024-03-04 12:18:08,505] {dag.py:2379} INFO - Sync 1 DAGs
[2024-03-04 12:18:08,519] {logging_mixin.py:115} INFO - [2024-03-04 12:18:08,518] {dag.py:2927} INFO - Setting next_dagrun for latest_only to 2024-03-04T11:18:08.518790+00:00, run_after=2024-03-04T15:18:08.518790+00:00
[2024-03-04 12:18:08,532] {processor.py:161} INFO - Processing /home/luan/Documents/curso-extracao-de-dados/venv/lib/python3.9/site-packages/airflow/example_dags/example_latest_only.py took 0.049 seconds
[2024-03-04 12:19:01,922] {processor.py:153} INFO - Started process (PID=32556) to work on /home/luan/Documents/curso-extracao-de-dados/venv/lib/python3.9/site-packages/airflow/example_dags/example_latest_only.py
[2024-03-04 12:19:01,926] {processor.py:641} INFO - Processing file /home/luan/Documents/curso-extracao-de-dados/venv/lib/python3.9/site-packages/airflow/example_dags/example_latest_only.py for tasks to queue
[2024-03-04 12:19:01,927] {logging_mixin.py:115} INFO - [2024-03-04 12:19:01,927] {dagbag.py:507} INFO - Filling up the DagBag from /home/luan/Documents/curso-extracao-de-dados/venv/lib/python3.9/site-packages/airflow/example_dags/example_latest_only.py
[2024-03-04 12:19:01,930] {processor.py:651} INFO - DAG(s) dict_keys(['latest_only']) retrieved from /home/luan/Documents/curso-extracao-de-dados/venv/lib/python3.9/site-packages/airflow/example_dags/example_latest_only.py
[2024-03-04 12:19:01,940] {logging_mixin.py:115} INFO - [2024-03-04 12:19:01,940] {dag.py:2379} INFO - Sync 1 DAGs
[2024-03-04 12:19:01,953] {logging_mixin.py:115} INFO - [2024-03-04 12:19:01,953] {dag.py:2927} INFO - Setting next_dagrun for latest_only to 2024-03-04T11:19:01.953318+00:00, run_after=2024-03-04T15:19:01.953318+00:00
[2024-03-04 12:19:01,966] {processor.py:161} INFO - Processing /home/luan/Documents/curso-extracao-de-dados/venv/lib/python3.9/site-packages/airflow/example_dags/example_latest_only.py took 0.046 seconds
