[2024-03-04 11:21:14,426] {processor.py:153} INFO - Started process (PID=17455) to work on /home/luan/Documents/curso-extracao-de-dados/venv/lib/python3.9/site-packages/airflow/example_dags/example_branch_labels.py
[2024-03-04 11:21:14,426] {processor.py:641} INFO - Processing file /home/luan/Documents/curso-extracao-de-dados/venv/lib/python3.9/site-packages/airflow/example_dags/example_branch_labels.py for tasks to queue
[2024-03-04 11:21:14,427] {logging_mixin.py:115} INFO - [2024-03-04 11:21:14,427] {dagbag.py:507} INFO - Filling up the DagBag from /home/luan/Documents/curso-extracao-de-dados/venv/lib/python3.9/site-packages/airflow/example_dags/example_branch_labels.py
[2024-03-04 11:21:14,431] {processor.py:651} INFO - DAG(s) dict_keys(['example_branch_labels']) retrieved from /home/luan/Documents/curso-extracao-de-dados/venv/lib/python3.9/site-packages/airflow/example_dags/example_branch_labels.py
[2024-03-04 11:21:14,487] {logging_mixin.py:115} INFO - [2024-03-04 11:21:14,487] {manager.py:508} INFO - Created Permission View: can edit on DAG:example_branch_labels
[2024-03-04 11:21:14,499] {logging_mixin.py:115} INFO - [2024-03-04 11:21:14,499] {manager.py:508} INFO - Created Permission View: can delete on DAG:example_branch_labels
[2024-03-04 11:21:14,510] {logging_mixin.py:115} INFO - [2024-03-04 11:21:14,510] {manager.py:508} INFO - Created Permission View: can read on DAG:example_branch_labels
[2024-03-04 11:21:14,510] {logging_mixin.py:115} INFO - [2024-03-04 11:21:14,510] {dag.py:2379} INFO - Sync 1 DAGs
[2024-03-04 11:21:14,516] {logging_mixin.py:115} INFO - [2024-03-04 11:21:14,516] {dag.py:2398} INFO - Creating ORM DAG for example_branch_labels
[2024-03-04 11:21:14,524] {logging_mixin.py:115} INFO - [2024-03-04 11:21:14,524] {dag.py:2927} INFO - Setting next_dagrun for example_branch_labels to 2024-03-03T00:00:00+00:00, run_after=2024-03-04T00:00:00+00:00
[2024-03-04 11:21:14,539] {processor.py:161} INFO - Processing /home/luan/Documents/curso-extracao-de-dados/venv/lib/python3.9/site-packages/airflow/example_dags/example_branch_labels.py took 0.115 seconds
[2024-03-04 11:21:49,777] {processor.py:153} INFO - Started process (PID=17596) to work on /home/luan/Documents/curso-extracao-de-dados/venv/lib/python3.9/site-packages/airflow/example_dags/example_branch_labels.py
[2024-03-04 11:21:49,778] {processor.py:641} INFO - Processing file /home/luan/Documents/curso-extracao-de-dados/venv/lib/python3.9/site-packages/airflow/example_dags/example_branch_labels.py for tasks to queue
[2024-03-04 11:21:49,778] {logging_mixin.py:115} INFO - [2024-03-04 11:21:49,778] {dagbag.py:507} INFO - Filling up the DagBag from /home/luan/Documents/curso-extracao-de-dados/venv/lib/python3.9/site-packages/airflow/example_dags/example_branch_labels.py
[2024-03-04 11:21:49,782] {processor.py:651} INFO - DAG(s) dict_keys(['example_branch_labels']) retrieved from /home/luan/Documents/curso-extracao-de-dados/venv/lib/python3.9/site-packages/airflow/example_dags/example_branch_labels.py
[2024-03-04 11:21:49,793] {logging_mixin.py:115} INFO - [2024-03-04 11:21:49,793] {dag.py:2379} INFO - Sync 1 DAGs
[2024-03-04 11:21:49,808] {logging_mixin.py:115} INFO - [2024-03-04 11:21:49,808] {dag.py:2927} INFO - Setting next_dagrun for example_branch_labels to 2024-03-03T00:00:00+00:00, run_after=2024-03-04T00:00:00+00:00
[2024-03-04 11:21:49,824] {processor.py:161} INFO - Processing /home/luan/Documents/curso-extracao-de-dados/venv/lib/python3.9/site-packages/airflow/example_dags/example_branch_labels.py took 0.049 seconds
[2024-03-04 11:22:21,716] {processor.py:153} INFO - Started process (PID=17727) to work on /home/luan/Documents/curso-extracao-de-dados/venv/lib/python3.9/site-packages/airflow/example_dags/example_branch_labels.py
[2024-03-04 11:22:21,718] {processor.py:641} INFO - Processing file /home/luan/Documents/curso-extracao-de-dados/venv/lib/python3.9/site-packages/airflow/example_dags/example_branch_labels.py for tasks to queue
[2024-03-04 11:22:21,718] {logging_mixin.py:115} INFO - [2024-03-04 11:22:21,718] {dagbag.py:507} INFO - Filling up the DagBag from /home/luan/Documents/curso-extracao-de-dados/venv/lib/python3.9/site-packages/airflow/example_dags/example_branch_labels.py
[2024-03-04 11:22:21,722] {processor.py:651} INFO - DAG(s) dict_keys(['example_branch_labels']) retrieved from /home/luan/Documents/curso-extracao-de-dados/venv/lib/python3.9/site-packages/airflow/example_dags/example_branch_labels.py
[2024-03-04 11:22:21,734] {logging_mixin.py:115} INFO - [2024-03-04 11:22:21,733] {dag.py:2379} INFO - Sync 1 DAGs
[2024-03-04 11:22:21,749] {logging_mixin.py:115} INFO - [2024-03-04 11:22:21,748] {dag.py:2927} INFO - Setting next_dagrun for example_branch_labels to 2024-03-03T00:00:00+00:00, run_after=2024-03-04T00:00:00+00:00
[2024-03-04 11:22:21,761] {processor.py:161} INFO - Processing /home/luan/Documents/curso-extracao-de-dados/venv/lib/python3.9/site-packages/airflow/example_dags/example_branch_labels.py took 0.047 seconds
[2024-03-04 12:05:41,084] {processor.py:153} INFO - Started process (PID=28705) to work on /home/luan/Documents/curso-extracao-de-dados/venv/lib/python3.9/site-packages/airflow/example_dags/example_branch_labels.py
[2024-03-04 12:05:41,085] {processor.py:641} INFO - Processing file /home/luan/Documents/curso-extracao-de-dados/venv/lib/python3.9/site-packages/airflow/example_dags/example_branch_labels.py for tasks to queue
[2024-03-04 12:05:41,086] {logging_mixin.py:115} INFO - [2024-03-04 12:05:41,086] {dagbag.py:507} INFO - Filling up the DagBag from /home/luan/Documents/curso-extracao-de-dados/venv/lib/python3.9/site-packages/airflow/example_dags/example_branch_labels.py
[2024-03-04 12:05:41,091] {processor.py:651} INFO - DAG(s) dict_keys(['example_branch_labels']) retrieved from /home/luan/Documents/curso-extracao-de-dados/venv/lib/python3.9/site-packages/airflow/example_dags/example_branch_labels.py
[2024-03-04 12:05:41,104] {logging_mixin.py:115} INFO - [2024-03-04 12:05:41,104] {dag.py:2379} INFO - Sync 1 DAGs
[2024-03-04 12:05:41,122] {logging_mixin.py:115} INFO - [2024-03-04 12:05:41,121] {dag.py:2927} INFO - Setting next_dagrun for example_branch_labels to 2024-03-03T00:00:00+00:00, run_after=2024-03-04T00:00:00+00:00
[2024-03-04 12:05:41,137] {processor.py:161} INFO - Processing /home/luan/Documents/curso-extracao-de-dados/venv/lib/python3.9/site-packages/airflow/example_dags/example_branch_labels.py took 0.055 seconds
[2024-03-04 12:06:11,873] {processor.py:153} INFO - Started process (PID=28895) to work on /home/luan/Documents/curso-extracao-de-dados/venv/lib/python3.9/site-packages/airflow/example_dags/example_branch_labels.py
[2024-03-04 12:06:11,875] {processor.py:641} INFO - Processing file /home/luan/Documents/curso-extracao-de-dados/venv/lib/python3.9/site-packages/airflow/example_dags/example_branch_labels.py for tasks to queue
[2024-03-04 12:06:11,877] {logging_mixin.py:115} INFO - [2024-03-04 12:06:11,876] {dagbag.py:507} INFO - Filling up the DagBag from /home/luan/Documents/curso-extracao-de-dados/venv/lib/python3.9/site-packages/airflow/example_dags/example_branch_labels.py
[2024-03-04 12:06:11,898] {processor.py:651} INFO - DAG(s) dict_keys(['example_branch_labels']) retrieved from /home/luan/Documents/curso-extracao-de-dados/venv/lib/python3.9/site-packages/airflow/example_dags/example_branch_labels.py
[2024-03-04 12:06:11,963] {logging_mixin.py:115} INFO - [2024-03-04 12:06:11,963] {dag.py:2379} INFO - Sync 1 DAGs
[2024-03-04 12:06:12,058] {logging_mixin.py:115} INFO - [2024-03-04 12:06:12,058] {dag.py:2927} INFO - Setting next_dagrun for example_branch_labels to 2024-03-03T00:00:00+00:00, run_after=2024-03-04T00:00:00+00:00
[2024-03-04 12:06:12,110] {processor.py:161} INFO - Processing /home/luan/Documents/curso-extracao-de-dados/venv/lib/python3.9/site-packages/airflow/example_dags/example_branch_labels.py took 0.247 seconds
[2024-03-04 12:06:46,895] {processor.py:153} INFO - Started process (PID=29179) to work on /home/luan/Documents/curso-extracao-de-dados/venv/lib/python3.9/site-packages/airflow/example_dags/example_branch_labels.py
[2024-03-04 12:06:46,896] {processor.py:641} INFO - Processing file /home/luan/Documents/curso-extracao-de-dados/venv/lib/python3.9/site-packages/airflow/example_dags/example_branch_labels.py for tasks to queue
[2024-03-04 12:06:46,897] {logging_mixin.py:115} INFO - [2024-03-04 12:06:46,897] {dagbag.py:507} INFO - Filling up the DagBag from /home/luan/Documents/curso-extracao-de-dados/venv/lib/python3.9/site-packages/airflow/example_dags/example_branch_labels.py
[2024-03-04 12:06:46,901] {processor.py:651} INFO - DAG(s) dict_keys(['example_branch_labels']) retrieved from /home/luan/Documents/curso-extracao-de-dados/venv/lib/python3.9/site-packages/airflow/example_dags/example_branch_labels.py
[2024-03-04 12:06:46,915] {logging_mixin.py:115} INFO - [2024-03-04 12:06:46,915] {dag.py:2379} INFO - Sync 1 DAGs
[2024-03-04 12:06:46,933] {logging_mixin.py:115} INFO - [2024-03-04 12:06:46,933] {dag.py:2927} INFO - Setting next_dagrun for example_branch_labels to 2024-03-03T00:00:00+00:00, run_after=2024-03-04T00:00:00+00:00
[2024-03-04 12:06:46,948] {processor.py:161} INFO - Processing /home/luan/Documents/curso-extracao-de-dados/venv/lib/python3.9/site-packages/airflow/example_dags/example_branch_labels.py took 0.055 seconds
[2024-03-04 12:07:08,931] {processor.py:153} INFO - Started process (PID=29335) to work on /home/luan/Documents/curso-extracao-de-dados/venv/lib/python3.9/site-packages/airflow/example_dags/example_branch_labels.py
[2024-03-04 12:07:08,932] {processor.py:641} INFO - Processing file /home/luan/Documents/curso-extracao-de-dados/venv/lib/python3.9/site-packages/airflow/example_dags/example_branch_labels.py for tasks to queue
[2024-03-04 12:07:08,933] {logging_mixin.py:115} INFO - [2024-03-04 12:07:08,933] {dagbag.py:507} INFO - Filling up the DagBag from /home/luan/Documents/curso-extracao-de-dados/venv/lib/python3.9/site-packages/airflow/example_dags/example_branch_labels.py
[2024-03-04 12:07:08,937] {processor.py:651} INFO - DAG(s) dict_keys(['example_branch_labels']) retrieved from /home/luan/Documents/curso-extracao-de-dados/venv/lib/python3.9/site-packages/airflow/example_dags/example_branch_labels.py
[2024-03-04 12:07:08,949] {logging_mixin.py:115} INFO - [2024-03-04 12:07:08,949] {dag.py:2379} INFO - Sync 1 DAGs
[2024-03-04 12:07:08,966] {logging_mixin.py:115} INFO - [2024-03-04 12:07:08,966] {dag.py:2927} INFO - Setting next_dagrun for example_branch_labels to 2024-03-03T00:00:00+00:00, run_after=2024-03-04T00:00:00+00:00
[2024-03-04 12:07:08,981] {processor.py:161} INFO - Processing /home/luan/Documents/curso-extracao-de-dados/venv/lib/python3.9/site-packages/airflow/example_dags/example_branch_labels.py took 0.052 seconds
[2024-03-04 12:07:39,613] {processor.py:153} INFO - Started process (PID=29443) to work on /home/luan/Documents/curso-extracao-de-dados/venv/lib/python3.9/site-packages/airflow/example_dags/example_branch_labels.py
[2024-03-04 12:07:39,615] {processor.py:641} INFO - Processing file /home/luan/Documents/curso-extracao-de-dados/venv/lib/python3.9/site-packages/airflow/example_dags/example_branch_labels.py for tasks to queue
[2024-03-04 12:07:39,615] {logging_mixin.py:115} INFO - [2024-03-04 12:07:39,615] {dagbag.py:507} INFO - Filling up the DagBag from /home/luan/Documents/curso-extracao-de-dados/venv/lib/python3.9/site-packages/airflow/example_dags/example_branch_labels.py
[2024-03-04 12:07:39,619] {processor.py:651} INFO - DAG(s) dict_keys(['example_branch_labels']) retrieved from /home/luan/Documents/curso-extracao-de-dados/venv/lib/python3.9/site-packages/airflow/example_dags/example_branch_labels.py
[2024-03-04 12:07:39,630] {logging_mixin.py:115} INFO - [2024-03-04 12:07:39,630] {dag.py:2379} INFO - Sync 1 DAGs
[2024-03-04 12:07:39,647] {logging_mixin.py:115} INFO - [2024-03-04 12:07:39,647] {dag.py:2927} INFO - Setting next_dagrun for example_branch_labels to 2024-03-03T00:00:00+00:00, run_after=2024-03-04T00:00:00+00:00
[2024-03-04 12:07:39,662] {processor.py:161} INFO - Processing /home/luan/Documents/curso-extracao-de-dados/venv/lib/python3.9/site-packages/airflow/example_dags/example_branch_labels.py took 0.051 seconds
[2024-03-04 12:08:12,715] {processor.py:153} INFO - Started process (PID=29567) to work on /home/luan/Documents/curso-extracao-de-dados/venv/lib/python3.9/site-packages/airflow/example_dags/example_branch_labels.py
[2024-03-04 12:08:12,719] {processor.py:641} INFO - Processing file /home/luan/Documents/curso-extracao-de-dados/venv/lib/python3.9/site-packages/airflow/example_dags/example_branch_labels.py for tasks to queue
[2024-03-04 12:08:12,719] {logging_mixin.py:115} INFO - [2024-03-04 12:08:12,719] {dagbag.py:507} INFO - Filling up the DagBag from /home/luan/Documents/curso-extracao-de-dados/venv/lib/python3.9/site-packages/airflow/example_dags/example_branch_labels.py
[2024-03-04 12:08:12,723] {processor.py:651} INFO - DAG(s) dict_keys(['example_branch_labels']) retrieved from /home/luan/Documents/curso-extracao-de-dados/venv/lib/python3.9/site-packages/airflow/example_dags/example_branch_labels.py
[2024-03-04 12:08:12,733] {logging_mixin.py:115} INFO - [2024-03-04 12:08:12,733] {dag.py:2379} INFO - Sync 1 DAGs
[2024-03-04 12:08:12,746] {logging_mixin.py:115} INFO - [2024-03-04 12:08:12,746] {dag.py:2927} INFO - Setting next_dagrun for example_branch_labels to 2024-03-03T00:00:00+00:00, run_after=2024-03-04T00:00:00+00:00
[2024-03-04 12:08:12,759] {processor.py:161} INFO - Processing /home/luan/Documents/curso-extracao-de-dados/venv/lib/python3.9/site-packages/airflow/example_dags/example_branch_labels.py took 0.045 seconds
[2024-03-04 12:08:44,275] {processor.py:153} INFO - Started process (PID=29691) to work on /home/luan/Documents/curso-extracao-de-dados/venv/lib/python3.9/site-packages/airflow/example_dags/example_branch_labels.py
[2024-03-04 12:08:44,280] {processor.py:641} INFO - Processing file /home/luan/Documents/curso-extracao-de-dados/venv/lib/python3.9/site-packages/airflow/example_dags/example_branch_labels.py for tasks to queue
[2024-03-04 12:08:44,281] {logging_mixin.py:115} INFO - [2024-03-04 12:08:44,281] {dagbag.py:507} INFO - Filling up the DagBag from /home/luan/Documents/curso-extracao-de-dados/venv/lib/python3.9/site-packages/airflow/example_dags/example_branch_labels.py
[2024-03-04 12:08:44,284] {processor.py:651} INFO - DAG(s) dict_keys(['example_branch_labels']) retrieved from /home/luan/Documents/curso-extracao-de-dados/venv/lib/python3.9/site-packages/airflow/example_dags/example_branch_labels.py
[2024-03-04 12:08:44,295] {logging_mixin.py:115} INFO - [2024-03-04 12:08:44,295] {dag.py:2379} INFO - Sync 1 DAGs
[2024-03-04 12:08:44,309] {logging_mixin.py:115} INFO - [2024-03-04 12:08:44,309] {dag.py:2927} INFO - Setting next_dagrun for example_branch_labels to 2024-03-03T00:00:00+00:00, run_after=2024-03-04T00:00:00+00:00
[2024-03-04 12:08:44,325] {processor.py:161} INFO - Processing /home/luan/Documents/curso-extracao-de-dados/venv/lib/python3.9/site-packages/airflow/example_dags/example_branch_labels.py took 0.051 seconds
[2024-03-04 12:09:46,615] {processor.py:153} INFO - Started process (PID=30019) to work on /home/luan/Documents/curso-extracao-de-dados/venv/lib/python3.9/site-packages/airflow/example_dags/example_branch_labels.py
[2024-03-04 12:09:46,616] {processor.py:641} INFO - Processing file /home/luan/Documents/curso-extracao-de-dados/venv/lib/python3.9/site-packages/airflow/example_dags/example_branch_labels.py for tasks to queue
[2024-03-04 12:09:46,617] {logging_mixin.py:115} INFO - [2024-03-04 12:09:46,617] {dagbag.py:507} INFO - Filling up the DagBag from /home/luan/Documents/curso-extracao-de-dados/venv/lib/python3.9/site-packages/airflow/example_dags/example_branch_labels.py
[2024-03-04 12:09:46,621] {processor.py:651} INFO - DAG(s) dict_keys(['example_branch_labels']) retrieved from /home/luan/Documents/curso-extracao-de-dados/venv/lib/python3.9/site-packages/airflow/example_dags/example_branch_labels.py
[2024-03-04 12:09:46,635] {logging_mixin.py:115} INFO - [2024-03-04 12:09:46,635] {dag.py:2379} INFO - Sync 1 DAGs
[2024-03-04 12:09:46,653] {logging_mixin.py:115} INFO - [2024-03-04 12:09:46,653] {dag.py:2927} INFO - Setting next_dagrun for example_branch_labels to 2024-03-03T00:00:00+00:00, run_after=2024-03-04T00:00:00+00:00
[2024-03-04 12:09:46,667] {processor.py:161} INFO - Processing /home/luan/Documents/curso-extracao-de-dados/venv/lib/python3.9/site-packages/airflow/example_dags/example_branch_labels.py took 0.054 seconds
[2024-03-04 12:10:17,287] {processor.py:153} INFO - Started process (PID=30145) to work on /home/luan/Documents/curso-extracao-de-dados/venv/lib/python3.9/site-packages/airflow/example_dags/example_branch_labels.py
[2024-03-04 12:10:17,291] {processor.py:641} INFO - Processing file /home/luan/Documents/curso-extracao-de-dados/venv/lib/python3.9/site-packages/airflow/example_dags/example_branch_labels.py for tasks to queue
[2024-03-04 12:10:17,291] {logging_mixin.py:115} INFO - [2024-03-04 12:10:17,291] {dagbag.py:507} INFO - Filling up the DagBag from /home/luan/Documents/curso-extracao-de-dados/venv/lib/python3.9/site-packages/airflow/example_dags/example_branch_labels.py
[2024-03-04 12:10:17,296] {processor.py:651} INFO - DAG(s) dict_keys(['example_branch_labels']) retrieved from /home/luan/Documents/curso-extracao-de-dados/venv/lib/python3.9/site-packages/airflow/example_dags/example_branch_labels.py
[2024-03-04 12:10:17,306] {logging_mixin.py:115} INFO - [2024-03-04 12:10:17,306] {dag.py:2379} INFO - Sync 1 DAGs
[2024-03-04 12:10:17,321] {logging_mixin.py:115} INFO - [2024-03-04 12:10:17,321] {dag.py:2927} INFO - Setting next_dagrun for example_branch_labels to 2024-03-03T00:00:00+00:00, run_after=2024-03-04T00:00:00+00:00
[2024-03-04 12:10:17,334] {processor.py:161} INFO - Processing /home/luan/Documents/curso-extracao-de-dados/venv/lib/python3.9/site-packages/airflow/example_dags/example_branch_labels.py took 0.050 seconds
[2024-03-04 12:10:50,498] {processor.py:153} INFO - Started process (PID=30280) to work on /home/luan/Documents/curso-extracao-de-dados/venv/lib/python3.9/site-packages/airflow/example_dags/example_branch_labels.py
[2024-03-04 12:10:50,499] {processor.py:641} INFO - Processing file /home/luan/Documents/curso-extracao-de-dados/venv/lib/python3.9/site-packages/airflow/example_dags/example_branch_labels.py for tasks to queue
[2024-03-04 12:10:50,500] {logging_mixin.py:115} INFO - [2024-03-04 12:10:50,500] {dagbag.py:507} INFO - Filling up the DagBag from /home/luan/Documents/curso-extracao-de-dados/venv/lib/python3.9/site-packages/airflow/example_dags/example_branch_labels.py
[2024-03-04 12:10:50,503] {processor.py:651} INFO - DAG(s) dict_keys(['example_branch_labels']) retrieved from /home/luan/Documents/curso-extracao-de-dados/venv/lib/python3.9/site-packages/airflow/example_dags/example_branch_labels.py
[2024-03-04 12:10:50,513] {logging_mixin.py:115} INFO - [2024-03-04 12:10:50,513] {dag.py:2379} INFO - Sync 1 DAGs
[2024-03-04 12:10:50,527] {logging_mixin.py:115} INFO - [2024-03-04 12:10:50,527] {dag.py:2927} INFO - Setting next_dagrun for example_branch_labels to 2024-03-03T00:00:00+00:00, run_after=2024-03-04T00:00:00+00:00
[2024-03-04 12:10:50,542] {processor.py:161} INFO - Processing /home/luan/Documents/curso-extracao-de-dados/venv/lib/python3.9/site-packages/airflow/example_dags/example_branch_labels.py took 0.045 seconds
[2024-03-04 12:11:21,921] {processor.py:153} INFO - Started process (PID=30409) to work on /home/luan/Documents/curso-extracao-de-dados/venv/lib/python3.9/site-packages/airflow/example_dags/example_branch_labels.py
[2024-03-04 12:11:21,923] {processor.py:641} INFO - Processing file /home/luan/Documents/curso-extracao-de-dados/venv/lib/python3.9/site-packages/airflow/example_dags/example_branch_labels.py for tasks to queue
[2024-03-04 12:11:21,923] {logging_mixin.py:115} INFO - [2024-03-04 12:11:21,923] {dagbag.py:507} INFO - Filling up the DagBag from /home/luan/Documents/curso-extracao-de-dados/venv/lib/python3.9/site-packages/airflow/example_dags/example_branch_labels.py
[2024-03-04 12:11:21,927] {processor.py:651} INFO - DAG(s) dict_keys(['example_branch_labels']) retrieved from /home/luan/Documents/curso-extracao-de-dados/venv/lib/python3.9/site-packages/airflow/example_dags/example_branch_labels.py
[2024-03-04 12:11:21,938] {logging_mixin.py:115} INFO - [2024-03-04 12:11:21,938] {dag.py:2379} INFO - Sync 1 DAGs
[2024-03-04 12:11:21,953] {logging_mixin.py:115} INFO - [2024-03-04 12:11:21,953] {dag.py:2927} INFO - Setting next_dagrun for example_branch_labels to 2024-03-03T00:00:00+00:00, run_after=2024-03-04T00:00:00+00:00
[2024-03-04 12:11:21,967] {processor.py:161} INFO - Processing /home/luan/Documents/curso-extracao-de-dados/venv/lib/python3.9/site-packages/airflow/example_dags/example_branch_labels.py took 0.047 seconds
[2024-03-04 12:14:04,881] {processor.py:153} INFO - Started process (PID=31183) to work on /home/luan/Documents/curso-extracao-de-dados/venv/lib/python3.9/site-packages/airflow/example_dags/example_branch_labels.py
[2024-03-04 12:14:04,883] {processor.py:641} INFO - Processing file /home/luan/Documents/curso-extracao-de-dados/venv/lib/python3.9/site-packages/airflow/example_dags/example_branch_labels.py for tasks to queue
[2024-03-04 12:14:04,884] {logging_mixin.py:115} INFO - [2024-03-04 12:14:04,884] {dagbag.py:507} INFO - Filling up the DagBag from /home/luan/Documents/curso-extracao-de-dados/venv/lib/python3.9/site-packages/airflow/example_dags/example_branch_labels.py
[2024-03-04 12:14:04,888] {processor.py:651} INFO - DAG(s) dict_keys(['example_branch_labels']) retrieved from /home/luan/Documents/curso-extracao-de-dados/venv/lib/python3.9/site-packages/airflow/example_dags/example_branch_labels.py
[2024-03-04 12:14:04,906] {logging_mixin.py:115} INFO - [2024-03-04 12:14:04,906] {dag.py:2379} INFO - Sync 1 DAGs
[2024-03-04 12:14:04,927] {logging_mixin.py:115} INFO - [2024-03-04 12:14:04,927] {dag.py:2927} INFO - Setting next_dagrun for example_branch_labels to 2024-03-03T00:00:00+00:00, run_after=2024-03-04T00:00:00+00:00
[2024-03-04 12:14:04,944] {processor.py:161} INFO - Processing /home/luan/Documents/curso-extracao-de-dados/venv/lib/python3.9/site-packages/airflow/example_dags/example_branch_labels.py took 0.065 seconds
[2024-03-04 12:14:35,549] {processor.py:153} INFO - Started process (PID=31312) to work on /home/luan/Documents/curso-extracao-de-dados/venv/lib/python3.9/site-packages/airflow/example_dags/example_branch_labels.py
[2024-03-04 12:14:35,550] {processor.py:641} INFO - Processing file /home/luan/Documents/curso-extracao-de-dados/venv/lib/python3.9/site-packages/airflow/example_dags/example_branch_labels.py for tasks to queue
[2024-03-04 12:14:35,551] {logging_mixin.py:115} INFO - [2024-03-04 12:14:35,551] {dagbag.py:507} INFO - Filling up the DagBag from /home/luan/Documents/curso-extracao-de-dados/venv/lib/python3.9/site-packages/airflow/example_dags/example_branch_labels.py
[2024-03-04 12:14:35,555] {processor.py:651} INFO - DAG(s) dict_keys(['example_branch_labels']) retrieved from /home/luan/Documents/curso-extracao-de-dados/venv/lib/python3.9/site-packages/airflow/example_dags/example_branch_labels.py
[2024-03-04 12:14:35,565] {logging_mixin.py:115} INFO - [2024-03-04 12:14:35,564] {dag.py:2379} INFO - Sync 1 DAGs
[2024-03-04 12:14:35,578] {logging_mixin.py:115} INFO - [2024-03-04 12:14:35,578] {dag.py:2927} INFO - Setting next_dagrun for example_branch_labels to 2024-03-03T00:00:00+00:00, run_after=2024-03-04T00:00:00+00:00
[2024-03-04 12:14:35,594] {processor.py:161} INFO - Processing /home/luan/Documents/curso-extracao-de-dados/venv/lib/python3.9/site-packages/airflow/example_dags/example_branch_labels.py took 0.047 seconds
[2024-03-04 12:15:08,670] {processor.py:153} INFO - Started process (PID=31442) to work on /home/luan/Documents/curso-extracao-de-dados/venv/lib/python3.9/site-packages/airflow/example_dags/example_branch_labels.py
[2024-03-04 12:15:08,671] {processor.py:641} INFO - Processing file /home/luan/Documents/curso-extracao-de-dados/venv/lib/python3.9/site-packages/airflow/example_dags/example_branch_labels.py for tasks to queue
[2024-03-04 12:15:08,671] {logging_mixin.py:115} INFO - [2024-03-04 12:15:08,671] {dagbag.py:507} INFO - Filling up the DagBag from /home/luan/Documents/curso-extracao-de-dados/venv/lib/python3.9/site-packages/airflow/example_dags/example_branch_labels.py
[2024-03-04 12:15:08,676] {processor.py:651} INFO - DAG(s) dict_keys(['example_branch_labels']) retrieved from /home/luan/Documents/curso-extracao-de-dados/venv/lib/python3.9/site-packages/airflow/example_dags/example_branch_labels.py
[2024-03-04 12:15:08,688] {logging_mixin.py:115} INFO - [2024-03-04 12:15:08,688] {dag.py:2379} INFO - Sync 1 DAGs
[2024-03-04 12:15:08,702] {logging_mixin.py:115} INFO - [2024-03-04 12:15:08,702] {dag.py:2927} INFO - Setting next_dagrun for example_branch_labels to 2024-03-03T00:00:00+00:00, run_after=2024-03-04T00:00:00+00:00
[2024-03-04 12:15:08,716] {processor.py:161} INFO - Processing /home/luan/Documents/curso-extracao-de-dados/venv/lib/python3.9/site-packages/airflow/example_dags/example_branch_labels.py took 0.048 seconds
[2024-03-04 12:15:41,170] {processor.py:153} INFO - Started process (PID=31569) to work on /home/luan/Documents/curso-extracao-de-dados/venv/lib/python3.9/site-packages/airflow/example_dags/example_branch_labels.py
[2024-03-04 12:15:41,174] {processor.py:641} INFO - Processing file /home/luan/Documents/curso-extracao-de-dados/venv/lib/python3.9/site-packages/airflow/example_dags/example_branch_labels.py for tasks to queue
[2024-03-04 12:15:41,174] {logging_mixin.py:115} INFO - [2024-03-04 12:15:41,174] {dagbag.py:507} INFO - Filling up the DagBag from /home/luan/Documents/curso-extracao-de-dados/venv/lib/python3.9/site-packages/airflow/example_dags/example_branch_labels.py
[2024-03-04 12:15:41,179] {processor.py:651} INFO - DAG(s) dict_keys(['example_branch_labels']) retrieved from /home/luan/Documents/curso-extracao-de-dados/venv/lib/python3.9/site-packages/airflow/example_dags/example_branch_labels.py
[2024-03-04 12:15:41,192] {logging_mixin.py:115} INFO - [2024-03-04 12:15:41,192] {dag.py:2379} INFO - Sync 1 DAGs
[2024-03-04 12:15:41,212] {logging_mixin.py:115} INFO - [2024-03-04 12:15:41,211] {dag.py:2927} INFO - Setting next_dagrun for example_branch_labels to 2024-03-03T00:00:00+00:00, run_after=2024-03-04T00:00:00+00:00
[2024-03-04 12:15:41,228] {processor.py:161} INFO - Processing /home/luan/Documents/curso-extracao-de-dados/venv/lib/python3.9/site-packages/airflow/example_dags/example_branch_labels.py took 0.061 seconds
[2024-03-04 12:16:03,684] {processor.py:153} INFO - Started process (PID=31759) to work on /home/luan/Documents/curso-extracao-de-dados/venv/lib/python3.9/site-packages/airflow/example_dags/example_branch_labels.py
[2024-03-04 12:16:03,685] {processor.py:641} INFO - Processing file /home/luan/Documents/curso-extracao-de-dados/venv/lib/python3.9/site-packages/airflow/example_dags/example_branch_labels.py for tasks to queue
[2024-03-04 12:16:03,686] {logging_mixin.py:115} INFO - [2024-03-04 12:16:03,686] {dagbag.py:507} INFO - Filling up the DagBag from /home/luan/Documents/curso-extracao-de-dados/venv/lib/python3.9/site-packages/airflow/example_dags/example_branch_labels.py
[2024-03-04 12:16:03,689] {processor.py:651} INFO - DAG(s) dict_keys(['example_branch_labels']) retrieved from /home/luan/Documents/curso-extracao-de-dados/venv/lib/python3.9/site-packages/airflow/example_dags/example_branch_labels.py
[2024-03-04 12:16:03,704] {logging_mixin.py:115} INFO - [2024-03-04 12:16:03,704] {dag.py:2379} INFO - Sync 1 DAGs
[2024-03-04 12:16:03,727] {logging_mixin.py:115} INFO - [2024-03-04 12:16:03,726] {dag.py:2927} INFO - Setting next_dagrun for example_branch_labels to 2024-03-03T00:00:00+00:00, run_after=2024-03-04T00:00:00+00:00
[2024-03-04 12:16:03,741] {processor.py:161} INFO - Processing /home/luan/Documents/curso-extracao-de-dados/venv/lib/python3.9/site-packages/airflow/example_dags/example_branch_labels.py took 0.059 seconds
[2024-03-04 12:16:34,360] {processor.py:153} INFO - Started process (PID=31883) to work on /home/luan/Documents/curso-extracao-de-dados/venv/lib/python3.9/site-packages/airflow/example_dags/example_branch_labels.py
[2024-03-04 12:16:34,361] {processor.py:641} INFO - Processing file /home/luan/Documents/curso-extracao-de-dados/venv/lib/python3.9/site-packages/airflow/example_dags/example_branch_labels.py for tasks to queue
[2024-03-04 12:16:34,362] {logging_mixin.py:115} INFO - [2024-03-04 12:16:34,362] {dagbag.py:507} INFO - Filling up the DagBag from /home/luan/Documents/curso-extracao-de-dados/venv/lib/python3.9/site-packages/airflow/example_dags/example_branch_labels.py
[2024-03-04 12:16:34,366] {processor.py:651} INFO - DAG(s) dict_keys(['example_branch_labels']) retrieved from /home/luan/Documents/curso-extracao-de-dados/venv/lib/python3.9/site-packages/airflow/example_dags/example_branch_labels.py
[2024-03-04 12:16:34,376] {logging_mixin.py:115} INFO - [2024-03-04 12:16:34,376] {dag.py:2379} INFO - Sync 1 DAGs
[2024-03-04 12:16:34,390] {logging_mixin.py:115} INFO - [2024-03-04 12:16:34,389] {dag.py:2927} INFO - Setting next_dagrun for example_branch_labels to 2024-03-03T00:00:00+00:00, run_after=2024-03-04T00:00:00+00:00
[2024-03-04 12:16:34,404] {processor.py:161} INFO - Processing /home/luan/Documents/curso-extracao-de-dados/venv/lib/python3.9/site-packages/airflow/example_dags/example_branch_labels.py took 0.046 seconds
[2024-03-04 12:17:08,522] {processor.py:153} INFO - Started process (PID=32029) to work on /home/luan/Documents/curso-extracao-de-dados/venv/lib/python3.9/site-packages/airflow/example_dags/example_branch_labels.py
[2024-03-04 12:17:08,523] {processor.py:641} INFO - Processing file /home/luan/Documents/curso-extracao-de-dados/venv/lib/python3.9/site-packages/airflow/example_dags/example_branch_labels.py for tasks to queue
[2024-03-04 12:17:08,524] {logging_mixin.py:115} INFO - [2024-03-04 12:17:08,523] {dagbag.py:507} INFO - Filling up the DagBag from /home/luan/Documents/curso-extracao-de-dados/venv/lib/python3.9/site-packages/airflow/example_dags/example_branch_labels.py
[2024-03-04 12:17:08,527] {processor.py:651} INFO - DAG(s) dict_keys(['example_branch_labels']) retrieved from /home/luan/Documents/curso-extracao-de-dados/venv/lib/python3.9/site-packages/airflow/example_dags/example_branch_labels.py
[2024-03-04 12:17:08,539] {logging_mixin.py:115} INFO - [2024-03-04 12:17:08,538] {dag.py:2379} INFO - Sync 1 DAGs
[2024-03-04 12:17:08,555] {logging_mixin.py:115} INFO - [2024-03-04 12:17:08,555] {dag.py:2927} INFO - Setting next_dagrun for example_branch_labels to 2024-03-03T00:00:00+00:00, run_after=2024-03-04T00:00:00+00:00
[2024-03-04 12:17:08,571] {processor.py:161} INFO - Processing /home/luan/Documents/curso-extracao-de-dados/venv/lib/python3.9/site-packages/airflow/example_dags/example_branch_labels.py took 0.051 seconds
[2024-03-04 12:17:41,753] {processor.py:153} INFO - Started process (PID=32159) to work on /home/luan/Documents/curso-extracao-de-dados/venv/lib/python3.9/site-packages/airflow/example_dags/example_branch_labels.py
[2024-03-04 12:17:41,754] {processor.py:641} INFO - Processing file /home/luan/Documents/curso-extracao-de-dados/venv/lib/python3.9/site-packages/airflow/example_dags/example_branch_labels.py for tasks to queue
[2024-03-04 12:17:41,754] {logging_mixin.py:115} INFO - [2024-03-04 12:17:41,754] {dagbag.py:507} INFO - Filling up the DagBag from /home/luan/Documents/curso-extracao-de-dados/venv/lib/python3.9/site-packages/airflow/example_dags/example_branch_labels.py
[2024-03-04 12:17:41,757] {processor.py:651} INFO - DAG(s) dict_keys(['example_branch_labels']) retrieved from /home/luan/Documents/curso-extracao-de-dados/venv/lib/python3.9/site-packages/airflow/example_dags/example_branch_labels.py
[2024-03-04 12:17:41,768] {logging_mixin.py:115} INFO - [2024-03-04 12:17:41,768] {dag.py:2379} INFO - Sync 1 DAGs
[2024-03-04 12:17:41,783] {logging_mixin.py:115} INFO - [2024-03-04 12:17:41,783] {dag.py:2927} INFO - Setting next_dagrun for example_branch_labels to 2024-03-03T00:00:00+00:00, run_after=2024-03-04T00:00:00+00:00
[2024-03-04 12:17:41,798] {processor.py:161} INFO - Processing /home/luan/Documents/curso-extracao-de-dados/venv/lib/python3.9/site-packages/airflow/example_dags/example_branch_labels.py took 0.047 seconds
[2024-03-04 12:18:37,530] {processor.py:153} INFO - Started process (PID=32461) to work on /home/luan/Documents/curso-extracao-de-dados/venv/lib/python3.9/site-packages/airflow/example_dags/example_branch_labels.py
[2024-03-04 12:18:37,534] {processor.py:641} INFO - Processing file /home/luan/Documents/curso-extracao-de-dados/venv/lib/python3.9/site-packages/airflow/example_dags/example_branch_labels.py for tasks to queue
[2024-03-04 12:18:37,535] {logging_mixin.py:115} INFO - [2024-03-04 12:18:37,535] {dagbag.py:507} INFO - Filling up the DagBag from /home/luan/Documents/curso-extracao-de-dados/venv/lib/python3.9/site-packages/airflow/example_dags/example_branch_labels.py
[2024-03-04 12:18:37,540] {processor.py:651} INFO - DAG(s) dict_keys(['example_branch_labels']) retrieved from /home/luan/Documents/curso-extracao-de-dados/venv/lib/python3.9/site-packages/airflow/example_dags/example_branch_labels.py
[2024-03-04 12:18:37,554] {logging_mixin.py:115} INFO - [2024-03-04 12:18:37,554] {dag.py:2379} INFO - Sync 1 DAGs
[2024-03-04 12:18:37,573] {logging_mixin.py:115} INFO - [2024-03-04 12:18:37,573] {dag.py:2927} INFO - Setting next_dagrun for example_branch_labels to 2024-03-03T00:00:00+00:00, run_after=2024-03-04T00:00:00+00:00
[2024-03-04 12:18:37,590] {processor.py:161} INFO - Processing /home/luan/Documents/curso-extracao-de-dados/venv/lib/python3.9/site-packages/airflow/example_dags/example_branch_labels.py took 0.062 seconds
[2024-03-04 12:19:08,193] {processor.py:153} INFO - Started process (PID=32581) to work on /home/luan/Documents/curso-extracao-de-dados/venv/lib/python3.9/site-packages/airflow/example_dags/example_branch_labels.py
[2024-03-04 12:19:08,197] {processor.py:641} INFO - Processing file /home/luan/Documents/curso-extracao-de-dados/venv/lib/python3.9/site-packages/airflow/example_dags/example_branch_labels.py for tasks to queue
[2024-03-04 12:19:08,198] {logging_mixin.py:115} INFO - [2024-03-04 12:19:08,198] {dagbag.py:507} INFO - Filling up the DagBag from /home/luan/Documents/curso-extracao-de-dados/venv/lib/python3.9/site-packages/airflow/example_dags/example_branch_labels.py
[2024-03-04 12:19:08,202] {processor.py:651} INFO - DAG(s) dict_keys(['example_branch_labels']) retrieved from /home/luan/Documents/curso-extracao-de-dados/venv/lib/python3.9/site-packages/airflow/example_dags/example_branch_labels.py
[2024-03-04 12:19:08,212] {logging_mixin.py:115} INFO - [2024-03-04 12:19:08,212] {dag.py:2379} INFO - Sync 1 DAGs
[2024-03-04 12:19:08,225] {logging_mixin.py:115} INFO - [2024-03-04 12:19:08,225] {dag.py:2927} INFO - Setting next_dagrun for example_branch_labels to 2024-03-03T00:00:00+00:00, run_after=2024-03-04T00:00:00+00:00
[2024-03-04 12:19:08,241] {processor.py:161} INFO - Processing /home/luan/Documents/curso-extracao-de-dados/venv/lib/python3.9/site-packages/airflow/example_dags/example_branch_labels.py took 0.049 seconds
