[2024-03-04 11:21:21,948] {processor.py:153} INFO - Started process (PID=17488) to work on /home/luan/Documents/curso-extracao-de-dados/venv/lib/python3.9/site-packages/airflow/example_dags/example_trigger_target_dag.py
[2024-03-04 11:21:21,949] {processor.py:641} INFO - Processing file /home/luan/Documents/curso-extracao-de-dados/venv/lib/python3.9/site-packages/airflow/example_dags/example_trigger_target_dag.py for tasks to queue
[2024-03-04 11:21:21,949] {logging_mixin.py:115} INFO - [2024-03-04 11:21:21,949] {dagbag.py:507} INFO - Filling up the DagBag from /home/luan/Documents/curso-extracao-de-dados/venv/lib/python3.9/site-packages/airflow/example_dags/example_trigger_target_dag.py
[2024-03-04 11:21:21,960] {processor.py:651} INFO - DAG(s) dict_keys(['example_trigger_target_dag']) retrieved from /home/luan/Documents/curso-extracao-de-dados/venv/lib/python3.9/site-packages/airflow/example_dags/example_trigger_target_dag.py
[2024-03-04 11:21:22,013] {logging_mixin.py:115} INFO - [2024-03-04 11:21:22,013] {manager.py:508} INFO - Created Permission View: can edit on DAG:example_trigger_target_dag
[2024-03-04 11:21:22,024] {logging_mixin.py:115} INFO - [2024-03-04 11:21:22,024] {manager.py:508} INFO - Created Permission View: can delete on DAG:example_trigger_target_dag
[2024-03-04 11:21:22,033] {logging_mixin.py:115} INFO - [2024-03-04 11:21:22,033] {manager.py:508} INFO - Created Permission View: can read on DAG:example_trigger_target_dag
[2024-03-04 11:21:22,033] {logging_mixin.py:115} INFO - [2024-03-04 11:21:22,033] {dag.py:2379} INFO - Sync 1 DAGs
[2024-03-04 11:21:22,038] {logging_mixin.py:115} INFO - [2024-03-04 11:21:22,038] {dag.py:2398} INFO - Creating ORM DAG for example_trigger_target_dag
[2024-03-04 11:21:22,044] {logging_mixin.py:115} INFO - [2024-03-04 11:21:22,044] {dag.py:2927} INFO - Setting next_dagrun for example_trigger_target_dag to None, run_after=None
[2024-03-04 11:21:22,059] {processor.py:161} INFO - Processing /home/luan/Documents/curso-extracao-de-dados/venv/lib/python3.9/site-packages/airflow/example_dags/example_trigger_target_dag.py took 0.112 seconds
[2024-03-04 11:21:57,145] {processor.py:153} INFO - Started process (PID=17627) to work on /home/luan/Documents/curso-extracao-de-dados/venv/lib/python3.9/site-packages/airflow/example_dags/example_trigger_target_dag.py
[2024-03-04 11:21:57,149] {processor.py:641} INFO - Processing file /home/luan/Documents/curso-extracao-de-dados/venv/lib/python3.9/site-packages/airflow/example_dags/example_trigger_target_dag.py for tasks to queue
[2024-03-04 11:21:57,149] {logging_mixin.py:115} INFO - [2024-03-04 11:21:57,149] {dagbag.py:507} INFO - Filling up the DagBag from /home/luan/Documents/curso-extracao-de-dados/venv/lib/python3.9/site-packages/airflow/example_dags/example_trigger_target_dag.py
[2024-03-04 11:21:57,160] {processor.py:651} INFO - DAG(s) dict_keys(['example_trigger_target_dag']) retrieved from /home/luan/Documents/curso-extracao-de-dados/venv/lib/python3.9/site-packages/airflow/example_dags/example_trigger_target_dag.py
[2024-03-04 11:21:57,170] {logging_mixin.py:115} INFO - [2024-03-04 11:21:57,170] {dag.py:2379} INFO - Sync 1 DAGs
[2024-03-04 11:21:57,184] {logging_mixin.py:115} INFO - [2024-03-04 11:21:57,184] {dag.py:2927} INFO - Setting next_dagrun for example_trigger_target_dag to None, run_after=None
[2024-03-04 11:21:57,199] {processor.py:161} INFO - Processing /home/luan/Documents/curso-extracao-de-dados/venv/lib/python3.9/site-packages/airflow/example_dags/example_trigger_target_dag.py took 0.055 seconds
[2024-03-04 11:22:29,004] {processor.py:153} INFO - Started process (PID=17752) to work on /home/luan/Documents/curso-extracao-de-dados/venv/lib/python3.9/site-packages/airflow/example_dags/example_trigger_target_dag.py
[2024-03-04 11:22:29,008] {processor.py:641} INFO - Processing file /home/luan/Documents/curso-extracao-de-dados/venv/lib/python3.9/site-packages/airflow/example_dags/example_trigger_target_dag.py for tasks to queue
[2024-03-04 11:22:29,009] {logging_mixin.py:115} INFO - [2024-03-04 11:22:29,009] {dagbag.py:507} INFO - Filling up the DagBag from /home/luan/Documents/curso-extracao-de-dados/venv/lib/python3.9/site-packages/airflow/example_dags/example_trigger_target_dag.py
[2024-03-04 11:22:29,019] {processor.py:651} INFO - DAG(s) dict_keys(['example_trigger_target_dag']) retrieved from /home/luan/Documents/curso-extracao-de-dados/venv/lib/python3.9/site-packages/airflow/example_dags/example_trigger_target_dag.py
[2024-03-04 11:22:29,029] {logging_mixin.py:115} INFO - [2024-03-04 11:22:29,029] {dag.py:2379} INFO - Sync 1 DAGs
[2024-03-04 11:22:29,041] {logging_mixin.py:115} INFO - [2024-03-04 11:22:29,041] {dag.py:2927} INFO - Setting next_dagrun for example_trigger_target_dag to None, run_after=None
[2024-03-04 11:22:29,055] {processor.py:161} INFO - Processing /home/luan/Documents/curso-extracao-de-dados/venv/lib/python3.9/site-packages/airflow/example_dags/example_trigger_target_dag.py took 0.053 seconds
[2024-03-04 12:05:48,299] {processor.py:153} INFO - Started process (PID=28732) to work on /home/luan/Documents/curso-extracao-de-dados/venv/lib/python3.9/site-packages/airflow/example_dags/example_trigger_target_dag.py
[2024-03-04 12:05:48,303] {processor.py:641} INFO - Processing file /home/luan/Documents/curso-extracao-de-dados/venv/lib/python3.9/site-packages/airflow/example_dags/example_trigger_target_dag.py for tasks to queue
[2024-03-04 12:05:48,304] {logging_mixin.py:115} INFO - [2024-03-04 12:05:48,304] {dagbag.py:507} INFO - Filling up the DagBag from /home/luan/Documents/curso-extracao-de-dados/venv/lib/python3.9/site-packages/airflow/example_dags/example_trigger_target_dag.py
[2024-03-04 12:05:48,313] {processor.py:651} INFO - DAG(s) dict_keys(['example_trigger_target_dag']) retrieved from /home/luan/Documents/curso-extracao-de-dados/venv/lib/python3.9/site-packages/airflow/example_dags/example_trigger_target_dag.py
[2024-03-04 12:05:48,322] {logging_mixin.py:115} INFO - [2024-03-04 12:05:48,322] {dag.py:2379} INFO - Sync 1 DAGs
[2024-03-04 12:05:48,335] {logging_mixin.py:115} INFO - [2024-03-04 12:05:48,334] {dag.py:2927} INFO - Setting next_dagrun for example_trigger_target_dag to None, run_after=None
[2024-03-04 12:05:48,348] {processor.py:161} INFO - Processing /home/luan/Documents/curso-extracao-de-dados/venv/lib/python3.9/site-packages/airflow/example_dags/example_trigger_target_dag.py took 0.051 seconds
[2024-03-04 12:06:19,825] {processor.py:153} INFO - Started process (PID=29029) to work on /home/luan/Documents/curso-extracao-de-dados/venv/lib/python3.9/site-packages/airflow/example_dags/example_trigger_target_dag.py
[2024-03-04 12:06:19,829] {processor.py:641} INFO - Processing file /home/luan/Documents/curso-extracao-de-dados/venv/lib/python3.9/site-packages/airflow/example_dags/example_trigger_target_dag.py for tasks to queue
[2024-03-04 12:06:19,830] {logging_mixin.py:115} INFO - [2024-03-04 12:06:19,830] {dagbag.py:507} INFO - Filling up the DagBag from /home/luan/Documents/curso-extracao-de-dados/venv/lib/python3.9/site-packages/airflow/example_dags/example_trigger_target_dag.py
[2024-03-04 12:06:19,842] {processor.py:651} INFO - DAG(s) dict_keys(['example_trigger_target_dag']) retrieved from /home/luan/Documents/curso-extracao-de-dados/venv/lib/python3.9/site-packages/airflow/example_dags/example_trigger_target_dag.py
[2024-03-04 12:06:19,855] {logging_mixin.py:115} INFO - [2024-03-04 12:06:19,855] {dag.py:2379} INFO - Sync 1 DAGs
[2024-03-04 12:06:19,886] {logging_mixin.py:115} INFO - [2024-03-04 12:06:19,886] {dag.py:2927} INFO - Setting next_dagrun for example_trigger_target_dag to None, run_after=None
[2024-03-04 12:06:19,906] {processor.py:161} INFO - Processing /home/luan/Documents/curso-extracao-de-dados/venv/lib/python3.9/site-packages/airflow/example_dags/example_trigger_target_dag.py took 0.082 seconds
[2024-03-04 12:06:54,227] {processor.py:153} INFO - Started process (PID=29198) to work on /home/luan/Documents/curso-extracao-de-dados/venv/lib/python3.9/site-packages/airflow/example_dags/example_trigger_target_dag.py
[2024-03-04 12:06:54,228] {processor.py:641} INFO - Processing file /home/luan/Documents/curso-extracao-de-dados/venv/lib/python3.9/site-packages/airflow/example_dags/example_trigger_target_dag.py for tasks to queue
[2024-03-04 12:06:54,229] {logging_mixin.py:115} INFO - [2024-03-04 12:06:54,229] {dagbag.py:507} INFO - Filling up the DagBag from /home/luan/Documents/curso-extracao-de-dados/venv/lib/python3.9/site-packages/airflow/example_dags/example_trigger_target_dag.py
[2024-03-04 12:06:54,241] {processor.py:651} INFO - DAG(s) dict_keys(['example_trigger_target_dag']) retrieved from /home/luan/Documents/curso-extracao-de-dados/venv/lib/python3.9/site-packages/airflow/example_dags/example_trigger_target_dag.py
[2024-03-04 12:06:54,252] {logging_mixin.py:115} INFO - [2024-03-04 12:06:54,252] {dag.py:2379} INFO - Sync 1 DAGs
[2024-03-04 12:06:54,271] {logging_mixin.py:115} INFO - [2024-03-04 12:06:54,271] {dag.py:2927} INFO - Setting next_dagrun for example_trigger_target_dag to None, run_after=None
[2024-03-04 12:06:54,291] {processor.py:161} INFO - Processing /home/luan/Documents/curso-extracao-de-dados/venv/lib/python3.9/site-packages/airflow/example_dags/example_trigger_target_dag.py took 0.066 seconds
[2024-03-04 12:07:16,160] {processor.py:153} INFO - Started process (PID=29362) to work on /home/luan/Documents/curso-extracao-de-dados/venv/lib/python3.9/site-packages/airflow/example_dags/example_trigger_target_dag.py
[2024-03-04 12:07:16,162] {processor.py:641} INFO - Processing file /home/luan/Documents/curso-extracao-de-dados/venv/lib/python3.9/site-packages/airflow/example_dags/example_trigger_target_dag.py for tasks to queue
[2024-03-04 12:07:16,163] {logging_mixin.py:115} INFO - [2024-03-04 12:07:16,163] {dagbag.py:507} INFO - Filling up the DagBag from /home/luan/Documents/curso-extracao-de-dados/venv/lib/python3.9/site-packages/airflow/example_dags/example_trigger_target_dag.py
[2024-03-04 12:07:16,172] {processor.py:651} INFO - DAG(s) dict_keys(['example_trigger_target_dag']) retrieved from /home/luan/Documents/curso-extracao-de-dados/venv/lib/python3.9/site-packages/airflow/example_dags/example_trigger_target_dag.py
[2024-03-04 12:07:16,183] {logging_mixin.py:115} INFO - [2024-03-04 12:07:16,183] {dag.py:2379} INFO - Sync 1 DAGs
[2024-03-04 12:07:16,197] {logging_mixin.py:115} INFO - [2024-03-04 12:07:16,197] {dag.py:2927} INFO - Setting next_dagrun for example_trigger_target_dag to None, run_after=None
[2024-03-04 12:07:16,211] {processor.py:161} INFO - Processing /home/luan/Documents/curso-extracao-de-dados/venv/lib/python3.9/site-packages/airflow/example_dags/example_trigger_target_dag.py took 0.053 seconds
[2024-03-04 12:07:47,016] {processor.py:153} INFO - Started process (PID=29469) to work on /home/luan/Documents/curso-extracao-de-dados/venv/lib/python3.9/site-packages/airflow/example_dags/example_trigger_target_dag.py
[2024-03-04 12:07:47,017] {processor.py:641} INFO - Processing file /home/luan/Documents/curso-extracao-de-dados/venv/lib/python3.9/site-packages/airflow/example_dags/example_trigger_target_dag.py for tasks to queue
[2024-03-04 12:07:47,018] {logging_mixin.py:115} INFO - [2024-03-04 12:07:47,018] {dagbag.py:507} INFO - Filling up the DagBag from /home/luan/Documents/curso-extracao-de-dados/venv/lib/python3.9/site-packages/airflow/example_dags/example_trigger_target_dag.py
[2024-03-04 12:07:47,028] {processor.py:651} INFO - DAG(s) dict_keys(['example_trigger_target_dag']) retrieved from /home/luan/Documents/curso-extracao-de-dados/venv/lib/python3.9/site-packages/airflow/example_dags/example_trigger_target_dag.py
[2024-03-04 12:07:47,038] {logging_mixin.py:115} INFO - [2024-03-04 12:07:47,038] {dag.py:2379} INFO - Sync 1 DAGs
[2024-03-04 12:07:47,051] {logging_mixin.py:115} INFO - [2024-03-04 12:07:47,051] {dag.py:2927} INFO - Setting next_dagrun for example_trigger_target_dag to None, run_after=None
[2024-03-04 12:07:47,068] {processor.py:161} INFO - Processing /home/luan/Documents/curso-extracao-de-dados/venv/lib/python3.9/site-packages/airflow/example_dags/example_trigger_target_dag.py took 0.054 seconds
[2024-03-04 12:08:20,740] {processor.py:153} INFO - Started process (PID=29599) to work on /home/luan/Documents/curso-extracao-de-dados/venv/lib/python3.9/site-packages/airflow/example_dags/example_trigger_target_dag.py
[2024-03-04 12:08:20,744] {processor.py:641} INFO - Processing file /home/luan/Documents/curso-extracao-de-dados/venv/lib/python3.9/site-packages/airflow/example_dags/example_trigger_target_dag.py for tasks to queue
[2024-03-04 12:08:20,745] {logging_mixin.py:115} INFO - [2024-03-04 12:08:20,745] {dagbag.py:507} INFO - Filling up the DagBag from /home/luan/Documents/curso-extracao-de-dados/venv/lib/python3.9/site-packages/airflow/example_dags/example_trigger_target_dag.py
[2024-03-04 12:08:20,754] {processor.py:651} INFO - DAG(s) dict_keys(['example_trigger_target_dag']) retrieved from /home/luan/Documents/curso-extracao-de-dados/venv/lib/python3.9/site-packages/airflow/example_dags/example_trigger_target_dag.py
[2024-03-04 12:08:20,764] {logging_mixin.py:115} INFO - [2024-03-04 12:08:20,764] {dag.py:2379} INFO - Sync 1 DAGs
[2024-03-04 12:08:20,776] {logging_mixin.py:115} INFO - [2024-03-04 12:08:20,776] {dag.py:2927} INFO - Setting next_dagrun for example_trigger_target_dag to None, run_after=None
[2024-03-04 12:08:20,790] {processor.py:161} INFO - Processing /home/luan/Documents/curso-extracao-de-dados/venv/lib/python3.9/site-packages/airflow/example_dags/example_trigger_target_dag.py took 0.053 seconds
[2024-03-04 12:08:51,688] {processor.py:153} INFO - Started process (PID=29720) to work on /home/luan/Documents/curso-extracao-de-dados/venv/lib/python3.9/site-packages/airflow/example_dags/example_trigger_target_dag.py
[2024-03-04 12:08:51,689] {processor.py:641} INFO - Processing file /home/luan/Documents/curso-extracao-de-dados/venv/lib/python3.9/site-packages/airflow/example_dags/example_trigger_target_dag.py for tasks to queue
[2024-03-04 12:08:51,689] {logging_mixin.py:115} INFO - [2024-03-04 12:08:51,689] {dagbag.py:507} INFO - Filling up the DagBag from /home/luan/Documents/curso-extracao-de-dados/venv/lib/python3.9/site-packages/airflow/example_dags/example_trigger_target_dag.py
[2024-03-04 12:08:51,701] {processor.py:651} INFO - DAG(s) dict_keys(['example_trigger_target_dag']) retrieved from /home/luan/Documents/curso-extracao-de-dados/venv/lib/python3.9/site-packages/airflow/example_dags/example_trigger_target_dag.py
[2024-03-04 12:08:51,711] {logging_mixin.py:115} INFO - [2024-03-04 12:08:51,711] {dag.py:2379} INFO - Sync 1 DAGs
[2024-03-04 12:08:51,724] {logging_mixin.py:115} INFO - [2024-03-04 12:08:51,724] {dag.py:2927} INFO - Setting next_dagrun for example_trigger_target_dag to None, run_after=None
[2024-03-04 12:08:51,737] {processor.py:161} INFO - Processing /home/luan/Documents/curso-extracao-de-dados/venv/lib/python3.9/site-packages/airflow/example_dags/example_trigger_target_dag.py took 0.051 seconds
[2024-03-04 12:09:53,832] {processor.py:153} INFO - Started process (PID=30052) to work on /home/luan/Documents/curso-extracao-de-dados/venv/lib/python3.9/site-packages/airflow/example_dags/example_trigger_target_dag.py
[2024-03-04 12:09:53,837] {processor.py:641} INFO - Processing file /home/luan/Documents/curso-extracao-de-dados/venv/lib/python3.9/site-packages/airflow/example_dags/example_trigger_target_dag.py for tasks to queue
[2024-03-04 12:09:53,837] {logging_mixin.py:115} INFO - [2024-03-04 12:09:53,837] {dagbag.py:507} INFO - Filling up the DagBag from /home/luan/Documents/curso-extracao-de-dados/venv/lib/python3.9/site-packages/airflow/example_dags/example_trigger_target_dag.py
[2024-03-04 12:09:53,847] {processor.py:651} INFO - DAG(s) dict_keys(['example_trigger_target_dag']) retrieved from /home/luan/Documents/curso-extracao-de-dados/venv/lib/python3.9/site-packages/airflow/example_dags/example_trigger_target_dag.py
[2024-03-04 12:09:53,857] {logging_mixin.py:115} INFO - [2024-03-04 12:09:53,857] {dag.py:2379} INFO - Sync 1 DAGs
[2024-03-04 12:09:53,872] {logging_mixin.py:115} INFO - [2024-03-04 12:09:53,871] {dag.py:2927} INFO - Setting next_dagrun for example_trigger_target_dag to None, run_after=None
[2024-03-04 12:09:53,885] {processor.py:161} INFO - Processing /home/luan/Documents/curso-extracao-de-dados/venv/lib/python3.9/site-packages/airflow/example_dags/example_trigger_target_dag.py took 0.054 seconds
[2024-03-04 12:10:24,684] {processor.py:153} INFO - Started process (PID=30170) to work on /home/luan/Documents/curso-extracao-de-dados/venv/lib/python3.9/site-packages/airflow/example_dags/example_trigger_target_dag.py
[2024-03-04 12:10:24,685] {processor.py:641} INFO - Processing file /home/luan/Documents/curso-extracao-de-dados/venv/lib/python3.9/site-packages/airflow/example_dags/example_trigger_target_dag.py for tasks to queue
[2024-03-04 12:10:24,685] {logging_mixin.py:115} INFO - [2024-03-04 12:10:24,685] {dagbag.py:507} INFO - Filling up the DagBag from /home/luan/Documents/curso-extracao-de-dados/venv/lib/python3.9/site-packages/airflow/example_dags/example_trigger_target_dag.py
[2024-03-04 12:10:24,695] {processor.py:651} INFO - DAG(s) dict_keys(['example_trigger_target_dag']) retrieved from /home/luan/Documents/curso-extracao-de-dados/venv/lib/python3.9/site-packages/airflow/example_dags/example_trigger_target_dag.py
[2024-03-04 12:10:24,705] {logging_mixin.py:115} INFO - [2024-03-04 12:10:24,705] {dag.py:2379} INFO - Sync 1 DAGs
[2024-03-04 12:10:24,718] {logging_mixin.py:115} INFO - [2024-03-04 12:10:24,718] {dag.py:2927} INFO - Setting next_dagrun for example_trigger_target_dag to None, run_after=None
[2024-03-04 12:10:24,733] {processor.py:161} INFO - Processing /home/luan/Documents/curso-extracao-de-dados/venv/lib/python3.9/site-packages/airflow/example_dags/example_trigger_target_dag.py took 0.051 seconds
[2024-03-04 12:10:58,486] {processor.py:153} INFO - Started process (PID=30312) to work on /home/luan/Documents/curso-extracao-de-dados/venv/lib/python3.9/site-packages/airflow/example_dags/example_trigger_target_dag.py
[2024-03-04 12:10:58,487] {processor.py:641} INFO - Processing file /home/luan/Documents/curso-extracao-de-dados/venv/lib/python3.9/site-packages/airflow/example_dags/example_trigger_target_dag.py for tasks to queue
[2024-03-04 12:10:58,487] {logging_mixin.py:115} INFO - [2024-03-04 12:10:58,487] {dagbag.py:507} INFO - Filling up the DagBag from /home/luan/Documents/curso-extracao-de-dados/venv/lib/python3.9/site-packages/airflow/example_dags/example_trigger_target_dag.py
[2024-03-04 12:10:58,498] {processor.py:651} INFO - DAG(s) dict_keys(['example_trigger_target_dag']) retrieved from /home/luan/Documents/curso-extracao-de-dados/venv/lib/python3.9/site-packages/airflow/example_dags/example_trigger_target_dag.py
[2024-03-04 12:10:58,508] {logging_mixin.py:115} INFO - [2024-03-04 12:10:58,508] {dag.py:2379} INFO - Sync 1 DAGs
[2024-03-04 12:10:58,520] {logging_mixin.py:115} INFO - [2024-03-04 12:10:58,520] {dag.py:2927} INFO - Setting next_dagrun for example_trigger_target_dag to None, run_after=None
[2024-03-04 12:10:58,537] {processor.py:161} INFO - Processing /home/luan/Documents/curso-extracao-de-dados/venv/lib/python3.9/site-packages/airflow/example_dags/example_trigger_target_dag.py took 0.053 seconds
[2024-03-04 12:14:12,092] {processor.py:153} INFO - Started process (PID=31210) to work on /home/luan/Documents/curso-extracao-de-dados/venv/lib/python3.9/site-packages/airflow/example_dags/example_trigger_target_dag.py
[2024-03-04 12:14:12,096] {processor.py:641} INFO - Processing file /home/luan/Documents/curso-extracao-de-dados/venv/lib/python3.9/site-packages/airflow/example_dags/example_trigger_target_dag.py for tasks to queue
[2024-03-04 12:14:12,097] {logging_mixin.py:115} INFO - [2024-03-04 12:14:12,097] {dagbag.py:507} INFO - Filling up the DagBag from /home/luan/Documents/curso-extracao-de-dados/venv/lib/python3.9/site-packages/airflow/example_dags/example_trigger_target_dag.py
[2024-03-04 12:14:12,107] {processor.py:651} INFO - DAG(s) dict_keys(['example_trigger_target_dag']) retrieved from /home/luan/Documents/curso-extracao-de-dados/venv/lib/python3.9/site-packages/airflow/example_dags/example_trigger_target_dag.py
[2024-03-04 12:14:12,118] {logging_mixin.py:115} INFO - [2024-03-04 12:14:12,118] {dag.py:2379} INFO - Sync 1 DAGs
[2024-03-04 12:14:12,135] {logging_mixin.py:115} INFO - [2024-03-04 12:14:12,135] {dag.py:2927} INFO - Setting next_dagrun for example_trigger_target_dag to None, run_after=None
[2024-03-04 12:14:12,150] {processor.py:161} INFO - Processing /home/luan/Documents/curso-extracao-de-dados/venv/lib/python3.9/site-packages/airflow/example_dags/example_trigger_target_dag.py took 0.059 seconds
[2024-03-04 12:14:42,949] {processor.py:153} INFO - Started process (PID=31337) to work on /home/luan/Documents/curso-extracao-de-dados/venv/lib/python3.9/site-packages/airflow/example_dags/example_trigger_target_dag.py
[2024-03-04 12:14:42,953] {processor.py:641} INFO - Processing file /home/luan/Documents/curso-extracao-de-dados/venv/lib/python3.9/site-packages/airflow/example_dags/example_trigger_target_dag.py for tasks to queue
[2024-03-04 12:14:42,954] {logging_mixin.py:115} INFO - [2024-03-04 12:14:42,954] {dagbag.py:507} INFO - Filling up the DagBag from /home/luan/Documents/curso-extracao-de-dados/venv/lib/python3.9/site-packages/airflow/example_dags/example_trigger_target_dag.py
[2024-03-04 12:14:42,966] {processor.py:651} INFO - DAG(s) dict_keys(['example_trigger_target_dag']) retrieved from /home/luan/Documents/curso-extracao-de-dados/venv/lib/python3.9/site-packages/airflow/example_dags/example_trigger_target_dag.py
[2024-03-04 12:14:42,979] {logging_mixin.py:115} INFO - [2024-03-04 12:14:42,979] {dag.py:2379} INFO - Sync 1 DAGs
[2024-03-04 12:14:42,993] {logging_mixin.py:115} INFO - [2024-03-04 12:14:42,993] {dag.py:2927} INFO - Setting next_dagrun for example_trigger_target_dag to None, run_after=None
[2024-03-04 12:14:43,006] {processor.py:161} INFO - Processing /home/luan/Documents/curso-extracao-de-dados/venv/lib/python3.9/site-packages/airflow/example_dags/example_trigger_target_dag.py took 0.058 seconds
[2024-03-04 12:15:16,691] {processor.py:153} INFO - Started process (PID=31475) to work on /home/luan/Documents/curso-extracao-de-dados/venv/lib/python3.9/site-packages/airflow/example_dags/example_trigger_target_dag.py
[2024-03-04 12:15:16,693] {processor.py:641} INFO - Processing file /home/luan/Documents/curso-extracao-de-dados/venv/lib/python3.9/site-packages/airflow/example_dags/example_trigger_target_dag.py for tasks to queue
[2024-03-04 12:15:16,693] {logging_mixin.py:115} INFO - [2024-03-04 12:15:16,693] {dagbag.py:507} INFO - Filling up the DagBag from /home/luan/Documents/curso-extracao-de-dados/venv/lib/python3.9/site-packages/airflow/example_dags/example_trigger_target_dag.py
[2024-03-04 12:15:16,704] {processor.py:651} INFO - DAG(s) dict_keys(['example_trigger_target_dag']) retrieved from /home/luan/Documents/curso-extracao-de-dados/venv/lib/python3.9/site-packages/airflow/example_dags/example_trigger_target_dag.py
[2024-03-04 12:15:16,714] {logging_mixin.py:115} INFO - [2024-03-04 12:15:16,714] {dag.py:2379} INFO - Sync 1 DAGs
[2024-03-04 12:15:16,728] {logging_mixin.py:115} INFO - [2024-03-04 12:15:16,727] {dag.py:2927} INFO - Setting next_dagrun for example_trigger_target_dag to None, run_after=None
[2024-03-04 12:15:16,741] {processor.py:161} INFO - Processing /home/luan/Documents/curso-extracao-de-dados/venv/lib/python3.9/site-packages/airflow/example_dags/example_trigger_target_dag.py took 0.051 seconds
[2024-03-04 12:15:48,271] {processor.py:153} INFO - Started process (PID=31601) to work on /home/luan/Documents/curso-extracao-de-dados/venv/lib/python3.9/site-packages/airflow/example_dags/example_trigger_target_dag.py
[2024-03-04 12:15:48,275] {processor.py:641} INFO - Processing file /home/luan/Documents/curso-extracao-de-dados/venv/lib/python3.9/site-packages/airflow/example_dags/example_trigger_target_dag.py for tasks to queue
[2024-03-04 12:15:48,276] {logging_mixin.py:115} INFO - [2024-03-04 12:15:48,276] {dagbag.py:507} INFO - Filling up the DagBag from /home/luan/Documents/curso-extracao-de-dados/venv/lib/python3.9/site-packages/airflow/example_dags/example_trigger_target_dag.py
[2024-03-04 12:15:48,287] {processor.py:651} INFO - DAG(s) dict_keys(['example_trigger_target_dag']) retrieved from /home/luan/Documents/curso-extracao-de-dados/venv/lib/python3.9/site-packages/airflow/example_dags/example_trigger_target_dag.py
[2024-03-04 12:15:48,296] {logging_mixin.py:115} INFO - [2024-03-04 12:15:48,296] {dag.py:2379} INFO - Sync 1 DAGs
[2024-03-04 12:15:48,311] {logging_mixin.py:115} INFO - [2024-03-04 12:15:48,310] {dag.py:2927} INFO - Setting next_dagrun for example_trigger_target_dag to None, run_after=None
[2024-03-04 12:15:48,327] {processor.py:161} INFO - Processing /home/luan/Documents/curso-extracao-de-dados/venv/lib/python3.9/site-packages/airflow/example_dags/example_trigger_target_dag.py took 0.057 seconds
[2024-03-04 12:16:10,908] {processor.py:153} INFO - Started process (PID=31790) to work on /home/luan/Documents/curso-extracao-de-dados/venv/lib/python3.9/site-packages/airflow/example_dags/example_trigger_target_dag.py
[2024-03-04 12:16:10,912] {processor.py:641} INFO - Processing file /home/luan/Documents/curso-extracao-de-dados/venv/lib/python3.9/site-packages/airflow/example_dags/example_trigger_target_dag.py for tasks to queue
[2024-03-04 12:16:10,913] {logging_mixin.py:115} INFO - [2024-03-04 12:16:10,913] {dagbag.py:507} INFO - Filling up the DagBag from /home/luan/Documents/curso-extracao-de-dados/venv/lib/python3.9/site-packages/airflow/example_dags/example_trigger_target_dag.py
[2024-03-04 12:16:10,924] {processor.py:651} INFO - DAG(s) dict_keys(['example_trigger_target_dag']) retrieved from /home/luan/Documents/curso-extracao-de-dados/venv/lib/python3.9/site-packages/airflow/example_dags/example_trigger_target_dag.py
[2024-03-04 12:16:10,935] {logging_mixin.py:115} INFO - [2024-03-04 12:16:10,935] {dag.py:2379} INFO - Sync 1 DAGs
[2024-03-04 12:16:10,951] {logging_mixin.py:115} INFO - [2024-03-04 12:16:10,951] {dag.py:2927} INFO - Setting next_dagrun for example_trigger_target_dag to None, run_after=None
[2024-03-04 12:16:10,966] {processor.py:161} INFO - Processing /home/luan/Documents/curso-extracao-de-dados/venv/lib/python3.9/site-packages/airflow/example_dags/example_trigger_target_dag.py took 0.060 seconds
[2024-03-04 12:16:41,780] {processor.py:153} INFO - Started process (PID=31914) to work on /home/luan/Documents/curso-extracao-de-dados/venv/lib/python3.9/site-packages/airflow/example_dags/example_trigger_target_dag.py
[2024-03-04 12:16:41,784] {processor.py:641} INFO - Processing file /home/luan/Documents/curso-extracao-de-dados/venv/lib/python3.9/site-packages/airflow/example_dags/example_trigger_target_dag.py for tasks to queue
[2024-03-04 12:16:41,784] {logging_mixin.py:115} INFO - [2024-03-04 12:16:41,784] {dagbag.py:507} INFO - Filling up the DagBag from /home/luan/Documents/curso-extracao-de-dados/venv/lib/python3.9/site-packages/airflow/example_dags/example_trigger_target_dag.py
[2024-03-04 12:16:41,794] {processor.py:651} INFO - DAG(s) dict_keys(['example_trigger_target_dag']) retrieved from /home/luan/Documents/curso-extracao-de-dados/venv/lib/python3.9/site-packages/airflow/example_dags/example_trigger_target_dag.py
[2024-03-04 12:16:41,803] {logging_mixin.py:115} INFO - [2024-03-04 12:16:41,803] {dag.py:2379} INFO - Sync 1 DAGs
[2024-03-04 12:16:41,816] {logging_mixin.py:115} INFO - [2024-03-04 12:16:41,816] {dag.py:2927} INFO - Setting next_dagrun for example_trigger_target_dag to None, run_after=None
[2024-03-04 12:16:41,830] {processor.py:161} INFO - Processing /home/luan/Documents/curso-extracao-de-dados/venv/lib/python3.9/site-packages/airflow/example_dags/example_trigger_target_dag.py took 0.052 seconds
[2024-03-04 12:17:14,809] {processor.py:153} INFO - Started process (PID=32054) to work on /home/luan/Documents/curso-extracao-de-dados/venv/lib/python3.9/site-packages/airflow/example_dags/example_trigger_target_dag.py
[2024-03-04 12:17:14,810] {processor.py:641} INFO - Processing file /home/luan/Documents/curso-extracao-de-dados/venv/lib/python3.9/site-packages/airflow/example_dags/example_trigger_target_dag.py for tasks to queue
[2024-03-04 12:17:14,811] {logging_mixin.py:115} INFO - [2024-03-04 12:17:14,811] {dagbag.py:507} INFO - Filling up the DagBag from /home/luan/Documents/curso-extracao-de-dados/venv/lib/python3.9/site-packages/airflow/example_dags/example_trigger_target_dag.py
[2024-03-04 12:17:14,823] {processor.py:651} INFO - DAG(s) dict_keys(['example_trigger_target_dag']) retrieved from /home/luan/Documents/curso-extracao-de-dados/venv/lib/python3.9/site-packages/airflow/example_dags/example_trigger_target_dag.py
[2024-03-04 12:17:14,833] {logging_mixin.py:115} INFO - [2024-03-04 12:17:14,833] {dag.py:2379} INFO - Sync 1 DAGs
[2024-03-04 12:17:14,848] {logging_mixin.py:115} INFO - [2024-03-04 12:17:14,848] {dag.py:2927} INFO - Setting next_dagrun for example_trigger_target_dag to None, run_after=None
[2024-03-04 12:17:14,864] {processor.py:161} INFO - Processing /home/luan/Documents/curso-extracao-de-dados/venv/lib/python3.9/site-packages/airflow/example_dags/example_trigger_target_dag.py took 0.056 seconds
[2024-03-04 12:17:48,174] {processor.py:153} INFO - Started process (PID=32184) to work on /home/luan/Documents/curso-extracao-de-dados/venv/lib/python3.9/site-packages/airflow/example_dags/example_trigger_target_dag.py
[2024-03-04 12:17:48,178] {processor.py:641} INFO - Processing file /home/luan/Documents/curso-extracao-de-dados/venv/lib/python3.9/site-packages/airflow/example_dags/example_trigger_target_dag.py for tasks to queue
[2024-03-04 12:17:48,179] {logging_mixin.py:115} INFO - [2024-03-04 12:17:48,179] {dagbag.py:507} INFO - Filling up the DagBag from /home/luan/Documents/curso-extracao-de-dados/venv/lib/python3.9/site-packages/airflow/example_dags/example_trigger_target_dag.py
[2024-03-04 12:17:48,189] {processor.py:651} INFO - DAG(s) dict_keys(['example_trigger_target_dag']) retrieved from /home/luan/Documents/curso-extracao-de-dados/venv/lib/python3.9/site-packages/airflow/example_dags/example_trigger_target_dag.py
[2024-03-04 12:17:48,199] {logging_mixin.py:115} INFO - [2024-03-04 12:17:48,199] {dag.py:2379} INFO - Sync 1 DAGs
[2024-03-04 12:17:48,212] {logging_mixin.py:115} INFO - [2024-03-04 12:17:48,212] {dag.py:2927} INFO - Setting next_dagrun for example_trigger_target_dag to None, run_after=None
[2024-03-04 12:17:48,229] {processor.py:161} INFO - Processing /home/luan/Documents/curso-extracao-de-dados/venv/lib/python3.9/site-packages/airflow/example_dags/example_trigger_target_dag.py took 0.057 seconds
[2024-03-04 12:18:44,748] {processor.py:153} INFO - Started process (PID=32488) to work on /home/luan/Documents/curso-extracao-de-dados/venv/lib/python3.9/site-packages/airflow/example_dags/example_trigger_target_dag.py
[2024-03-04 12:18:44,753] {processor.py:641} INFO - Processing file /home/luan/Documents/curso-extracao-de-dados/venv/lib/python3.9/site-packages/airflow/example_dags/example_trigger_target_dag.py for tasks to queue
[2024-03-04 12:18:44,753] {logging_mixin.py:115} INFO - [2024-03-04 12:18:44,753] {dagbag.py:507} INFO - Filling up the DagBag from /home/luan/Documents/curso-extracao-de-dados/venv/lib/python3.9/site-packages/airflow/example_dags/example_trigger_target_dag.py
[2024-03-04 12:18:44,764] {processor.py:651} INFO - DAG(s) dict_keys(['example_trigger_target_dag']) retrieved from /home/luan/Documents/curso-extracao-de-dados/venv/lib/python3.9/site-packages/airflow/example_dags/example_trigger_target_dag.py
[2024-03-04 12:18:44,774] {logging_mixin.py:115} INFO - [2024-03-04 12:18:44,774] {dag.py:2379} INFO - Sync 1 DAGs
[2024-03-04 12:18:44,788] {logging_mixin.py:115} INFO - [2024-03-04 12:18:44,788] {dag.py:2927} INFO - Setting next_dagrun for example_trigger_target_dag to None, run_after=None
[2024-03-04 12:18:44,801] {processor.py:161} INFO - Processing /home/luan/Documents/curso-extracao-de-dados/venv/lib/python3.9/site-packages/airflow/example_dags/example_trigger_target_dag.py took 0.054 seconds
[2024-03-04 12:19:15,590] {processor.py:153} INFO - Started process (PID=32612) to work on /home/luan/Documents/curso-extracao-de-dados/venv/lib/python3.9/site-packages/airflow/example_dags/example_trigger_target_dag.py
[2024-03-04 12:19:15,591] {processor.py:641} INFO - Processing file /home/luan/Documents/curso-extracao-de-dados/venv/lib/python3.9/site-packages/airflow/example_dags/example_trigger_target_dag.py for tasks to queue
[2024-03-04 12:19:15,591] {logging_mixin.py:115} INFO - [2024-03-04 12:19:15,591] {dagbag.py:507} INFO - Filling up the DagBag from /home/luan/Documents/curso-extracao-de-dados/venv/lib/python3.9/site-packages/airflow/example_dags/example_trigger_target_dag.py
[2024-03-04 12:19:15,601] {processor.py:651} INFO - DAG(s) dict_keys(['example_trigger_target_dag']) retrieved from /home/luan/Documents/curso-extracao-de-dados/venv/lib/python3.9/site-packages/airflow/example_dags/example_trigger_target_dag.py
[2024-03-04 12:19:15,614] {logging_mixin.py:115} INFO - [2024-03-04 12:19:15,614] {dag.py:2379} INFO - Sync 1 DAGs
[2024-03-04 12:19:15,627] {logging_mixin.py:115} INFO - [2024-03-04 12:19:15,627] {dag.py:2927} INFO - Setting next_dagrun for example_trigger_target_dag to None, run_after=None
[2024-03-04 12:19:15,640] {processor.py:161} INFO - Processing /home/luan/Documents/curso-extracao-de-dados/venv/lib/python3.9/site-packages/airflow/example_dags/example_trigger_target_dag.py took 0.052 seconds
