[2024-03-04 11:21:26,067] {processor.py:153} INFO - Started process (PID=17504) to work on /home/luan/Documents/curso-extracao-de-dados/venv/lib/python3.9/site-packages/airflow/example_dags/example_xcomargs.py
[2024-03-04 11:21:26,067] {processor.py:641} INFO - Processing file /home/luan/Documents/curso-extracao-de-dados/venv/lib/python3.9/site-packages/airflow/example_dags/example_xcomargs.py for tasks to queue
[2024-03-04 11:21:26,067] {logging_mixin.py:115} INFO - [2024-03-04 11:21:26,067] {dagbag.py:507} INFO - Filling up the DagBag from /home/luan/Documents/curso-extracao-de-dados/venv/lib/python3.9/site-packages/airflow/example_dags/example_xcomargs.py
[2024-03-04 11:21:26,080] {processor.py:651} INFO - DAG(s) dict_keys(['example_xcom_args', 'example_xcom_args_with_operators']) retrieved from /home/luan/Documents/curso-extracao-de-dados/venv/lib/python3.9/site-packages/airflow/example_dags/example_xcomargs.py
[2024-03-04 11:21:26,136] {logging_mixin.py:115} INFO - [2024-03-04 11:21:26,136] {manager.py:508} INFO - Created Permission View: can edit on DAG:example_xcom_args
[2024-03-04 11:21:26,150] {logging_mixin.py:115} INFO - [2024-03-04 11:21:26,150] {manager.py:508} INFO - Created Permission View: can delete on DAG:example_xcom_args
[2024-03-04 11:21:26,160] {logging_mixin.py:115} INFO - [2024-03-04 11:21:26,160] {manager.py:508} INFO - Created Permission View: can read on DAG:example_xcom_args
[2024-03-04 11:21:26,181] {logging_mixin.py:115} INFO - [2024-03-04 11:21:26,181] {manager.py:508} INFO - Created Permission View: can edit on DAG:example_xcom_args_with_operators
[2024-03-04 11:21:26,190] {logging_mixin.py:115} INFO - [2024-03-04 11:21:26,190] {manager.py:508} INFO - Created Permission View: can delete on DAG:example_xcom_args_with_operators
[2024-03-04 11:21:26,200] {logging_mixin.py:115} INFO - [2024-03-04 11:21:26,200] {manager.py:508} INFO - Created Permission View: can read on DAG:example_xcom_args_with_operators
[2024-03-04 11:21:26,200] {logging_mixin.py:115} INFO - [2024-03-04 11:21:26,200] {dag.py:2379} INFO - Sync 2 DAGs
[2024-03-04 11:21:26,206] {logging_mixin.py:115} INFO - [2024-03-04 11:21:26,206] {dag.py:2398} INFO - Creating ORM DAG for example_xcom_args
[2024-03-04 11:21:26,206] {logging_mixin.py:115} INFO - [2024-03-04 11:21:26,206] {dag.py:2398} INFO - Creating ORM DAG for example_xcom_args_with_operators
[2024-03-04 11:21:26,212] {logging_mixin.py:115} INFO - [2024-03-04 11:21:26,212] {dag.py:2927} INFO - Setting next_dagrun for example_xcom_args to None, run_after=None
[2024-03-04 11:21:26,212] {logging_mixin.py:115} INFO - [2024-03-04 11:21:26,212] {dag.py:2927} INFO - Setting next_dagrun for example_xcom_args_with_operators to None, run_after=None
[2024-03-04 11:21:26,227] {processor.py:161} INFO - Processing /home/luan/Documents/curso-extracao-de-dados/venv/lib/python3.9/site-packages/airflow/example_dags/example_xcomargs.py took 0.162 seconds
[2024-03-04 11:22:00,018] {processor.py:153} INFO - Started process (PID=17637) to work on /home/luan/Documents/curso-extracao-de-dados/venv/lib/python3.9/site-packages/airflow/example_dags/example_xcomargs.py
[2024-03-04 11:22:00,019] {processor.py:641} INFO - Processing file /home/luan/Documents/curso-extracao-de-dados/venv/lib/python3.9/site-packages/airflow/example_dags/example_xcomargs.py for tasks to queue
[2024-03-04 11:22:00,019] {logging_mixin.py:115} INFO - [2024-03-04 11:22:00,019] {dagbag.py:507} INFO - Filling up the DagBag from /home/luan/Documents/curso-extracao-de-dados/venv/lib/python3.9/site-packages/airflow/example_dags/example_xcomargs.py
[2024-03-04 11:22:00,033] {processor.py:651} INFO - DAG(s) dict_keys(['example_xcom_args', 'example_xcom_args_with_operators']) retrieved from /home/luan/Documents/curso-extracao-de-dados/venv/lib/python3.9/site-packages/airflow/example_dags/example_xcomargs.py
[2024-03-04 11:22:00,070] {logging_mixin.py:115} INFO - [2024-03-04 11:22:00,070] {dag.py:2379} INFO - Sync 2 DAGs
[2024-03-04 11:22:00,084] {logging_mixin.py:115} INFO - [2024-03-04 11:22:00,084] {dag.py:2927} INFO - Setting next_dagrun for example_xcom_args to None, run_after=None
[2024-03-04 11:22:00,084] {logging_mixin.py:115} INFO - [2024-03-04 11:22:00,084] {dag.py:2927} INFO - Setting next_dagrun for example_xcom_args_with_operators to None, run_after=None
[2024-03-04 11:22:00,101] {processor.py:161} INFO - Processing /home/luan/Documents/curso-extracao-de-dados/venv/lib/python3.9/site-packages/airflow/example_dags/example_xcomargs.py took 0.085 seconds
[2024-03-04 11:22:32,974] {processor.py:153} INFO - Started process (PID=17768) to work on /home/luan/Documents/curso-extracao-de-dados/venv/lib/python3.9/site-packages/airflow/example_dags/example_xcomargs.py
[2024-03-04 11:22:32,976] {processor.py:641} INFO - Processing file /home/luan/Documents/curso-extracao-de-dados/venv/lib/python3.9/site-packages/airflow/example_dags/example_xcomargs.py for tasks to queue
[2024-03-04 11:22:32,976] {logging_mixin.py:115} INFO - [2024-03-04 11:22:32,976] {dagbag.py:507} INFO - Filling up the DagBag from /home/luan/Documents/curso-extracao-de-dados/venv/lib/python3.9/site-packages/airflow/example_dags/example_xcomargs.py
[2024-03-04 11:22:32,988] {processor.py:651} INFO - DAG(s) dict_keys(['example_xcom_args', 'example_xcom_args_with_operators']) retrieved from /home/luan/Documents/curso-extracao-de-dados/venv/lib/python3.9/site-packages/airflow/example_dags/example_xcomargs.py
[2024-03-04 11:22:33,019] {logging_mixin.py:115} INFO - [2024-03-04 11:22:33,018] {dag.py:2379} INFO - Sync 2 DAGs
[2024-03-04 11:22:33,038] {logging_mixin.py:115} INFO - [2024-03-04 11:22:33,037] {dag.py:2927} INFO - Setting next_dagrun for example_xcom_args to None, run_after=None
[2024-03-04 11:22:33,038] {logging_mixin.py:115} INFO - [2024-03-04 11:22:33,038] {dag.py:2927} INFO - Setting next_dagrun for example_xcom_args_with_operators to None, run_after=None
[2024-03-04 11:22:33,052] {processor.py:161} INFO - Processing /home/luan/Documents/curso-extracao-de-dados/venv/lib/python3.9/site-packages/airflow/example_dags/example_xcomargs.py took 0.079 seconds
[2024-03-04 12:05:51,197] {processor.py:153} INFO - Started process (PID=28751) to work on /home/luan/Documents/curso-extracao-de-dados/venv/lib/python3.9/site-packages/airflow/example_dags/example_xcomargs.py
[2024-03-04 12:05:51,198] {processor.py:641} INFO - Processing file /home/luan/Documents/curso-extracao-de-dados/venv/lib/python3.9/site-packages/airflow/example_dags/example_xcomargs.py for tasks to queue
[2024-03-04 12:05:51,198] {logging_mixin.py:115} INFO - [2024-03-04 12:05:51,198] {dagbag.py:507} INFO - Filling up the DagBag from /home/luan/Documents/curso-extracao-de-dados/venv/lib/python3.9/site-packages/airflow/example_dags/example_xcomargs.py
[2024-03-04 12:05:51,215] {processor.py:651} INFO - DAG(s) dict_keys(['example_xcom_args', 'example_xcom_args_with_operators']) retrieved from /home/luan/Documents/curso-extracao-de-dados/venv/lib/python3.9/site-packages/airflow/example_dags/example_xcomargs.py
[2024-03-04 12:05:51,248] {logging_mixin.py:115} INFO - [2024-03-04 12:05:51,248] {dag.py:2379} INFO - Sync 2 DAGs
[2024-03-04 12:05:51,260] {logging_mixin.py:115} INFO - [2024-03-04 12:05:51,260] {dag.py:2927} INFO - Setting next_dagrun for example_xcom_args to None, run_after=None
[2024-03-04 12:05:51,260] {logging_mixin.py:115} INFO - [2024-03-04 12:05:51,260] {dag.py:2927} INFO - Setting next_dagrun for example_xcom_args_with_operators to None, run_after=None
[2024-03-04 12:05:51,277] {processor.py:161} INFO - Processing /home/luan/Documents/curso-extracao-de-dados/venv/lib/python3.9/site-packages/airflow/example_dags/example_xcomargs.py took 0.081 seconds
[2024-03-04 12:06:24,037] {processor.py:153} INFO - Started process (PID=29051) to work on /home/luan/Documents/curso-extracao-de-dados/venv/lib/python3.9/site-packages/airflow/example_dags/example_xcomargs.py
[2024-03-04 12:06:24,038] {processor.py:641} INFO - Processing file /home/luan/Documents/curso-extracao-de-dados/venv/lib/python3.9/site-packages/airflow/example_dags/example_xcomargs.py for tasks to queue
[2024-03-04 12:06:24,039] {logging_mixin.py:115} INFO - [2024-03-04 12:06:24,039] {dagbag.py:507} INFO - Filling up the DagBag from /home/luan/Documents/curso-extracao-de-dados/venv/lib/python3.9/site-packages/airflow/example_dags/example_xcomargs.py
[2024-03-04 12:06:24,050] {processor.py:651} INFO - DAG(s) dict_keys(['example_xcom_args', 'example_xcom_args_with_operators']) retrieved from /home/luan/Documents/curso-extracao-de-dados/venv/lib/python3.9/site-packages/airflow/example_dags/example_xcomargs.py
[2024-03-04 12:06:24,082] {logging_mixin.py:115} INFO - [2024-03-04 12:06:24,082] {dag.py:2379} INFO - Sync 2 DAGs
[2024-03-04 12:06:24,093] {logging_mixin.py:115} INFO - [2024-03-04 12:06:24,093] {dag.py:2927} INFO - Setting next_dagrun for example_xcom_args to None, run_after=None
[2024-03-04 12:06:24,093] {logging_mixin.py:115} INFO - [2024-03-04 12:06:24,093] {dag.py:2927} INFO - Setting next_dagrun for example_xcom_args_with_operators to None, run_after=None
[2024-03-04 12:06:24,108] {processor.py:161} INFO - Processing /home/luan/Documents/curso-extracao-de-dados/venv/lib/python3.9/site-packages/airflow/example_dags/example_xcomargs.py took 0.073 seconds
[2024-03-04 12:07:19,037] {processor.py:153} INFO - Started process (PID=29372) to work on /home/luan/Documents/curso-extracao-de-dados/venv/lib/python3.9/site-packages/airflow/example_dags/example_xcomargs.py
[2024-03-04 12:07:19,041] {processor.py:641} INFO - Processing file /home/luan/Documents/curso-extracao-de-dados/venv/lib/python3.9/site-packages/airflow/example_dags/example_xcomargs.py for tasks to queue
[2024-03-04 12:07:19,042] {logging_mixin.py:115} INFO - [2024-03-04 12:07:19,042] {dagbag.py:507} INFO - Filling up the DagBag from /home/luan/Documents/curso-extracao-de-dados/venv/lib/python3.9/site-packages/airflow/example_dags/example_xcomargs.py
[2024-03-04 12:07:19,053] {processor.py:651} INFO - DAG(s) dict_keys(['example_xcom_args', 'example_xcom_args_with_operators']) retrieved from /home/luan/Documents/curso-extracao-de-dados/venv/lib/python3.9/site-packages/airflow/example_dags/example_xcomargs.py
[2024-03-04 12:07:19,085] {logging_mixin.py:115} INFO - [2024-03-04 12:07:19,085] {dag.py:2379} INFO - Sync 2 DAGs
[2024-03-04 12:07:19,096] {logging_mixin.py:115} INFO - [2024-03-04 12:07:19,096] {dag.py:2927} INFO - Setting next_dagrun for example_xcom_args to None, run_after=None
[2024-03-04 12:07:19,096] {logging_mixin.py:115} INFO - [2024-03-04 12:07:19,096] {dag.py:2927} INFO - Setting next_dagrun for example_xcom_args_with_operators to None, run_after=None
[2024-03-04 12:07:19,113] {processor.py:161} INFO - Processing /home/luan/Documents/curso-extracao-de-dados/venv/lib/python3.9/site-packages/airflow/example_dags/example_xcomargs.py took 0.078 seconds
[2024-03-04 12:07:51,025] {processor.py:153} INFO - Started process (PID=29485) to work on /home/luan/Documents/curso-extracao-de-dados/venv/lib/python3.9/site-packages/airflow/example_dags/example_xcomargs.py
[2024-03-04 12:07:51,026] {processor.py:641} INFO - Processing file /home/luan/Documents/curso-extracao-de-dados/venv/lib/python3.9/site-packages/airflow/example_dags/example_xcomargs.py for tasks to queue
[2024-03-04 12:07:51,027] {logging_mixin.py:115} INFO - [2024-03-04 12:07:51,026] {dagbag.py:507} INFO - Filling up the DagBag from /home/luan/Documents/curso-extracao-de-dados/venv/lib/python3.9/site-packages/airflow/example_dags/example_xcomargs.py
[2024-03-04 12:07:51,038] {processor.py:651} INFO - DAG(s) dict_keys(['example_xcom_args', 'example_xcom_args_with_operators']) retrieved from /home/luan/Documents/curso-extracao-de-dados/venv/lib/python3.9/site-packages/airflow/example_dags/example_xcomargs.py
[2024-03-04 12:07:51,067] {logging_mixin.py:115} INFO - [2024-03-04 12:07:51,067] {dag.py:2379} INFO - Sync 2 DAGs
[2024-03-04 12:07:51,077] {logging_mixin.py:115} INFO - [2024-03-04 12:07:51,077] {dag.py:2927} INFO - Setting next_dagrun for example_xcom_args to None, run_after=None
[2024-03-04 12:07:51,077] {logging_mixin.py:115} INFO - [2024-03-04 12:07:51,077] {dag.py:2927} INFO - Setting next_dagrun for example_xcom_args_with_operators to None, run_after=None
[2024-03-04 12:07:51,093] {processor.py:161} INFO - Processing /home/luan/Documents/curso-extracao-de-dados/venv/lib/python3.9/site-packages/airflow/example_dags/example_xcomargs.py took 0.070 seconds
[2024-03-04 12:08:23,614] {processor.py:153} INFO - Started process (PID=29609) to work on /home/luan/Documents/curso-extracao-de-dados/venv/lib/python3.9/site-packages/airflow/example_dags/example_xcomargs.py
[2024-03-04 12:08:23,619] {processor.py:641} INFO - Processing file /home/luan/Documents/curso-extracao-de-dados/venv/lib/python3.9/site-packages/airflow/example_dags/example_xcomargs.py for tasks to queue
[2024-03-04 12:08:23,623] {logging_mixin.py:115} INFO - [2024-03-04 12:08:23,620] {dagbag.py:507} INFO - Filling up the DagBag from /home/luan/Documents/curso-extracao-de-dados/venv/lib/python3.9/site-packages/airflow/example_dags/example_xcomargs.py
[2024-03-04 12:08:23,651] {processor.py:651} INFO - DAG(s) dict_keys(['example_xcom_args', 'example_xcom_args_with_operators']) retrieved from /home/luan/Documents/curso-extracao-de-dados/venv/lib/python3.9/site-packages/airflow/example_dags/example_xcomargs.py
[2024-03-04 12:08:23,693] {logging_mixin.py:115} INFO - [2024-03-04 12:08:23,693] {dag.py:2379} INFO - Sync 2 DAGs
[2024-03-04 12:08:23,703] {logging_mixin.py:115} INFO - [2024-03-04 12:08:23,703] {dag.py:2927} INFO - Setting next_dagrun for example_xcom_args to None, run_after=None
[2024-03-04 12:08:23,703] {logging_mixin.py:115} INFO - [2024-03-04 12:08:23,703] {dag.py:2927} INFO - Setting next_dagrun for example_xcom_args_with_operators to None, run_after=None
[2024-03-04 12:08:23,720] {processor.py:161} INFO - Processing /home/luan/Documents/curso-extracao-de-dados/venv/lib/python3.9/site-packages/airflow/example_dags/example_xcomargs.py took 0.109 seconds
[2024-03-04 12:08:55,702] {processor.py:153} INFO - Started process (PID=29745) to work on /home/luan/Documents/curso-extracao-de-dados/venv/lib/python3.9/site-packages/airflow/example_dags/example_xcomargs.py
[2024-03-04 12:08:55,703] {processor.py:641} INFO - Processing file /home/luan/Documents/curso-extracao-de-dados/venv/lib/python3.9/site-packages/airflow/example_dags/example_xcomargs.py for tasks to queue
[2024-03-04 12:08:55,704] {logging_mixin.py:115} INFO - [2024-03-04 12:08:55,704] {dagbag.py:507} INFO - Filling up the DagBag from /home/luan/Documents/curso-extracao-de-dados/venv/lib/python3.9/site-packages/airflow/example_dags/example_xcomargs.py
[2024-03-04 12:08:55,720] {processor.py:651} INFO - DAG(s) dict_keys(['example_xcom_args', 'example_xcom_args_with_operators']) retrieved from /home/luan/Documents/curso-extracao-de-dados/venv/lib/python3.9/site-packages/airflow/example_dags/example_xcomargs.py
[2024-03-04 12:08:55,754] {logging_mixin.py:115} INFO - [2024-03-04 12:08:55,754] {dag.py:2379} INFO - Sync 2 DAGs
[2024-03-04 12:08:55,765] {logging_mixin.py:115} INFO - [2024-03-04 12:08:55,765] {dag.py:2927} INFO - Setting next_dagrun for example_xcom_args to None, run_after=None
[2024-03-04 12:08:55,766] {logging_mixin.py:115} INFO - [2024-03-04 12:08:55,766] {dag.py:2927} INFO - Setting next_dagrun for example_xcom_args_with_operators to None, run_after=None
[2024-03-04 12:08:55,785] {processor.py:161} INFO - Processing /home/luan/Documents/curso-extracao-de-dados/venv/lib/python3.9/site-packages/airflow/example_dags/example_xcomargs.py took 0.085 seconds
[2024-03-04 12:09:56,716] {processor.py:153} INFO - Started process (PID=30062) to work on /home/luan/Documents/curso-extracao-de-dados/venv/lib/python3.9/site-packages/airflow/example_dags/example_xcomargs.py
[2024-03-04 12:09:56,720] {processor.py:641} INFO - Processing file /home/luan/Documents/curso-extracao-de-dados/venv/lib/python3.9/site-packages/airflow/example_dags/example_xcomargs.py for tasks to queue
[2024-03-04 12:09:56,721] {logging_mixin.py:115} INFO - [2024-03-04 12:09:56,721] {dagbag.py:507} INFO - Filling up the DagBag from /home/luan/Documents/curso-extracao-de-dados/venv/lib/python3.9/site-packages/airflow/example_dags/example_xcomargs.py
[2024-03-04 12:09:56,733] {processor.py:651} INFO - DAG(s) dict_keys(['example_xcom_args', 'example_xcom_args_with_operators']) retrieved from /home/luan/Documents/curso-extracao-de-dados/venv/lib/python3.9/site-packages/airflow/example_dags/example_xcomargs.py
[2024-03-04 12:09:56,765] {logging_mixin.py:115} INFO - [2024-03-04 12:09:56,765] {dag.py:2379} INFO - Sync 2 DAGs
[2024-03-04 12:09:56,775] {logging_mixin.py:115} INFO - [2024-03-04 12:09:56,775] {dag.py:2927} INFO - Setting next_dagrun for example_xcom_args to None, run_after=None
[2024-03-04 12:09:56,775] {logging_mixin.py:115} INFO - [2024-03-04 12:09:56,775] {dag.py:2927} INFO - Setting next_dagrun for example_xcom_args_with_operators to None, run_after=None
[2024-03-04 12:09:56,790] {processor.py:161} INFO - Processing /home/luan/Documents/curso-extracao-de-dados/venv/lib/python3.9/site-packages/airflow/example_dags/example_xcomargs.py took 0.075 seconds
[2024-03-04 12:10:28,698] {processor.py:153} INFO - Started process (PID=30186) to work on /home/luan/Documents/curso-extracao-de-dados/venv/lib/python3.9/site-packages/airflow/example_dags/example_xcomargs.py
[2024-03-04 12:10:28,702] {processor.py:641} INFO - Processing file /home/luan/Documents/curso-extracao-de-dados/venv/lib/python3.9/site-packages/airflow/example_dags/example_xcomargs.py for tasks to queue
[2024-03-04 12:10:28,703] {logging_mixin.py:115} INFO - [2024-03-04 12:10:28,703] {dagbag.py:507} INFO - Filling up the DagBag from /home/luan/Documents/curso-extracao-de-dados/venv/lib/python3.9/site-packages/airflow/example_dags/example_xcomargs.py
[2024-03-04 12:10:28,718] {processor.py:651} INFO - DAG(s) dict_keys(['example_xcom_args', 'example_xcom_args_with_operators']) retrieved from /home/luan/Documents/curso-extracao-de-dados/venv/lib/python3.9/site-packages/airflow/example_dags/example_xcomargs.py
[2024-03-04 12:10:28,755] {logging_mixin.py:115} INFO - [2024-03-04 12:10:28,755] {dag.py:2379} INFO - Sync 2 DAGs
[2024-03-04 12:10:28,768] {logging_mixin.py:115} INFO - [2024-03-04 12:10:28,767] {dag.py:2927} INFO - Setting next_dagrun for example_xcom_args to None, run_after=None
[2024-03-04 12:10:28,768] {logging_mixin.py:115} INFO - [2024-03-04 12:10:28,768] {dag.py:2927} INFO - Setting next_dagrun for example_xcom_args_with_operators to None, run_after=None
[2024-03-04 12:10:28,783] {processor.py:161} INFO - Processing /home/luan/Documents/curso-extracao-de-dados/venv/lib/python3.9/site-packages/airflow/example_dags/example_xcomargs.py took 0.087 seconds
[2024-03-04 12:11:01,355] {processor.py:153} INFO - Started process (PID=30322) to work on /home/luan/Documents/curso-extracao-de-dados/venv/lib/python3.9/site-packages/airflow/example_dags/example_xcomargs.py
[2024-03-04 12:11:01,356] {processor.py:641} INFO - Processing file /home/luan/Documents/curso-extracao-de-dados/venv/lib/python3.9/site-packages/airflow/example_dags/example_xcomargs.py for tasks to queue
[2024-03-04 12:11:01,357] {logging_mixin.py:115} INFO - [2024-03-04 12:11:01,357] {dagbag.py:507} INFO - Filling up the DagBag from /home/luan/Documents/curso-extracao-de-dados/venv/lib/python3.9/site-packages/airflow/example_dags/example_xcomargs.py
[2024-03-04 12:11:01,369] {processor.py:651} INFO - DAG(s) dict_keys(['example_xcom_args', 'example_xcom_args_with_operators']) retrieved from /home/luan/Documents/curso-extracao-de-dados/venv/lib/python3.9/site-packages/airflow/example_dags/example_xcomargs.py
[2024-03-04 12:11:01,402] {logging_mixin.py:115} INFO - [2024-03-04 12:11:01,402] {dag.py:2379} INFO - Sync 2 DAGs
[2024-03-04 12:11:01,413] {logging_mixin.py:115} INFO - [2024-03-04 12:11:01,413] {dag.py:2927} INFO - Setting next_dagrun for example_xcom_args to None, run_after=None
[2024-03-04 12:11:01,414] {logging_mixin.py:115} INFO - [2024-03-04 12:11:01,413] {dag.py:2927} INFO - Setting next_dagrun for example_xcom_args_with_operators to None, run_after=None
[2024-03-04 12:11:01,428] {processor.py:161} INFO - Processing /home/luan/Documents/curso-extracao-de-dados/venv/lib/python3.9/site-packages/airflow/example_dags/example_xcomargs.py took 0.074 seconds
[2024-03-04 12:14:14,984] {processor.py:153} INFO - Started process (PID=31228) to work on /home/luan/Documents/curso-extracao-de-dados/venv/lib/python3.9/site-packages/airflow/example_dags/example_xcomargs.py
[2024-03-04 12:14:14,986] {processor.py:641} INFO - Processing file /home/luan/Documents/curso-extracao-de-dados/venv/lib/python3.9/site-packages/airflow/example_dags/example_xcomargs.py for tasks to queue
[2024-03-04 12:14:14,986] {logging_mixin.py:115} INFO - [2024-03-04 12:14:14,986] {dagbag.py:507} INFO - Filling up the DagBag from /home/luan/Documents/curso-extracao-de-dados/venv/lib/python3.9/site-packages/airflow/example_dags/example_xcomargs.py
[2024-03-04 12:14:15,000] {processor.py:651} INFO - DAG(s) dict_keys(['example_xcom_args', 'example_xcom_args_with_operators']) retrieved from /home/luan/Documents/curso-extracao-de-dados/venv/lib/python3.9/site-packages/airflow/example_dags/example_xcomargs.py
[2024-03-04 12:14:15,045] {logging_mixin.py:115} INFO - [2024-03-04 12:14:15,045] {dag.py:2379} INFO - Sync 2 DAGs
[2024-03-04 12:14:15,057] {logging_mixin.py:115} INFO - [2024-03-04 12:14:15,057] {dag.py:2927} INFO - Setting next_dagrun for example_xcom_args to None, run_after=None
[2024-03-04 12:14:15,057] {logging_mixin.py:115} INFO - [2024-03-04 12:14:15,057] {dag.py:2927} INFO - Setting next_dagrun for example_xcom_args_with_operators to None, run_after=None
[2024-03-04 12:14:15,076] {processor.py:161} INFO - Processing /home/luan/Documents/curso-extracao-de-dados/venv/lib/python3.9/site-packages/airflow/example_dags/example_xcomargs.py took 0.093 seconds
[2024-03-04 12:14:46,961] {processor.py:153} INFO - Started process (PID=31353) to work on /home/luan/Documents/curso-extracao-de-dados/venv/lib/python3.9/site-packages/airflow/example_dags/example_xcomargs.py
[2024-03-04 12:14:46,965] {processor.py:641} INFO - Processing file /home/luan/Documents/curso-extracao-de-dados/venv/lib/python3.9/site-packages/airflow/example_dags/example_xcomargs.py for tasks to queue
[2024-03-04 12:14:46,965] {logging_mixin.py:115} INFO - [2024-03-04 12:14:46,965] {dagbag.py:507} INFO - Filling up the DagBag from /home/luan/Documents/curso-extracao-de-dados/venv/lib/python3.9/site-packages/airflow/example_dags/example_xcomargs.py
[2024-03-04 12:14:46,976] {processor.py:651} INFO - DAG(s) dict_keys(['example_xcom_args', 'example_xcom_args_with_operators']) retrieved from /home/luan/Documents/curso-extracao-de-dados/venv/lib/python3.9/site-packages/airflow/example_dags/example_xcomargs.py
[2024-03-04 12:14:47,006] {logging_mixin.py:115} INFO - [2024-03-04 12:14:47,006] {dag.py:2379} INFO - Sync 2 DAGs
[2024-03-04 12:14:47,017] {logging_mixin.py:115} INFO - [2024-03-04 12:14:47,017] {dag.py:2927} INFO - Setting next_dagrun for example_xcom_args to None, run_after=None
[2024-03-04 12:14:47,017] {logging_mixin.py:115} INFO - [2024-03-04 12:14:47,017] {dag.py:2927} INFO - Setting next_dagrun for example_xcom_args_with_operators to None, run_after=None
[2024-03-04 12:14:47,031] {processor.py:161} INFO - Processing /home/luan/Documents/curso-extracao-de-dados/venv/lib/python3.9/site-packages/airflow/example_dags/example_xcomargs.py took 0.072 seconds
[2024-03-04 12:15:19,564] {processor.py:153} INFO - Started process (PID=31485) to work on /home/luan/Documents/curso-extracao-de-dados/venv/lib/python3.9/site-packages/airflow/example_dags/example_xcomargs.py
[2024-03-04 12:15:19,565] {processor.py:641} INFO - Processing file /home/luan/Documents/curso-extracao-de-dados/venv/lib/python3.9/site-packages/airflow/example_dags/example_xcomargs.py for tasks to queue
[2024-03-04 12:15:19,566] {logging_mixin.py:115} INFO - [2024-03-04 12:15:19,566] {dagbag.py:507} INFO - Filling up the DagBag from /home/luan/Documents/curso-extracao-de-dados/venv/lib/python3.9/site-packages/airflow/example_dags/example_xcomargs.py
[2024-03-04 12:15:19,577] {processor.py:651} INFO - DAG(s) dict_keys(['example_xcom_args', 'example_xcom_args_with_operators']) retrieved from /home/luan/Documents/curso-extracao-de-dados/venv/lib/python3.9/site-packages/airflow/example_dags/example_xcomargs.py
[2024-03-04 12:15:19,606] {logging_mixin.py:115} INFO - [2024-03-04 12:15:19,606] {dag.py:2379} INFO - Sync 2 DAGs
[2024-03-04 12:15:19,616] {logging_mixin.py:115} INFO - [2024-03-04 12:15:19,616] {dag.py:2927} INFO - Setting next_dagrun for example_xcom_args to None, run_after=None
[2024-03-04 12:15:19,617] {logging_mixin.py:115} INFO - [2024-03-04 12:15:19,616] {dag.py:2927} INFO - Setting next_dagrun for example_xcom_args_with_operators to None, run_after=None
[2024-03-04 12:15:19,633] {processor.py:161} INFO - Processing /home/luan/Documents/curso-extracao-de-dados/venv/lib/python3.9/site-packages/airflow/example_dags/example_xcomargs.py took 0.071 seconds
[2024-03-04 12:15:52,582] {processor.py:153} INFO - Started process (PID=31619) to work on /home/luan/Documents/curso-extracao-de-dados/venv/lib/python3.9/site-packages/airflow/example_dags/example_xcomargs.py
[2024-03-04 12:15:52,583] {processor.py:641} INFO - Processing file /home/luan/Documents/curso-extracao-de-dados/venv/lib/python3.9/site-packages/airflow/example_dags/example_xcomargs.py for tasks to queue
[2024-03-04 12:15:52,584] {logging_mixin.py:115} INFO - [2024-03-04 12:15:52,584] {dagbag.py:507} INFO - Filling up the DagBag from /home/luan/Documents/curso-extracao-de-dados/venv/lib/python3.9/site-packages/airflow/example_dags/example_xcomargs.py
[2024-03-04 12:15:52,596] {processor.py:651} INFO - DAG(s) dict_keys(['example_xcom_args', 'example_xcom_args_with_operators']) retrieved from /home/luan/Documents/curso-extracao-de-dados/venv/lib/python3.9/site-packages/airflow/example_dags/example_xcomargs.py
[2024-03-04 12:15:52,629] {logging_mixin.py:115} INFO - [2024-03-04 12:15:52,629] {dag.py:2379} INFO - Sync 2 DAGs
[2024-03-04 12:15:52,640] {logging_mixin.py:115} INFO - [2024-03-04 12:15:52,640] {dag.py:2927} INFO - Setting next_dagrun for example_xcom_args to None, run_after=None
[2024-03-04 12:15:52,641] {logging_mixin.py:115} INFO - [2024-03-04 12:15:52,641] {dag.py:2927} INFO - Setting next_dagrun for example_xcom_args_with_operators to None, run_after=None
[2024-03-04 12:15:52,656] {processor.py:161} INFO - Processing /home/luan/Documents/curso-extracao-de-dados/venv/lib/python3.9/site-packages/airflow/example_dags/example_xcomargs.py took 0.076 seconds
[2024-03-04 12:16:13,799] {processor.py:153} INFO - Started process (PID=31800) to work on /home/luan/Documents/curso-extracao-de-dados/venv/lib/python3.9/site-packages/airflow/example_dags/example_xcomargs.py
[2024-03-04 12:16:13,800] {processor.py:641} INFO - Processing file /home/luan/Documents/curso-extracao-de-dados/venv/lib/python3.9/site-packages/airflow/example_dags/example_xcomargs.py for tasks to queue
[2024-03-04 12:16:13,801] {logging_mixin.py:115} INFO - [2024-03-04 12:16:13,801] {dagbag.py:507} INFO - Filling up the DagBag from /home/luan/Documents/curso-extracao-de-dados/venv/lib/python3.9/site-packages/airflow/example_dags/example_xcomargs.py
[2024-03-04 12:16:13,818] {processor.py:651} INFO - DAG(s) dict_keys(['example_xcom_args', 'example_xcom_args_with_operators']) retrieved from /home/luan/Documents/curso-extracao-de-dados/venv/lib/python3.9/site-packages/airflow/example_dags/example_xcomargs.py
[2024-03-04 12:16:13,836] {logging_mixin.py:115} INFO - [2024-03-04 12:16:13,836] {dag.py:2379} INFO - Sync 2 DAGs
[2024-03-04 12:16:13,850] {logging_mixin.py:115} INFO - [2024-03-04 12:16:13,850] {dag.py:2927} INFO - Setting next_dagrun for example_xcom_args to None, run_after=None
[2024-03-04 12:16:13,850] {logging_mixin.py:115} INFO - [2024-03-04 12:16:13,850] {dag.py:2927} INFO - Setting next_dagrun for example_xcom_args_with_operators to None, run_after=None
[2024-03-04 12:16:13,865] {processor.py:161} INFO - Processing /home/luan/Documents/curso-extracao-de-dados/venv/lib/python3.9/site-packages/airflow/example_dags/example_xcomargs.py took 0.069 seconds
[2024-03-04 12:16:45,874] {processor.py:153} INFO - Started process (PID=31930) to work on /home/luan/Documents/curso-extracao-de-dados/venv/lib/python3.9/site-packages/airflow/example_dags/example_xcomargs.py
[2024-03-04 12:16:45,879] {processor.py:641} INFO - Processing file /home/luan/Documents/curso-extracao-de-dados/venv/lib/python3.9/site-packages/airflow/example_dags/example_xcomargs.py for tasks to queue
[2024-03-04 12:16:45,880] {logging_mixin.py:115} INFO - [2024-03-04 12:16:45,880] {dagbag.py:507} INFO - Filling up the DagBag from /home/luan/Documents/curso-extracao-de-dados/venv/lib/python3.9/site-packages/airflow/example_dags/example_xcomargs.py
[2024-03-04 12:16:45,891] {processor.py:651} INFO - DAG(s) dict_keys(['example_xcom_args', 'example_xcom_args_with_operators']) retrieved from /home/luan/Documents/curso-extracao-de-dados/venv/lib/python3.9/site-packages/airflow/example_dags/example_xcomargs.py
[2024-03-04 12:16:45,920] {logging_mixin.py:115} INFO - [2024-03-04 12:16:45,920] {dag.py:2379} INFO - Sync 2 DAGs
[2024-03-04 12:16:45,930] {logging_mixin.py:115} INFO - [2024-03-04 12:16:45,930] {dag.py:2927} INFO - Setting next_dagrun for example_xcom_args to None, run_after=None
[2024-03-04 12:16:45,930] {logging_mixin.py:115} INFO - [2024-03-04 12:16:45,930] {dag.py:2927} INFO - Setting next_dagrun for example_xcom_args_with_operators to None, run_after=None
[2024-03-04 12:16:46,069] {processor.py:161} INFO - Processing /home/luan/Documents/curso-extracao-de-dados/venv/lib/python3.9/site-packages/airflow/example_dags/example_xcomargs.py took 0.197 seconds
[2024-03-04 12:17:18,815] {processor.py:153} INFO - Started process (PID=32068) to work on /home/luan/Documents/curso-extracao-de-dados/venv/lib/python3.9/site-packages/airflow/example_dags/example_xcomargs.py
[2024-03-04 12:17:18,835] {processor.py:641} INFO - Processing file /home/luan/Documents/curso-extracao-de-dados/venv/lib/python3.9/site-packages/airflow/example_dags/example_xcomargs.py for tasks to queue
[2024-03-04 12:17:18,835] {logging_mixin.py:115} INFO - [2024-03-04 12:17:18,835] {dagbag.py:507} INFO - Filling up the DagBag from /home/luan/Documents/curso-extracao-de-dados/venv/lib/python3.9/site-packages/airflow/example_dags/example_xcomargs.py
[2024-03-04 12:17:18,849] {processor.py:651} INFO - DAG(s) dict_keys(['example_xcom_args', 'example_xcom_args_with_operators']) retrieved from /home/luan/Documents/curso-extracao-de-dados/venv/lib/python3.9/site-packages/airflow/example_dags/example_xcomargs.py
[2024-03-04 12:17:18,900] {logging_mixin.py:115} INFO - [2024-03-04 12:17:18,900] {dag.py:2379} INFO - Sync 2 DAGs
[2024-03-04 12:17:18,921] {logging_mixin.py:115} INFO - [2024-03-04 12:17:18,921] {dag.py:2927} INFO - Setting next_dagrun for example_xcom_args to None, run_after=None
[2024-03-04 12:17:18,921] {logging_mixin.py:115} INFO - [2024-03-04 12:17:18,921] {dag.py:2927} INFO - Setting next_dagrun for example_xcom_args_with_operators to None, run_after=None
[2024-03-04 12:17:18,956] {processor.py:161} INFO - Processing /home/luan/Documents/curso-extracao-de-dados/venv/lib/python3.9/site-packages/airflow/example_dags/example_xcomargs.py took 0.144 seconds
[2024-03-04 12:17:52,040] {processor.py:153} INFO - Started process (PID=32200) to work on /home/luan/Documents/curso-extracao-de-dados/venv/lib/python3.9/site-packages/airflow/example_dags/example_xcomargs.py
[2024-03-04 12:17:52,041] {processor.py:641} INFO - Processing file /home/luan/Documents/curso-extracao-de-dados/venv/lib/python3.9/site-packages/airflow/example_dags/example_xcomargs.py for tasks to queue
[2024-03-04 12:17:52,041] {logging_mixin.py:115} INFO - [2024-03-04 12:17:52,041] {dagbag.py:507} INFO - Filling up the DagBag from /home/luan/Documents/curso-extracao-de-dados/venv/lib/python3.9/site-packages/airflow/example_dags/example_xcomargs.py
[2024-03-04 12:17:52,053] {processor.py:651} INFO - DAG(s) dict_keys(['example_xcom_args', 'example_xcom_args_with_operators']) retrieved from /home/luan/Documents/curso-extracao-de-dados/venv/lib/python3.9/site-packages/airflow/example_dags/example_xcomargs.py
[2024-03-04 12:17:52,087] {logging_mixin.py:115} INFO - [2024-03-04 12:17:52,087] {dag.py:2379} INFO - Sync 2 DAGs
[2024-03-04 12:17:52,097] {logging_mixin.py:115} INFO - [2024-03-04 12:17:52,097] {dag.py:2927} INFO - Setting next_dagrun for example_xcom_args to None, run_after=None
[2024-03-04 12:17:52,098] {logging_mixin.py:115} INFO - [2024-03-04 12:17:52,098] {dag.py:2927} INFO - Setting next_dagrun for example_xcom_args_with_operators to None, run_after=None
[2024-03-04 12:17:52,113] {processor.py:161} INFO - Processing /home/luan/Documents/curso-extracao-de-dados/venv/lib/python3.9/site-packages/airflow/example_dags/example_xcomargs.py took 0.075 seconds
[2024-03-04 12:18:47,625] {processor.py:153} INFO - Started process (PID=32498) to work on /home/luan/Documents/curso-extracao-de-dados/venv/lib/python3.9/site-packages/airflow/example_dags/example_xcomargs.py
[2024-03-04 12:18:47,629] {processor.py:641} INFO - Processing file /home/luan/Documents/curso-extracao-de-dados/venv/lib/python3.9/site-packages/airflow/example_dags/example_xcomargs.py for tasks to queue
[2024-03-04 12:18:47,629] {logging_mixin.py:115} INFO - [2024-03-04 12:18:47,629] {dagbag.py:507} INFO - Filling up the DagBag from /home/luan/Documents/curso-extracao-de-dados/venv/lib/python3.9/site-packages/airflow/example_dags/example_xcomargs.py
[2024-03-04 12:18:47,641] {processor.py:651} INFO - DAG(s) dict_keys(['example_xcom_args', 'example_xcom_args_with_operators']) retrieved from /home/luan/Documents/curso-extracao-de-dados/venv/lib/python3.9/site-packages/airflow/example_dags/example_xcomargs.py
[2024-03-04 12:18:47,669] {logging_mixin.py:115} INFO - [2024-03-04 12:18:47,669] {dag.py:2379} INFO - Sync 2 DAGs
[2024-03-04 12:18:47,679] {logging_mixin.py:115} INFO - [2024-03-04 12:18:47,679] {dag.py:2927} INFO - Setting next_dagrun for example_xcom_args to None, run_after=None
[2024-03-04 12:18:47,679] {logging_mixin.py:115} INFO - [2024-03-04 12:18:47,679] {dag.py:2927} INFO - Setting next_dagrun for example_xcom_args_with_operators to None, run_after=None
[2024-03-04 12:18:47,693] {processor.py:161} INFO - Processing /home/luan/Documents/curso-extracao-de-dados/venv/lib/python3.9/site-packages/airflow/example_dags/example_xcomargs.py took 0.069 seconds
[2024-03-04 12:19:19,604] {processor.py:153} INFO - Started process (PID=32628) to work on /home/luan/Documents/curso-extracao-de-dados/venv/lib/python3.9/site-packages/airflow/example_dags/example_xcomargs.py
[2024-03-04 12:19:19,608] {processor.py:641} INFO - Processing file /home/luan/Documents/curso-extracao-de-dados/venv/lib/python3.9/site-packages/airflow/example_dags/example_xcomargs.py for tasks to queue
[2024-03-04 12:19:19,608] {logging_mixin.py:115} INFO - [2024-03-04 12:19:19,608] {dagbag.py:507} INFO - Filling up the DagBag from /home/luan/Documents/curso-extracao-de-dados/venv/lib/python3.9/site-packages/airflow/example_dags/example_xcomargs.py
[2024-03-04 12:19:19,619] {processor.py:651} INFO - DAG(s) dict_keys(['example_xcom_args', 'example_xcom_args_with_operators']) retrieved from /home/luan/Documents/curso-extracao-de-dados/venv/lib/python3.9/site-packages/airflow/example_dags/example_xcomargs.py
[2024-03-04 12:19:19,648] {logging_mixin.py:115} INFO - [2024-03-04 12:19:19,648] {dag.py:2379} INFO - Sync 2 DAGs
[2024-03-04 12:19:19,658] {logging_mixin.py:115} INFO - [2024-03-04 12:19:19,658] {dag.py:2927} INFO - Setting next_dagrun for example_xcom_args to None, run_after=None
[2024-03-04 12:19:19,658] {logging_mixin.py:115} INFO - [2024-03-04 12:19:19,658] {dag.py:2927} INFO - Setting next_dagrun for example_xcom_args_with_operators to None, run_after=None
[2024-03-04 12:19:19,673] {processor.py:161} INFO - Processing /home/luan/Documents/curso-extracao-de-dados/venv/lib/python3.9/site-packages/airflow/example_dags/example_xcomargs.py took 0.071 seconds
