[2024-03-04 11:21:38,163] {processor.py:153} INFO - Started process (PID=17555) to work on /home/luan/Documents/curso-extracao-de-dados/venv/lib/python3.9/site-packages/airflow/example_dags/example_dag_decorator.py
[2024-03-04 11:21:38,163] {processor.py:641} INFO - Processing file /home/luan/Documents/curso-extracao-de-dados/venv/lib/python3.9/site-packages/airflow/example_dags/example_dag_decorator.py for tasks to queue
[2024-03-04 11:21:38,164] {logging_mixin.py:115} INFO - [2024-03-04 11:21:38,164] {dagbag.py:507} INFO - Filling up the DagBag from /home/luan/Documents/curso-extracao-de-dados/venv/lib/python3.9/site-packages/airflow/example_dags/example_dag_decorator.py
[2024-03-04 11:21:38,178] {processor.py:651} INFO - DAG(s) dict_keys(['example_dag_decorator']) retrieved from /home/luan/Documents/curso-extracao-de-dados/venv/lib/python3.9/site-packages/airflow/example_dags/example_dag_decorator.py
[2024-03-04 11:21:38,227] {logging_mixin.py:115} INFO - [2024-03-04 11:21:38,227] {manager.py:508} INFO - Created Permission View: can edit on DAG:example_dag_decorator
[2024-03-04 11:21:38,237] {logging_mixin.py:115} INFO - [2024-03-04 11:21:38,237] {manager.py:508} INFO - Created Permission View: can delete on DAG:example_dag_decorator
[2024-03-04 11:21:38,247] {logging_mixin.py:115} INFO - [2024-03-04 11:21:38,247] {manager.py:508} INFO - Created Permission View: can read on DAG:example_dag_decorator
[2024-03-04 11:21:38,247] {logging_mixin.py:115} INFO - [2024-03-04 11:21:38,247] {dag.py:2379} INFO - Sync 1 DAGs
[2024-03-04 11:21:38,252] {logging_mixin.py:115} INFO - [2024-03-04 11:21:38,252] {dag.py:2398} INFO - Creating ORM DAG for example_dag_decorator
[2024-03-04 11:21:38,257] {logging_mixin.py:115} INFO - [2024-03-04 11:21:38,257] {dag.py:2927} INFO - Setting next_dagrun for example_dag_decorator to None, run_after=None
[2024-03-04 11:21:38,273] {processor.py:161} INFO - Processing /home/luan/Documents/curso-extracao-de-dados/venv/lib/python3.9/site-packages/airflow/example_dags/example_dag_decorator.py took 0.112 seconds
[2024-03-04 11:22:11,430] {processor.py:153} INFO - Started process (PID=17686) to work on /home/luan/Documents/curso-extracao-de-dados/venv/lib/python3.9/site-packages/airflow/example_dags/example_dag_decorator.py
[2024-03-04 11:22:11,434] {processor.py:641} INFO - Processing file /home/luan/Documents/curso-extracao-de-dados/venv/lib/python3.9/site-packages/airflow/example_dags/example_dag_decorator.py for tasks to queue
[2024-03-04 11:22:11,435] {logging_mixin.py:115} INFO - [2024-03-04 11:22:11,435] {dagbag.py:507} INFO - Filling up the DagBag from /home/luan/Documents/curso-extracao-de-dados/venv/lib/python3.9/site-packages/airflow/example_dags/example_dag_decorator.py
[2024-03-04 11:22:11,449] {processor.py:651} INFO - DAG(s) dict_keys(['example_dag_decorator']) retrieved from /home/luan/Documents/curso-extracao-de-dados/venv/lib/python3.9/site-packages/airflow/example_dags/example_dag_decorator.py
[2024-03-04 11:22:11,477] {logging_mixin.py:115} INFO - [2024-03-04 11:22:11,477] {dag.py:2379} INFO - Sync 1 DAGs
[2024-03-04 11:22:11,486] {logging_mixin.py:115} INFO - [2024-03-04 11:22:11,486] {dag.py:2927} INFO - Setting next_dagrun for example_dag_decorator to None, run_after=None
[2024-03-04 11:22:11,501] {processor.py:161} INFO - Processing /home/luan/Documents/curso-extracao-de-dados/venv/lib/python3.9/site-packages/airflow/example_dags/example_dag_decorator.py took 0.073 seconds
[2024-03-04 11:22:45,151] {processor.py:153} INFO - Started process (PID=17820) to work on /home/luan/Documents/curso-extracao-de-dados/venv/lib/python3.9/site-packages/airflow/example_dags/example_dag_decorator.py
[2024-03-04 11:22:45,152] {processor.py:641} INFO - Processing file /home/luan/Documents/curso-extracao-de-dados/venv/lib/python3.9/site-packages/airflow/example_dags/example_dag_decorator.py for tasks to queue
[2024-03-04 11:22:45,153] {logging_mixin.py:115} INFO - [2024-03-04 11:22:45,153] {dagbag.py:507} INFO - Filling up the DagBag from /home/luan/Documents/curso-extracao-de-dados/venv/lib/python3.9/site-packages/airflow/example_dags/example_dag_decorator.py
[2024-03-04 11:22:45,166] {processor.py:651} INFO - DAG(s) dict_keys(['example_dag_decorator']) retrieved from /home/luan/Documents/curso-extracao-de-dados/venv/lib/python3.9/site-packages/airflow/example_dags/example_dag_decorator.py
[2024-03-04 11:22:45,196] {logging_mixin.py:115} INFO - [2024-03-04 11:22:45,196] {dag.py:2379} INFO - Sync 1 DAGs
[2024-03-04 11:22:45,208] {logging_mixin.py:115} INFO - [2024-03-04 11:22:45,208] {dag.py:2927} INFO - Setting next_dagrun for example_dag_decorator to None, run_after=None
[2024-03-04 11:22:45,223] {processor.py:161} INFO - Processing /home/luan/Documents/curso-extracao-de-dados/venv/lib/python3.9/site-packages/airflow/example_dags/example_dag_decorator.py took 0.074 seconds
[2024-03-04 12:06:01,478] {processor.py:153} INFO - Started process (PID=28793) to work on /home/luan/Documents/curso-extracao-de-dados/venv/lib/python3.9/site-packages/airflow/example_dags/example_dag_decorator.py
[2024-03-04 12:06:01,479] {processor.py:641} INFO - Processing file /home/luan/Documents/curso-extracao-de-dados/venv/lib/python3.9/site-packages/airflow/example_dags/example_dag_decorator.py for tasks to queue
[2024-03-04 12:06:01,480] {logging_mixin.py:115} INFO - [2024-03-04 12:06:01,480] {dagbag.py:507} INFO - Filling up the DagBag from /home/luan/Documents/curso-extracao-de-dados/venv/lib/python3.9/site-packages/airflow/example_dags/example_dag_decorator.py
[2024-03-04 12:06:01,496] {processor.py:651} INFO - DAG(s) dict_keys(['example_dag_decorator']) retrieved from /home/luan/Documents/curso-extracao-de-dados/venv/lib/python3.9/site-packages/airflow/example_dags/example_dag_decorator.py
[2024-03-04 12:06:01,526] {logging_mixin.py:115} INFO - [2024-03-04 12:06:01,525] {dag.py:2379} INFO - Sync 1 DAGs
[2024-03-04 12:06:01,535] {logging_mixin.py:115} INFO - [2024-03-04 12:06:01,535] {dag.py:2927} INFO - Setting next_dagrun for example_dag_decorator to None, run_after=None
[2024-03-04 12:06:01,549] {processor.py:161} INFO - Processing /home/luan/Documents/curso-extracao-de-dados/venv/lib/python3.9/site-packages/airflow/example_dags/example_dag_decorator.py took 0.073 seconds
[2024-03-04 12:06:36,509] {processor.py:153} INFO - Started process (PID=29154) to work on /home/luan/Documents/curso-extracao-de-dados/venv/lib/python3.9/site-packages/airflow/example_dags/example_dag_decorator.py
[2024-03-04 12:06:36,510] {processor.py:641} INFO - Processing file /home/luan/Documents/curso-extracao-de-dados/venv/lib/python3.9/site-packages/airflow/example_dags/example_dag_decorator.py for tasks to queue
[2024-03-04 12:06:36,511] {logging_mixin.py:115} INFO - [2024-03-04 12:06:36,511] {dagbag.py:507} INFO - Filling up the DagBag from /home/luan/Documents/curso-extracao-de-dados/venv/lib/python3.9/site-packages/airflow/example_dags/example_dag_decorator.py
[2024-03-04 12:06:36,525] {processor.py:651} INFO - DAG(s) dict_keys(['example_dag_decorator']) retrieved from /home/luan/Documents/curso-extracao-de-dados/venv/lib/python3.9/site-packages/airflow/example_dags/example_dag_decorator.py
[2024-03-04 12:06:36,552] {logging_mixin.py:115} INFO - [2024-03-04 12:06:36,552] {dag.py:2379} INFO - Sync 1 DAGs
[2024-03-04 12:06:36,563] {logging_mixin.py:115} INFO - [2024-03-04 12:06:36,563] {dag.py:2927} INFO - Setting next_dagrun for example_dag_decorator to None, run_after=None
[2024-03-04 12:06:36,577] {processor.py:161} INFO - Processing /home/luan/Documents/curso-extracao-de-dados/venv/lib/python3.9/site-packages/airflow/example_dags/example_dag_decorator.py took 0.071 seconds
[2024-03-04 12:07:29,323] {processor.py:153} INFO - Started process (PID=29408) to work on /home/luan/Documents/curso-extracao-de-dados/venv/lib/python3.9/site-packages/airflow/example_dags/example_dag_decorator.py
[2024-03-04 12:07:29,327] {processor.py:641} INFO - Processing file /home/luan/Documents/curso-extracao-de-dados/venv/lib/python3.9/site-packages/airflow/example_dags/example_dag_decorator.py for tasks to queue
[2024-03-04 12:07:29,328] {logging_mixin.py:115} INFO - [2024-03-04 12:07:29,328] {dagbag.py:507} INFO - Filling up the DagBag from /home/luan/Documents/curso-extracao-de-dados/venv/lib/python3.9/site-packages/airflow/example_dags/example_dag_decorator.py
[2024-03-04 12:07:29,342] {processor.py:651} INFO - DAG(s) dict_keys(['example_dag_decorator']) retrieved from /home/luan/Documents/curso-extracao-de-dados/venv/lib/python3.9/site-packages/airflow/example_dags/example_dag_decorator.py
[2024-03-04 12:07:29,371] {logging_mixin.py:115} INFO - [2024-03-04 12:07:29,371] {dag.py:2379} INFO - Sync 1 DAGs
[2024-03-04 12:07:29,382] {logging_mixin.py:115} INFO - [2024-03-04 12:07:29,382] {dag.py:2927} INFO - Setting next_dagrun for example_dag_decorator to None, run_after=None
[2024-03-04 12:07:29,396] {processor.py:161} INFO - Processing /home/luan/Documents/curso-extracao-de-dados/venv/lib/python3.9/site-packages/airflow/example_dags/example_dag_decorator.py took 0.075 seconds
[2024-03-04 12:08:03,044] {processor.py:153} INFO - Started process (PID=29527) to work on /home/luan/Documents/curso-extracao-de-dados/venv/lib/python3.9/site-packages/airflow/example_dags/example_dag_decorator.py
[2024-03-04 12:08:03,049] {processor.py:641} INFO - Processing file /home/luan/Documents/curso-extracao-de-dados/venv/lib/python3.9/site-packages/airflow/example_dags/example_dag_decorator.py for tasks to queue
[2024-03-04 12:08:03,049] {logging_mixin.py:115} INFO - [2024-03-04 12:08:03,049] {dagbag.py:507} INFO - Filling up the DagBag from /home/luan/Documents/curso-extracao-de-dados/venv/lib/python3.9/site-packages/airflow/example_dags/example_dag_decorator.py
[2024-03-04 12:08:03,064] {processor.py:651} INFO - DAG(s) dict_keys(['example_dag_decorator']) retrieved from /home/luan/Documents/curso-extracao-de-dados/venv/lib/python3.9/site-packages/airflow/example_dags/example_dag_decorator.py
[2024-03-04 12:08:03,093] {logging_mixin.py:115} INFO - [2024-03-04 12:08:03,093] {dag.py:2379} INFO - Sync 1 DAGs
[2024-03-04 12:08:03,103] {logging_mixin.py:115} INFO - [2024-03-04 12:08:03,103] {dag.py:2927} INFO - Setting next_dagrun for example_dag_decorator to None, run_after=None
[2024-03-04 12:08:03,117] {processor.py:161} INFO - Processing /home/luan/Documents/curso-extracao-de-dados/venv/lib/python3.9/site-packages/airflow/example_dags/example_dag_decorator.py took 0.074 seconds
[2024-03-04 12:08:35,134] {processor.py:153} INFO - Started process (PID=29657) to work on /home/luan/Documents/curso-extracao-de-dados/venv/lib/python3.9/site-packages/airflow/example_dags/example_dag_decorator.py
[2024-03-04 12:08:35,137] {processor.py:641} INFO - Processing file /home/luan/Documents/curso-extracao-de-dados/venv/lib/python3.9/site-packages/airflow/example_dags/example_dag_decorator.py for tasks to queue
[2024-03-04 12:08:35,138] {logging_mixin.py:115} INFO - [2024-03-04 12:08:35,138] {dagbag.py:507} INFO - Filling up the DagBag from /home/luan/Documents/curso-extracao-de-dados/venv/lib/python3.9/site-packages/airflow/example_dags/example_dag_decorator.py
[2024-03-04 12:08:35,152] {processor.py:651} INFO - DAG(s) dict_keys(['example_dag_decorator']) retrieved from /home/luan/Documents/curso-extracao-de-dados/venv/lib/python3.9/site-packages/airflow/example_dags/example_dag_decorator.py
[2024-03-04 12:08:35,180] {logging_mixin.py:115} INFO - [2024-03-04 12:08:35,180] {dag.py:2379} INFO - Sync 1 DAGs
[2024-03-04 12:08:35,190] {logging_mixin.py:115} INFO - [2024-03-04 12:08:35,190] {dag.py:2927} INFO - Setting next_dagrun for example_dag_decorator to None, run_after=None
[2024-03-04 12:08:35,205] {processor.py:161} INFO - Processing /home/luan/Documents/curso-extracao-de-dados/venv/lib/python3.9/site-packages/airflow/example_dags/example_dag_decorator.py took 0.073 seconds
[2024-03-04 12:10:06,999] {processor.py:153} INFO - Started process (PID=30104) to work on /home/luan/Documents/curso-extracao-de-dados/venv/lib/python3.9/site-packages/airflow/example_dags/example_dag_decorator.py
[2024-03-04 12:10:07,004] {processor.py:641} INFO - Processing file /home/luan/Documents/curso-extracao-de-dados/venv/lib/python3.9/site-packages/airflow/example_dags/example_dag_decorator.py for tasks to queue
[2024-03-04 12:10:07,005] {logging_mixin.py:115} INFO - [2024-03-04 12:10:07,005] {dagbag.py:507} INFO - Filling up the DagBag from /home/luan/Documents/curso-extracao-de-dados/venv/lib/python3.9/site-packages/airflow/example_dags/example_dag_decorator.py
[2024-03-04 12:10:07,019] {processor.py:651} INFO - DAG(s) dict_keys(['example_dag_decorator']) retrieved from /home/luan/Documents/curso-extracao-de-dados/venv/lib/python3.9/site-packages/airflow/example_dags/example_dag_decorator.py
[2024-03-04 12:10:07,046] {logging_mixin.py:115} INFO - [2024-03-04 12:10:07,046] {dag.py:2379} INFO - Sync 1 DAGs
[2024-03-04 12:10:07,055] {logging_mixin.py:115} INFO - [2024-03-04 12:10:07,055] {dag.py:2927} INFO - Setting next_dagrun for example_dag_decorator to None, run_after=None
[2024-03-04 12:10:07,070] {processor.py:161} INFO - Processing /home/luan/Documents/curso-extracao-de-dados/venv/lib/python3.9/site-packages/airflow/example_dags/example_dag_decorator.py took 0.072 seconds
[2024-03-04 12:10:40,722] {processor.py:153} INFO - Started process (PID=30235) to work on /home/luan/Documents/curso-extracao-de-dados/venv/lib/python3.9/site-packages/airflow/example_dags/example_dag_decorator.py
[2024-03-04 12:10:40,724] {processor.py:641} INFO - Processing file /home/luan/Documents/curso-extracao-de-dados/venv/lib/python3.9/site-packages/airflow/example_dags/example_dag_decorator.py for tasks to queue
[2024-03-04 12:10:40,724] {logging_mixin.py:115} INFO - [2024-03-04 12:10:40,724] {dagbag.py:507} INFO - Filling up the DagBag from /home/luan/Documents/curso-extracao-de-dados/venv/lib/python3.9/site-packages/airflow/example_dags/example_dag_decorator.py
[2024-03-04 12:10:40,740] {processor.py:651} INFO - DAG(s) dict_keys(['example_dag_decorator']) retrieved from /home/luan/Documents/curso-extracao-de-dados/venv/lib/python3.9/site-packages/airflow/example_dags/example_dag_decorator.py
[2024-03-04 12:10:40,799] {logging_mixin.py:115} INFO - [2024-03-04 12:10:40,799] {dag.py:2379} INFO - Sync 1 DAGs
[2024-03-04 12:10:40,812] {logging_mixin.py:115} INFO - [2024-03-04 12:10:40,812] {dag.py:2927} INFO - Setting next_dagrun for example_dag_decorator to None, run_after=None
[2024-03-04 12:10:40,829] {processor.py:161} INFO - Processing /home/luan/Documents/curso-extracao-de-dados/venv/lib/python3.9/site-packages/airflow/example_dags/example_dag_decorator.py took 0.108 seconds
[2024-03-04 12:11:12,777] {processor.py:153} INFO - Started process (PID=30375) to work on /home/luan/Documents/curso-extracao-de-dados/venv/lib/python3.9/site-packages/airflow/example_dags/example_dag_decorator.py
[2024-03-04 12:11:12,781] {processor.py:641} INFO - Processing file /home/luan/Documents/curso-extracao-de-dados/venv/lib/python3.9/site-packages/airflow/example_dags/example_dag_decorator.py for tasks to queue
[2024-03-04 12:11:12,782] {logging_mixin.py:115} INFO - [2024-03-04 12:11:12,782] {dagbag.py:507} INFO - Filling up the DagBag from /home/luan/Documents/curso-extracao-de-dados/venv/lib/python3.9/site-packages/airflow/example_dags/example_dag_decorator.py
[2024-03-04 12:11:12,796] {processor.py:651} INFO - DAG(s) dict_keys(['example_dag_decorator']) retrieved from /home/luan/Documents/curso-extracao-de-dados/venv/lib/python3.9/site-packages/airflow/example_dags/example_dag_decorator.py
[2024-03-04 12:11:12,825] {logging_mixin.py:115} INFO - [2024-03-04 12:11:12,825] {dag.py:2379} INFO - Sync 1 DAGs
[2024-03-04 12:11:12,836] {logging_mixin.py:115} INFO - [2024-03-04 12:11:12,836] {dag.py:2927} INFO - Setting next_dagrun for example_dag_decorator to None, run_after=None
[2024-03-04 12:11:12,853] {processor.py:161} INFO - Processing /home/luan/Documents/curso-extracao-de-dados/venv/lib/python3.9/site-packages/airflow/example_dags/example_dag_decorator.py took 0.078 seconds
[2024-03-04 12:14:25,269] {processor.py:153} INFO - Started process (PID=31271) to work on /home/luan/Documents/curso-extracao-de-dados/venv/lib/python3.9/site-packages/airflow/example_dags/example_dag_decorator.py
[2024-03-04 12:14:25,270] {processor.py:641} INFO - Processing file /home/luan/Documents/curso-extracao-de-dados/venv/lib/python3.9/site-packages/airflow/example_dags/example_dag_decorator.py for tasks to queue
[2024-03-04 12:14:25,270] {logging_mixin.py:115} INFO - [2024-03-04 12:14:25,270] {dagbag.py:507} INFO - Filling up the DagBag from /home/luan/Documents/curso-extracao-de-dados/venv/lib/python3.9/site-packages/airflow/example_dags/example_dag_decorator.py
[2024-03-04 12:14:25,285] {processor.py:651} INFO - DAG(s) dict_keys(['example_dag_decorator']) retrieved from /home/luan/Documents/curso-extracao-de-dados/venv/lib/python3.9/site-packages/airflow/example_dags/example_dag_decorator.py
[2024-03-04 12:14:25,312] {logging_mixin.py:115} INFO - [2024-03-04 12:14:25,312] {dag.py:2379} INFO - Sync 1 DAGs
[2024-03-04 12:14:25,321] {logging_mixin.py:115} INFO - [2024-03-04 12:14:25,321] {dag.py:2927} INFO - Setting next_dagrun for example_dag_decorator to None, run_after=None
[2024-03-04 12:14:25,335] {processor.py:161} INFO - Processing /home/luan/Documents/curso-extracao-de-dados/venv/lib/python3.9/site-packages/airflow/example_dags/example_dag_decorator.py took 0.067 seconds
[2024-03-04 12:14:58,993] {processor.py:153} INFO - Started process (PID=31401) to work on /home/luan/Documents/curso-extracao-de-dados/venv/lib/python3.9/site-packages/airflow/example_dags/example_dag_decorator.py
[2024-03-04 12:14:58,997] {processor.py:641} INFO - Processing file /home/luan/Documents/curso-extracao-de-dados/venv/lib/python3.9/site-packages/airflow/example_dags/example_dag_decorator.py for tasks to queue
[2024-03-04 12:14:58,997] {logging_mixin.py:115} INFO - [2024-03-04 12:14:58,997] {dagbag.py:507} INFO - Filling up the DagBag from /home/luan/Documents/curso-extracao-de-dados/venv/lib/python3.9/site-packages/airflow/example_dags/example_dag_decorator.py
[2024-03-04 12:14:59,014] {processor.py:651} INFO - DAG(s) dict_keys(['example_dag_decorator']) retrieved from /home/luan/Documents/curso-extracao-de-dados/venv/lib/python3.9/site-packages/airflow/example_dags/example_dag_decorator.py
[2024-03-04 12:14:59,050] {logging_mixin.py:115} INFO - [2024-03-04 12:14:59,050] {dag.py:2379} INFO - Sync 1 DAGs
[2024-03-04 12:14:59,061] {logging_mixin.py:115} INFO - [2024-03-04 12:14:59,061] {dag.py:2927} INFO - Setting next_dagrun for example_dag_decorator to None, run_after=None
[2024-03-04 12:14:59,080] {processor.py:161} INFO - Processing /home/luan/Documents/curso-extracao-de-dados/venv/lib/python3.9/site-packages/airflow/example_dags/example_dag_decorator.py took 0.089 seconds
[2024-03-04 12:15:32,012] {processor.py:153} INFO - Started process (PID=31535) to work on /home/luan/Documents/curso-extracao-de-dados/venv/lib/python3.9/site-packages/airflow/example_dags/example_dag_decorator.py
[2024-03-04 12:15:32,014] {processor.py:641} INFO - Processing file /home/luan/Documents/curso-extracao-de-dados/venv/lib/python3.9/site-packages/airflow/example_dags/example_dag_decorator.py for tasks to queue
[2024-03-04 12:15:32,015] {logging_mixin.py:115} INFO - [2024-03-04 12:15:32,015] {dagbag.py:507} INFO - Filling up the DagBag from /home/luan/Documents/curso-extracao-de-dados/venv/lib/python3.9/site-packages/airflow/example_dags/example_dag_decorator.py
[2024-03-04 12:15:32,029] {processor.py:651} INFO - DAG(s) dict_keys(['example_dag_decorator']) retrieved from /home/luan/Documents/curso-extracao-de-dados/venv/lib/python3.9/site-packages/airflow/example_dags/example_dag_decorator.py
[2024-03-04 12:15:32,057] {logging_mixin.py:115} INFO - [2024-03-04 12:15:32,057] {dag.py:2379} INFO - Sync 1 DAGs
[2024-03-04 12:15:32,067] {logging_mixin.py:115} INFO - [2024-03-04 12:15:32,067] {dag.py:2927} INFO - Setting next_dagrun for example_dag_decorator to None, run_after=None
[2024-03-04 12:15:32,082] {processor.py:161} INFO - Processing /home/luan/Documents/curso-extracao-de-dados/venv/lib/python3.9/site-packages/airflow/example_dags/example_dag_decorator.py took 0.071 seconds
[2024-03-04 12:16:24,077] {processor.py:153} INFO - Started process (PID=31842) to work on /home/luan/Documents/curso-extracao-de-dados/venv/lib/python3.9/site-packages/airflow/example_dags/example_dag_decorator.py
[2024-03-04 12:16:24,078] {processor.py:641} INFO - Processing file /home/luan/Documents/curso-extracao-de-dados/venv/lib/python3.9/site-packages/airflow/example_dags/example_dag_decorator.py for tasks to queue
[2024-03-04 12:16:24,079] {logging_mixin.py:115} INFO - [2024-03-04 12:16:24,079] {dagbag.py:507} INFO - Filling up the DagBag from /home/luan/Documents/curso-extracao-de-dados/venv/lib/python3.9/site-packages/airflow/example_dags/example_dag_decorator.py
[2024-03-04 12:16:24,096] {processor.py:651} INFO - DAG(s) dict_keys(['example_dag_decorator']) retrieved from /home/luan/Documents/curso-extracao-de-dados/venv/lib/python3.9/site-packages/airflow/example_dags/example_dag_decorator.py
[2024-03-04 12:16:24,127] {logging_mixin.py:115} INFO - [2024-03-04 12:16:24,126] {dag.py:2379} INFO - Sync 1 DAGs
[2024-03-04 12:16:24,137] {logging_mixin.py:115} INFO - [2024-03-04 12:16:24,137] {dag.py:2927} INFO - Setting next_dagrun for example_dag_decorator to None, run_after=None
[2024-03-04 12:16:24,151] {processor.py:161} INFO - Processing /home/luan/Documents/curso-extracao-de-dados/venv/lib/python3.9/site-packages/airflow/example_dags/example_dag_decorator.py took 0.077 seconds
[2024-03-04 12:16:58,239] {processor.py:153} INFO - Started process (PID=31980) to work on /home/luan/Documents/curso-extracao-de-dados/venv/lib/python3.9/site-packages/airflow/example_dags/example_dag_decorator.py
[2024-03-04 12:16:58,240] {processor.py:641} INFO - Processing file /home/luan/Documents/curso-extracao-de-dados/venv/lib/python3.9/site-packages/airflow/example_dags/example_dag_decorator.py for tasks to queue
[2024-03-04 12:16:58,241] {logging_mixin.py:115} INFO - [2024-03-04 12:16:58,241] {dagbag.py:507} INFO - Filling up the DagBag from /home/luan/Documents/curso-extracao-de-dados/venv/lib/python3.9/site-packages/airflow/example_dags/example_dag_decorator.py
[2024-03-04 12:16:58,255] {processor.py:651} INFO - DAG(s) dict_keys(['example_dag_decorator']) retrieved from /home/luan/Documents/curso-extracao-de-dados/venv/lib/python3.9/site-packages/airflow/example_dags/example_dag_decorator.py
[2024-03-04 12:16:58,283] {logging_mixin.py:115} INFO - [2024-03-04 12:16:58,283] {dag.py:2379} INFO - Sync 1 DAGs
[2024-03-04 12:16:58,293] {logging_mixin.py:115} INFO - [2024-03-04 12:16:58,293] {dag.py:2927} INFO - Setting next_dagrun for example_dag_decorator to None, run_after=None
[2024-03-04 12:16:58,307] {processor.py:161} INFO - Processing /home/luan/Documents/curso-extracao-de-dados/venv/lib/python3.9/site-packages/airflow/example_dags/example_dag_decorator.py took 0.070 seconds
[2024-03-04 12:17:31,470] {processor.py:153} INFO - Started process (PID=32118) to work on /home/luan/Documents/curso-extracao-de-dados/venv/lib/python3.9/site-packages/airflow/example_dags/example_dag_decorator.py
[2024-03-04 12:17:31,472] {processor.py:641} INFO - Processing file /home/luan/Documents/curso-extracao-de-dados/venv/lib/python3.9/site-packages/airflow/example_dags/example_dag_decorator.py for tasks to queue
[2024-03-04 12:17:31,472] {logging_mixin.py:115} INFO - [2024-03-04 12:17:31,472] {dagbag.py:507} INFO - Filling up the DagBag from /home/luan/Documents/curso-extracao-de-dados/venv/lib/python3.9/site-packages/airflow/example_dags/example_dag_decorator.py
[2024-03-04 12:17:31,486] {processor.py:651} INFO - DAG(s) dict_keys(['example_dag_decorator']) retrieved from /home/luan/Documents/curso-extracao-de-dados/venv/lib/python3.9/site-packages/airflow/example_dags/example_dag_decorator.py
[2024-03-04 12:17:31,515] {logging_mixin.py:115} INFO - [2024-03-04 12:17:31,515] {dag.py:2379} INFO - Sync 1 DAGs
[2024-03-04 12:17:31,527] {logging_mixin.py:115} INFO - [2024-03-04 12:17:31,527] {dag.py:2927} INFO - Setting next_dagrun for example_dag_decorator to None, run_after=None
[2024-03-04 12:17:31,542] {processor.py:161} INFO - Processing /home/luan/Documents/curso-extracao-de-dados/venv/lib/python3.9/site-packages/airflow/example_dags/example_dag_decorator.py took 0.074 seconds
[2024-03-04 12:18:03,959] {processor.py:153} INFO - Started process (PID=32242) to work on /home/luan/Documents/curso-extracao-de-dados/venv/lib/python3.9/site-packages/airflow/example_dags/example_dag_decorator.py
[2024-03-04 12:18:03,963] {processor.py:641} INFO - Processing file /home/luan/Documents/curso-extracao-de-dados/venv/lib/python3.9/site-packages/airflow/example_dags/example_dag_decorator.py for tasks to queue
[2024-03-04 12:18:03,964] {logging_mixin.py:115} INFO - [2024-03-04 12:18:03,964] {dagbag.py:507} INFO - Filling up the DagBag from /home/luan/Documents/curso-extracao-de-dados/venv/lib/python3.9/site-packages/airflow/example_dags/example_dag_decorator.py
[2024-03-04 12:18:03,978] {processor.py:651} INFO - DAG(s) dict_keys(['example_dag_decorator']) retrieved from /home/luan/Documents/curso-extracao-de-dados/venv/lib/python3.9/site-packages/airflow/example_dags/example_dag_decorator.py
[2024-03-04 12:18:04,006] {logging_mixin.py:115} INFO - [2024-03-04 12:18:04,006] {dag.py:2379} INFO - Sync 1 DAGs
[2024-03-04 12:18:04,016] {logging_mixin.py:115} INFO - [2024-03-04 12:18:04,016] {dag.py:2927} INFO - Setting next_dagrun for example_dag_decorator to None, run_after=None
[2024-03-04 12:18:04,030] {processor.py:161} INFO - Processing /home/luan/Documents/curso-extracao-de-dados/venv/lib/python3.9/site-packages/airflow/example_dags/example_dag_decorator.py took 0.072 seconds
[2024-03-04 12:18:57,909] {processor.py:153} INFO - Started process (PID=32540) to work on /home/luan/Documents/curso-extracao-de-dados/venv/lib/python3.9/site-packages/airflow/example_dags/example_dag_decorator.py
[2024-03-04 12:18:57,913] {processor.py:641} INFO - Processing file /home/luan/Documents/curso-extracao-de-dados/venv/lib/python3.9/site-packages/airflow/example_dags/example_dag_decorator.py for tasks to queue
[2024-03-04 12:18:57,913] {logging_mixin.py:115} INFO - [2024-03-04 12:18:57,913] {dagbag.py:507} INFO - Filling up the DagBag from /home/luan/Documents/curso-extracao-de-dados/venv/lib/python3.9/site-packages/airflow/example_dags/example_dag_decorator.py
[2024-03-04 12:18:57,927] {processor.py:651} INFO - DAG(s) dict_keys(['example_dag_decorator']) retrieved from /home/luan/Documents/curso-extracao-de-dados/venv/lib/python3.9/site-packages/airflow/example_dags/example_dag_decorator.py
[2024-03-04 12:18:57,954] {logging_mixin.py:115} INFO - [2024-03-04 12:18:57,954] {dag.py:2379} INFO - Sync 1 DAGs
[2024-03-04 12:18:57,963] {logging_mixin.py:115} INFO - [2024-03-04 12:18:57,963] {dag.py:2927} INFO - Setting next_dagrun for example_dag_decorator to None, run_after=None
[2024-03-04 12:18:57,977] {processor.py:161} INFO - Processing /home/luan/Documents/curso-extracao-de-dados/venv/lib/python3.9/site-packages/airflow/example_dags/example_dag_decorator.py took 0.070 seconds
