[2024-03-04 11:21:30,163] {processor.py:153} INFO - Started process (PID=17523) to work on /home/luan/Documents/curso-extracao-de-dados/venv/lib/python3.9/site-packages/airflow/example_dags/example_kubernetes_executor.py
[2024-03-04 11:21:30,163] {processor.py:641} INFO - Processing file /home/luan/Documents/curso-extracao-de-dados/venv/lib/python3.9/site-packages/airflow/example_dags/example_kubernetes_executor.py for tasks to queue
[2024-03-04 11:21:30,164] {logging_mixin.py:115} INFO - [2024-03-04 11:21:30,164] {dagbag.py:507} INFO - Filling up the DagBag from /home/luan/Documents/curso-extracao-de-dados/venv/lib/python3.9/site-packages/airflow/example_dags/example_kubernetes_executor.py
[2024-03-04 11:21:30,172] {logging_mixin.py:115} INFO - [2024-03-04 11:21:30,172] {example_kubernetes_executor.py:39} WARNING - The example_kubernetes_executor example DAG requires the kubernetes provider. Please install it with: pip install apache-airflow[cncf.kubernetes]
[2024-03-04 11:21:30,172] {processor.py:653} WARNING - No viable dags retrieved from /home/luan/Documents/curso-extracao-de-dados/venv/lib/python3.9/site-packages/airflow/example_dags/example_kubernetes_executor.py
[2024-03-04 11:21:30,179] {processor.py:161} INFO - Processing /home/luan/Documents/curso-extracao-de-dados/venv/lib/python3.9/site-packages/airflow/example_dags/example_kubernetes_executor.py took 0.018 seconds
[2024-03-04 11:22:03,868] {processor.py:153} INFO - Started process (PID=17654) to work on /home/luan/Documents/curso-extracao-de-dados/venv/lib/python3.9/site-packages/airflow/example_dags/example_kubernetes_executor.py
[2024-03-04 11:22:03,872] {processor.py:641} INFO - Processing file /home/luan/Documents/curso-extracao-de-dados/venv/lib/python3.9/site-packages/airflow/example_dags/example_kubernetes_executor.py for tasks to queue
[2024-03-04 11:22:03,873] {logging_mixin.py:115} INFO - [2024-03-04 11:22:03,873] {dagbag.py:507} INFO - Filling up the DagBag from /home/luan/Documents/curso-extracao-de-dados/venv/lib/python3.9/site-packages/airflow/example_dags/example_kubernetes_executor.py
[2024-03-04 11:22:03,881] {logging_mixin.py:115} INFO - [2024-03-04 11:22:03,881] {example_kubernetes_executor.py:39} WARNING - The example_kubernetes_executor example DAG requires the kubernetes provider. Please install it with: pip install apache-airflow[cncf.kubernetes]
[2024-03-04 11:22:03,881] {processor.py:653} WARNING - No viable dags retrieved from /home/luan/Documents/curso-extracao-de-dados/venv/lib/python3.9/site-packages/airflow/example_dags/example_kubernetes_executor.py
[2024-03-04 11:22:03,888] {processor.py:161} INFO - Processing /home/luan/Documents/curso-extracao-de-dados/venv/lib/python3.9/site-packages/airflow/example_dags/example_kubernetes_executor.py took 0.021 seconds
[2024-03-04 11:22:37,136] {processor.py:153} INFO - Started process (PID=17784) to work on /home/luan/Documents/curso-extracao-de-dados/venv/lib/python3.9/site-packages/airflow/example_dags/example_kubernetes_executor.py
[2024-03-04 11:22:37,140] {processor.py:641} INFO - Processing file /home/luan/Documents/curso-extracao-de-dados/venv/lib/python3.9/site-packages/airflow/example_dags/example_kubernetes_executor.py for tasks to queue
[2024-03-04 11:22:37,140] {logging_mixin.py:115} INFO - [2024-03-04 11:22:37,140] {dagbag.py:507} INFO - Filling up the DagBag from /home/luan/Documents/curso-extracao-de-dados/venv/lib/python3.9/site-packages/airflow/example_dags/example_kubernetes_executor.py
[2024-03-04 11:22:37,149] {logging_mixin.py:115} INFO - [2024-03-04 11:22:37,149] {example_kubernetes_executor.py:39} WARNING - The example_kubernetes_executor example DAG requires the kubernetes provider. Please install it with: pip install apache-airflow[cncf.kubernetes]
[2024-03-04 11:22:37,149] {processor.py:653} WARNING - No viable dags retrieved from /home/luan/Documents/curso-extracao-de-dados/venv/lib/python3.9/site-packages/airflow/example_dags/example_kubernetes_executor.py
[2024-03-04 11:22:37,155] {processor.py:161} INFO - Processing /home/luan/Documents/curso-extracao-de-dados/venv/lib/python3.9/site-packages/airflow/example_dags/example_kubernetes_executor.py took 0.021 seconds
[2024-03-04 12:05:54,067] {processor.py:153} INFO - Started process (PID=28761) to work on /home/luan/Documents/curso-extracao-de-dados/venv/lib/python3.9/site-packages/airflow/example_dags/example_kubernetes_executor.py
[2024-03-04 12:05:54,069] {processor.py:641} INFO - Processing file /home/luan/Documents/curso-extracao-de-dados/venv/lib/python3.9/site-packages/airflow/example_dags/example_kubernetes_executor.py for tasks to queue
[2024-03-04 12:05:54,070] {logging_mixin.py:115} INFO - [2024-03-04 12:05:54,069] {dagbag.py:507} INFO - Filling up the DagBag from /home/luan/Documents/curso-extracao-de-dados/venv/lib/python3.9/site-packages/airflow/example_dags/example_kubernetes_executor.py
[2024-03-04 12:05:54,078] {logging_mixin.py:115} INFO - [2024-03-04 12:05:54,078] {example_kubernetes_executor.py:39} WARNING - The example_kubernetes_executor example DAG requires the kubernetes provider. Please install it with: pip install apache-airflow[cncf.kubernetes]
[2024-03-04 12:05:54,078] {processor.py:653} WARNING - No viable dags retrieved from /home/luan/Documents/curso-extracao-de-dados/venv/lib/python3.9/site-packages/airflow/example_dags/example_kubernetes_executor.py
[2024-03-04 12:05:54,084] {processor.py:161} INFO - Processing /home/luan/Documents/curso-extracao-de-dados/venv/lib/python3.9/site-packages/airflow/example_dags/example_kubernetes_executor.py took 0.018 seconds
[2024-03-04 12:06:28,367] {processor.py:153} INFO - Started process (PID=29063) to work on /home/luan/Documents/curso-extracao-de-dados/venv/lib/python3.9/site-packages/airflow/example_dags/example_kubernetes_executor.py
[2024-03-04 12:06:28,369] {processor.py:641} INFO - Processing file /home/luan/Documents/curso-extracao-de-dados/venv/lib/python3.9/site-packages/airflow/example_dags/example_kubernetes_executor.py for tasks to queue
[2024-03-04 12:06:28,370] {logging_mixin.py:115} INFO - [2024-03-04 12:06:28,370] {dagbag.py:507} INFO - Filling up the DagBag from /home/luan/Documents/curso-extracao-de-dados/venv/lib/python3.9/site-packages/airflow/example_dags/example_kubernetes_executor.py
[2024-03-04 12:06:28,382] {logging_mixin.py:115} INFO - [2024-03-04 12:06:28,382] {example_kubernetes_executor.py:39} WARNING - The example_kubernetes_executor example DAG requires the kubernetes provider. Please install it with: pip install apache-airflow[cncf.kubernetes]
[2024-03-04 12:06:28,382] {processor.py:653} WARNING - No viable dags retrieved from /home/luan/Documents/curso-extracao-de-dados/venv/lib/python3.9/site-packages/airflow/example_dags/example_kubernetes_executor.py
[2024-03-04 12:06:28,391] {processor.py:161} INFO - Processing /home/luan/Documents/curso-extracao-de-dados/venv/lib/python3.9/site-packages/airflow/example_dags/example_kubernetes_executor.py took 0.027 seconds
[2024-03-04 12:07:21,907] {processor.py:153} INFO - Started process (PID=29382) to work on /home/luan/Documents/curso-extracao-de-dados/venv/lib/python3.9/site-packages/airflow/example_dags/example_kubernetes_executor.py
[2024-03-04 12:07:21,908] {processor.py:641} INFO - Processing file /home/luan/Documents/curso-extracao-de-dados/venv/lib/python3.9/site-packages/airflow/example_dags/example_kubernetes_executor.py for tasks to queue
[2024-03-04 12:07:21,909] {logging_mixin.py:115} INFO - [2024-03-04 12:07:21,909] {dagbag.py:507} INFO - Filling up the DagBag from /home/luan/Documents/curso-extracao-de-dados/venv/lib/python3.9/site-packages/airflow/example_dags/example_kubernetes_executor.py
[2024-03-04 12:07:21,917] {logging_mixin.py:115} INFO - [2024-03-04 12:07:21,917] {example_kubernetes_executor.py:39} WARNING - The example_kubernetes_executor example DAG requires the kubernetes provider. Please install it with: pip install apache-airflow[cncf.kubernetes]
[2024-03-04 12:07:21,917] {processor.py:653} WARNING - No viable dags retrieved from /home/luan/Documents/curso-extracao-de-dados/venv/lib/python3.9/site-packages/airflow/example_dags/example_kubernetes_executor.py
[2024-03-04 12:07:21,924] {processor.py:161} INFO - Processing /home/luan/Documents/curso-extracao-de-dados/venv/lib/python3.9/site-packages/airflow/example_dags/example_kubernetes_executor.py took 0.019 seconds
[2024-03-04 12:07:55,033] {processor.py:153} INFO - Started process (PID=29495) to work on /home/luan/Documents/curso-extracao-de-dados/venv/lib/python3.9/site-packages/airflow/example_dags/example_kubernetes_executor.py
[2024-03-04 12:07:55,037] {processor.py:641} INFO - Processing file /home/luan/Documents/curso-extracao-de-dados/venv/lib/python3.9/site-packages/airflow/example_dags/example_kubernetes_executor.py for tasks to queue
[2024-03-04 12:07:55,038] {logging_mixin.py:115} INFO - [2024-03-04 12:07:55,038] {dagbag.py:507} INFO - Filling up the DagBag from /home/luan/Documents/curso-extracao-de-dados/venv/lib/python3.9/site-packages/airflow/example_dags/example_kubernetes_executor.py
[2024-03-04 12:07:55,046] {logging_mixin.py:115} INFO - [2024-03-04 12:07:55,046] {example_kubernetes_executor.py:39} WARNING - The example_kubernetes_executor example DAG requires the kubernetes provider. Please install it with: pip install apache-airflow[cncf.kubernetes]
[2024-03-04 12:07:55,046] {processor.py:653} WARNING - No viable dags retrieved from /home/luan/Documents/curso-extracao-de-dados/venv/lib/python3.9/site-packages/airflow/example_dags/example_kubernetes_executor.py
[2024-03-04 12:07:55,053] {processor.py:161} INFO - Processing /home/luan/Documents/curso-extracao-de-dados/venv/lib/python3.9/site-packages/airflow/example_dags/example_kubernetes_executor.py took 0.022 seconds
[2024-03-04 12:08:27,545] {processor.py:153} INFO - Started process (PID=29625) to work on /home/luan/Documents/curso-extracao-de-dados/venv/lib/python3.9/site-packages/airflow/example_dags/example_kubernetes_executor.py
[2024-03-04 12:08:27,546] {processor.py:641} INFO - Processing file /home/luan/Documents/curso-extracao-de-dados/venv/lib/python3.9/site-packages/airflow/example_dags/example_kubernetes_executor.py for tasks to queue
[2024-03-04 12:08:27,547] {logging_mixin.py:115} INFO - [2024-03-04 12:08:27,547] {dagbag.py:507} INFO - Filling up the DagBag from /home/luan/Documents/curso-extracao-de-dados/venv/lib/python3.9/site-packages/airflow/example_dags/example_kubernetes_executor.py
[2024-03-04 12:08:27,557] {logging_mixin.py:115} INFO - [2024-03-04 12:08:27,556] {example_kubernetes_executor.py:39} WARNING - The example_kubernetes_executor example DAG requires the kubernetes provider. Please install it with: pip install apache-airflow[cncf.kubernetes]
[2024-03-04 12:08:27,557] {processor.py:653} WARNING - No viable dags retrieved from /home/luan/Documents/curso-extracao-de-dados/venv/lib/python3.9/site-packages/airflow/example_dags/example_kubernetes_executor.py
[2024-03-04 12:08:27,566] {processor.py:161} INFO - Processing /home/luan/Documents/curso-extracao-de-dados/venv/lib/python3.9/site-packages/airflow/example_dags/example_kubernetes_executor.py took 0.022 seconds
[2024-03-04 12:08:59,702] {processor.py:153} INFO - Started process (PID=29761) to work on /home/luan/Documents/curso-extracao-de-dados/venv/lib/python3.9/site-packages/airflow/example_dags/example_kubernetes_executor.py
[2024-03-04 12:08:59,703] {processor.py:641} INFO - Processing file /home/luan/Documents/curso-extracao-de-dados/venv/lib/python3.9/site-packages/airflow/example_dags/example_kubernetes_executor.py for tasks to queue
[2024-03-04 12:08:59,703] {logging_mixin.py:115} INFO - [2024-03-04 12:08:59,703] {dagbag.py:507} INFO - Filling up the DagBag from /home/luan/Documents/curso-extracao-de-dados/venv/lib/python3.9/site-packages/airflow/example_dags/example_kubernetes_executor.py
[2024-03-04 12:08:59,712] {logging_mixin.py:115} INFO - [2024-03-04 12:08:59,712] {example_kubernetes_executor.py:39} WARNING - The example_kubernetes_executor example DAG requires the kubernetes provider. Please install it with: pip install apache-airflow[cncf.kubernetes]
[2024-03-04 12:08:59,712] {processor.py:653} WARNING - No viable dags retrieved from /home/luan/Documents/curso-extracao-de-dados/venv/lib/python3.9/site-packages/airflow/example_dags/example_kubernetes_executor.py
[2024-03-04 12:08:59,718] {processor.py:161} INFO - Processing /home/luan/Documents/curso-extracao-de-dados/venv/lib/python3.9/site-packages/airflow/example_dags/example_kubernetes_executor.py took 0.018 seconds
[2024-03-04 12:09:59,588] {processor.py:153} INFO - Started process (PID=30072) to work on /home/luan/Documents/curso-extracao-de-dados/venv/lib/python3.9/site-packages/airflow/example_dags/example_kubernetes_executor.py
[2024-03-04 12:09:59,592] {processor.py:641} INFO - Processing file /home/luan/Documents/curso-extracao-de-dados/venv/lib/python3.9/site-packages/airflow/example_dags/example_kubernetes_executor.py for tasks to queue
[2024-03-04 12:09:59,592] {logging_mixin.py:115} INFO - [2024-03-04 12:09:59,592] {dagbag.py:507} INFO - Filling up the DagBag from /home/luan/Documents/curso-extracao-de-dados/venv/lib/python3.9/site-packages/airflow/example_dags/example_kubernetes_executor.py
[2024-03-04 12:09:59,601] {logging_mixin.py:115} INFO - [2024-03-04 12:09:59,601] {example_kubernetes_executor.py:39} WARNING - The example_kubernetes_executor example DAG requires the kubernetes provider. Please install it with: pip install apache-airflow[cncf.kubernetes]
[2024-03-04 12:09:59,601] {processor.py:653} WARNING - No viable dags retrieved from /home/luan/Documents/curso-extracao-de-dados/venv/lib/python3.9/site-packages/airflow/example_dags/example_kubernetes_executor.py
[2024-03-04 12:09:59,608] {processor.py:161} INFO - Processing /home/luan/Documents/curso-extracao-de-dados/venv/lib/python3.9/site-packages/airflow/example_dags/example_kubernetes_executor.py took 0.022 seconds
[2024-03-04 12:10:32,710] {processor.py:153} INFO - Started process (PID=30203) to work on /home/luan/Documents/curso-extracao-de-dados/venv/lib/python3.9/site-packages/airflow/example_dags/example_kubernetes_executor.py
[2024-03-04 12:10:32,711] {processor.py:641} INFO - Processing file /home/luan/Documents/curso-extracao-de-dados/venv/lib/python3.9/site-packages/airflow/example_dags/example_kubernetes_executor.py for tasks to queue
[2024-03-04 12:10:32,711] {logging_mixin.py:115} INFO - [2024-03-04 12:10:32,711] {dagbag.py:507} INFO - Filling up the DagBag from /home/luan/Documents/curso-extracao-de-dados/venv/lib/python3.9/site-packages/airflow/example_dags/example_kubernetes_executor.py
[2024-03-04 12:10:32,720] {logging_mixin.py:115} INFO - [2024-03-04 12:10:32,720] {example_kubernetes_executor.py:39} WARNING - The example_kubernetes_executor example DAG requires the kubernetes provider. Please install it with: pip install apache-airflow[cncf.kubernetes]
[2024-03-04 12:10:32,720] {processor.py:653} WARNING - No viable dags retrieved from /home/luan/Documents/curso-extracao-de-dados/venv/lib/python3.9/site-packages/airflow/example_dags/example_kubernetes_executor.py
[2024-03-04 12:10:32,727] {processor.py:161} INFO - Processing /home/luan/Documents/curso-extracao-de-dados/venv/lib/python3.9/site-packages/airflow/example_dags/example_kubernetes_executor.py took 0.020 seconds
[2024-03-04 12:11:05,216] {processor.py:153} INFO - Started process (PID=30340) to work on /home/luan/Documents/curso-extracao-de-dados/venv/lib/python3.9/site-packages/airflow/example_dags/example_kubernetes_executor.py
[2024-03-04 12:11:05,217] {processor.py:641} INFO - Processing file /home/luan/Documents/curso-extracao-de-dados/venv/lib/python3.9/site-packages/airflow/example_dags/example_kubernetes_executor.py for tasks to queue
[2024-03-04 12:11:05,218] {logging_mixin.py:115} INFO - [2024-03-04 12:11:05,218] {dagbag.py:507} INFO - Filling up the DagBag from /home/luan/Documents/curso-extracao-de-dados/venv/lib/python3.9/site-packages/airflow/example_dags/example_kubernetes_executor.py
[2024-03-04 12:11:05,226] {logging_mixin.py:115} INFO - [2024-03-04 12:11:05,226] {example_kubernetes_executor.py:39} WARNING - The example_kubernetes_executor example DAG requires the kubernetes provider. Please install it with: pip install apache-airflow[cncf.kubernetes]
[2024-03-04 12:11:05,227] {processor.py:653} WARNING - No viable dags retrieved from /home/luan/Documents/curso-extracao-de-dados/venv/lib/python3.9/site-packages/airflow/example_dags/example_kubernetes_executor.py
[2024-03-04 12:11:05,233] {processor.py:161} INFO - Processing /home/luan/Documents/curso-extracao-de-dados/venv/lib/python3.9/site-packages/airflow/example_dags/example_kubernetes_executor.py took 0.019 seconds
[2024-03-04 12:14:17,852] {processor.py:153} INFO - Started process (PID=31239) to work on /home/luan/Documents/curso-extracao-de-dados/venv/lib/python3.9/site-packages/airflow/example_dags/example_kubernetes_executor.py
[2024-03-04 12:14:17,854] {processor.py:641} INFO - Processing file /home/luan/Documents/curso-extracao-de-dados/venv/lib/python3.9/site-packages/airflow/example_dags/example_kubernetes_executor.py for tasks to queue
[2024-03-04 12:14:17,854] {logging_mixin.py:115} INFO - [2024-03-04 12:14:17,854] {dagbag.py:507} INFO - Filling up the DagBag from /home/luan/Documents/curso-extracao-de-dados/venv/lib/python3.9/site-packages/airflow/example_dags/example_kubernetes_executor.py
[2024-03-04 12:14:17,862] {logging_mixin.py:115} INFO - [2024-03-04 12:14:17,862] {example_kubernetes_executor.py:39} WARNING - The example_kubernetes_executor example DAG requires the kubernetes provider. Please install it with: pip install apache-airflow[cncf.kubernetes]
[2024-03-04 12:14:17,863] {processor.py:653} WARNING - No viable dags retrieved from /home/luan/Documents/curso-extracao-de-dados/venv/lib/python3.9/site-packages/airflow/example_dags/example_kubernetes_executor.py
[2024-03-04 12:14:17,869] {processor.py:161} INFO - Processing /home/luan/Documents/curso-extracao-de-dados/venv/lib/python3.9/site-packages/airflow/example_dags/example_kubernetes_executor.py took 0.018 seconds
[2024-03-04 12:14:50,977] {processor.py:153} INFO - Started process (PID=31369) to work on /home/luan/Documents/curso-extracao-de-dados/venv/lib/python3.9/site-packages/airflow/example_dags/example_kubernetes_executor.py
[2024-03-04 12:14:50,979] {processor.py:641} INFO - Processing file /home/luan/Documents/curso-extracao-de-dados/venv/lib/python3.9/site-packages/airflow/example_dags/example_kubernetes_executor.py for tasks to queue
[2024-03-04 12:14:50,979] {logging_mixin.py:115} INFO - [2024-03-04 12:14:50,979] {dagbag.py:507} INFO - Filling up the DagBag from /home/luan/Documents/curso-extracao-de-dados/venv/lib/python3.9/site-packages/airflow/example_dags/example_kubernetes_executor.py
[2024-03-04 12:14:50,988] {logging_mixin.py:115} INFO - [2024-03-04 12:14:50,988] {example_kubernetes_executor.py:39} WARNING - The example_kubernetes_executor example DAG requires the kubernetes provider. Please install it with: pip install apache-airflow[cncf.kubernetes]
[2024-03-04 12:14:50,988] {processor.py:653} WARNING - No viable dags retrieved from /home/luan/Documents/curso-extracao-de-dados/venv/lib/python3.9/site-packages/airflow/example_dags/example_kubernetes_executor.py
[2024-03-04 12:14:50,994] {processor.py:161} INFO - Processing /home/luan/Documents/curso-extracao-de-dados/venv/lib/python3.9/site-packages/airflow/example_dags/example_kubernetes_executor.py took 0.019 seconds
[2024-03-04 12:15:23,467] {processor.py:153} INFO - Started process (PID=31501) to work on /home/luan/Documents/curso-extracao-de-dados/venv/lib/python3.9/site-packages/airflow/example_dags/example_kubernetes_executor.py
[2024-03-04 12:15:23,472] {processor.py:641} INFO - Processing file /home/luan/Documents/curso-extracao-de-dados/venv/lib/python3.9/site-packages/airflow/example_dags/example_kubernetes_executor.py for tasks to queue
[2024-03-04 12:15:23,472] {logging_mixin.py:115} INFO - [2024-03-04 12:15:23,472] {dagbag.py:507} INFO - Filling up the DagBag from /home/luan/Documents/curso-extracao-de-dados/venv/lib/python3.9/site-packages/airflow/example_dags/example_kubernetes_executor.py
[2024-03-04 12:15:23,481] {logging_mixin.py:115} INFO - [2024-03-04 12:15:23,481] {example_kubernetes_executor.py:39} WARNING - The example_kubernetes_executor example DAG requires the kubernetes provider. Please install it with: pip install apache-airflow[cncf.kubernetes]
[2024-03-04 12:15:23,481] {processor.py:653} WARNING - No viable dags retrieved from /home/luan/Documents/curso-extracao-de-dados/venv/lib/python3.9/site-packages/airflow/example_dags/example_kubernetes_executor.py
[2024-03-04 12:15:23,488] {processor.py:161} INFO - Processing /home/luan/Documents/curso-extracao-de-dados/venv/lib/python3.9/site-packages/airflow/example_dags/example_kubernetes_executor.py took 0.023 seconds
[2024-03-04 12:16:16,663] {processor.py:153} INFO - Started process (PID=31816) to work on /home/luan/Documents/curso-extracao-de-dados/venv/lib/python3.9/site-packages/airflow/example_dags/example_kubernetes_executor.py
[2024-03-04 12:16:16,664] {processor.py:641} INFO - Processing file /home/luan/Documents/curso-extracao-de-dados/venv/lib/python3.9/site-packages/airflow/example_dags/example_kubernetes_executor.py for tasks to queue
[2024-03-04 12:16:16,665] {logging_mixin.py:115} INFO - [2024-03-04 12:16:16,665] {dagbag.py:507} INFO - Filling up the DagBag from /home/luan/Documents/curso-extracao-de-dados/venv/lib/python3.9/site-packages/airflow/example_dags/example_kubernetes_executor.py
[2024-03-04 12:16:16,675] {logging_mixin.py:115} INFO - [2024-03-04 12:16:16,675] {example_kubernetes_executor.py:39} WARNING - The example_kubernetes_executor example DAG requires the kubernetes provider. Please install it with: pip install apache-airflow[cncf.kubernetes]
[2024-03-04 12:16:16,675] {processor.py:653} WARNING - No viable dags retrieved from /home/luan/Documents/curso-extracao-de-dados/venv/lib/python3.9/site-packages/airflow/example_dags/example_kubernetes_executor.py
[2024-03-04 12:16:16,681] {processor.py:161} INFO - Processing /home/luan/Documents/curso-extracao-de-dados/venv/lib/python3.9/site-packages/airflow/example_dags/example_kubernetes_executor.py took 0.020 seconds
[2024-03-04 12:16:50,019] {processor.py:153} INFO - Started process (PID=31946) to work on /home/luan/Documents/curso-extracao-de-dados/venv/lib/python3.9/site-packages/airflow/example_dags/example_kubernetes_executor.py
[2024-03-04 12:16:50,020] {processor.py:641} INFO - Processing file /home/luan/Documents/curso-extracao-de-dados/venv/lib/python3.9/site-packages/airflow/example_dags/example_kubernetes_executor.py for tasks to queue
[2024-03-04 12:16:50,020] {logging_mixin.py:115} INFO - [2024-03-04 12:16:50,020] {dagbag.py:507} INFO - Filling up the DagBag from /home/luan/Documents/curso-extracao-de-dados/venv/lib/python3.9/site-packages/airflow/example_dags/example_kubernetes_executor.py
[2024-03-04 12:16:50,029] {logging_mixin.py:115} INFO - [2024-03-04 12:16:50,029] {example_kubernetes_executor.py:39} WARNING - The example_kubernetes_executor example DAG requires the kubernetes provider. Please install it with: pip install apache-airflow[cncf.kubernetes]
[2024-03-04 12:16:50,029] {processor.py:653} WARNING - No viable dags retrieved from /home/luan/Documents/curso-extracao-de-dados/venv/lib/python3.9/site-packages/airflow/example_dags/example_kubernetes_executor.py
[2024-03-04 12:16:50,037] {processor.py:161} INFO - Processing /home/luan/Documents/curso-extracao-de-dados/venv/lib/python3.9/site-packages/airflow/example_dags/example_kubernetes_executor.py took 0.020 seconds
[2024-03-04 12:17:23,439] {processor.py:153} INFO - Started process (PID=32086) to work on /home/luan/Documents/curso-extracao-de-dados/venv/lib/python3.9/site-packages/airflow/example_dags/example_kubernetes_executor.py
[2024-03-04 12:17:23,440] {processor.py:641} INFO - Processing file /home/luan/Documents/curso-extracao-de-dados/venv/lib/python3.9/site-packages/airflow/example_dags/example_kubernetes_executor.py for tasks to queue
[2024-03-04 12:17:23,440] {logging_mixin.py:115} INFO - [2024-03-04 12:17:23,440] {dagbag.py:507} INFO - Filling up the DagBag from /home/luan/Documents/curso-extracao-de-dados/venv/lib/python3.9/site-packages/airflow/example_dags/example_kubernetes_executor.py
[2024-03-04 12:17:23,449] {logging_mixin.py:115} INFO - [2024-03-04 12:17:23,449] {example_kubernetes_executor.py:39} WARNING - The example_kubernetes_executor example DAG requires the kubernetes provider. Please install it with: pip install apache-airflow[cncf.kubernetes]
[2024-03-04 12:17:23,449] {processor.py:653} WARNING - No viable dags retrieved from /home/luan/Documents/curso-extracao-de-dados/venv/lib/python3.9/site-packages/airflow/example_dags/example_kubernetes_executor.py
[2024-03-04 12:17:23,456] {processor.py:161} INFO - Processing /home/luan/Documents/curso-extracao-de-dados/venv/lib/python3.9/site-packages/airflow/example_dags/example_kubernetes_executor.py took 0.019 seconds
[2024-03-04 12:17:56,055] {processor.py:153} INFO - Started process (PID=32211) to work on /home/luan/Documents/curso-extracao-de-dados/venv/lib/python3.9/site-packages/airflow/example_dags/example_kubernetes_executor.py
[2024-03-04 12:17:56,059] {processor.py:641} INFO - Processing file /home/luan/Documents/curso-extracao-de-dados/venv/lib/python3.9/site-packages/airflow/example_dags/example_kubernetes_executor.py for tasks to queue
[2024-03-04 12:17:56,059] {logging_mixin.py:115} INFO - [2024-03-04 12:17:56,059] {dagbag.py:507} INFO - Filling up the DagBag from /home/luan/Documents/curso-extracao-de-dados/venv/lib/python3.9/site-packages/airflow/example_dags/example_kubernetes_executor.py
[2024-03-04 12:17:56,069] {logging_mixin.py:115} INFO - [2024-03-04 12:17:56,069] {example_kubernetes_executor.py:39} WARNING - The example_kubernetes_executor example DAG requires the kubernetes provider. Please install it with: pip install apache-airflow[cncf.kubernetes]
[2024-03-04 12:17:56,070] {processor.py:653} WARNING - No viable dags retrieved from /home/luan/Documents/curso-extracao-de-dados/venv/lib/python3.9/site-packages/airflow/example_dags/example_kubernetes_executor.py
[2024-03-04 12:17:56,077] {processor.py:161} INFO - Processing /home/luan/Documents/curso-extracao-de-dados/venv/lib/python3.9/site-packages/airflow/example_dags/example_kubernetes_executor.py took 0.024 seconds
[2024-03-04 12:18:50,497] {processor.py:153} INFO - Started process (PID=32514) to work on /home/luan/Documents/curso-extracao-de-dados/venv/lib/python3.9/site-packages/airflow/example_dags/example_kubernetes_executor.py
[2024-03-04 12:18:50,498] {processor.py:641} INFO - Processing file /home/luan/Documents/curso-extracao-de-dados/venv/lib/python3.9/site-packages/airflow/example_dags/example_kubernetes_executor.py for tasks to queue
[2024-03-04 12:18:50,499] {logging_mixin.py:115} INFO - [2024-03-04 12:18:50,499] {dagbag.py:507} INFO - Filling up the DagBag from /home/luan/Documents/curso-extracao-de-dados/venv/lib/python3.9/site-packages/airflow/example_dags/example_kubernetes_executor.py
[2024-03-04 12:18:50,507] {logging_mixin.py:115} INFO - [2024-03-04 12:18:50,507] {example_kubernetes_executor.py:39} WARNING - The example_kubernetes_executor example DAG requires the kubernetes provider. Please install it with: pip install apache-airflow[cncf.kubernetes]
[2024-03-04 12:18:50,507] {processor.py:653} WARNING - No viable dags retrieved from /home/luan/Documents/curso-extracao-de-dados/venv/lib/python3.9/site-packages/airflow/example_dags/example_kubernetes_executor.py
[2024-03-04 12:18:50,513] {processor.py:161} INFO - Processing /home/luan/Documents/curso-extracao-de-dados/venv/lib/python3.9/site-packages/airflow/example_dags/example_kubernetes_executor.py took 0.018 seconds
