[2024-03-04 11:21:35,390] {processor.py:153} INFO - Started process (PID=17543) to work on /home/luan/Documents/curso-extracao-de-dados/venv/lib/python3.9/site-packages/airflow/example_dags/example_branch_operator.py
[2024-03-04 11:21:35,391] {processor.py:641} INFO - Processing file /home/luan/Documents/curso-extracao-de-dados/venv/lib/python3.9/site-packages/airflow/example_dags/example_branch_operator.py for tasks to queue
[2024-03-04 11:21:35,391] {logging_mixin.py:115} INFO - [2024-03-04 11:21:35,391] {dagbag.py:507} INFO - Filling up the DagBag from /home/luan/Documents/curso-extracao-de-dados/venv/lib/python3.9/site-packages/airflow/example_dags/example_branch_operator.py
[2024-03-04 11:21:35,397] {processor.py:651} INFO - DAG(s) dict_keys(['example_branch_operator']) retrieved from /home/luan/Documents/curso-extracao-de-dados/venv/lib/python3.9/site-packages/airflow/example_dags/example_branch_operator.py
[2024-03-04 11:21:35,453] {logging_mixin.py:115} INFO - [2024-03-04 11:21:35,452] {manager.py:508} INFO - Created Permission View: can edit on DAG:example_branch_operator
[2024-03-04 11:21:35,464] {logging_mixin.py:115} INFO - [2024-03-04 11:21:35,464] {manager.py:508} INFO - Created Permission View: can delete on DAG:example_branch_operator
[2024-03-04 11:21:35,473] {logging_mixin.py:115} INFO - [2024-03-04 11:21:35,473] {manager.py:508} INFO - Created Permission View: can read on DAG:example_branch_operator
[2024-03-04 11:21:35,474] {logging_mixin.py:115} INFO - [2024-03-04 11:21:35,474] {dag.py:2379} INFO - Sync 1 DAGs
[2024-03-04 11:21:35,478] {logging_mixin.py:115} INFO - [2024-03-04 11:21:35,478] {dag.py:2398} INFO - Creating ORM DAG for example_branch_operator
[2024-03-04 11:21:35,485] {logging_mixin.py:115} INFO - [2024-03-04 11:21:35,485] {dag.py:2927} INFO - Setting next_dagrun for example_branch_operator to 2024-03-03T00:00:00+00:00, run_after=2024-03-04T00:00:00+00:00
[2024-03-04 11:21:35,501] {processor.py:161} INFO - Processing /home/luan/Documents/curso-extracao-de-dados/venv/lib/python3.9/site-packages/airflow/example_dags/example_branch_operator.py took 0.112 seconds
[2024-03-04 11:22:08,543] {processor.py:153} INFO - Started process (PID=17671) to work on /home/luan/Documents/curso-extracao-de-dados/venv/lib/python3.9/site-packages/airflow/example_dags/example_branch_operator.py
[2024-03-04 11:22:08,547] {processor.py:641} INFO - Processing file /home/luan/Documents/curso-extracao-de-dados/venv/lib/python3.9/site-packages/airflow/example_dags/example_branch_operator.py for tasks to queue
[2024-03-04 11:22:08,547] {logging_mixin.py:115} INFO - [2024-03-04 11:22:08,547] {dagbag.py:507} INFO - Filling up the DagBag from /home/luan/Documents/curso-extracao-de-dados/venv/lib/python3.9/site-packages/airflow/example_dags/example_branch_operator.py
[2024-03-04 11:22:08,554] {processor.py:651} INFO - DAG(s) dict_keys(['example_branch_operator']) retrieved from /home/luan/Documents/curso-extracao-de-dados/venv/lib/python3.9/site-packages/airflow/example_dags/example_branch_operator.py
[2024-03-04 11:22:08,568] {logging_mixin.py:115} INFO - [2024-03-04 11:22:08,568] {dag.py:2379} INFO - Sync 1 DAGs
[2024-03-04 11:22:08,587] {logging_mixin.py:115} INFO - [2024-03-04 11:22:08,586] {dag.py:2927} INFO - Setting next_dagrun for example_branch_operator to 2024-03-03T00:00:00+00:00, run_after=2024-03-04T00:00:00+00:00
[2024-03-04 11:22:08,604] {processor.py:161} INFO - Processing /home/luan/Documents/curso-extracao-de-dados/venv/lib/python3.9/site-packages/airflow/example_dags/example_branch_operator.py took 0.062 seconds
[2024-03-04 11:22:42,278] {processor.py:153} INFO - Started process (PID=17809) to work on /home/luan/Documents/curso-extracao-de-dados/venv/lib/python3.9/site-packages/airflow/example_dags/example_branch_operator.py
[2024-03-04 11:22:42,282] {processor.py:641} INFO - Processing file /home/luan/Documents/curso-extracao-de-dados/venv/lib/python3.9/site-packages/airflow/example_dags/example_branch_operator.py for tasks to queue
[2024-03-04 11:22:42,282] {logging_mixin.py:115} INFO - [2024-03-04 11:22:42,282] {dagbag.py:507} INFO - Filling up the DagBag from /home/luan/Documents/curso-extracao-de-dados/venv/lib/python3.9/site-packages/airflow/example_dags/example_branch_operator.py
[2024-03-04 11:22:42,288] {processor.py:651} INFO - DAG(s) dict_keys(['example_branch_operator']) retrieved from /home/luan/Documents/curso-extracao-de-dados/venv/lib/python3.9/site-packages/airflow/example_dags/example_branch_operator.py
[2024-03-04 11:22:42,299] {logging_mixin.py:115} INFO - [2024-03-04 11:22:42,299] {dag.py:2379} INFO - Sync 1 DAGs
[2024-03-04 11:22:42,313] {logging_mixin.py:115} INFO - [2024-03-04 11:22:42,313] {dag.py:2927} INFO - Setting next_dagrun for example_branch_operator to 2024-03-03T00:00:00+00:00, run_after=2024-03-04T00:00:00+00:00
[2024-03-04 11:22:42,328] {processor.py:161} INFO - Processing /home/luan/Documents/curso-extracao-de-dados/venv/lib/python3.9/site-packages/airflow/example_dags/example_branch_operator.py took 0.051 seconds
[2024-03-04 12:05:58,913] {processor.py:153} INFO - Started process (PID=28778) to work on /home/luan/Documents/curso-extracao-de-dados/venv/lib/python3.9/site-packages/airflow/example_dags/example_branch_operator.py
[2024-03-04 12:05:58,917] {processor.py:641} INFO - Processing file /home/luan/Documents/curso-extracao-de-dados/venv/lib/python3.9/site-packages/airflow/example_dags/example_branch_operator.py for tasks to queue
[2024-03-04 12:05:58,918] {logging_mixin.py:115} INFO - [2024-03-04 12:05:58,918] {dagbag.py:507} INFO - Filling up the DagBag from /home/luan/Documents/curso-extracao-de-dados/venv/lib/python3.9/site-packages/airflow/example_dags/example_branch_operator.py
[2024-03-04 12:05:58,924] {processor.py:651} INFO - DAG(s) dict_keys(['example_branch_operator']) retrieved from /home/luan/Documents/curso-extracao-de-dados/venv/lib/python3.9/site-packages/airflow/example_dags/example_branch_operator.py
[2024-03-04 12:05:58,935] {logging_mixin.py:115} INFO - [2024-03-04 12:05:58,935] {dag.py:2379} INFO - Sync 1 DAGs
[2024-03-04 12:05:58,953] {logging_mixin.py:115} INFO - [2024-03-04 12:05:58,953] {dag.py:2927} INFO - Setting next_dagrun for example_branch_operator to 2024-03-03T00:00:00+00:00, run_after=2024-03-04T00:00:00+00:00
[2024-03-04 12:05:58,967] {processor.py:161} INFO - Processing /home/luan/Documents/curso-extracao-de-dados/venv/lib/python3.9/site-packages/airflow/example_dags/example_branch_operator.py took 0.056 seconds
[2024-03-04 12:06:33,648] {processor.py:153} INFO - Started process (PID=29133) to work on /home/luan/Documents/curso-extracao-de-dados/venv/lib/python3.9/site-packages/airflow/example_dags/example_branch_operator.py
[2024-03-04 12:06:33,652] {processor.py:641} INFO - Processing file /home/luan/Documents/curso-extracao-de-dados/venv/lib/python3.9/site-packages/airflow/example_dags/example_branch_operator.py for tasks to queue
[2024-03-04 12:06:33,653] {logging_mixin.py:115} INFO - [2024-03-04 12:06:33,652] {dagbag.py:507} INFO - Filling up the DagBag from /home/luan/Documents/curso-extracao-de-dados/venv/lib/python3.9/site-packages/airflow/example_dags/example_branch_operator.py
[2024-03-04 12:06:33,660] {processor.py:651} INFO - DAG(s) dict_keys(['example_branch_operator']) retrieved from /home/luan/Documents/curso-extracao-de-dados/venv/lib/python3.9/site-packages/airflow/example_dags/example_branch_operator.py
[2024-03-04 12:06:33,672] {logging_mixin.py:115} INFO - [2024-03-04 12:06:33,672] {dag.py:2379} INFO - Sync 1 DAGs
[2024-03-04 12:06:33,688] {logging_mixin.py:115} INFO - [2024-03-04 12:06:33,687] {dag.py:2927} INFO - Setting next_dagrun for example_branch_operator to 2024-03-03T00:00:00+00:00, run_after=2024-03-04T00:00:00+00:00
[2024-03-04 12:06:33,702] {processor.py:161} INFO - Processing /home/luan/Documents/curso-extracao-de-dados/venv/lib/python3.9/site-packages/airflow/example_dags/example_branch_operator.py took 0.056 seconds
[2024-03-04 12:07:26,759] {processor.py:153} INFO - Started process (PID=29399) to work on /home/luan/Documents/curso-extracao-de-dados/venv/lib/python3.9/site-packages/airflow/example_dags/example_branch_operator.py
[2024-03-04 12:07:26,764] {processor.py:641} INFO - Processing file /home/luan/Documents/curso-extracao-de-dados/venv/lib/python3.9/site-packages/airflow/example_dags/example_branch_operator.py for tasks to queue
[2024-03-04 12:07:26,764] {logging_mixin.py:115} INFO - [2024-03-04 12:07:26,764] {dagbag.py:507} INFO - Filling up the DagBag from /home/luan/Documents/curso-extracao-de-dados/venv/lib/python3.9/site-packages/airflow/example_dags/example_branch_operator.py
[2024-03-04 12:07:26,770] {processor.py:651} INFO - DAG(s) dict_keys(['example_branch_operator']) retrieved from /home/luan/Documents/curso-extracao-de-dados/venv/lib/python3.9/site-packages/airflow/example_dags/example_branch_operator.py
[2024-03-04 12:07:26,782] {logging_mixin.py:115} INFO - [2024-03-04 12:07:26,782] {dag.py:2379} INFO - Sync 1 DAGs
[2024-03-04 12:07:26,797] {logging_mixin.py:115} INFO - [2024-03-04 12:07:26,797] {dag.py:2927} INFO - Setting next_dagrun for example_branch_operator to 2024-03-03T00:00:00+00:00, run_after=2024-03-04T00:00:00+00:00
[2024-03-04 12:07:26,811] {processor.py:161} INFO - Processing /home/luan/Documents/curso-extracao-de-dados/venv/lib/python3.9/site-packages/airflow/example_dags/example_branch_operator.py took 0.055 seconds
[2024-03-04 12:08:00,172] {processor.py:153} INFO - Started process (PID=29518) to work on /home/luan/Documents/curso-extracao-de-dados/venv/lib/python3.9/site-packages/airflow/example_dags/example_branch_operator.py
[2024-03-04 12:08:00,173] {processor.py:641} INFO - Processing file /home/luan/Documents/curso-extracao-de-dados/venv/lib/python3.9/site-packages/airflow/example_dags/example_branch_operator.py for tasks to queue
[2024-03-04 12:08:00,173] {logging_mixin.py:115} INFO - [2024-03-04 12:08:00,173] {dagbag.py:507} INFO - Filling up the DagBag from /home/luan/Documents/curso-extracao-de-dados/venv/lib/python3.9/site-packages/airflow/example_dags/example_branch_operator.py
[2024-03-04 12:08:00,179] {processor.py:651} INFO - DAG(s) dict_keys(['example_branch_operator']) retrieved from /home/luan/Documents/curso-extracao-de-dados/venv/lib/python3.9/site-packages/airflow/example_dags/example_branch_operator.py
[2024-03-04 12:08:00,190] {logging_mixin.py:115} INFO - [2024-03-04 12:08:00,189] {dag.py:2379} INFO - Sync 1 DAGs
[2024-03-04 12:08:00,203] {logging_mixin.py:115} INFO - [2024-03-04 12:08:00,203] {dag.py:2927} INFO - Setting next_dagrun for example_branch_operator to 2024-03-03T00:00:00+00:00, run_after=2024-03-04T00:00:00+00:00
[2024-03-04 12:08:00,219] {processor.py:161} INFO - Processing /home/luan/Documents/curso-extracao-de-dados/venv/lib/python3.9/site-packages/airflow/example_dags/example_branch_operator.py took 0.049 seconds
[2024-03-04 12:08:32,261] {processor.py:153} INFO - Started process (PID=29642) to work on /home/luan/Documents/curso-extracao-de-dados/venv/lib/python3.9/site-packages/airflow/example_dags/example_branch_operator.py
[2024-03-04 12:08:32,264] {processor.py:641} INFO - Processing file /home/luan/Documents/curso-extracao-de-dados/venv/lib/python3.9/site-packages/airflow/example_dags/example_branch_operator.py for tasks to queue
[2024-03-04 12:08:32,265] {logging_mixin.py:115} INFO - [2024-03-04 12:08:32,265] {dagbag.py:507} INFO - Filling up the DagBag from /home/luan/Documents/curso-extracao-de-dados/venv/lib/python3.9/site-packages/airflow/example_dags/example_branch_operator.py
[2024-03-04 12:08:32,272] {processor.py:651} INFO - DAG(s) dict_keys(['example_branch_operator']) retrieved from /home/luan/Documents/curso-extracao-de-dados/venv/lib/python3.9/site-packages/airflow/example_dags/example_branch_operator.py
[2024-03-04 12:08:32,284] {logging_mixin.py:115} INFO - [2024-03-04 12:08:32,283] {dag.py:2379} INFO - Sync 1 DAGs
[2024-03-04 12:08:32,300] {logging_mixin.py:115} INFO - [2024-03-04 12:08:32,300] {dag.py:2927} INFO - Setting next_dagrun for example_branch_operator to 2024-03-03T00:00:00+00:00, run_after=2024-03-04T00:00:00+00:00
[2024-03-04 12:08:32,315] {processor.py:161} INFO - Processing /home/luan/Documents/curso-extracao-de-dados/venv/lib/python3.9/site-packages/airflow/example_dags/example_branch_operator.py took 0.056 seconds
[2024-03-04 12:09:04,846] {processor.py:153} INFO - Started process (PID=29784) to work on /home/luan/Documents/curso-extracao-de-dados/venv/lib/python3.9/site-packages/airflow/example_dags/example_branch_operator.py
[2024-03-04 12:09:04,851] {processor.py:641} INFO - Processing file /home/luan/Documents/curso-extracao-de-dados/venv/lib/python3.9/site-packages/airflow/example_dags/example_branch_operator.py for tasks to queue
[2024-03-04 12:09:04,852] {logging_mixin.py:115} INFO - [2024-03-04 12:09:04,852] {dagbag.py:507} INFO - Filling up the DagBag from /home/luan/Documents/curso-extracao-de-dados/venv/lib/python3.9/site-packages/airflow/example_dags/example_branch_operator.py
[2024-03-04 12:09:04,858] {processor.py:651} INFO - DAG(s) dict_keys(['example_branch_operator']) retrieved from /home/luan/Documents/curso-extracao-de-dados/venv/lib/python3.9/site-packages/airflow/example_dags/example_branch_operator.py
[2024-03-04 12:09:04,868] {logging_mixin.py:115} INFO - [2024-03-04 12:09:04,868] {dag.py:2379} INFO - Sync 1 DAGs
[2024-03-04 12:09:04,882] {logging_mixin.py:115} INFO - [2024-03-04 12:09:04,882] {dag.py:2927} INFO - Setting next_dagrun for example_branch_operator to 2024-03-03T00:00:00+00:00, run_after=2024-03-04T00:00:00+00:00
[2024-03-04 12:09:04,896] {processor.py:161} INFO - Processing /home/luan/Documents/curso-extracao-de-dados/venv/lib/python3.9/site-packages/airflow/example_dags/example_branch_operator.py took 0.051 seconds
[2024-03-04 12:10:04,445] {processor.py:153} INFO - Started process (PID=30095) to work on /home/luan/Documents/curso-extracao-de-dados/venv/lib/python3.9/site-packages/airflow/example_dags/example_branch_operator.py
[2024-03-04 12:10:04,446] {processor.py:641} INFO - Processing file /home/luan/Documents/curso-extracao-de-dados/venv/lib/python3.9/site-packages/airflow/example_dags/example_branch_operator.py for tasks to queue
[2024-03-04 12:10:04,447] {logging_mixin.py:115} INFO - [2024-03-04 12:10:04,447] {dagbag.py:507} INFO - Filling up the DagBag from /home/luan/Documents/curso-extracao-de-dados/venv/lib/python3.9/site-packages/airflow/example_dags/example_branch_operator.py
[2024-03-04 12:10:04,453] {processor.py:651} INFO - DAG(s) dict_keys(['example_branch_operator']) retrieved from /home/luan/Documents/curso-extracao-de-dados/venv/lib/python3.9/site-packages/airflow/example_dags/example_branch_operator.py
[2024-03-04 12:10:04,464] {logging_mixin.py:115} INFO - [2024-03-04 12:10:04,464] {dag.py:2379} INFO - Sync 1 DAGs
[2024-03-04 12:10:04,478] {logging_mixin.py:115} INFO - [2024-03-04 12:10:04,478] {dag.py:2927} INFO - Setting next_dagrun for example_branch_operator to 2024-03-03T00:00:00+00:00, run_after=2024-03-04T00:00:00+00:00
[2024-03-04 12:10:04,491] {processor.py:161} INFO - Processing /home/luan/Documents/curso-extracao-de-dados/venv/lib/python3.9/site-packages/airflow/example_dags/example_branch_operator.py took 0.048 seconds
[2024-03-04 12:10:37,851] {processor.py:153} INFO - Started process (PID=30226) to work on /home/luan/Documents/curso-extracao-de-dados/venv/lib/python3.9/site-packages/airflow/example_dags/example_branch_operator.py
[2024-03-04 12:10:37,852] {processor.py:641} INFO - Processing file /home/luan/Documents/curso-extracao-de-dados/venv/lib/python3.9/site-packages/airflow/example_dags/example_branch_operator.py for tasks to queue
[2024-03-04 12:10:37,853] {logging_mixin.py:115} INFO - [2024-03-04 12:10:37,853] {dagbag.py:507} INFO - Filling up the DagBag from /home/luan/Documents/curso-extracao-de-dados/venv/lib/python3.9/site-packages/airflow/example_dags/example_branch_operator.py
[2024-03-04 12:10:37,859] {processor.py:651} INFO - DAG(s) dict_keys(['example_branch_operator']) retrieved from /home/luan/Documents/curso-extracao-de-dados/venv/lib/python3.9/site-packages/airflow/example_dags/example_branch_operator.py
[2024-03-04 12:10:37,869] {logging_mixin.py:115} INFO - [2024-03-04 12:10:37,869] {dag.py:2379} INFO - Sync 1 DAGs
[2024-03-04 12:10:37,883] {logging_mixin.py:115} INFO - [2024-03-04 12:10:37,883] {dag.py:2927} INFO - Setting next_dagrun for example_branch_operator to 2024-03-03T00:00:00+00:00, run_after=2024-03-04T00:00:00+00:00
[2024-03-04 12:10:37,896] {processor.py:161} INFO - Processing /home/luan/Documents/curso-extracao-de-dados/venv/lib/python3.9/site-packages/airflow/example_dags/example_branch_operator.py took 0.046 seconds
[2024-03-04 12:11:09,894] {processor.py:153} INFO - Started process (PID=30357) to work on /home/luan/Documents/curso-extracao-de-dados/venv/lib/python3.9/site-packages/airflow/example_dags/example_branch_operator.py
[2024-03-04 12:11:09,896] {processor.py:641} INFO - Processing file /home/luan/Documents/curso-extracao-de-dados/venv/lib/python3.9/site-packages/airflow/example_dags/example_branch_operator.py for tasks to queue
[2024-03-04 12:11:09,896] {logging_mixin.py:115} INFO - [2024-03-04 12:11:09,896] {dagbag.py:507} INFO - Filling up the DagBag from /home/luan/Documents/curso-extracao-de-dados/venv/lib/python3.9/site-packages/airflow/example_dags/example_branch_operator.py
[2024-03-04 12:11:09,902] {processor.py:651} INFO - DAG(s) dict_keys(['example_branch_operator']) retrieved from /home/luan/Documents/curso-extracao-de-dados/venv/lib/python3.9/site-packages/airflow/example_dags/example_branch_operator.py
[2024-03-04 12:11:09,913] {logging_mixin.py:115} INFO - [2024-03-04 12:11:09,913] {dag.py:2379} INFO - Sync 1 DAGs
[2024-03-04 12:11:09,926] {logging_mixin.py:115} INFO - [2024-03-04 12:11:09,926] {dag.py:2927} INFO - Setting next_dagrun for example_branch_operator to 2024-03-03T00:00:00+00:00, run_after=2024-03-04T00:00:00+00:00
[2024-03-04 12:11:09,940] {processor.py:161} INFO - Processing /home/luan/Documents/curso-extracao-de-dados/venv/lib/python3.9/site-packages/airflow/example_dags/example_branch_operator.py took 0.047 seconds
[2024-03-04 12:14:22,705] {processor.py:153} INFO - Started process (PID=31262) to work on /home/luan/Documents/curso-extracao-de-dados/venv/lib/python3.9/site-packages/airflow/example_dags/example_branch_operator.py
[2024-03-04 12:14:22,709] {processor.py:641} INFO - Processing file /home/luan/Documents/curso-extracao-de-dados/venv/lib/python3.9/site-packages/airflow/example_dags/example_branch_operator.py for tasks to queue
[2024-03-04 12:14:22,709] {logging_mixin.py:115} INFO - [2024-03-04 12:14:22,709] {dagbag.py:507} INFO - Filling up the DagBag from /home/luan/Documents/curso-extracao-de-dados/venv/lib/python3.9/site-packages/airflow/example_dags/example_branch_operator.py
[2024-03-04 12:14:22,717] {processor.py:651} INFO - DAG(s) dict_keys(['example_branch_operator']) retrieved from /home/luan/Documents/curso-extracao-de-dados/venv/lib/python3.9/site-packages/airflow/example_dags/example_branch_operator.py
[2024-03-04 12:14:22,736] {logging_mixin.py:115} INFO - [2024-03-04 12:14:22,736] {dag.py:2379} INFO - Sync 1 DAGs
[2024-03-04 12:14:22,752] {logging_mixin.py:115} INFO - [2024-03-04 12:14:22,752] {dag.py:2927} INFO - Setting next_dagrun for example_branch_operator to 2024-03-03T00:00:00+00:00, run_after=2024-03-04T00:00:00+00:00
[2024-03-04 12:14:22,765] {processor.py:161} INFO - Processing /home/luan/Documents/curso-extracao-de-dados/venv/lib/python3.9/site-packages/airflow/example_dags/example_branch_operator.py took 0.062 seconds
[2024-03-04 12:14:56,121] {processor.py:153} INFO - Started process (PID=31392) to work on /home/luan/Documents/curso-extracao-de-dados/venv/lib/python3.9/site-packages/airflow/example_dags/example_branch_operator.py
[2024-03-04 12:14:56,122] {processor.py:641} INFO - Processing file /home/luan/Documents/curso-extracao-de-dados/venv/lib/python3.9/site-packages/airflow/example_dags/example_branch_operator.py for tasks to queue
[2024-03-04 12:14:56,123] {logging_mixin.py:115} INFO - [2024-03-04 12:14:56,123] {dagbag.py:507} INFO - Filling up the DagBag from /home/luan/Documents/curso-extracao-de-dados/venv/lib/python3.9/site-packages/airflow/example_dags/example_branch_operator.py
[2024-03-04 12:14:56,129] {processor.py:651} INFO - DAG(s) dict_keys(['example_branch_operator']) retrieved from /home/luan/Documents/curso-extracao-de-dados/venv/lib/python3.9/site-packages/airflow/example_dags/example_branch_operator.py
[2024-03-04 12:14:56,139] {logging_mixin.py:115} INFO - [2024-03-04 12:14:56,139] {dag.py:2379} INFO - Sync 1 DAGs
[2024-03-04 12:14:56,153] {logging_mixin.py:115} INFO - [2024-03-04 12:14:56,153] {dag.py:2927} INFO - Setting next_dagrun for example_branch_operator to 2024-03-03T00:00:00+00:00, run_after=2024-03-04T00:00:00+00:00
[2024-03-04 12:14:56,171] {processor.py:161} INFO - Processing /home/luan/Documents/curso-extracao-de-dados/venv/lib/python3.9/site-packages/airflow/example_dags/example_branch_operator.py took 0.051 seconds
[2024-03-04 12:15:29,123] {processor.py:153} INFO - Started process (PID=31524) to work on /home/luan/Documents/curso-extracao-de-dados/venv/lib/python3.9/site-packages/airflow/example_dags/example_branch_operator.py
[2024-03-04 12:15:29,124] {processor.py:641} INFO - Processing file /home/luan/Documents/curso-extracao-de-dados/venv/lib/python3.9/site-packages/airflow/example_dags/example_branch_operator.py for tasks to queue
[2024-03-04 12:15:29,125] {logging_mixin.py:115} INFO - [2024-03-04 12:15:29,125] {dagbag.py:507} INFO - Filling up the DagBag from /home/luan/Documents/curso-extracao-de-dados/venv/lib/python3.9/site-packages/airflow/example_dags/example_branch_operator.py
[2024-03-04 12:15:29,131] {processor.py:651} INFO - DAG(s) dict_keys(['example_branch_operator']) retrieved from /home/luan/Documents/curso-extracao-de-dados/venv/lib/python3.9/site-packages/airflow/example_dags/example_branch_operator.py
[2024-03-04 12:15:29,141] {logging_mixin.py:115} INFO - [2024-03-04 12:15:29,141] {dag.py:2379} INFO - Sync 1 DAGs
[2024-03-04 12:15:29,155] {logging_mixin.py:115} INFO - [2024-03-04 12:15:29,155] {dag.py:2927} INFO - Setting next_dagrun for example_branch_operator to 2024-03-03T00:00:00+00:00, run_after=2024-03-04T00:00:00+00:00
[2024-03-04 12:15:29,169] {processor.py:161} INFO - Processing /home/luan/Documents/curso-extracao-de-dados/venv/lib/python3.9/site-packages/airflow/example_dags/example_branch_operator.py took 0.048 seconds
[2024-03-04 12:16:21,516] {processor.py:153} INFO - Started process (PID=31833) to work on /home/luan/Documents/curso-extracao-de-dados/venv/lib/python3.9/site-packages/airflow/example_dags/example_branch_operator.py
[2024-03-04 12:16:21,517] {processor.py:641} INFO - Processing file /home/luan/Documents/curso-extracao-de-dados/venv/lib/python3.9/site-packages/airflow/example_dags/example_branch_operator.py for tasks to queue
[2024-03-04 12:16:21,517] {logging_mixin.py:115} INFO - [2024-03-04 12:16:21,517] {dagbag.py:507} INFO - Filling up the DagBag from /home/luan/Documents/curso-extracao-de-dados/venv/lib/python3.9/site-packages/airflow/example_dags/example_branch_operator.py
[2024-03-04 12:16:21,524] {processor.py:651} INFO - DAG(s) dict_keys(['example_branch_operator']) retrieved from /home/luan/Documents/curso-extracao-de-dados/venv/lib/python3.9/site-packages/airflow/example_dags/example_branch_operator.py
[2024-03-04 12:16:21,535] {logging_mixin.py:115} INFO - [2024-03-04 12:16:21,535] {dag.py:2379} INFO - Sync 1 DAGs
[2024-03-04 12:16:21,550] {logging_mixin.py:115} INFO - [2024-03-04 12:16:21,550] {dag.py:2927} INFO - Setting next_dagrun for example_branch_operator to 2024-03-03T00:00:00+00:00, run_after=2024-03-04T00:00:00+00:00
[2024-03-04 12:16:21,564] {processor.py:161} INFO - Processing /home/luan/Documents/curso-extracao-de-dados/venv/lib/python3.9/site-packages/airflow/example_dags/example_branch_operator.py took 0.050 seconds
[2024-03-04 12:16:55,367] {processor.py:153} INFO - Started process (PID=31965) to work on /home/luan/Documents/curso-extracao-de-dados/venv/lib/python3.9/site-packages/airflow/example_dags/example_branch_operator.py
[2024-03-04 12:16:55,371] {processor.py:641} INFO - Processing file /home/luan/Documents/curso-extracao-de-dados/venv/lib/python3.9/site-packages/airflow/example_dags/example_branch_operator.py for tasks to queue
[2024-03-04 12:16:55,371] {logging_mixin.py:115} INFO - [2024-03-04 12:16:55,371] {dagbag.py:507} INFO - Filling up the DagBag from /home/luan/Documents/curso-extracao-de-dados/venv/lib/python3.9/site-packages/airflow/example_dags/example_branch_operator.py
[2024-03-04 12:16:55,377] {processor.py:651} INFO - DAG(s) dict_keys(['example_branch_operator']) retrieved from /home/luan/Documents/curso-extracao-de-dados/venv/lib/python3.9/site-packages/airflow/example_dags/example_branch_operator.py
[2024-03-04 12:16:55,388] {logging_mixin.py:115} INFO - [2024-03-04 12:16:55,388] {dag.py:2379} INFO - Sync 1 DAGs
[2024-03-04 12:16:55,403] {logging_mixin.py:115} INFO - [2024-03-04 12:16:55,403] {dag.py:2927} INFO - Setting next_dagrun for example_branch_operator to 2024-03-03T00:00:00+00:00, run_after=2024-03-04T00:00:00+00:00
[2024-03-04 12:16:55,417] {processor.py:161} INFO - Processing /home/luan/Documents/curso-extracao-de-dados/venv/lib/python3.9/site-packages/airflow/example_dags/example_branch_operator.py took 0.052 seconds
[2024-03-04 12:17:28,589] {processor.py:153} INFO - Started process (PID=32103) to work on /home/luan/Documents/curso-extracao-de-dados/venv/lib/python3.9/site-packages/airflow/example_dags/example_branch_operator.py
[2024-03-04 12:17:28,590] {processor.py:641} INFO - Processing file /home/luan/Documents/curso-extracao-de-dados/venv/lib/python3.9/site-packages/airflow/example_dags/example_branch_operator.py for tasks to queue
[2024-03-04 12:17:28,591] {logging_mixin.py:115} INFO - [2024-03-04 12:17:28,591] {dagbag.py:507} INFO - Filling up the DagBag from /home/luan/Documents/curso-extracao-de-dados/venv/lib/python3.9/site-packages/airflow/example_dags/example_branch_operator.py
[2024-03-04 12:17:28,597] {processor.py:651} INFO - DAG(s) dict_keys(['example_branch_operator']) retrieved from /home/luan/Documents/curso-extracao-de-dados/venv/lib/python3.9/site-packages/airflow/example_dags/example_branch_operator.py
[2024-03-04 12:17:28,608] {logging_mixin.py:115} INFO - [2024-03-04 12:17:28,608] {dag.py:2379} INFO - Sync 1 DAGs
[2024-03-04 12:17:28,623] {logging_mixin.py:115} INFO - [2024-03-04 12:17:28,622] {dag.py:2927} INFO - Setting next_dagrun for example_branch_operator to 2024-03-03T00:00:00+00:00, run_after=2024-03-04T00:00:00+00:00
[2024-03-04 12:17:28,640] {processor.py:161} INFO - Processing /home/luan/Documents/curso-extracao-de-dados/venv/lib/python3.9/site-packages/airflow/example_dags/example_branch_operator.py took 0.053 seconds
[2024-03-04 12:18:01,199] {processor.py:153} INFO - Started process (PID=32233) to work on /home/luan/Documents/curso-extracao-de-dados/venv/lib/python3.9/site-packages/airflow/example_dags/example_branch_operator.py
[2024-03-04 12:18:01,203] {processor.py:641} INFO - Processing file /home/luan/Documents/curso-extracao-de-dados/venv/lib/python3.9/site-packages/airflow/example_dags/example_branch_operator.py for tasks to queue
[2024-03-04 12:18:01,204] {logging_mixin.py:115} INFO - [2024-03-04 12:18:01,204] {dagbag.py:507} INFO - Filling up the DagBag from /home/luan/Documents/curso-extracao-de-dados/venv/lib/python3.9/site-packages/airflow/example_dags/example_branch_operator.py
[2024-03-04 12:18:01,210] {processor.py:651} INFO - DAG(s) dict_keys(['example_branch_operator']) retrieved from /home/luan/Documents/curso-extracao-de-dados/venv/lib/python3.9/site-packages/airflow/example_dags/example_branch_operator.py
[2024-03-04 12:18:01,221] {logging_mixin.py:115} INFO - [2024-03-04 12:18:01,221] {dag.py:2379} INFO - Sync 1 DAGs
[2024-03-04 12:18:01,236] {logging_mixin.py:115} INFO - [2024-03-04 12:18:01,236] {dag.py:2927} INFO - Setting next_dagrun for example_branch_operator to 2024-03-03T00:00:00+00:00, run_after=2024-03-04T00:00:00+00:00
[2024-03-04 12:18:01,249] {processor.py:161} INFO - Processing /home/luan/Documents/curso-extracao-de-dados/venv/lib/python3.9/site-packages/airflow/example_dags/example_branch_operator.py took 0.051 seconds
[2024-03-04 12:18:55,356] {processor.py:153} INFO - Started process (PID=32531) to work on /home/luan/Documents/curso-extracao-de-dados/venv/lib/python3.9/site-packages/airflow/example_dags/example_branch_operator.py
[2024-03-04 12:18:55,360] {processor.py:641} INFO - Processing file /home/luan/Documents/curso-extracao-de-dados/venv/lib/python3.9/site-packages/airflow/example_dags/example_branch_operator.py for tasks to queue
[2024-03-04 12:18:55,360] {logging_mixin.py:115} INFO - [2024-03-04 12:18:55,360] {dagbag.py:507} INFO - Filling up the DagBag from /home/luan/Documents/curso-extracao-de-dados/venv/lib/python3.9/site-packages/airflow/example_dags/example_branch_operator.py
[2024-03-04 12:18:55,367] {processor.py:651} INFO - DAG(s) dict_keys(['example_branch_operator']) retrieved from /home/luan/Documents/curso-extracao-de-dados/venv/lib/python3.9/site-packages/airflow/example_dags/example_branch_operator.py
[2024-03-04 12:18:55,377] {logging_mixin.py:115} INFO - [2024-03-04 12:18:55,377] {dag.py:2379} INFO - Sync 1 DAGs
[2024-03-04 12:18:55,391] {logging_mixin.py:115} INFO - [2024-03-04 12:18:55,391] {dag.py:2927} INFO - Setting next_dagrun for example_branch_operator to 2024-03-03T00:00:00+00:00, run_after=2024-03-04T00:00:00+00:00
[2024-03-04 12:18:55,406] {processor.py:161} INFO - Processing /home/luan/Documents/curso-extracao-de-dados/venv/lib/python3.9/site-packages/airflow/example_dags/example_branch_operator.py took 0.052 seconds
