[2024-03-04 11:21:31,293] {processor.py:153} INFO - Started process (PID=17527) to work on /home/luan/Documents/curso-extracao-de-dados/venv/lib/python3.9/site-packages/airflow/example_dags/example_time_delta_sensor_async.py
[2024-03-04 11:21:31,293] {processor.py:641} INFO - Processing file /home/luan/Documents/curso-extracao-de-dados/venv/lib/python3.9/site-packages/airflow/example_dags/example_time_delta_sensor_async.py for tasks to queue
[2024-03-04 11:21:31,294] {logging_mixin.py:115} INFO - [2024-03-04 11:21:31,294] {dagbag.py:507} INFO - Filling up the DagBag from /home/luan/Documents/curso-extracao-de-dados/venv/lib/python3.9/site-packages/airflow/example_dags/example_time_delta_sensor_async.py
[2024-03-04 11:21:31,297] {processor.py:651} INFO - DAG(s) dict_keys(['example_time_delta_sensor_async']) retrieved from /home/luan/Documents/curso-extracao-de-dados/venv/lib/python3.9/site-packages/airflow/example_dags/example_time_delta_sensor_async.py
[2024-03-04 11:21:31,354] {logging_mixin.py:115} INFO - [2024-03-04 11:21:31,354] {manager.py:508} INFO - Created Permission View: can edit on DAG:example_time_delta_sensor_async
[2024-03-04 11:21:31,364] {logging_mixin.py:115} INFO - [2024-03-04 11:21:31,364] {manager.py:508} INFO - Created Permission View: can delete on DAG:example_time_delta_sensor_async
[2024-03-04 11:21:31,373] {logging_mixin.py:115} INFO - [2024-03-04 11:21:31,373] {manager.py:508} INFO - Created Permission View: can read on DAG:example_time_delta_sensor_async
[2024-03-04 11:21:31,373] {logging_mixin.py:115} INFO - [2024-03-04 11:21:31,373] {dag.py:2379} INFO - Sync 1 DAGs
[2024-03-04 11:21:31,378] {logging_mixin.py:115} INFO - [2024-03-04 11:21:31,378] {dag.py:2398} INFO - Creating ORM DAG for example_time_delta_sensor_async
[2024-03-04 11:21:31,384] {logging_mixin.py:115} INFO - [2024-03-04 11:21:31,384] {dag.py:2927} INFO - Setting next_dagrun for example_time_delta_sensor_async to None, run_after=None
[2024-03-04 11:21:31,398] {processor.py:161} INFO - Processing /home/luan/Documents/curso-extracao-de-dados/venv/lib/python3.9/site-packages/airflow/example_dags/example_time_delta_sensor_async.py took 0.107 seconds
[2024-03-04 11:22:04,016] {processor.py:153} INFO - Started process (PID=17655) to work on /home/luan/Documents/curso-extracao-de-dados/venv/lib/python3.9/site-packages/airflow/example_dags/example_time_delta_sensor_async.py
[2024-03-04 11:22:04,017] {processor.py:641} INFO - Processing file /home/luan/Documents/curso-extracao-de-dados/venv/lib/python3.9/site-packages/airflow/example_dags/example_time_delta_sensor_async.py for tasks to queue
[2024-03-04 11:22:04,018] {logging_mixin.py:115} INFO - [2024-03-04 11:22:04,018] {dagbag.py:507} INFO - Filling up the DagBag from /home/luan/Documents/curso-extracao-de-dados/venv/lib/python3.9/site-packages/airflow/example_dags/example_time_delta_sensor_async.py
[2024-03-04 11:22:04,021] {processor.py:651} INFO - DAG(s) dict_keys(['example_time_delta_sensor_async']) retrieved from /home/luan/Documents/curso-extracao-de-dados/venv/lib/python3.9/site-packages/airflow/example_dags/example_time_delta_sensor_async.py
[2024-03-04 11:22:04,034] {logging_mixin.py:115} INFO - [2024-03-04 11:22:04,034] {dag.py:2379} INFO - Sync 1 DAGs
[2024-03-04 11:22:04,047] {logging_mixin.py:115} INFO - [2024-03-04 11:22:04,047] {dag.py:2927} INFO - Setting next_dagrun for example_time_delta_sensor_async to None, run_after=None
[2024-03-04 11:22:04,061] {processor.py:161} INFO - Processing /home/luan/Documents/curso-extracao-de-dados/venv/lib/python3.9/site-packages/airflow/example_dags/example_time_delta_sensor_async.py took 0.047 seconds
[2024-03-04 11:22:38,264] {processor.py:153} INFO - Started process (PID=17791) to work on /home/luan/Documents/curso-extracao-de-dados/venv/lib/python3.9/site-packages/airflow/example_dags/example_time_delta_sensor_async.py
[2024-03-04 11:22:38,266] {processor.py:641} INFO - Processing file /home/luan/Documents/curso-extracao-de-dados/venv/lib/python3.9/site-packages/airflow/example_dags/example_time_delta_sensor_async.py for tasks to queue
[2024-03-04 11:22:38,266] {logging_mixin.py:115} INFO - [2024-03-04 11:22:38,266] {dagbag.py:507} INFO - Filling up the DagBag from /home/luan/Documents/curso-extracao-de-dados/venv/lib/python3.9/site-packages/airflow/example_dags/example_time_delta_sensor_async.py
[2024-03-04 11:22:38,270] {processor.py:651} INFO - DAG(s) dict_keys(['example_time_delta_sensor_async']) retrieved from /home/luan/Documents/curso-extracao-de-dados/venv/lib/python3.9/site-packages/airflow/example_dags/example_time_delta_sensor_async.py
[2024-03-04 11:22:38,283] {logging_mixin.py:115} INFO - [2024-03-04 11:22:38,283] {dag.py:2379} INFO - Sync 1 DAGs
[2024-03-04 11:22:38,296] {logging_mixin.py:115} INFO - [2024-03-04 11:22:38,296] {dag.py:2927} INFO - Setting next_dagrun for example_time_delta_sensor_async to None, run_after=None
[2024-03-04 11:22:38,313] {processor.py:161} INFO - Processing /home/luan/Documents/curso-extracao-de-dados/venv/lib/python3.9/site-packages/airflow/example_dags/example_time_delta_sensor_async.py took 0.050 seconds
[2024-03-04 12:05:55,210] {processor.py:153} INFO - Started process (PID=28768) to work on /home/luan/Documents/curso-extracao-de-dados/venv/lib/python3.9/site-packages/airflow/example_dags/example_time_delta_sensor_async.py
[2024-03-04 12:05:55,215] {processor.py:641} INFO - Processing file /home/luan/Documents/curso-extracao-de-dados/venv/lib/python3.9/site-packages/airflow/example_dags/example_time_delta_sensor_async.py for tasks to queue
[2024-03-04 12:05:55,215] {logging_mixin.py:115} INFO - [2024-03-04 12:05:55,215] {dagbag.py:507} INFO - Filling up the DagBag from /home/luan/Documents/curso-extracao-de-dados/venv/lib/python3.9/site-packages/airflow/example_dags/example_time_delta_sensor_async.py
[2024-03-04 12:05:55,218] {processor.py:651} INFO - DAG(s) dict_keys(['example_time_delta_sensor_async']) retrieved from /home/luan/Documents/curso-extracao-de-dados/venv/lib/python3.9/site-packages/airflow/example_dags/example_time_delta_sensor_async.py
[2024-03-04 12:05:55,231] {logging_mixin.py:115} INFO - [2024-03-04 12:05:55,231] {dag.py:2379} INFO - Sync 1 DAGs
[2024-03-04 12:05:55,244] {logging_mixin.py:115} INFO - [2024-03-04 12:05:55,244] {dag.py:2927} INFO - Setting next_dagrun for example_time_delta_sensor_async to None, run_after=None
[2024-03-04 12:05:55,257] {processor.py:161} INFO - Processing /home/luan/Documents/curso-extracao-de-dados/venv/lib/python3.9/site-packages/airflow/example_dags/example_time_delta_sensor_async.py took 0.049 seconds
[2024-03-04 12:06:29,334] {processor.py:153} INFO - Started process (PID=29094) to work on /home/luan/Documents/curso-extracao-de-dados/venv/lib/python3.9/site-packages/airflow/example_dags/example_time_delta_sensor_async.py
[2024-03-04 12:06:29,336] {processor.py:641} INFO - Processing file /home/luan/Documents/curso-extracao-de-dados/venv/lib/python3.9/site-packages/airflow/example_dags/example_time_delta_sensor_async.py for tasks to queue
[2024-03-04 12:06:29,338] {logging_mixin.py:115} INFO - [2024-03-04 12:06:29,337] {dagbag.py:507} INFO - Filling up the DagBag from /home/luan/Documents/curso-extracao-de-dados/venv/lib/python3.9/site-packages/airflow/example_dags/example_time_delta_sensor_async.py
[2024-03-04 12:06:29,345] {processor.py:651} INFO - DAG(s) dict_keys(['example_time_delta_sensor_async']) retrieved from /home/luan/Documents/curso-extracao-de-dados/venv/lib/python3.9/site-packages/airflow/example_dags/example_time_delta_sensor_async.py
[2024-03-04 12:06:29,362] {logging_mixin.py:115} INFO - [2024-03-04 12:06:29,362] {dag.py:2379} INFO - Sync 1 DAGs
[2024-03-04 12:06:29,403] {logging_mixin.py:115} INFO - [2024-03-04 12:06:29,403] {dag.py:2927} INFO - Setting next_dagrun for example_time_delta_sensor_async to None, run_after=None
[2024-03-04 12:06:29,427] {processor.py:161} INFO - Processing /home/luan/Documents/curso-extracao-de-dados/venv/lib/python3.9/site-packages/airflow/example_dags/example_time_delta_sensor_async.py took 0.097 seconds
[2024-03-04 12:07:23,051] {processor.py:153} INFO - Started process (PID=29383) to work on /home/luan/Documents/curso-extracao-de-dados/venv/lib/python3.9/site-packages/airflow/example_dags/example_time_delta_sensor_async.py
[2024-03-04 12:07:23,055] {processor.py:641} INFO - Processing file /home/luan/Documents/curso-extracao-de-dados/venv/lib/python3.9/site-packages/airflow/example_dags/example_time_delta_sensor_async.py for tasks to queue
[2024-03-04 12:07:23,056] {logging_mixin.py:115} INFO - [2024-03-04 12:07:23,056] {dagbag.py:507} INFO - Filling up the DagBag from /home/luan/Documents/curso-extracao-de-dados/venv/lib/python3.9/site-packages/airflow/example_dags/example_time_delta_sensor_async.py
[2024-03-04 12:07:23,059] {processor.py:651} INFO - DAG(s) dict_keys(['example_time_delta_sensor_async']) retrieved from /home/luan/Documents/curso-extracao-de-dados/venv/lib/python3.9/site-packages/airflow/example_dags/example_time_delta_sensor_async.py
[2024-03-04 12:07:23,072] {logging_mixin.py:115} INFO - [2024-03-04 12:07:23,072] {dag.py:2379} INFO - Sync 1 DAGs
[2024-03-04 12:07:23,085] {logging_mixin.py:115} INFO - [2024-03-04 12:07:23,085] {dag.py:2927} INFO - Setting next_dagrun for example_time_delta_sensor_async to None, run_after=None
[2024-03-04 12:07:23,099] {processor.py:161} INFO - Processing /home/luan/Documents/curso-extracao-de-dados/venv/lib/python3.9/site-packages/airflow/example_dags/example_time_delta_sensor_async.py took 0.049 seconds
[2024-03-04 12:07:56,161] {processor.py:153} INFO - Started process (PID=29502) to work on /home/luan/Documents/curso-extracao-de-dados/venv/lib/python3.9/site-packages/airflow/example_dags/example_time_delta_sensor_async.py
[2024-03-04 12:07:56,165] {processor.py:641} INFO - Processing file /home/luan/Documents/curso-extracao-de-dados/venv/lib/python3.9/site-packages/airflow/example_dags/example_time_delta_sensor_async.py for tasks to queue
[2024-03-04 12:07:56,166] {logging_mixin.py:115} INFO - [2024-03-04 12:07:56,166] {dagbag.py:507} INFO - Filling up the DagBag from /home/luan/Documents/curso-extracao-de-dados/venv/lib/python3.9/site-packages/airflow/example_dags/example_time_delta_sensor_async.py
[2024-03-04 12:07:56,169] {processor.py:651} INFO - DAG(s) dict_keys(['example_time_delta_sensor_async']) retrieved from /home/luan/Documents/curso-extracao-de-dados/venv/lib/python3.9/site-packages/airflow/example_dags/example_time_delta_sensor_async.py
[2024-03-04 12:07:56,182] {logging_mixin.py:115} INFO - [2024-03-04 12:07:56,182] {dag.py:2379} INFO - Sync 1 DAGs
[2024-03-04 12:07:56,195] {logging_mixin.py:115} INFO - [2024-03-04 12:07:56,195] {dag.py:2927} INFO - Setting next_dagrun for example_time_delta_sensor_async to None, run_after=None
[2024-03-04 12:07:56,211] {processor.py:161} INFO - Processing /home/luan/Documents/curso-extracao-de-dados/venv/lib/python3.9/site-packages/airflow/example_dags/example_time_delta_sensor_async.py took 0.051 seconds
[2024-03-04 12:08:28,679] {processor.py:153} INFO - Started process (PID=29626) to work on /home/luan/Documents/curso-extracao-de-dados/venv/lib/python3.9/site-packages/airflow/example_dags/example_time_delta_sensor_async.py
[2024-03-04 12:08:28,683] {processor.py:641} INFO - Processing file /home/luan/Documents/curso-extracao-de-dados/venv/lib/python3.9/site-packages/airflow/example_dags/example_time_delta_sensor_async.py for tasks to queue
[2024-03-04 12:08:28,684] {logging_mixin.py:115} INFO - [2024-03-04 12:08:28,684] {dagbag.py:507} INFO - Filling up the DagBag from /home/luan/Documents/curso-extracao-de-dados/venv/lib/python3.9/site-packages/airflow/example_dags/example_time_delta_sensor_async.py
[2024-03-04 12:08:28,687] {processor.py:651} INFO - DAG(s) dict_keys(['example_time_delta_sensor_async']) retrieved from /home/luan/Documents/curso-extracao-de-dados/venv/lib/python3.9/site-packages/airflow/example_dags/example_time_delta_sensor_async.py
[2024-03-04 12:08:28,701] {logging_mixin.py:115} INFO - [2024-03-04 12:08:28,701] {dag.py:2379} INFO - Sync 1 DAGs
[2024-03-04 12:08:28,715] {logging_mixin.py:115} INFO - [2024-03-04 12:08:28,715] {dag.py:2927} INFO - Setting next_dagrun for example_time_delta_sensor_async to None, run_after=None
[2024-03-04 12:08:28,732] {processor.py:161} INFO - Processing /home/luan/Documents/curso-extracao-de-dados/venv/lib/python3.9/site-packages/airflow/example_dags/example_time_delta_sensor_async.py took 0.055 seconds
[2024-03-04 12:09:00,846] {processor.py:153} INFO - Started process (PID=29768) to work on /home/luan/Documents/curso-extracao-de-dados/venv/lib/python3.9/site-packages/airflow/example_dags/example_time_delta_sensor_async.py
[2024-03-04 12:09:00,851] {processor.py:641} INFO - Processing file /home/luan/Documents/curso-extracao-de-dados/venv/lib/python3.9/site-packages/airflow/example_dags/example_time_delta_sensor_async.py for tasks to queue
[2024-03-04 12:09:00,851] {logging_mixin.py:115} INFO - [2024-03-04 12:09:00,851] {dagbag.py:507} INFO - Filling up the DagBag from /home/luan/Documents/curso-extracao-de-dados/venv/lib/python3.9/site-packages/airflow/example_dags/example_time_delta_sensor_async.py
[2024-03-04 12:09:00,854] {processor.py:651} INFO - DAG(s) dict_keys(['example_time_delta_sensor_async']) retrieved from /home/luan/Documents/curso-extracao-de-dados/venv/lib/python3.9/site-packages/airflow/example_dags/example_time_delta_sensor_async.py
[2024-03-04 12:09:00,868] {logging_mixin.py:115} INFO - [2024-03-04 12:09:00,868] {dag.py:2379} INFO - Sync 1 DAGs
[2024-03-04 12:09:00,881] {logging_mixin.py:115} INFO - [2024-03-04 12:09:00,881] {dag.py:2927} INFO - Setting next_dagrun for example_time_delta_sensor_async to None, run_after=None
[2024-03-04 12:09:00,895] {processor.py:161} INFO - Processing /home/luan/Documents/curso-extracao-de-dados/venv/lib/python3.9/site-packages/airflow/example_dags/example_time_delta_sensor_async.py took 0.050 seconds
[2024-03-04 12:10:00,730] {processor.py:153} INFO - Started process (PID=30079) to work on /home/luan/Documents/curso-extracao-de-dados/venv/lib/python3.9/site-packages/airflow/example_dags/example_time_delta_sensor_async.py
[2024-03-04 12:10:00,734] {processor.py:641} INFO - Processing file /home/luan/Documents/curso-extracao-de-dados/venv/lib/python3.9/site-packages/airflow/example_dags/example_time_delta_sensor_async.py for tasks to queue
[2024-03-04 12:10:00,735] {logging_mixin.py:115} INFO - [2024-03-04 12:10:00,735] {dagbag.py:507} INFO - Filling up the DagBag from /home/luan/Documents/curso-extracao-de-dados/venv/lib/python3.9/site-packages/airflow/example_dags/example_time_delta_sensor_async.py
[2024-03-04 12:10:00,738] {processor.py:651} INFO - DAG(s) dict_keys(['example_time_delta_sensor_async']) retrieved from /home/luan/Documents/curso-extracao-de-dados/venv/lib/python3.9/site-packages/airflow/example_dags/example_time_delta_sensor_async.py
[2024-03-04 12:10:00,752] {logging_mixin.py:115} INFO - [2024-03-04 12:10:00,752] {dag.py:2379} INFO - Sync 1 DAGs
[2024-03-04 12:10:00,765] {logging_mixin.py:115} INFO - [2024-03-04 12:10:00,765] {dag.py:2927} INFO - Setting next_dagrun for example_time_delta_sensor_async to None, run_after=None
[2024-03-04 12:10:00,780] {processor.py:161} INFO - Processing /home/luan/Documents/curso-extracao-de-dados/venv/lib/python3.9/site-packages/airflow/example_dags/example_time_delta_sensor_async.py took 0.051 seconds
[2024-03-04 12:10:33,838] {processor.py:153} INFO - Started process (PID=30210) to work on /home/luan/Documents/curso-extracao-de-dados/venv/lib/python3.9/site-packages/airflow/example_dags/example_time_delta_sensor_async.py
[2024-03-04 12:10:33,840] {processor.py:641} INFO - Processing file /home/luan/Documents/curso-extracao-de-dados/venv/lib/python3.9/site-packages/airflow/example_dags/example_time_delta_sensor_async.py for tasks to queue
[2024-03-04 12:10:33,840] {logging_mixin.py:115} INFO - [2024-03-04 12:10:33,840] {dagbag.py:507} INFO - Filling up the DagBag from /home/luan/Documents/curso-extracao-de-dados/venv/lib/python3.9/site-packages/airflow/example_dags/example_time_delta_sensor_async.py
[2024-03-04 12:10:33,843] {processor.py:651} INFO - DAG(s) dict_keys(['example_time_delta_sensor_async']) retrieved from /home/luan/Documents/curso-extracao-de-dados/venv/lib/python3.9/site-packages/airflow/example_dags/example_time_delta_sensor_async.py
[2024-03-04 12:10:33,856] {logging_mixin.py:115} INFO - [2024-03-04 12:10:33,856] {dag.py:2379} INFO - Sync 1 DAGs
[2024-03-04 12:10:33,869] {logging_mixin.py:115} INFO - [2024-03-04 12:10:33,869] {dag.py:2927} INFO - Setting next_dagrun for example_time_delta_sensor_async to None, run_after=None
[2024-03-04 12:10:33,884] {processor.py:161} INFO - Processing /home/luan/Documents/curso-extracao-de-dados/venv/lib/python3.9/site-packages/airflow/example_dags/example_time_delta_sensor_async.py took 0.047 seconds
[2024-03-04 12:11:06,346] {processor.py:153} INFO - Started process (PID=30347) to work on /home/luan/Documents/curso-extracao-de-dados/venv/lib/python3.9/site-packages/airflow/example_dags/example_time_delta_sensor_async.py
[2024-03-04 12:11:06,351] {processor.py:641} INFO - Processing file /home/luan/Documents/curso-extracao-de-dados/venv/lib/python3.9/site-packages/airflow/example_dags/example_time_delta_sensor_async.py for tasks to queue
[2024-03-04 12:11:06,352] {logging_mixin.py:115} INFO - [2024-03-04 12:11:06,352] {dagbag.py:507} INFO - Filling up the DagBag from /home/luan/Documents/curso-extracao-de-dados/venv/lib/python3.9/site-packages/airflow/example_dags/example_time_delta_sensor_async.py
[2024-03-04 12:11:06,355] {processor.py:651} INFO - DAG(s) dict_keys(['example_time_delta_sensor_async']) retrieved from /home/luan/Documents/curso-extracao-de-dados/venv/lib/python3.9/site-packages/airflow/example_dags/example_time_delta_sensor_async.py
[2024-03-04 12:11:06,368] {logging_mixin.py:115} INFO - [2024-03-04 12:11:06,368] {dag.py:2379} INFO - Sync 1 DAGs
[2024-03-04 12:11:06,381] {logging_mixin.py:115} INFO - [2024-03-04 12:11:06,381] {dag.py:2927} INFO - Setting next_dagrun for example_time_delta_sensor_async to None, run_after=None
[2024-03-04 12:11:06,397] {processor.py:161} INFO - Processing /home/luan/Documents/curso-extracao-de-dados/venv/lib/python3.9/site-packages/airflow/example_dags/example_time_delta_sensor_async.py took 0.052 seconds
[2024-03-04 12:14:18,992] {processor.py:153} INFO - Started process (PID=31246) to work on /home/luan/Documents/curso-extracao-de-dados/venv/lib/python3.9/site-packages/airflow/example_dags/example_time_delta_sensor_async.py
[2024-03-04 12:14:18,995] {processor.py:641} INFO - Processing file /home/luan/Documents/curso-extracao-de-dados/venv/lib/python3.9/site-packages/airflow/example_dags/example_time_delta_sensor_async.py for tasks to queue
[2024-03-04 12:14:18,996] {logging_mixin.py:115} INFO - [2024-03-04 12:14:18,996] {dagbag.py:507} INFO - Filling up the DagBag from /home/luan/Documents/curso-extracao-de-dados/venv/lib/python3.9/site-packages/airflow/example_dags/example_time_delta_sensor_async.py
[2024-03-04 12:14:18,999] {processor.py:651} INFO - DAG(s) dict_keys(['example_time_delta_sensor_async']) retrieved from /home/luan/Documents/curso-extracao-de-dados/venv/lib/python3.9/site-packages/airflow/example_dags/example_time_delta_sensor_async.py
[2024-03-04 12:14:19,013] {logging_mixin.py:115} INFO - [2024-03-04 12:14:19,012] {dag.py:2379} INFO - Sync 1 DAGs
[2024-03-04 12:14:19,025] {logging_mixin.py:115} INFO - [2024-03-04 12:14:19,025] {dag.py:2927} INFO - Setting next_dagrun for example_time_delta_sensor_async to None, run_after=None
[2024-03-04 12:14:19,041] {processor.py:161} INFO - Processing /home/luan/Documents/curso-extracao-de-dados/venv/lib/python3.9/site-packages/airflow/example_dags/example_time_delta_sensor_async.py took 0.050 seconds
[2024-03-04 12:14:52,105] {processor.py:153} INFO - Started process (PID=31376) to work on /home/luan/Documents/curso-extracao-de-dados/venv/lib/python3.9/site-packages/airflow/example_dags/example_time_delta_sensor_async.py
[2024-03-04 12:14:52,109] {processor.py:641} INFO - Processing file /home/luan/Documents/curso-extracao-de-dados/venv/lib/python3.9/site-packages/airflow/example_dags/example_time_delta_sensor_async.py for tasks to queue
[2024-03-04 12:14:52,110] {logging_mixin.py:115} INFO - [2024-03-04 12:14:52,110] {dagbag.py:507} INFO - Filling up the DagBag from /home/luan/Documents/curso-extracao-de-dados/venv/lib/python3.9/site-packages/airflow/example_dags/example_time_delta_sensor_async.py
[2024-03-04 12:14:52,113] {processor.py:651} INFO - DAG(s) dict_keys(['example_time_delta_sensor_async']) retrieved from /home/luan/Documents/curso-extracao-de-dados/venv/lib/python3.9/site-packages/airflow/example_dags/example_time_delta_sensor_async.py
[2024-03-04 12:14:52,127] {logging_mixin.py:115} INFO - [2024-03-04 12:14:52,126] {dag.py:2379} INFO - Sync 1 DAGs
[2024-03-04 12:14:52,140] {logging_mixin.py:115} INFO - [2024-03-04 12:14:52,140] {dag.py:2927} INFO - Setting next_dagrun for example_time_delta_sensor_async to None, run_after=None
[2024-03-04 12:14:52,154] {processor.py:161} INFO - Processing /home/luan/Documents/curso-extracao-de-dados/venv/lib/python3.9/site-packages/airflow/example_dags/example_time_delta_sensor_async.py took 0.051 seconds
[2024-03-04 12:15:24,599] {processor.py:153} INFO - Started process (PID=31502) to work on /home/luan/Documents/curso-extracao-de-dados/venv/lib/python3.9/site-packages/airflow/example_dags/example_time_delta_sensor_async.py
[2024-03-04 12:15:24,600] {processor.py:641} INFO - Processing file /home/luan/Documents/curso-extracao-de-dados/venv/lib/python3.9/site-packages/airflow/example_dags/example_time_delta_sensor_async.py for tasks to queue
[2024-03-04 12:15:24,601] {logging_mixin.py:115} INFO - [2024-03-04 12:15:24,600] {dagbag.py:507} INFO - Filling up the DagBag from /home/luan/Documents/curso-extracao-de-dados/venv/lib/python3.9/site-packages/airflow/example_dags/example_time_delta_sensor_async.py
[2024-03-04 12:15:24,604] {processor.py:651} INFO - DAG(s) dict_keys(['example_time_delta_sensor_async']) retrieved from /home/luan/Documents/curso-extracao-de-dados/venv/lib/python3.9/site-packages/airflow/example_dags/example_time_delta_sensor_async.py
[2024-03-04 12:15:24,620] {logging_mixin.py:115} INFO - [2024-03-04 12:15:24,620] {dag.py:2379} INFO - Sync 1 DAGs
[2024-03-04 12:15:24,635] {logging_mixin.py:115} INFO - [2024-03-04 12:15:24,635] {dag.py:2927} INFO - Setting next_dagrun for example_time_delta_sensor_async to None, run_after=None
[2024-03-04 12:15:24,650] {processor.py:161} INFO - Processing /home/luan/Documents/curso-extracao-de-dados/venv/lib/python3.9/site-packages/airflow/example_dags/example_time_delta_sensor_async.py took 0.054 seconds
[2024-03-04 12:16:17,807] {processor.py:153} INFO - Started process (PID=31817) to work on /home/luan/Documents/curso-extracao-de-dados/venv/lib/python3.9/site-packages/airflow/example_dags/example_time_delta_sensor_async.py
[2024-03-04 12:16:17,812] {processor.py:641} INFO - Processing file /home/luan/Documents/curso-extracao-de-dados/venv/lib/python3.9/site-packages/airflow/example_dags/example_time_delta_sensor_async.py for tasks to queue
[2024-03-04 12:16:17,812] {logging_mixin.py:115} INFO - [2024-03-04 12:16:17,812] {dagbag.py:507} INFO - Filling up the DagBag from /home/luan/Documents/curso-extracao-de-dados/venv/lib/python3.9/site-packages/airflow/example_dags/example_time_delta_sensor_async.py
[2024-03-04 12:16:17,815] {processor.py:651} INFO - DAG(s) dict_keys(['example_time_delta_sensor_async']) retrieved from /home/luan/Documents/curso-extracao-de-dados/venv/lib/python3.9/site-packages/airflow/example_dags/example_time_delta_sensor_async.py
[2024-03-04 12:16:17,829] {logging_mixin.py:115} INFO - [2024-03-04 12:16:17,829] {dag.py:2379} INFO - Sync 1 DAGs
[2024-03-04 12:16:17,841] {logging_mixin.py:115} INFO - [2024-03-04 12:16:17,841] {dag.py:2927} INFO - Setting next_dagrun for example_time_delta_sensor_async to None, run_after=None
[2024-03-04 12:16:17,858] {processor.py:161} INFO - Processing /home/luan/Documents/curso-extracao-de-dados/venv/lib/python3.9/site-packages/airflow/example_dags/example_time_delta_sensor_async.py took 0.052 seconds
[2024-03-04 12:16:51,147] {processor.py:153} INFO - Started process (PID=31947) to work on /home/luan/Documents/curso-extracao-de-dados/venv/lib/python3.9/site-packages/airflow/example_dags/example_time_delta_sensor_async.py
[2024-03-04 12:16:51,151] {processor.py:641} INFO - Processing file /home/luan/Documents/curso-extracao-de-dados/venv/lib/python3.9/site-packages/airflow/example_dags/example_time_delta_sensor_async.py for tasks to queue
[2024-03-04 12:16:51,152] {logging_mixin.py:115} INFO - [2024-03-04 12:16:51,152] {dagbag.py:507} INFO - Filling up the DagBag from /home/luan/Documents/curso-extracao-de-dados/venv/lib/python3.9/site-packages/airflow/example_dags/example_time_delta_sensor_async.py
[2024-03-04 12:16:51,156] {processor.py:651} INFO - DAG(s) dict_keys(['example_time_delta_sensor_async']) retrieved from /home/luan/Documents/curso-extracao-de-dados/venv/lib/python3.9/site-packages/airflow/example_dags/example_time_delta_sensor_async.py
[2024-03-04 12:16:51,170] {logging_mixin.py:115} INFO - [2024-03-04 12:16:51,170] {dag.py:2379} INFO - Sync 1 DAGs
[2024-03-04 12:16:51,185] {logging_mixin.py:115} INFO - [2024-03-04 12:16:51,185] {dag.py:2927} INFO - Setting next_dagrun for example_time_delta_sensor_async to None, run_after=None
[2024-03-04 12:16:51,199] {processor.py:161} INFO - Processing /home/luan/Documents/curso-extracao-de-dados/venv/lib/python3.9/site-packages/airflow/example_dags/example_time_delta_sensor_async.py took 0.054 seconds
[2024-03-04 12:17:24,055] {processor.py:153} INFO - Started process (PID=32087) to work on /home/luan/Documents/curso-extracao-de-dados/venv/lib/python3.9/site-packages/airflow/example_dags/example_time_delta_sensor_async.py
[2024-03-04 12:17:24,056] {processor.py:641} INFO - Processing file /home/luan/Documents/curso-extracao-de-dados/venv/lib/python3.9/site-packages/airflow/example_dags/example_time_delta_sensor_async.py for tasks to queue
[2024-03-04 12:17:24,056] {logging_mixin.py:115} INFO - [2024-03-04 12:17:24,056] {dagbag.py:507} INFO - Filling up the DagBag from /home/luan/Documents/curso-extracao-de-dados/venv/lib/python3.9/site-packages/airflow/example_dags/example_time_delta_sensor_async.py
[2024-03-04 12:17:24,059] {processor.py:651} INFO - DAG(s) dict_keys(['example_time_delta_sensor_async']) retrieved from /home/luan/Documents/curso-extracao-de-dados/venv/lib/python3.9/site-packages/airflow/example_dags/example_time_delta_sensor_async.py
[2024-03-04 12:17:24,074] {logging_mixin.py:115} INFO - [2024-03-04 12:17:24,073] {dag.py:2379} INFO - Sync 1 DAGs
[2024-03-04 12:17:24,087] {logging_mixin.py:115} INFO - [2024-03-04 12:17:24,086] {dag.py:2927} INFO - Setting next_dagrun for example_time_delta_sensor_async to None, run_after=None
[2024-03-04 12:17:24,100] {processor.py:161} INFO - Processing /home/luan/Documents/curso-extracao-de-dados/venv/lib/python3.9/site-packages/airflow/example_dags/example_time_delta_sensor_async.py took 0.047 seconds
[2024-03-04 12:17:57,183] {processor.py:153} INFO - Started process (PID=32217) to work on /home/luan/Documents/curso-extracao-de-dados/venv/lib/python3.9/site-packages/airflow/example_dags/example_time_delta_sensor_async.py
[2024-03-04 12:17:57,185] {processor.py:641} INFO - Processing file /home/luan/Documents/curso-extracao-de-dados/venv/lib/python3.9/site-packages/airflow/example_dags/example_time_delta_sensor_async.py for tasks to queue
[2024-03-04 12:17:57,185] {logging_mixin.py:115} INFO - [2024-03-04 12:17:57,185] {dagbag.py:507} INFO - Filling up the DagBag from /home/luan/Documents/curso-extracao-de-dados/venv/lib/python3.9/site-packages/airflow/example_dags/example_time_delta_sensor_async.py
[2024-03-04 12:17:57,188] {processor.py:651} INFO - DAG(s) dict_keys(['example_time_delta_sensor_async']) retrieved from /home/luan/Documents/curso-extracao-de-dados/venv/lib/python3.9/site-packages/airflow/example_dags/example_time_delta_sensor_async.py
[2024-03-04 12:17:57,202] {logging_mixin.py:115} INFO - [2024-03-04 12:17:57,202] {dag.py:2379} INFO - Sync 1 DAGs
[2024-03-04 12:17:57,215] {logging_mixin.py:115} INFO - [2024-03-04 12:17:57,215] {dag.py:2927} INFO - Setting next_dagrun for example_time_delta_sensor_async to None, run_after=None
[2024-03-04 12:17:57,229] {processor.py:161} INFO - Processing /home/luan/Documents/curso-extracao-de-dados/venv/lib/python3.9/site-packages/airflow/example_dags/example_time_delta_sensor_async.py took 0.048 seconds
[2024-03-04 12:18:51,641] {processor.py:153} INFO - Started process (PID=32515) to work on /home/luan/Documents/curso-extracao-de-dados/venv/lib/python3.9/site-packages/airflow/example_dags/example_time_delta_sensor_async.py
[2024-03-04 12:18:51,642] {processor.py:641} INFO - Processing file /home/luan/Documents/curso-extracao-de-dados/venv/lib/python3.9/site-packages/airflow/example_dags/example_time_delta_sensor_async.py for tasks to queue
[2024-03-04 12:18:51,642] {logging_mixin.py:115} INFO - [2024-03-04 12:18:51,642] {dagbag.py:507} INFO - Filling up the DagBag from /home/luan/Documents/curso-extracao-de-dados/venv/lib/python3.9/site-packages/airflow/example_dags/example_time_delta_sensor_async.py
[2024-03-04 12:18:51,646] {processor.py:651} INFO - DAG(s) dict_keys(['example_time_delta_sensor_async']) retrieved from /home/luan/Documents/curso-extracao-de-dados/venv/lib/python3.9/site-packages/airflow/example_dags/example_time_delta_sensor_async.py
[2024-03-04 12:18:51,660] {logging_mixin.py:115} INFO - [2024-03-04 12:18:51,660] {dag.py:2379} INFO - Sync 1 DAGs
[2024-03-04 12:18:51,675] {logging_mixin.py:115} INFO - [2024-03-04 12:18:51,675] {dag.py:2927} INFO - Setting next_dagrun for example_time_delta_sensor_async to None, run_after=None
[2024-03-04 12:18:51,690] {processor.py:161} INFO - Processing /home/luan/Documents/curso-extracao-de-dados/venv/lib/python3.9/site-packages/airflow/example_dags/example_time_delta_sensor_async.py took 0.051 seconds
