[2024-03-04 11:21:39,395] {processor.py:153} INFO - Started process (PID=17556) to work on /home/luan/Documents/curso-extracao-de-dados/venv/lib/python3.9/site-packages/airflow/example_dags/example_python_operator.py
[2024-03-04 11:21:39,396] {processor.py:641} INFO - Processing file /home/luan/Documents/curso-extracao-de-dados/venv/lib/python3.9/site-packages/airflow/example_dags/example_python_operator.py for tasks to queue
[2024-03-04 11:21:39,396] {logging_mixin.py:115} INFO - [2024-03-04 11:21:39,396] {dagbag.py:507} INFO - Filling up the DagBag from /home/luan/Documents/curso-extracao-de-dados/venv/lib/python3.9/site-packages/airflow/example_dags/example_python_operator.py
[2024-03-04 11:21:39,447] {logging_mixin.py:115} INFO - [2024-03-04 11:21:39,447] {example_python_operator.py:68} WARNING - The virtalenv_python example task requires virtualenv, please install it.
[2024-03-04 11:21:39,448] {processor.py:651} INFO - DAG(s) dict_keys(['example_python_operator']) retrieved from /home/luan/Documents/curso-extracao-de-dados/venv/lib/python3.9/site-packages/airflow/example_dags/example_python_operator.py
[2024-03-04 11:21:39,502] {logging_mixin.py:115} INFO - [2024-03-04 11:21:39,502] {manager.py:508} INFO - Created Permission View: can edit on DAG:example_python_operator
[2024-03-04 11:21:39,517] {logging_mixin.py:115} INFO - [2024-03-04 11:21:39,517] {manager.py:508} INFO - Created Permission View: can delete on DAG:example_python_operator
[2024-03-04 11:21:39,528] {logging_mixin.py:115} INFO - [2024-03-04 11:21:39,528] {manager.py:508} INFO - Created Permission View: can read on DAG:example_python_operator
[2024-03-04 11:21:39,528] {logging_mixin.py:115} INFO - [2024-03-04 11:21:39,528] {dag.py:2379} INFO - Sync 1 DAGs
[2024-03-04 11:21:39,534] {logging_mixin.py:115} INFO - [2024-03-04 11:21:39,534] {dag.py:2398} INFO - Creating ORM DAG for example_python_operator
[2024-03-04 11:21:39,541] {logging_mixin.py:115} INFO - [2024-03-04 11:21:39,541] {dag.py:2927} INFO - Setting next_dagrun for example_python_operator to None, run_after=None
[2024-03-04 11:21:39,563] {processor.py:161} INFO - Processing /home/luan/Documents/curso-extracao-de-dados/venv/lib/python3.9/site-packages/airflow/example_dags/example_python_operator.py took 0.169 seconds
[2024-03-04 11:22:12,562] {processor.py:153} INFO - Started process (PID=17687) to work on /home/luan/Documents/curso-extracao-de-dados/venv/lib/python3.9/site-packages/airflow/example_dags/example_python_operator.py
[2024-03-04 11:22:12,563] {processor.py:641} INFO - Processing file /home/luan/Documents/curso-extracao-de-dados/venv/lib/python3.9/site-packages/airflow/example_dags/example_python_operator.py for tasks to queue
[2024-03-04 11:22:12,563] {logging_mixin.py:115} INFO - [2024-03-04 11:22:12,563] {dagbag.py:507} INFO - Filling up the DagBag from /home/luan/Documents/curso-extracao-de-dados/venv/lib/python3.9/site-packages/airflow/example_dags/example_python_operator.py
[2024-03-04 11:22:12,611] {logging_mixin.py:115} INFO - [2024-03-04 11:22:12,611] {example_python_operator.py:68} WARNING - The virtalenv_python example task requires virtualenv, please install it.
[2024-03-04 11:22:12,611] {processor.py:651} INFO - DAG(s) dict_keys(['example_python_operator']) retrieved from /home/luan/Documents/curso-extracao-de-dados/venv/lib/python3.9/site-packages/airflow/example_dags/example_python_operator.py
[2024-03-04 11:22:12,621] {logging_mixin.py:115} INFO - [2024-03-04 11:22:12,621] {dag.py:2379} INFO - Sync 1 DAGs
[2024-03-04 11:22:12,634] {logging_mixin.py:115} INFO - [2024-03-04 11:22:12,634] {dag.py:2927} INFO - Setting next_dagrun for example_python_operator to None, run_after=None
[2024-03-04 11:22:12,646] {processor.py:161} INFO - Processing /home/luan/Documents/curso-extracao-de-dados/venv/lib/python3.9/site-packages/airflow/example_dags/example_python_operator.py took 0.086 seconds
[2024-03-04 11:22:46,294] {processor.py:153} INFO - Started process (PID=17827) to work on /home/luan/Documents/curso-extracao-de-dados/venv/lib/python3.9/site-packages/airflow/example_dags/example_python_operator.py
[2024-03-04 11:22:46,295] {processor.py:641} INFO - Processing file /home/luan/Documents/curso-extracao-de-dados/venv/lib/python3.9/site-packages/airflow/example_dags/example_python_operator.py for tasks to queue
[2024-03-04 11:22:46,296] {logging_mixin.py:115} INFO - [2024-03-04 11:22:46,296] {dagbag.py:507} INFO - Filling up the DagBag from /home/luan/Documents/curso-extracao-de-dados/venv/lib/python3.9/site-packages/airflow/example_dags/example_python_operator.py
[2024-03-04 11:22:46,351] {logging_mixin.py:115} INFO - [2024-03-04 11:22:46,351] {example_python_operator.py:68} WARNING - The virtalenv_python example task requires virtualenv, please install it.
[2024-03-04 11:22:46,351] {processor.py:651} INFO - DAG(s) dict_keys(['example_python_operator']) retrieved from /home/luan/Documents/curso-extracao-de-dados/venv/lib/python3.9/site-packages/airflow/example_dags/example_python_operator.py
[2024-03-04 11:22:46,362] {logging_mixin.py:115} INFO - [2024-03-04 11:22:46,362] {dag.py:2379} INFO - Sync 1 DAGs
[2024-03-04 11:22:46,376] {logging_mixin.py:115} INFO - [2024-03-04 11:22:46,376] {dag.py:2927} INFO - Setting next_dagrun for example_python_operator to None, run_after=None
[2024-03-04 11:22:46,392] {processor.py:161} INFO - Processing /home/luan/Documents/curso-extracao-de-dados/venv/lib/python3.9/site-packages/airflow/example_dags/example_python_operator.py took 0.100 seconds
[2024-03-04 12:06:02,608] {processor.py:153} INFO - Started process (PID=28794) to work on /home/luan/Documents/curso-extracao-de-dados/venv/lib/python3.9/site-packages/airflow/example_dags/example_python_operator.py
[2024-03-04 12:06:02,609] {processor.py:641} INFO - Processing file /home/luan/Documents/curso-extracao-de-dados/venv/lib/python3.9/site-packages/airflow/example_dags/example_python_operator.py for tasks to queue
[2024-03-04 12:06:02,609] {logging_mixin.py:115} INFO - [2024-03-04 12:06:02,609] {dagbag.py:507} INFO - Filling up the DagBag from /home/luan/Documents/curso-extracao-de-dados/venv/lib/python3.9/site-packages/airflow/example_dags/example_python_operator.py
[2024-03-04 12:06:02,656] {logging_mixin.py:115} INFO - [2024-03-04 12:06:02,656] {example_python_operator.py:68} WARNING - The virtalenv_python example task requires virtualenv, please install it.
[2024-03-04 12:06:02,656] {processor.py:651} INFO - DAG(s) dict_keys(['example_python_operator']) retrieved from /home/luan/Documents/curso-extracao-de-dados/venv/lib/python3.9/site-packages/airflow/example_dags/example_python_operator.py
[2024-03-04 12:06:02,666] {logging_mixin.py:115} INFO - [2024-03-04 12:06:02,666] {dag.py:2379} INFO - Sync 1 DAGs
[2024-03-04 12:06:02,679] {logging_mixin.py:115} INFO - [2024-03-04 12:06:02,679] {dag.py:2927} INFO - Setting next_dagrun for example_python_operator to None, run_after=None
[2024-03-04 12:06:02,692] {processor.py:161} INFO - Processing /home/luan/Documents/curso-extracao-de-dados/venv/lib/python3.9/site-packages/airflow/example_dags/example_python_operator.py took 0.086 seconds
[2024-03-04 12:06:37,638] {processor.py:153} INFO - Started process (PID=29155) to work on /home/luan/Documents/curso-extracao-de-dados/venv/lib/python3.9/site-packages/airflow/example_dags/example_python_operator.py
[2024-03-04 12:06:37,640] {processor.py:641} INFO - Processing file /home/luan/Documents/curso-extracao-de-dados/venv/lib/python3.9/site-packages/airflow/example_dags/example_python_operator.py for tasks to queue
[2024-03-04 12:06:37,640] {logging_mixin.py:115} INFO - [2024-03-04 12:06:37,640] {dagbag.py:507} INFO - Filling up the DagBag from /home/luan/Documents/curso-extracao-de-dados/venv/lib/python3.9/site-packages/airflow/example_dags/example_python_operator.py
[2024-03-04 12:06:37,686] {logging_mixin.py:115} INFO - [2024-03-04 12:06:37,686] {example_python_operator.py:68} WARNING - The virtalenv_python example task requires virtualenv, please install it.
[2024-03-04 12:06:37,687] {processor.py:651} INFO - DAG(s) dict_keys(['example_python_operator']) retrieved from /home/luan/Documents/curso-extracao-de-dados/venv/lib/python3.9/site-packages/airflow/example_dags/example_python_operator.py
[2024-03-04 12:06:37,697] {logging_mixin.py:115} INFO - [2024-03-04 12:06:37,697] {dag.py:2379} INFO - Sync 1 DAGs
[2024-03-04 12:06:37,710] {logging_mixin.py:115} INFO - [2024-03-04 12:06:37,710] {dag.py:2927} INFO - Setting next_dagrun for example_python_operator to None, run_after=None
[2024-03-04 12:06:37,726] {processor.py:161} INFO - Processing /home/luan/Documents/curso-extracao-de-dados/venv/lib/python3.9/site-packages/airflow/example_dags/example_python_operator.py took 0.090 seconds
[2024-03-04 12:07:30,452] {processor.py:153} INFO - Started process (PID=29409) to work on /home/luan/Documents/curso-extracao-de-dados/venv/lib/python3.9/site-packages/airflow/example_dags/example_python_operator.py
[2024-03-04 12:07:30,457] {processor.py:641} INFO - Processing file /home/luan/Documents/curso-extracao-de-dados/venv/lib/python3.9/site-packages/airflow/example_dags/example_python_operator.py for tasks to queue
[2024-03-04 12:07:30,457] {logging_mixin.py:115} INFO - [2024-03-04 12:07:30,457] {dagbag.py:507} INFO - Filling up the DagBag from /home/luan/Documents/curso-extracao-de-dados/venv/lib/python3.9/site-packages/airflow/example_dags/example_python_operator.py
[2024-03-04 12:07:30,510] {logging_mixin.py:115} INFO - [2024-03-04 12:07:30,509] {example_python_operator.py:68} WARNING - The virtalenv_python example task requires virtualenv, please install it.
[2024-03-04 12:07:30,510] {processor.py:651} INFO - DAG(s) dict_keys(['example_python_operator']) retrieved from /home/luan/Documents/curso-extracao-de-dados/venv/lib/python3.9/site-packages/airflow/example_dags/example_python_operator.py
[2024-03-04 12:07:30,520] {logging_mixin.py:115} INFO - [2024-03-04 12:07:30,520] {dag.py:2379} INFO - Sync 1 DAGs
[2024-03-04 12:07:30,535] {logging_mixin.py:115} INFO - [2024-03-04 12:07:30,534] {dag.py:2927} INFO - Setting next_dagrun for example_python_operator to None, run_after=None
[2024-03-04 12:07:30,552] {processor.py:161} INFO - Processing /home/luan/Documents/curso-extracao-de-dados/venv/lib/python3.9/site-packages/airflow/example_dags/example_python_operator.py took 0.102 seconds
[2024-03-04 12:08:04,184] {processor.py:153} INFO - Started process (PID=29534) to work on /home/luan/Documents/curso-extracao-de-dados/venv/lib/python3.9/site-packages/airflow/example_dags/example_python_operator.py
[2024-03-04 12:08:04,189] {processor.py:641} INFO - Processing file /home/luan/Documents/curso-extracao-de-dados/venv/lib/python3.9/site-packages/airflow/example_dags/example_python_operator.py for tasks to queue
[2024-03-04 12:08:04,189] {logging_mixin.py:115} INFO - [2024-03-04 12:08:04,189] {dagbag.py:507} INFO - Filling up the DagBag from /home/luan/Documents/curso-extracao-de-dados/venv/lib/python3.9/site-packages/airflow/example_dags/example_python_operator.py
[2024-03-04 12:08:04,236] {logging_mixin.py:115} INFO - [2024-03-04 12:08:04,236] {example_python_operator.py:68} WARNING - The virtalenv_python example task requires virtualenv, please install it.
[2024-03-04 12:08:04,237] {processor.py:651} INFO - DAG(s) dict_keys(['example_python_operator']) retrieved from /home/luan/Documents/curso-extracao-de-dados/venv/lib/python3.9/site-packages/airflow/example_dags/example_python_operator.py
[2024-03-04 12:08:04,246] {logging_mixin.py:115} INFO - [2024-03-04 12:08:04,246] {dag.py:2379} INFO - Sync 1 DAGs
[2024-03-04 12:08:04,258] {logging_mixin.py:115} INFO - [2024-03-04 12:08:04,258] {dag.py:2927} INFO - Setting next_dagrun for example_python_operator to None, run_after=None
[2024-03-04 12:08:04,273] {processor.py:161} INFO - Processing /home/luan/Documents/curso-extracao-de-dados/venv/lib/python3.9/site-packages/airflow/example_dags/example_python_operator.py took 0.090 seconds
[2024-03-04 12:08:36,267] {processor.py:153} INFO - Started process (PID=29658) to work on /home/luan/Documents/curso-extracao-de-dados/venv/lib/python3.9/site-packages/airflow/example_dags/example_python_operator.py
[2024-03-04 12:08:36,272] {processor.py:641} INFO - Processing file /home/luan/Documents/curso-extracao-de-dados/venv/lib/python3.9/site-packages/airflow/example_dags/example_python_operator.py for tasks to queue
[2024-03-04 12:08:36,272] {logging_mixin.py:115} INFO - [2024-03-04 12:08:36,272] {dagbag.py:507} INFO - Filling up the DagBag from /home/luan/Documents/curso-extracao-de-dados/venv/lib/python3.9/site-packages/airflow/example_dags/example_python_operator.py
[2024-03-04 12:08:36,325] {logging_mixin.py:115} INFO - [2024-03-04 12:08:36,325] {example_python_operator.py:68} WARNING - The virtalenv_python example task requires virtualenv, please install it.
[2024-03-04 12:08:36,326] {processor.py:651} INFO - DAG(s) dict_keys(['example_python_operator']) retrieved from /home/luan/Documents/curso-extracao-de-dados/venv/lib/python3.9/site-packages/airflow/example_dags/example_python_operator.py
[2024-03-04 12:08:36,335] {logging_mixin.py:115} INFO - [2024-03-04 12:08:36,335] {dag.py:2379} INFO - Sync 1 DAGs
[2024-03-04 12:08:36,348] {logging_mixin.py:115} INFO - [2024-03-04 12:08:36,348] {dag.py:2927} INFO - Setting next_dagrun for example_python_operator to None, run_after=None
[2024-03-04 12:08:36,363] {processor.py:161} INFO - Processing /home/luan/Documents/curso-extracao-de-dados/venv/lib/python3.9/site-packages/airflow/example_dags/example_python_operator.py took 0.097 seconds
[2024-03-04 12:10:08,127] {processor.py:153} INFO - Started process (PID=30105) to work on /home/luan/Documents/curso-extracao-de-dados/venv/lib/python3.9/site-packages/airflow/example_dags/example_python_operator.py
[2024-03-04 12:10:08,130] {processor.py:641} INFO - Processing file /home/luan/Documents/curso-extracao-de-dados/venv/lib/python3.9/site-packages/airflow/example_dags/example_python_operator.py for tasks to queue
[2024-03-04 12:10:08,131] {logging_mixin.py:115} INFO - [2024-03-04 12:10:08,131] {dagbag.py:507} INFO - Filling up the DagBag from /home/luan/Documents/curso-extracao-de-dados/venv/lib/python3.9/site-packages/airflow/example_dags/example_python_operator.py
[2024-03-04 12:10:08,176] {logging_mixin.py:115} INFO - [2024-03-04 12:10:08,175] {example_python_operator.py:68} WARNING - The virtalenv_python example task requires virtualenv, please install it.
[2024-03-04 12:10:08,176] {processor.py:651} INFO - DAG(s) dict_keys(['example_python_operator']) retrieved from /home/luan/Documents/curso-extracao-de-dados/venv/lib/python3.9/site-packages/airflow/example_dags/example_python_operator.py
[2024-03-04 12:10:08,185] {logging_mixin.py:115} INFO - [2024-03-04 12:10:08,185] {dag.py:2379} INFO - Sync 1 DAGs
[2024-03-04 12:10:08,198] {logging_mixin.py:115} INFO - [2024-03-04 12:10:08,198] {dag.py:2927} INFO - Setting next_dagrun for example_python_operator to None, run_after=None
[2024-03-04 12:10:08,213] {processor.py:161} INFO - Processing /home/luan/Documents/curso-extracao-de-dados/venv/lib/python3.9/site-packages/airflow/example_dags/example_python_operator.py took 0.088 seconds
[2024-03-04 12:10:41,967] {processor.py:153} INFO - Started process (PID=30242) to work on /home/luan/Documents/curso-extracao-de-dados/venv/lib/python3.9/site-packages/airflow/example_dags/example_python_operator.py
[2024-03-04 12:10:41,968] {processor.py:641} INFO - Processing file /home/luan/Documents/curso-extracao-de-dados/venv/lib/python3.9/site-packages/airflow/example_dags/example_python_operator.py for tasks to queue
[2024-03-04 12:10:41,969] {logging_mixin.py:115} INFO - [2024-03-04 12:10:41,969] {dagbag.py:507} INFO - Filling up the DagBag from /home/luan/Documents/curso-extracao-de-dados/venv/lib/python3.9/site-packages/airflow/example_dags/example_python_operator.py
[2024-03-04 12:10:42,015] {logging_mixin.py:115} INFO - [2024-03-04 12:10:42,015] {example_python_operator.py:68} WARNING - The virtalenv_python example task requires virtualenv, please install it.
[2024-03-04 12:10:42,016] {processor.py:651} INFO - DAG(s) dict_keys(['example_python_operator']) retrieved from /home/luan/Documents/curso-extracao-de-dados/venv/lib/python3.9/site-packages/airflow/example_dags/example_python_operator.py
[2024-03-04 12:10:42,025] {logging_mixin.py:115} INFO - [2024-03-04 12:10:42,025] {dag.py:2379} INFO - Sync 1 DAGs
[2024-03-04 12:10:42,038] {logging_mixin.py:115} INFO - [2024-03-04 12:10:42,038] {dag.py:2927} INFO - Setting next_dagrun for example_python_operator to None, run_after=None
[2024-03-04 12:10:42,052] {processor.py:161} INFO - Processing /home/luan/Documents/curso-extracao-de-dados/venv/lib/python3.9/site-packages/airflow/example_dags/example_python_operator.py took 0.086 seconds
[2024-03-04 12:11:13,907] {processor.py:153} INFO - Started process (PID=30376) to work on /home/luan/Documents/curso-extracao-de-dados/venv/lib/python3.9/site-packages/airflow/example_dags/example_python_operator.py
[2024-03-04 12:11:13,911] {processor.py:641} INFO - Processing file /home/luan/Documents/curso-extracao-de-dados/venv/lib/python3.9/site-packages/airflow/example_dags/example_python_operator.py for tasks to queue
[2024-03-04 12:11:13,911] {logging_mixin.py:115} INFO - [2024-03-04 12:11:13,911] {dagbag.py:507} INFO - Filling up the DagBag from /home/luan/Documents/curso-extracao-de-dados/venv/lib/python3.9/site-packages/airflow/example_dags/example_python_operator.py
[2024-03-04 12:11:13,960] {logging_mixin.py:115} INFO - [2024-03-04 12:11:13,959] {example_python_operator.py:68} WARNING - The virtalenv_python example task requires virtualenv, please install it.
[2024-03-04 12:11:13,960] {processor.py:651} INFO - DAG(s) dict_keys(['example_python_operator']) retrieved from /home/luan/Documents/curso-extracao-de-dados/venv/lib/python3.9/site-packages/airflow/example_dags/example_python_operator.py
[2024-03-04 12:11:13,970] {logging_mixin.py:115} INFO - [2024-03-04 12:11:13,970] {dag.py:2379} INFO - Sync 1 DAGs
[2024-03-04 12:11:13,983] {logging_mixin.py:115} INFO - [2024-03-04 12:11:13,983] {dag.py:2927} INFO - Setting next_dagrun for example_python_operator to None, run_after=None
[2024-03-04 12:11:13,997] {processor.py:161} INFO - Processing /home/luan/Documents/curso-extracao-de-dados/venv/lib/python3.9/site-packages/airflow/example_dags/example_python_operator.py took 0.092 seconds
[2024-03-04 12:14:26,398] {processor.py:153} INFO - Started process (PID=31272) to work on /home/luan/Documents/curso-extracao-de-dados/venv/lib/python3.9/site-packages/airflow/example_dags/example_python_operator.py
[2024-03-04 12:14:26,403] {processor.py:641} INFO - Processing file /home/luan/Documents/curso-extracao-de-dados/venv/lib/python3.9/site-packages/airflow/example_dags/example_python_operator.py for tasks to queue
[2024-03-04 12:14:26,403] {logging_mixin.py:115} INFO - [2024-03-04 12:14:26,403] {dagbag.py:507} INFO - Filling up the DagBag from /home/luan/Documents/curso-extracao-de-dados/venv/lib/python3.9/site-packages/airflow/example_dags/example_python_operator.py
[2024-03-04 12:14:26,449] {logging_mixin.py:115} INFO - [2024-03-04 12:14:26,449] {example_python_operator.py:68} WARNING - The virtalenv_python example task requires virtualenv, please install it.
[2024-03-04 12:14:26,450] {processor.py:651} INFO - DAG(s) dict_keys(['example_python_operator']) retrieved from /home/luan/Documents/curso-extracao-de-dados/venv/lib/python3.9/site-packages/airflow/example_dags/example_python_operator.py
[2024-03-04 12:14:26,459] {logging_mixin.py:115} INFO - [2024-03-04 12:14:26,459] {dag.py:2379} INFO - Sync 1 DAGs
[2024-03-04 12:14:26,472] {logging_mixin.py:115} INFO - [2024-03-04 12:14:26,471] {dag.py:2927} INFO - Setting next_dagrun for example_python_operator to None, run_after=None
[2024-03-04 12:14:26,486] {processor.py:161} INFO - Processing /home/luan/Documents/curso-extracao-de-dados/venv/lib/python3.9/site-packages/airflow/example_dags/example_python_operator.py took 0.090 seconds
[2024-03-04 12:15:00,139] {processor.py:153} INFO - Started process (PID=31408) to work on /home/luan/Documents/curso-extracao-de-dados/venv/lib/python3.9/site-packages/airflow/example_dags/example_python_operator.py
[2024-03-04 12:15:00,140] {processor.py:641} INFO - Processing file /home/luan/Documents/curso-extracao-de-dados/venv/lib/python3.9/site-packages/airflow/example_dags/example_python_operator.py for tasks to queue
[2024-03-04 12:15:00,140] {logging_mixin.py:115} INFO - [2024-03-04 12:15:00,140] {dagbag.py:507} INFO - Filling up the DagBag from /home/luan/Documents/curso-extracao-de-dados/venv/lib/python3.9/site-packages/airflow/example_dags/example_python_operator.py
[2024-03-04 12:15:00,193] {logging_mixin.py:115} INFO - [2024-03-04 12:15:00,193] {example_python_operator.py:68} WARNING - The virtalenv_python example task requires virtualenv, please install it.
[2024-03-04 12:15:00,194] {processor.py:651} INFO - DAG(s) dict_keys(['example_python_operator']) retrieved from /home/luan/Documents/curso-extracao-de-dados/venv/lib/python3.9/site-packages/airflow/example_dags/example_python_operator.py
[2024-03-04 12:15:00,204] {logging_mixin.py:115} INFO - [2024-03-04 12:15:00,204] {dag.py:2379} INFO - Sync 1 DAGs
[2024-03-04 12:15:00,218] {logging_mixin.py:115} INFO - [2024-03-04 12:15:00,217] {dag.py:2927} INFO - Setting next_dagrun for example_python_operator to None, run_after=None
[2024-03-04 12:15:00,233] {processor.py:161} INFO - Processing /home/luan/Documents/curso-extracao-de-dados/venv/lib/python3.9/site-packages/airflow/example_dags/example_python_operator.py took 0.096 seconds
[2024-03-04 12:15:33,140] {processor.py:153} INFO - Started process (PID=31542) to work on /home/luan/Documents/curso-extracao-de-dados/venv/lib/python3.9/site-packages/airflow/example_dags/example_python_operator.py
[2024-03-04 12:15:33,145] {processor.py:641} INFO - Processing file /home/luan/Documents/curso-extracao-de-dados/venv/lib/python3.9/site-packages/airflow/example_dags/example_python_operator.py for tasks to queue
[2024-03-04 12:15:33,145] {logging_mixin.py:115} INFO - [2024-03-04 12:15:33,145] {dagbag.py:507} INFO - Filling up the DagBag from /home/luan/Documents/curso-extracao-de-dados/venv/lib/python3.9/site-packages/airflow/example_dags/example_python_operator.py
[2024-03-04 12:15:33,191] {logging_mixin.py:115} INFO - [2024-03-04 12:15:33,191] {example_python_operator.py:68} WARNING - The virtalenv_python example task requires virtualenv, please install it.
[2024-03-04 12:15:33,191] {processor.py:651} INFO - DAG(s) dict_keys(['example_python_operator']) retrieved from /home/luan/Documents/curso-extracao-de-dados/venv/lib/python3.9/site-packages/airflow/example_dags/example_python_operator.py
[2024-03-04 12:15:33,200] {logging_mixin.py:115} INFO - [2024-03-04 12:15:33,200] {dag.py:2379} INFO - Sync 1 DAGs
[2024-03-04 12:15:33,213] {logging_mixin.py:115} INFO - [2024-03-04 12:15:33,213] {dag.py:2927} INFO - Setting next_dagrun for example_python_operator to None, run_after=None
[2024-03-04 12:15:33,226] {processor.py:161} INFO - Processing /home/luan/Documents/curso-extracao-de-dados/venv/lib/python3.9/site-packages/airflow/example_dags/example_python_operator.py took 0.088 seconds
[2024-03-04 12:16:25,206] {processor.py:153} INFO - Started process (PID=31849) to work on /home/luan/Documents/curso-extracao-de-dados/venv/lib/python3.9/site-packages/airflow/example_dags/example_python_operator.py
[2024-03-04 12:16:25,210] {processor.py:641} INFO - Processing file /home/luan/Documents/curso-extracao-de-dados/venv/lib/python3.9/site-packages/airflow/example_dags/example_python_operator.py for tasks to queue
[2024-03-04 12:16:25,211] {logging_mixin.py:115} INFO - [2024-03-04 12:16:25,211] {dagbag.py:507} INFO - Filling up the DagBag from /home/luan/Documents/curso-extracao-de-dados/venv/lib/python3.9/site-packages/airflow/example_dags/example_python_operator.py
[2024-03-04 12:16:25,262] {logging_mixin.py:115} INFO - [2024-03-04 12:16:25,262] {example_python_operator.py:68} WARNING - The virtalenv_python example task requires virtualenv, please install it.
[2024-03-04 12:16:25,263] {processor.py:651} INFO - DAG(s) dict_keys(['example_python_operator']) retrieved from /home/luan/Documents/curso-extracao-de-dados/venv/lib/python3.9/site-packages/airflow/example_dags/example_python_operator.py
[2024-03-04 12:16:25,274] {logging_mixin.py:115} INFO - [2024-03-04 12:16:25,273] {dag.py:2379} INFO - Sync 1 DAGs
[2024-03-04 12:16:25,292] {logging_mixin.py:115} INFO - [2024-03-04 12:16:25,292] {dag.py:2927} INFO - Setting next_dagrun for example_python_operator to None, run_after=None
[2024-03-04 12:16:25,309] {processor.py:161} INFO - Processing /home/luan/Documents/curso-extracao-de-dados/venv/lib/python3.9/site-packages/airflow/example_dags/example_python_operator.py took 0.105 seconds
[2024-03-04 12:16:59,381] {processor.py:153} INFO - Started process (PID=31981) to work on /home/luan/Documents/curso-extracao-de-dados/venv/lib/python3.9/site-packages/airflow/example_dags/example_python_operator.py
[2024-03-04 12:16:59,385] {processor.py:641} INFO - Processing file /home/luan/Documents/curso-extracao-de-dados/venv/lib/python3.9/site-packages/airflow/example_dags/example_python_operator.py for tasks to queue
[2024-03-04 12:16:59,385] {logging_mixin.py:115} INFO - [2024-03-04 12:16:59,385] {dagbag.py:507} INFO - Filling up the DagBag from /home/luan/Documents/curso-extracao-de-dados/venv/lib/python3.9/site-packages/airflow/example_dags/example_python_operator.py
[2024-03-04 12:16:59,433] {logging_mixin.py:115} INFO - [2024-03-04 12:16:59,433] {example_python_operator.py:68} WARNING - The virtalenv_python example task requires virtualenv, please install it.
[2024-03-04 12:16:59,433] {processor.py:651} INFO - DAG(s) dict_keys(['example_python_operator']) retrieved from /home/luan/Documents/curso-extracao-de-dados/venv/lib/python3.9/site-packages/airflow/example_dags/example_python_operator.py
[2024-03-04 12:16:59,443] {logging_mixin.py:115} INFO - [2024-03-04 12:16:59,443] {dag.py:2379} INFO - Sync 1 DAGs
[2024-03-04 12:16:59,457] {logging_mixin.py:115} INFO - [2024-03-04 12:16:59,457] {dag.py:2927} INFO - Setting next_dagrun for example_python_operator to None, run_after=None
[2024-03-04 12:16:59,471] {processor.py:161} INFO - Processing /home/luan/Documents/curso-extracao-de-dados/venv/lib/python3.9/site-packages/airflow/example_dags/example_python_operator.py took 0.091 seconds
[2024-03-04 12:17:31,907] {processor.py:153} INFO - Started process (PID=32119) to work on /home/luan/Documents/curso-extracao-de-dados/venv/lib/python3.9/site-packages/airflow/example_dags/example_python_operator.py
[2024-03-04 12:17:31,909] {processor.py:641} INFO - Processing file /home/luan/Documents/curso-extracao-de-dados/venv/lib/python3.9/site-packages/airflow/example_dags/example_python_operator.py for tasks to queue
[2024-03-04 12:17:31,910] {logging_mixin.py:115} INFO - [2024-03-04 12:17:31,910] {dagbag.py:507} INFO - Filling up the DagBag from /home/luan/Documents/curso-extracao-de-dados/venv/lib/python3.9/site-packages/airflow/example_dags/example_python_operator.py
[2024-03-04 12:17:31,959] {logging_mixin.py:115} INFO - [2024-03-04 12:17:31,959] {example_python_operator.py:68} WARNING - The virtalenv_python example task requires virtualenv, please install it.
[2024-03-04 12:17:31,959] {processor.py:651} INFO - DAG(s) dict_keys(['example_python_operator']) retrieved from /home/luan/Documents/curso-extracao-de-dados/venv/lib/python3.9/site-packages/airflow/example_dags/example_python_operator.py
[2024-03-04 12:17:31,970] {logging_mixin.py:115} INFO - [2024-03-04 12:17:31,970] {dag.py:2379} INFO - Sync 1 DAGs
[2024-03-04 12:17:31,983] {logging_mixin.py:115} INFO - [2024-03-04 12:17:31,983] {dag.py:2927} INFO - Setting next_dagrun for example_python_operator to None, run_after=None
[2024-03-04 12:17:32,001] {processor.py:161} INFO - Processing /home/luan/Documents/curso-extracao-de-dados/venv/lib/python3.9/site-packages/airflow/example_dags/example_python_operator.py took 0.095 seconds
[2024-03-04 12:18:05,089] {processor.py:153} INFO - Started process (PID=32249) to work on /home/luan/Documents/curso-extracao-de-dados/venv/lib/python3.9/site-packages/airflow/example_dags/example_python_operator.py
[2024-03-04 12:18:05,090] {processor.py:641} INFO - Processing file /home/luan/Documents/curso-extracao-de-dados/venv/lib/python3.9/site-packages/airflow/example_dags/example_python_operator.py for tasks to queue
[2024-03-04 12:18:05,091] {logging_mixin.py:115} INFO - [2024-03-04 12:18:05,091] {dagbag.py:507} INFO - Filling up the DagBag from /home/luan/Documents/curso-extracao-de-dados/venv/lib/python3.9/site-packages/airflow/example_dags/example_python_operator.py
[2024-03-04 12:18:05,137] {logging_mixin.py:115} INFO - [2024-03-04 12:18:05,137] {example_python_operator.py:68} WARNING - The virtalenv_python example task requires virtualenv, please install it.
[2024-03-04 12:18:05,137] {processor.py:651} INFO - DAG(s) dict_keys(['example_python_operator']) retrieved from /home/luan/Documents/curso-extracao-de-dados/venv/lib/python3.9/site-packages/airflow/example_dags/example_python_operator.py
[2024-03-04 12:18:05,147] {logging_mixin.py:115} INFO - [2024-03-04 12:18:05,147] {dag.py:2379} INFO - Sync 1 DAGs
[2024-03-04 12:18:05,160] {logging_mixin.py:115} INFO - [2024-03-04 12:18:05,160] {dag.py:2927} INFO - Setting next_dagrun for example_python_operator to None, run_after=None
[2024-03-04 12:18:05,174] {processor.py:161} INFO - Processing /home/luan/Documents/curso-extracao-de-dados/venv/lib/python3.9/site-packages/airflow/example_dags/example_python_operator.py took 0.087 seconds
[2024-03-04 12:18:59,038] {processor.py:153} INFO - Started process (PID=32547) to work on /home/luan/Documents/curso-extracao-de-dados/venv/lib/python3.9/site-packages/airflow/example_dags/example_python_operator.py
[2024-03-04 12:18:59,043] {processor.py:641} INFO - Processing file /home/luan/Documents/curso-extracao-de-dados/venv/lib/python3.9/site-packages/airflow/example_dags/example_python_operator.py for tasks to queue
[2024-03-04 12:18:59,043] {logging_mixin.py:115} INFO - [2024-03-04 12:18:59,043] {dagbag.py:507} INFO - Filling up the DagBag from /home/luan/Documents/curso-extracao-de-dados/venv/lib/python3.9/site-packages/airflow/example_dags/example_python_operator.py
[2024-03-04 12:18:59,096] {logging_mixin.py:115} INFO - [2024-03-04 12:18:59,096] {example_python_operator.py:68} WARNING - The virtalenv_python example task requires virtualenv, please install it.
[2024-03-04 12:18:59,097] {processor.py:651} INFO - DAG(s) dict_keys(['example_python_operator']) retrieved from /home/luan/Documents/curso-extracao-de-dados/venv/lib/python3.9/site-packages/airflow/example_dags/example_python_operator.py
[2024-03-04 12:18:59,107] {logging_mixin.py:115} INFO - [2024-03-04 12:18:59,107] {dag.py:2379} INFO - Sync 1 DAGs
[2024-03-04 12:18:59,120] {logging_mixin.py:115} INFO - [2024-03-04 12:18:59,120] {dag.py:2927} INFO - Setting next_dagrun for example_python_operator to None, run_after=None
[2024-03-04 12:18:59,136] {processor.py:161} INFO - Processing /home/luan/Documents/curso-extracao-de-dados/venv/lib/python3.9/site-packages/airflow/example_dags/example_python_operator.py took 0.099 seconds
