[2024-03-04 11:21:37,847] {processor.py:153} INFO - Started process (PID=17554) to work on /home/luan/Documents/curso-extracao-de-dados/venv/lib/python3.9/site-packages/airflow/example_dags/example_subdag_operator.py
[2024-03-04 11:21:37,847] {processor.py:641} INFO - Processing file /home/luan/Documents/curso-extracao-de-dados/venv/lib/python3.9/site-packages/airflow/example_dags/example_subdag_operator.py for tasks to queue
[2024-03-04 11:21:37,848] {logging_mixin.py:115} INFO - [2024-03-04 11:21:37,847] {dagbag.py:507} INFO - Filling up the DagBag from /home/luan/Documents/curso-extracao-de-dados/venv/lib/python3.9/site-packages/airflow/example_dags/example_subdag_operator.py
[2024-03-04 11:21:37,861] {processor.py:651} INFO - DAG(s) dict_keys(['example_subdag_operator.section-1', 'example_subdag_operator.section-2', 'example_subdag_operator']) retrieved from /home/luan/Documents/curso-extracao-de-dados/venv/lib/python3.9/site-packages/airflow/example_dags/example_subdag_operator.py
[2024-03-04 11:21:37,915] {logging_mixin.py:115} INFO - [2024-03-04 11:21:37,915] {manager.py:508} INFO - Created Permission View: can edit on DAG:example_subdag_operator
[2024-03-04 11:21:37,925] {logging_mixin.py:115} INFO - [2024-03-04 11:21:37,925] {manager.py:508} INFO - Created Permission View: can delete on DAG:example_subdag_operator
[2024-03-04 11:21:37,934] {logging_mixin.py:115} INFO - [2024-03-04 11:21:37,934] {manager.py:508} INFO - Created Permission View: can read on DAG:example_subdag_operator
[2024-03-04 11:21:37,934] {logging_mixin.py:115} INFO - [2024-03-04 11:21:37,934] {dag.py:2379} INFO - Sync 3 DAGs
[2024-03-04 11:21:37,940] {logging_mixin.py:115} INFO - [2024-03-04 11:21:37,940] {dag.py:2398} INFO - Creating ORM DAG for example_subdag_operator
[2024-03-04 11:21:37,940] {logging_mixin.py:115} INFO - [2024-03-04 11:21:37,940] {dag.py:2398} INFO - Creating ORM DAG for example_subdag_operator.section-2
[2024-03-04 11:21:37,940] {logging_mixin.py:115} INFO - [2024-03-04 11:21:37,940] {dag.py:2398} INFO - Creating ORM DAG for example_subdag_operator.section-1
[2024-03-04 11:21:37,946] {logging_mixin.py:115} INFO - [2024-03-04 11:21:37,946] {dag.py:2927} INFO - Setting next_dagrun for example_subdag_operator to 2022-01-01T00:00:00+00:00, run_after=2022-01-01T00:00:00+00:00
[2024-03-04 11:21:37,947] {logging_mixin.py:115} INFO - [2024-03-04 11:21:37,947] {dag.py:2927} INFO - Setting next_dagrun for example_subdag_operator.section-1 to None, run_after=None
[2024-03-04 11:21:37,947] {logging_mixin.py:115} INFO - [2024-03-04 11:21:37,947] {dag.py:2927} INFO - Setting next_dagrun for example_subdag_operator.section-2 to None, run_after=None
[2024-03-04 11:21:37,953] {logging_mixin.py:115} INFO - [2024-03-04 11:21:37,953] {dag.py:2379} INFO - Sync 2 DAGs
[2024-03-04 11:21:37,956] {logging_mixin.py:115} INFO - [2024-03-04 11:21:37,956] {dag.py:2927} INFO - Setting next_dagrun for example_subdag_operator.section-1 to None, run_after=None
[2024-03-04 11:21:37,956] {logging_mixin.py:115} INFO - [2024-03-04 11:21:37,956] {dag.py:2927} INFO - Setting next_dagrun for example_subdag_operator.section-2 to None, run_after=None
[2024-03-04 11:21:37,968] {processor.py:161} INFO - Processing /home/luan/Documents/curso-extracao-de-dados/venv/lib/python3.9/site-packages/airflow/example_dags/example_subdag_operator.py took 0.123 seconds
[2024-03-04 11:22:10,299] {processor.py:153} INFO - Started process (PID=17679) to work on /home/luan/Documents/curso-extracao-de-dados/venv/lib/python3.9/site-packages/airflow/example_dags/example_subdag_operator.py
[2024-03-04 11:22:10,300] {processor.py:641} INFO - Processing file /home/luan/Documents/curso-extracao-de-dados/venv/lib/python3.9/site-packages/airflow/example_dags/example_subdag_operator.py for tasks to queue
[2024-03-04 11:22:10,300] {logging_mixin.py:115} INFO - [2024-03-04 11:22:10,300] {dagbag.py:507} INFO - Filling up the DagBag from /home/luan/Documents/curso-extracao-de-dados/venv/lib/python3.9/site-packages/airflow/example_dags/example_subdag_operator.py
[2024-03-04 11:22:10,314] {processor.py:651} INFO - DAG(s) dict_keys(['example_subdag_operator.section-1', 'example_subdag_operator.section-2', 'example_subdag_operator']) retrieved from /home/luan/Documents/curso-extracao-de-dados/venv/lib/python3.9/site-packages/airflow/example_dags/example_subdag_operator.py
[2024-03-04 11:22:10,326] {logging_mixin.py:115} INFO - [2024-03-04 11:22:10,326] {dag.py:2379} INFO - Sync 3 DAGs
[2024-03-04 11:22:10,338] {logging_mixin.py:115} INFO - [2024-03-04 11:22:10,338] {dag.py:2927} INFO - Setting next_dagrun for example_subdag_operator to 2022-01-01T00:00:00+00:00, run_after=2022-01-01T00:00:00+00:00
[2024-03-04 11:22:10,339] {logging_mixin.py:115} INFO - [2024-03-04 11:22:10,339] {dag.py:2927} INFO - Setting next_dagrun for example_subdag_operator.section-1 to None, run_after=None
[2024-03-04 11:22:10,339] {logging_mixin.py:115} INFO - [2024-03-04 11:22:10,339] {dag.py:2927} INFO - Setting next_dagrun for example_subdag_operator.section-2 to None, run_after=None
[2024-03-04 11:22:10,343] {logging_mixin.py:115} INFO - [2024-03-04 11:22:10,343] {dag.py:2379} INFO - Sync 2 DAGs
[2024-03-04 11:22:10,346] {logging_mixin.py:115} INFO - [2024-03-04 11:22:10,346] {dag.py:2927} INFO - Setting next_dagrun for example_subdag_operator.section-1 to None, run_after=None
[2024-03-04 11:22:10,346] {logging_mixin.py:115} INFO - [2024-03-04 11:22:10,346] {dag.py:2927} INFO - Setting next_dagrun for example_subdag_operator.section-2 to None, run_after=None
[2024-03-04 11:22:10,358] {processor.py:161} INFO - Processing /home/luan/Documents/curso-extracao-de-dados/venv/lib/python3.9/site-packages/airflow/example_dags/example_subdag_operator.py took 0.061 seconds
[2024-03-04 11:22:44,140] {processor.py:153} INFO - Started process (PID=17817) to work on /home/luan/Documents/curso-extracao-de-dados/venv/lib/python3.9/site-packages/airflow/example_dags/example_subdag_operator.py
[2024-03-04 11:22:44,144] {processor.py:641} INFO - Processing file /home/luan/Documents/curso-extracao-de-dados/venv/lib/python3.9/site-packages/airflow/example_dags/example_subdag_operator.py for tasks to queue
[2024-03-04 11:22:44,144] {logging_mixin.py:115} INFO - [2024-03-04 11:22:44,144] {dagbag.py:507} INFO - Filling up the DagBag from /home/luan/Documents/curso-extracao-de-dados/venv/lib/python3.9/site-packages/airflow/example_dags/example_subdag_operator.py
[2024-03-04 11:22:44,157] {processor.py:651} INFO - DAG(s) dict_keys(['example_subdag_operator.section-1', 'example_subdag_operator.section-2', 'example_subdag_operator']) retrieved from /home/luan/Documents/curso-extracao-de-dados/venv/lib/python3.9/site-packages/airflow/example_dags/example_subdag_operator.py
[2024-03-04 11:22:44,171] {logging_mixin.py:115} INFO - [2024-03-04 11:22:44,170] {dag.py:2379} INFO - Sync 3 DAGs
[2024-03-04 11:22:44,184] {logging_mixin.py:115} INFO - [2024-03-04 11:22:44,184] {dag.py:2927} INFO - Setting next_dagrun for example_subdag_operator to 2022-01-01T00:00:00+00:00, run_after=2022-01-01T00:00:00+00:00
[2024-03-04 11:22:44,184] {logging_mixin.py:115} INFO - [2024-03-04 11:22:44,184] {dag.py:2927} INFO - Setting next_dagrun for example_subdag_operator.section-1 to None, run_after=None
[2024-03-04 11:22:44,184] {logging_mixin.py:115} INFO - [2024-03-04 11:22:44,184] {dag.py:2927} INFO - Setting next_dagrun for example_subdag_operator.section-2 to None, run_after=None
[2024-03-04 11:22:44,188] {logging_mixin.py:115} INFO - [2024-03-04 11:22:44,188] {dag.py:2379} INFO - Sync 2 DAGs
[2024-03-04 11:22:44,192] {logging_mixin.py:115} INFO - [2024-03-04 11:22:44,192] {dag.py:2927} INFO - Setting next_dagrun for example_subdag_operator.section-1 to None, run_after=None
[2024-03-04 11:22:44,192] {logging_mixin.py:115} INFO - [2024-03-04 11:22:44,192] {dag.py:2927} INFO - Setting next_dagrun for example_subdag_operator.section-2 to None, run_after=None
[2024-03-04 11:22:44,202] {processor.py:161} INFO - Processing /home/luan/Documents/curso-extracao-de-dados/venv/lib/python3.9/site-packages/airflow/example_dags/example_subdag_operator.py took 0.064 seconds
[2024-03-04 12:06:00,350] {processor.py:153} INFO - Started process (PID=28786) to work on /home/luan/Documents/curso-extracao-de-dados/venv/lib/python3.9/site-packages/airflow/example_dags/example_subdag_operator.py
[2024-03-04 12:06:00,352] {processor.py:641} INFO - Processing file /home/luan/Documents/curso-extracao-de-dados/venv/lib/python3.9/site-packages/airflow/example_dags/example_subdag_operator.py for tasks to queue
[2024-03-04 12:06:00,352] {logging_mixin.py:115} INFO - [2024-03-04 12:06:00,352] {dagbag.py:507} INFO - Filling up the DagBag from /home/luan/Documents/curso-extracao-de-dados/venv/lib/python3.9/site-packages/airflow/example_dags/example_subdag_operator.py
[2024-03-04 12:06:00,365] {processor.py:651} INFO - DAG(s) dict_keys(['example_subdag_operator.section-1', 'example_subdag_operator.section-2', 'example_subdag_operator']) retrieved from /home/luan/Documents/curso-extracao-de-dados/venv/lib/python3.9/site-packages/airflow/example_dags/example_subdag_operator.py
[2024-03-04 12:06:00,377] {logging_mixin.py:115} INFO - [2024-03-04 12:06:00,376] {dag.py:2379} INFO - Sync 3 DAGs
[2024-03-04 12:06:00,389] {logging_mixin.py:115} INFO - [2024-03-04 12:06:00,389] {dag.py:2927} INFO - Setting next_dagrun for example_subdag_operator to 2022-01-01T00:00:00+00:00, run_after=2022-01-01T00:00:00+00:00
[2024-03-04 12:06:00,389] {logging_mixin.py:115} INFO - [2024-03-04 12:06:00,389] {dag.py:2927} INFO - Setting next_dagrun for example_subdag_operator.section-1 to None, run_after=None
[2024-03-04 12:06:00,389] {logging_mixin.py:115} INFO - [2024-03-04 12:06:00,389] {dag.py:2927} INFO - Setting next_dagrun for example_subdag_operator.section-2 to None, run_after=None
[2024-03-04 12:06:00,393] {logging_mixin.py:115} INFO - [2024-03-04 12:06:00,393] {dag.py:2379} INFO - Sync 2 DAGs
[2024-03-04 12:06:00,396] {logging_mixin.py:115} INFO - [2024-03-04 12:06:00,396] {dag.py:2927} INFO - Setting next_dagrun for example_subdag_operator.section-1 to None, run_after=None
[2024-03-04 12:06:00,396] {logging_mixin.py:115} INFO - [2024-03-04 12:06:00,396] {dag.py:2927} INFO - Setting next_dagrun for example_subdag_operator.section-2 to None, run_after=None
[2024-03-04 12:06:00,407] {processor.py:161} INFO - Processing /home/luan/Documents/curso-extracao-de-dados/venv/lib/python3.9/site-packages/airflow/example_dags/example_subdag_operator.py took 0.059 seconds
[2024-03-04 12:06:35,366] {processor.py:153} INFO - Started process (PID=29150) to work on /home/luan/Documents/curso-extracao-de-dados/venv/lib/python3.9/site-packages/airflow/example_dags/example_subdag_operator.py
[2024-03-04 12:06:35,367] {processor.py:641} INFO - Processing file /home/luan/Documents/curso-extracao-de-dados/venv/lib/python3.9/site-packages/airflow/example_dags/example_subdag_operator.py for tasks to queue
[2024-03-04 12:06:35,367] {logging_mixin.py:115} INFO - [2024-03-04 12:06:35,367] {dagbag.py:507} INFO - Filling up the DagBag from /home/luan/Documents/curso-extracao-de-dados/venv/lib/python3.9/site-packages/airflow/example_dags/example_subdag_operator.py
[2024-03-04 12:06:35,381] {processor.py:651} INFO - DAG(s) dict_keys(['example_subdag_operator.section-1', 'example_subdag_operator.section-2', 'example_subdag_operator']) retrieved from /home/luan/Documents/curso-extracao-de-dados/venv/lib/python3.9/site-packages/airflow/example_dags/example_subdag_operator.py
[2024-03-04 12:06:35,393] {logging_mixin.py:115} INFO - [2024-03-04 12:06:35,393] {dag.py:2379} INFO - Sync 3 DAGs
[2024-03-04 12:06:35,406] {logging_mixin.py:115} INFO - [2024-03-04 12:06:35,406] {dag.py:2927} INFO - Setting next_dagrun for example_subdag_operator to 2022-01-01T00:00:00+00:00, run_after=2022-01-01T00:00:00+00:00
[2024-03-04 12:06:35,406] {logging_mixin.py:115} INFO - [2024-03-04 12:06:35,406] {dag.py:2927} INFO - Setting next_dagrun for example_subdag_operator.section-1 to None, run_after=None
[2024-03-04 12:06:35,406] {logging_mixin.py:115} INFO - [2024-03-04 12:06:35,406] {dag.py:2927} INFO - Setting next_dagrun for example_subdag_operator.section-2 to None, run_after=None
[2024-03-04 12:06:35,410] {logging_mixin.py:115} INFO - [2024-03-04 12:06:35,410] {dag.py:2379} INFO - Sync 2 DAGs
[2024-03-04 12:06:35,413] {logging_mixin.py:115} INFO - [2024-03-04 12:06:35,413] {dag.py:2927} INFO - Setting next_dagrun for example_subdag_operator.section-1 to None, run_after=None
[2024-03-04 12:06:35,413] {logging_mixin.py:115} INFO - [2024-03-04 12:06:35,413] {dag.py:2927} INFO - Setting next_dagrun for example_subdag_operator.section-2 to None, run_after=None
[2024-03-04 12:06:35,425] {processor.py:161} INFO - Processing /home/luan/Documents/curso-extracao-de-dados/venv/lib/python3.9/site-packages/airflow/example_dags/example_subdag_operator.py took 0.061 seconds
[2024-03-04 12:07:28,196] {processor.py:153} INFO - Started process (PID=29401) to work on /home/luan/Documents/curso-extracao-de-dados/venv/lib/python3.9/site-packages/airflow/example_dags/example_subdag_operator.py
[2024-03-04 12:07:28,200] {processor.py:641} INFO - Processing file /home/luan/Documents/curso-extracao-de-dados/venv/lib/python3.9/site-packages/airflow/example_dags/example_subdag_operator.py for tasks to queue
[2024-03-04 12:07:28,200] {logging_mixin.py:115} INFO - [2024-03-04 12:07:28,200] {dagbag.py:507} INFO - Filling up the DagBag from /home/luan/Documents/curso-extracao-de-dados/venv/lib/python3.9/site-packages/airflow/example_dags/example_subdag_operator.py
[2024-03-04 12:07:28,215] {processor.py:651} INFO - DAG(s) dict_keys(['example_subdag_operator.section-1', 'example_subdag_operator.section-2', 'example_subdag_operator']) retrieved from /home/luan/Documents/curso-extracao-de-dados/venv/lib/python3.9/site-packages/airflow/example_dags/example_subdag_operator.py
[2024-03-04 12:07:28,227] {logging_mixin.py:115} INFO - [2024-03-04 12:07:28,227] {dag.py:2379} INFO - Sync 3 DAGs
[2024-03-04 12:07:28,240] {logging_mixin.py:115} INFO - [2024-03-04 12:07:28,240] {dag.py:2927} INFO - Setting next_dagrun for example_subdag_operator to 2022-01-01T00:00:00+00:00, run_after=2022-01-01T00:00:00+00:00
[2024-03-04 12:07:28,241] {logging_mixin.py:115} INFO - [2024-03-04 12:07:28,240] {dag.py:2927} INFO - Setting next_dagrun for example_subdag_operator.section-1 to None, run_after=None
[2024-03-04 12:07:28,241] {logging_mixin.py:115} INFO - [2024-03-04 12:07:28,241] {dag.py:2927} INFO - Setting next_dagrun for example_subdag_operator.section-2 to None, run_after=None
[2024-03-04 12:07:28,245] {logging_mixin.py:115} INFO - [2024-03-04 12:07:28,245] {dag.py:2379} INFO - Sync 2 DAGs
[2024-03-04 12:07:28,248] {logging_mixin.py:115} INFO - [2024-03-04 12:07:28,248] {dag.py:2927} INFO - Setting next_dagrun for example_subdag_operator.section-1 to None, run_after=None
[2024-03-04 12:07:28,248] {logging_mixin.py:115} INFO - [2024-03-04 12:07:28,248] {dag.py:2927} INFO - Setting next_dagrun for example_subdag_operator.section-2 to None, run_after=None
[2024-03-04 12:07:28,260] {processor.py:161} INFO - Processing /home/luan/Documents/curso-extracao-de-dados/venv/lib/python3.9/site-packages/airflow/example_dags/example_subdag_operator.py took 0.065 seconds
[2024-03-04 12:08:02,429] {processor.py:153} INFO - Started process (PID=29526) to work on /home/luan/Documents/curso-extracao-de-dados/venv/lib/python3.9/site-packages/airflow/example_dags/example_subdag_operator.py
[2024-03-04 12:08:02,431] {processor.py:641} INFO - Processing file /home/luan/Documents/curso-extracao-de-dados/venv/lib/python3.9/site-packages/airflow/example_dags/example_subdag_operator.py for tasks to queue
[2024-03-04 12:08:02,431] {logging_mixin.py:115} INFO - [2024-03-04 12:08:02,431] {dagbag.py:507} INFO - Filling up the DagBag from /home/luan/Documents/curso-extracao-de-dados/venv/lib/python3.9/site-packages/airflow/example_dags/example_subdag_operator.py
[2024-03-04 12:08:02,444] {processor.py:651} INFO - DAG(s) dict_keys(['example_subdag_operator.section-1', 'example_subdag_operator.section-2', 'example_subdag_operator']) retrieved from /home/luan/Documents/curso-extracao-de-dados/venv/lib/python3.9/site-packages/airflow/example_dags/example_subdag_operator.py
[2024-03-04 12:08:02,457] {logging_mixin.py:115} INFO - [2024-03-04 12:08:02,457] {dag.py:2379} INFO - Sync 3 DAGs
[2024-03-04 12:08:02,469] {logging_mixin.py:115} INFO - [2024-03-04 12:08:02,469] {dag.py:2927} INFO - Setting next_dagrun for example_subdag_operator to 2022-01-01T00:00:00+00:00, run_after=2022-01-01T00:00:00+00:00
[2024-03-04 12:08:02,469] {logging_mixin.py:115} INFO - [2024-03-04 12:08:02,469] {dag.py:2927} INFO - Setting next_dagrun for example_subdag_operator.section-1 to None, run_after=None
[2024-03-04 12:08:02,469] {logging_mixin.py:115} INFO - [2024-03-04 12:08:02,469] {dag.py:2927} INFO - Setting next_dagrun for example_subdag_operator.section-2 to None, run_after=None
[2024-03-04 12:08:02,474] {logging_mixin.py:115} INFO - [2024-03-04 12:08:02,473] {dag.py:2379} INFO - Sync 2 DAGs
[2024-03-04 12:08:02,477] {logging_mixin.py:115} INFO - [2024-03-04 12:08:02,476] {dag.py:2927} INFO - Setting next_dagrun for example_subdag_operator.section-1 to None, run_after=None
[2024-03-04 12:08:02,477] {logging_mixin.py:115} INFO - [2024-03-04 12:08:02,477] {dag.py:2927} INFO - Setting next_dagrun for example_subdag_operator.section-2 to None, run_after=None
[2024-03-04 12:08:02,487] {processor.py:161} INFO - Processing /home/luan/Documents/curso-extracao-de-dados/venv/lib/python3.9/site-packages/airflow/example_dags/example_subdag_operator.py took 0.060 seconds
[2024-03-04 12:08:33,995] {processor.py:153} INFO - Started process (PID=29650) to work on /home/luan/Documents/curso-extracao-de-dados/venv/lib/python3.9/site-packages/airflow/example_dags/example_subdag_operator.py
[2024-03-04 12:08:33,996] {processor.py:641} INFO - Processing file /home/luan/Documents/curso-extracao-de-dados/venv/lib/python3.9/site-packages/airflow/example_dags/example_subdag_operator.py for tasks to queue
[2024-03-04 12:08:33,996] {logging_mixin.py:115} INFO - [2024-03-04 12:08:33,996] {dagbag.py:507} INFO - Filling up the DagBag from /home/luan/Documents/curso-extracao-de-dados/venv/lib/python3.9/site-packages/airflow/example_dags/example_subdag_operator.py
[2024-03-04 12:08:34,011] {processor.py:651} INFO - DAG(s) dict_keys(['example_subdag_operator.section-1', 'example_subdag_operator.section-2', 'example_subdag_operator']) retrieved from /home/luan/Documents/curso-extracao-de-dados/venv/lib/python3.9/site-packages/airflow/example_dags/example_subdag_operator.py
[2024-03-04 12:08:34,023] {logging_mixin.py:115} INFO - [2024-03-04 12:08:34,023] {dag.py:2379} INFO - Sync 3 DAGs
[2024-03-04 12:08:34,035] {logging_mixin.py:115} INFO - [2024-03-04 12:08:34,035] {dag.py:2927} INFO - Setting next_dagrun for example_subdag_operator to 2022-01-01T00:00:00+00:00, run_after=2022-01-01T00:00:00+00:00
[2024-03-04 12:08:34,036] {logging_mixin.py:115} INFO - [2024-03-04 12:08:34,036] {dag.py:2927} INFO - Setting next_dagrun for example_subdag_operator.section-1 to None, run_after=None
[2024-03-04 12:08:34,036] {logging_mixin.py:115} INFO - [2024-03-04 12:08:34,036] {dag.py:2927} INFO - Setting next_dagrun for example_subdag_operator.section-2 to None, run_after=None
[2024-03-04 12:08:34,039] {logging_mixin.py:115} INFO - [2024-03-04 12:08:34,039] {dag.py:2379} INFO - Sync 2 DAGs
[2024-03-04 12:08:34,043] {logging_mixin.py:115} INFO - [2024-03-04 12:08:34,043] {dag.py:2927} INFO - Setting next_dagrun for example_subdag_operator.section-1 to None, run_after=None
[2024-03-04 12:08:34,043] {logging_mixin.py:115} INFO - [2024-03-04 12:08:34,043] {dag.py:2927} INFO - Setting next_dagrun for example_subdag_operator.section-2 to None, run_after=None
[2024-03-04 12:08:34,053] {processor.py:161} INFO - Processing /home/luan/Documents/curso-extracao-de-dados/venv/lib/python3.9/site-packages/airflow/example_dags/example_subdag_operator.py took 0.060 seconds
[2024-03-04 12:09:07,119] {processor.py:153} INFO - Started process (PID=29792) to work on /home/luan/Documents/curso-extracao-de-dados/venv/lib/python3.9/site-packages/airflow/example_dags/example_subdag_operator.py
[2024-03-04 12:09:07,123] {processor.py:641} INFO - Processing file /home/luan/Documents/curso-extracao-de-dados/venv/lib/python3.9/site-packages/airflow/example_dags/example_subdag_operator.py for tasks to queue
[2024-03-04 12:09:07,124] {logging_mixin.py:115} INFO - [2024-03-04 12:09:07,124] {dagbag.py:507} INFO - Filling up the DagBag from /home/luan/Documents/curso-extracao-de-dados/venv/lib/python3.9/site-packages/airflow/example_dags/example_subdag_operator.py
[2024-03-04 12:09:07,136] {processor.py:651} INFO - DAG(s) dict_keys(['example_subdag_operator.section-1', 'example_subdag_operator.section-2', 'example_subdag_operator']) retrieved from /home/luan/Documents/curso-extracao-de-dados/venv/lib/python3.9/site-packages/airflow/example_dags/example_subdag_operator.py
[2024-03-04 12:09:07,147] {logging_mixin.py:115} INFO - [2024-03-04 12:09:07,147] {dag.py:2379} INFO - Sync 3 DAGs
[2024-03-04 12:09:07,159] {logging_mixin.py:115} INFO - [2024-03-04 12:09:07,159] {dag.py:2927} INFO - Setting next_dagrun for example_subdag_operator to 2022-01-01T00:00:00+00:00, run_after=2022-01-01T00:00:00+00:00
[2024-03-04 12:09:07,160] {logging_mixin.py:115} INFO - [2024-03-04 12:09:07,160] {dag.py:2927} INFO - Setting next_dagrun for example_subdag_operator.section-1 to None, run_after=None
[2024-03-04 12:09:07,160] {logging_mixin.py:115} INFO - [2024-03-04 12:09:07,160] {dag.py:2927} INFO - Setting next_dagrun for example_subdag_operator.section-2 to None, run_after=None
[2024-03-04 12:09:07,164] {logging_mixin.py:115} INFO - [2024-03-04 12:09:07,164] {dag.py:2379} INFO - Sync 2 DAGs
[2024-03-04 12:09:07,168] {logging_mixin.py:115} INFO - [2024-03-04 12:09:07,168] {dag.py:2927} INFO - Setting next_dagrun for example_subdag_operator.section-1 to None, run_after=None
[2024-03-04 12:09:07,168] {logging_mixin.py:115} INFO - [2024-03-04 12:09:07,168] {dag.py:2927} INFO - Setting next_dagrun for example_subdag_operator.section-2 to None, run_after=None
[2024-03-04 12:09:07,179] {processor.py:161} INFO - Processing /home/luan/Documents/curso-extracao-de-dados/venv/lib/python3.9/site-packages/airflow/example_dags/example_subdag_operator.py took 0.062 seconds
[2024-03-04 12:10:05,872] {processor.py:153} INFO - Started process (PID=30097) to work on /home/luan/Documents/curso-extracao-de-dados/venv/lib/python3.9/site-packages/airflow/example_dags/example_subdag_operator.py
[2024-03-04 12:10:05,876] {processor.py:641} INFO - Processing file /home/luan/Documents/curso-extracao-de-dados/venv/lib/python3.9/site-packages/airflow/example_dags/example_subdag_operator.py for tasks to queue
[2024-03-04 12:10:05,877] {logging_mixin.py:115} INFO - [2024-03-04 12:10:05,877] {dagbag.py:507} INFO - Filling up the DagBag from /home/luan/Documents/curso-extracao-de-dados/venv/lib/python3.9/site-packages/airflow/example_dags/example_subdag_operator.py
[2024-03-04 12:10:05,889] {processor.py:651} INFO - DAG(s) dict_keys(['example_subdag_operator.section-1', 'example_subdag_operator.section-2', 'example_subdag_operator']) retrieved from /home/luan/Documents/curso-extracao-de-dados/venv/lib/python3.9/site-packages/airflow/example_dags/example_subdag_operator.py
[2024-03-04 12:10:05,901] {logging_mixin.py:115} INFO - [2024-03-04 12:10:05,901] {dag.py:2379} INFO - Sync 3 DAGs
[2024-03-04 12:10:05,916] {logging_mixin.py:115} INFO - [2024-03-04 12:10:05,916] {dag.py:2927} INFO - Setting next_dagrun for example_subdag_operator to 2022-01-01T00:00:00+00:00, run_after=2022-01-01T00:00:00+00:00
[2024-03-04 12:10:05,917] {logging_mixin.py:115} INFO - [2024-03-04 12:10:05,917] {dag.py:2927} INFO - Setting next_dagrun for example_subdag_operator.section-1 to None, run_after=None
[2024-03-04 12:10:05,917] {logging_mixin.py:115} INFO - [2024-03-04 12:10:05,917] {dag.py:2927} INFO - Setting next_dagrun for example_subdag_operator.section-2 to None, run_after=None
[2024-03-04 12:10:05,920] {logging_mixin.py:115} INFO - [2024-03-04 12:10:05,920] {dag.py:2379} INFO - Sync 2 DAGs
[2024-03-04 12:10:05,923] {logging_mixin.py:115} INFO - [2024-03-04 12:10:05,923] {dag.py:2927} INFO - Setting next_dagrun for example_subdag_operator.section-1 to None, run_after=None
[2024-03-04 12:10:05,923] {logging_mixin.py:115} INFO - [2024-03-04 12:10:05,923] {dag.py:2927} INFO - Setting next_dagrun for example_subdag_operator.section-2 to None, run_after=None
[2024-03-04 12:10:05,935] {processor.py:161} INFO - Processing /home/luan/Documents/curso-extracao-de-dados/venv/lib/python3.9/site-packages/airflow/example_dags/example_subdag_operator.py took 0.064 seconds
[2024-03-04 12:10:40,106] {processor.py:153} INFO - Started process (PID=30234) to work on /home/luan/Documents/curso-extracao-de-dados/venv/lib/python3.9/site-packages/airflow/example_dags/example_subdag_operator.py
[2024-03-04 12:10:40,110] {processor.py:641} INFO - Processing file /home/luan/Documents/curso-extracao-de-dados/venv/lib/python3.9/site-packages/airflow/example_dags/example_subdag_operator.py for tasks to queue
[2024-03-04 12:10:40,110] {logging_mixin.py:115} INFO - [2024-03-04 12:10:40,110] {dagbag.py:507} INFO - Filling up the DagBag from /home/luan/Documents/curso-extracao-de-dados/venv/lib/python3.9/site-packages/airflow/example_dags/example_subdag_operator.py
[2024-03-04 12:10:40,123] {processor.py:651} INFO - DAG(s) dict_keys(['example_subdag_operator.section-1', 'example_subdag_operator.section-2', 'example_subdag_operator']) retrieved from /home/luan/Documents/curso-extracao-de-dados/venv/lib/python3.9/site-packages/airflow/example_dags/example_subdag_operator.py
[2024-03-04 12:10:40,136] {logging_mixin.py:115} INFO - [2024-03-04 12:10:40,136] {dag.py:2379} INFO - Sync 3 DAGs
[2024-03-04 12:10:40,149] {logging_mixin.py:115} INFO - [2024-03-04 12:10:40,149] {dag.py:2927} INFO - Setting next_dagrun for example_subdag_operator to 2022-01-01T00:00:00+00:00, run_after=2022-01-01T00:00:00+00:00
[2024-03-04 12:10:40,149] {logging_mixin.py:115} INFO - [2024-03-04 12:10:40,149] {dag.py:2927} INFO - Setting next_dagrun for example_subdag_operator.section-1 to None, run_after=None
[2024-03-04 12:10:40,149] {logging_mixin.py:115} INFO - [2024-03-04 12:10:40,149] {dag.py:2927} INFO - Setting next_dagrun for example_subdag_operator.section-2 to None, run_after=None
[2024-03-04 12:10:40,153] {logging_mixin.py:115} INFO - [2024-03-04 12:10:40,153] {dag.py:2379} INFO - Sync 2 DAGs
[2024-03-04 12:10:40,156] {logging_mixin.py:115} INFO - [2024-03-04 12:10:40,156] {dag.py:2927} INFO - Setting next_dagrun for example_subdag_operator.section-1 to None, run_after=None
[2024-03-04 12:10:40,156] {logging_mixin.py:115} INFO - [2024-03-04 12:10:40,156] {dag.py:2927} INFO - Setting next_dagrun for example_subdag_operator.section-2 to None, run_after=None
[2024-03-04 12:10:40,167] {processor.py:161} INFO - Processing /home/luan/Documents/curso-extracao-de-dados/venv/lib/python3.9/site-packages/airflow/example_dags/example_subdag_operator.py took 0.063 seconds
[2024-03-04 12:11:11,637] {processor.py:153} INFO - Started process (PID=30365) to work on /home/luan/Documents/curso-extracao-de-dados/venv/lib/python3.9/site-packages/airflow/example_dags/example_subdag_operator.py
[2024-03-04 12:11:11,638] {processor.py:641} INFO - Processing file /home/luan/Documents/curso-extracao-de-dados/venv/lib/python3.9/site-packages/airflow/example_dags/example_subdag_operator.py for tasks to queue
[2024-03-04 12:11:11,639] {logging_mixin.py:115} INFO - [2024-03-04 12:11:11,638] {dagbag.py:507} INFO - Filling up the DagBag from /home/luan/Documents/curso-extracao-de-dados/venv/lib/python3.9/site-packages/airflow/example_dags/example_subdag_operator.py
[2024-03-04 12:11:11,654] {processor.py:651} INFO - DAG(s) dict_keys(['example_subdag_operator.section-1', 'example_subdag_operator.section-2', 'example_subdag_operator']) retrieved from /home/luan/Documents/curso-extracao-de-dados/venv/lib/python3.9/site-packages/airflow/example_dags/example_subdag_operator.py
[2024-03-04 12:11:11,666] {logging_mixin.py:115} INFO - [2024-03-04 12:11:11,666] {dag.py:2379} INFO - Sync 3 DAGs
[2024-03-04 12:11:11,679] {logging_mixin.py:115} INFO - [2024-03-04 12:11:11,679] {dag.py:2927} INFO - Setting next_dagrun for example_subdag_operator to 2022-01-01T00:00:00+00:00, run_after=2022-01-01T00:00:00+00:00
[2024-03-04 12:11:11,679] {logging_mixin.py:115} INFO - [2024-03-04 12:11:11,679] {dag.py:2927} INFO - Setting next_dagrun for example_subdag_operator.section-1 to None, run_after=None
[2024-03-04 12:11:11,679] {logging_mixin.py:115} INFO - [2024-03-04 12:11:11,679] {dag.py:2927} INFO - Setting next_dagrun for example_subdag_operator.section-2 to None, run_after=None
[2024-03-04 12:11:11,683] {logging_mixin.py:115} INFO - [2024-03-04 12:11:11,683] {dag.py:2379} INFO - Sync 2 DAGs
[2024-03-04 12:11:11,686] {logging_mixin.py:115} INFO - [2024-03-04 12:11:11,686] {dag.py:2927} INFO - Setting next_dagrun for example_subdag_operator.section-1 to None, run_after=None
[2024-03-04 12:11:11,686] {logging_mixin.py:115} INFO - [2024-03-04 12:11:11,686] {dag.py:2927} INFO - Setting next_dagrun for example_subdag_operator.section-2 to None, run_after=None
[2024-03-04 12:11:11,698] {processor.py:161} INFO - Processing /home/luan/Documents/curso-extracao-de-dados/venv/lib/python3.9/site-packages/airflow/example_dags/example_subdag_operator.py took 0.062 seconds
[2024-03-04 12:14:24,136] {processor.py:153} INFO - Started process (PID=31264) to work on /home/luan/Documents/curso-extracao-de-dados/venv/lib/python3.9/site-packages/airflow/example_dags/example_subdag_operator.py
[2024-03-04 12:14:24,137] {processor.py:641} INFO - Processing file /home/luan/Documents/curso-extracao-de-dados/venv/lib/python3.9/site-packages/airflow/example_dags/example_subdag_operator.py for tasks to queue
[2024-03-04 12:14:24,137] {logging_mixin.py:115} INFO - [2024-03-04 12:14:24,137] {dagbag.py:507} INFO - Filling up the DagBag from /home/luan/Documents/curso-extracao-de-dados/venv/lib/python3.9/site-packages/airflow/example_dags/example_subdag_operator.py
[2024-03-04 12:14:24,150] {processor.py:651} INFO - DAG(s) dict_keys(['example_subdag_operator.section-1', 'example_subdag_operator.section-2', 'example_subdag_operator']) retrieved from /home/luan/Documents/curso-extracao-de-dados/venv/lib/python3.9/site-packages/airflow/example_dags/example_subdag_operator.py
[2024-03-04 12:14:24,161] {logging_mixin.py:115} INFO - [2024-03-04 12:14:24,161] {dag.py:2379} INFO - Sync 3 DAGs
[2024-03-04 12:14:24,177] {logging_mixin.py:115} INFO - [2024-03-04 12:14:24,177] {dag.py:2927} INFO - Setting next_dagrun for example_subdag_operator to 2022-01-01T00:00:00+00:00, run_after=2022-01-01T00:00:00+00:00
[2024-03-04 12:14:24,178] {logging_mixin.py:115} INFO - [2024-03-04 12:14:24,178] {dag.py:2927} INFO - Setting next_dagrun for example_subdag_operator.section-1 to None, run_after=None
[2024-03-04 12:14:24,178] {logging_mixin.py:115} INFO - [2024-03-04 12:14:24,178] {dag.py:2927} INFO - Setting next_dagrun for example_subdag_operator.section-2 to None, run_after=None
[2024-03-04 12:14:24,184] {logging_mixin.py:115} INFO - [2024-03-04 12:14:24,184] {dag.py:2379} INFO - Sync 2 DAGs
[2024-03-04 12:14:24,190] {logging_mixin.py:115} INFO - [2024-03-04 12:14:24,190] {dag.py:2927} INFO - Setting next_dagrun for example_subdag_operator.section-1 to None, run_after=None
[2024-03-04 12:14:24,190] {logging_mixin.py:115} INFO - [2024-03-04 12:14:24,190] {dag.py:2927} INFO - Setting next_dagrun for example_subdag_operator.section-2 to None, run_after=None
[2024-03-04 12:14:24,212] {processor.py:161} INFO - Processing /home/luan/Documents/curso-extracao-de-dados/venv/lib/python3.9/site-packages/airflow/example_dags/example_subdag_operator.py took 0.078 seconds
[2024-03-04 12:14:58,381] {processor.py:153} INFO - Started process (PID=31400) to work on /home/luan/Documents/curso-extracao-de-dados/venv/lib/python3.9/site-packages/airflow/example_dags/example_subdag_operator.py
[2024-03-04 12:14:58,383] {processor.py:641} INFO - Processing file /home/luan/Documents/curso-extracao-de-dados/venv/lib/python3.9/site-packages/airflow/example_dags/example_subdag_operator.py for tasks to queue
[2024-03-04 12:14:58,383] {logging_mixin.py:115} INFO - [2024-03-04 12:14:58,383] {dagbag.py:507} INFO - Filling up the DagBag from /home/luan/Documents/curso-extracao-de-dados/venv/lib/python3.9/site-packages/airflow/example_dags/example_subdag_operator.py
[2024-03-04 12:14:58,396] {processor.py:651} INFO - DAG(s) dict_keys(['example_subdag_operator.section-1', 'example_subdag_operator.section-2', 'example_subdag_operator']) retrieved from /home/luan/Documents/curso-extracao-de-dados/venv/lib/python3.9/site-packages/airflow/example_dags/example_subdag_operator.py
[2024-03-04 12:14:58,408] {logging_mixin.py:115} INFO - [2024-03-04 12:14:58,408] {dag.py:2379} INFO - Sync 3 DAGs
[2024-03-04 12:14:58,421] {logging_mixin.py:115} INFO - [2024-03-04 12:14:58,421] {dag.py:2927} INFO - Setting next_dagrun for example_subdag_operator to 2022-01-01T00:00:00+00:00, run_after=2022-01-01T00:00:00+00:00
[2024-03-04 12:14:58,421] {logging_mixin.py:115} INFO - [2024-03-04 12:14:58,421] {dag.py:2927} INFO - Setting next_dagrun for example_subdag_operator.section-1 to None, run_after=None
[2024-03-04 12:14:58,421] {logging_mixin.py:115} INFO - [2024-03-04 12:14:58,421] {dag.py:2927} INFO - Setting next_dagrun for example_subdag_operator.section-2 to None, run_after=None
[2024-03-04 12:14:58,425] {logging_mixin.py:115} INFO - [2024-03-04 12:14:58,425] {dag.py:2379} INFO - Sync 2 DAGs
[2024-03-04 12:14:58,428] {logging_mixin.py:115} INFO - [2024-03-04 12:14:58,428] {dag.py:2927} INFO - Setting next_dagrun for example_subdag_operator.section-1 to None, run_after=None
[2024-03-04 12:14:58,428] {logging_mixin.py:115} INFO - [2024-03-04 12:14:58,428] {dag.py:2927} INFO - Setting next_dagrun for example_subdag_operator.section-2 to None, run_after=None
[2024-03-04 12:14:58,439] {processor.py:161} INFO - Processing /home/luan/Documents/curso-extracao-de-dados/venv/lib/python3.9/site-packages/airflow/example_dags/example_subdag_operator.py took 0.059 seconds
[2024-03-04 12:15:30,884] {processor.py:153} INFO - Started process (PID=31528) to work on /home/luan/Documents/curso-extracao-de-dados/venv/lib/python3.9/site-packages/airflow/example_dags/example_subdag_operator.py
[2024-03-04 12:15:30,888] {processor.py:641} INFO - Processing file /home/luan/Documents/curso-extracao-de-dados/venv/lib/python3.9/site-packages/airflow/example_dags/example_subdag_operator.py for tasks to queue
[2024-03-04 12:15:30,888] {logging_mixin.py:115} INFO - [2024-03-04 12:15:30,888] {dagbag.py:507} INFO - Filling up the DagBag from /home/luan/Documents/curso-extracao-de-dados/venv/lib/python3.9/site-packages/airflow/example_dags/example_subdag_operator.py
[2024-03-04 12:15:30,903] {processor.py:651} INFO - DAG(s) dict_keys(['example_subdag_operator.section-1', 'example_subdag_operator.section-2', 'example_subdag_operator']) retrieved from /home/luan/Documents/curso-extracao-de-dados/venv/lib/python3.9/site-packages/airflow/example_dags/example_subdag_operator.py
[2024-03-04 12:15:30,915] {logging_mixin.py:115} INFO - [2024-03-04 12:15:30,915] {dag.py:2379} INFO - Sync 3 DAGs
[2024-03-04 12:15:30,927] {logging_mixin.py:115} INFO - [2024-03-04 12:15:30,927] {dag.py:2927} INFO - Setting next_dagrun for example_subdag_operator to 2022-01-01T00:00:00+00:00, run_after=2022-01-01T00:00:00+00:00
[2024-03-04 12:15:30,927] {logging_mixin.py:115} INFO - [2024-03-04 12:15:30,927] {dag.py:2927} INFO - Setting next_dagrun for example_subdag_operator.section-1 to None, run_after=None
[2024-03-04 12:15:30,927] {logging_mixin.py:115} INFO - [2024-03-04 12:15:30,927] {dag.py:2927} INFO - Setting next_dagrun for example_subdag_operator.section-2 to None, run_after=None
[2024-03-04 12:15:30,932] {logging_mixin.py:115} INFO - [2024-03-04 12:15:30,932] {dag.py:2379} INFO - Sync 2 DAGs
[2024-03-04 12:15:30,936] {logging_mixin.py:115} INFO - [2024-03-04 12:15:30,936] {dag.py:2927} INFO - Setting next_dagrun for example_subdag_operator.section-1 to None, run_after=None
[2024-03-04 12:15:30,936] {logging_mixin.py:115} INFO - [2024-03-04 12:15:30,936] {dag.py:2927} INFO - Setting next_dagrun for example_subdag_operator.section-2 to None, run_after=None
[2024-03-04 12:15:30,947] {processor.py:161} INFO - Processing /home/luan/Documents/curso-extracao-de-dados/venv/lib/python3.9/site-packages/airflow/example_dags/example_subdag_operator.py took 0.064 seconds
[2024-03-04 12:16:22,947] {processor.py:153} INFO - Started process (PID=31841) to work on /home/luan/Documents/curso-extracao-de-dados/venv/lib/python3.9/site-packages/airflow/example_dags/example_subdag_operator.py
[2024-03-04 12:16:22,951] {processor.py:641} INFO - Processing file /home/luan/Documents/curso-extracao-de-dados/venv/lib/python3.9/site-packages/airflow/example_dags/example_subdag_operator.py for tasks to queue
[2024-03-04 12:16:22,951] {logging_mixin.py:115} INFO - [2024-03-04 12:16:22,951] {dagbag.py:507} INFO - Filling up the DagBag from /home/luan/Documents/curso-extracao-de-dados/venv/lib/python3.9/site-packages/airflow/example_dags/example_subdag_operator.py
[2024-03-04 12:16:22,965] {processor.py:651} INFO - DAG(s) dict_keys(['example_subdag_operator.section-1', 'example_subdag_operator.section-2', 'example_subdag_operator']) retrieved from /home/luan/Documents/curso-extracao-de-dados/venv/lib/python3.9/site-packages/airflow/example_dags/example_subdag_operator.py
[2024-03-04 12:16:22,977] {logging_mixin.py:115} INFO - [2024-03-04 12:16:22,977] {dag.py:2379} INFO - Sync 3 DAGs
[2024-03-04 12:16:22,991] {logging_mixin.py:115} INFO - [2024-03-04 12:16:22,991] {dag.py:2927} INFO - Setting next_dagrun for example_subdag_operator to 2022-01-01T00:00:00+00:00, run_after=2022-01-01T00:00:00+00:00
[2024-03-04 12:16:22,991] {logging_mixin.py:115} INFO - [2024-03-04 12:16:22,991] {dag.py:2927} INFO - Setting next_dagrun for example_subdag_operator.section-1 to None, run_after=None
[2024-03-04 12:16:22,991] {logging_mixin.py:115} INFO - [2024-03-04 12:16:22,991] {dag.py:2927} INFO - Setting next_dagrun for example_subdag_operator.section-2 to None, run_after=None
[2024-03-04 12:16:22,995] {logging_mixin.py:115} INFO - [2024-03-04 12:16:22,995] {dag.py:2379} INFO - Sync 2 DAGs
[2024-03-04 12:16:22,998] {logging_mixin.py:115} INFO - [2024-03-04 12:16:22,998] {dag.py:2927} INFO - Setting next_dagrun for example_subdag_operator.section-1 to None, run_after=None
[2024-03-04 12:16:22,998] {logging_mixin.py:115} INFO - [2024-03-04 12:16:22,998] {dag.py:2927} INFO - Setting next_dagrun for example_subdag_operator.section-2 to None, run_after=None
[2024-03-04 12:16:23,012] {processor.py:161} INFO - Processing /home/luan/Documents/curso-extracao-de-dados/venv/lib/python3.9/site-packages/airflow/example_dags/example_subdag_operator.py took 0.067 seconds
[2024-03-04 12:16:57,626] {processor.py:153} INFO - Started process (PID=31973) to work on /home/luan/Documents/curso-extracao-de-dados/venv/lib/python3.9/site-packages/airflow/example_dags/example_subdag_operator.py
[2024-03-04 12:16:57,630] {processor.py:641} INFO - Processing file /home/luan/Documents/curso-extracao-de-dados/venv/lib/python3.9/site-packages/airflow/example_dags/example_subdag_operator.py for tasks to queue
[2024-03-04 12:16:57,630] {logging_mixin.py:115} INFO - [2024-03-04 12:16:57,630] {dagbag.py:507} INFO - Filling up the DagBag from /home/luan/Documents/curso-extracao-de-dados/venv/lib/python3.9/site-packages/airflow/example_dags/example_subdag_operator.py
[2024-03-04 12:16:57,645] {processor.py:651} INFO - DAG(s) dict_keys(['example_subdag_operator.section-1', 'example_subdag_operator.section-2', 'example_subdag_operator']) retrieved from /home/luan/Documents/curso-extracao-de-dados/venv/lib/python3.9/site-packages/airflow/example_dags/example_subdag_operator.py
[2024-03-04 12:16:57,657] {logging_mixin.py:115} INFO - [2024-03-04 12:16:57,657] {dag.py:2379} INFO - Sync 3 DAGs
[2024-03-04 12:16:57,670] {logging_mixin.py:115} INFO - [2024-03-04 12:16:57,669] {dag.py:2927} INFO - Setting next_dagrun for example_subdag_operator to 2022-01-01T00:00:00+00:00, run_after=2022-01-01T00:00:00+00:00
[2024-03-04 12:16:57,670] {logging_mixin.py:115} INFO - [2024-03-04 12:16:57,670] {dag.py:2927} INFO - Setting next_dagrun for example_subdag_operator.section-1 to None, run_after=None
[2024-03-04 12:16:57,670] {logging_mixin.py:115} INFO - [2024-03-04 12:16:57,670] {dag.py:2927} INFO - Setting next_dagrun for example_subdag_operator.section-2 to None, run_after=None
[2024-03-04 12:16:57,674] {logging_mixin.py:115} INFO - [2024-03-04 12:16:57,674] {dag.py:2379} INFO - Sync 2 DAGs
[2024-03-04 12:16:57,677] {logging_mixin.py:115} INFO - [2024-03-04 12:16:57,677] {dag.py:2927} INFO - Setting next_dagrun for example_subdag_operator.section-1 to None, run_after=None
[2024-03-04 12:16:57,677] {logging_mixin.py:115} INFO - [2024-03-04 12:16:57,677] {dag.py:2927} INFO - Setting next_dagrun for example_subdag_operator.section-2 to None, run_after=None
[2024-03-04 12:16:57,688] {processor.py:161} INFO - Processing /home/luan/Documents/curso-extracao-de-dados/venv/lib/python3.9/site-packages/airflow/example_dags/example_subdag_operator.py took 0.064 seconds
[2024-03-04 12:17:30,342] {processor.py:153} INFO - Started process (PID=32111) to work on /home/luan/Documents/curso-extracao-de-dados/venv/lib/python3.9/site-packages/airflow/example_dags/example_subdag_operator.py
[2024-03-04 12:17:30,343] {processor.py:641} INFO - Processing file /home/luan/Documents/curso-extracao-de-dados/venv/lib/python3.9/site-packages/airflow/example_dags/example_subdag_operator.py for tasks to queue
[2024-03-04 12:17:30,343] {logging_mixin.py:115} INFO - [2024-03-04 12:17:30,343] {dagbag.py:507} INFO - Filling up the DagBag from /home/luan/Documents/curso-extracao-de-dados/venv/lib/python3.9/site-packages/airflow/example_dags/example_subdag_operator.py
[2024-03-04 12:17:30,357] {processor.py:651} INFO - DAG(s) dict_keys(['example_subdag_operator.section-1', 'example_subdag_operator.section-2', 'example_subdag_operator']) retrieved from /home/luan/Documents/curso-extracao-de-dados/venv/lib/python3.9/site-packages/airflow/example_dags/example_subdag_operator.py
[2024-03-04 12:17:30,370] {logging_mixin.py:115} INFO - [2024-03-04 12:17:30,370] {dag.py:2379} INFO - Sync 3 DAGs
[2024-03-04 12:17:30,383] {logging_mixin.py:115} INFO - [2024-03-04 12:17:30,383] {dag.py:2927} INFO - Setting next_dagrun for example_subdag_operator to 2022-01-01T00:00:00+00:00, run_after=2022-01-01T00:00:00+00:00
[2024-03-04 12:17:30,383] {logging_mixin.py:115} INFO - [2024-03-04 12:17:30,383] {dag.py:2927} INFO - Setting next_dagrun for example_subdag_operator.section-1 to None, run_after=None
[2024-03-04 12:17:30,383] {logging_mixin.py:115} INFO - [2024-03-04 12:17:30,383] {dag.py:2927} INFO - Setting next_dagrun for example_subdag_operator.section-2 to None, run_after=None
[2024-03-04 12:17:30,388] {logging_mixin.py:115} INFO - [2024-03-04 12:17:30,388] {dag.py:2379} INFO - Sync 2 DAGs
[2024-03-04 12:17:30,391] {logging_mixin.py:115} INFO - [2024-03-04 12:17:30,391] {dag.py:2927} INFO - Setting next_dagrun for example_subdag_operator.section-1 to None, run_after=None
[2024-03-04 12:17:30,391] {logging_mixin.py:115} INFO - [2024-03-04 12:17:30,391] {dag.py:2927} INFO - Setting next_dagrun for example_subdag_operator.section-2 to None, run_after=None
[2024-03-04 12:17:30,402] {processor.py:161} INFO - Processing /home/luan/Documents/curso-extracao-de-dados/venv/lib/python3.9/site-packages/airflow/example_dags/example_subdag_operator.py took 0.061 seconds
[2024-03-04 12:18:02,828] {processor.py:153} INFO - Started process (PID=32241) to work on /home/luan/Documents/curso-extracao-de-dados/venv/lib/python3.9/site-packages/airflow/example_dags/example_subdag_operator.py
[2024-03-04 12:18:02,833] {processor.py:641} INFO - Processing file /home/luan/Documents/curso-extracao-de-dados/venv/lib/python3.9/site-packages/airflow/example_dags/example_subdag_operator.py for tasks to queue
[2024-03-04 12:18:02,833] {logging_mixin.py:115} INFO - [2024-03-04 12:18:02,833] {dagbag.py:507} INFO - Filling up the DagBag from /home/luan/Documents/curso-extracao-de-dados/venv/lib/python3.9/site-packages/airflow/example_dags/example_subdag_operator.py
[2024-03-04 12:18:02,847] {processor.py:651} INFO - DAG(s) dict_keys(['example_subdag_operator.section-1', 'example_subdag_operator.section-2', 'example_subdag_operator']) retrieved from /home/luan/Documents/curso-extracao-de-dados/venv/lib/python3.9/site-packages/airflow/example_dags/example_subdag_operator.py
[2024-03-04 12:18:02,859] {logging_mixin.py:115} INFO - [2024-03-04 12:18:02,859] {dag.py:2379} INFO - Sync 3 DAGs
[2024-03-04 12:18:02,871] {logging_mixin.py:115} INFO - [2024-03-04 12:18:02,871] {dag.py:2927} INFO - Setting next_dagrun for example_subdag_operator to 2022-01-01T00:00:00+00:00, run_after=2022-01-01T00:00:00+00:00
[2024-03-04 12:18:02,872] {logging_mixin.py:115} INFO - [2024-03-04 12:18:02,872] {dag.py:2927} INFO - Setting next_dagrun for example_subdag_operator.section-1 to None, run_after=None
[2024-03-04 12:18:02,872] {logging_mixin.py:115} INFO - [2024-03-04 12:18:02,872] {dag.py:2927} INFO - Setting next_dagrun for example_subdag_operator.section-2 to None, run_after=None
[2024-03-04 12:18:02,876] {logging_mixin.py:115} INFO - [2024-03-04 12:18:02,876] {dag.py:2379} INFO - Sync 2 DAGs
[2024-03-04 12:18:02,879] {logging_mixin.py:115} INFO - [2024-03-04 12:18:02,879] {dag.py:2927} INFO - Setting next_dagrun for example_subdag_operator.section-1 to None, run_after=None
[2024-03-04 12:18:02,879] {logging_mixin.py:115} INFO - [2024-03-04 12:18:02,879] {dag.py:2927} INFO - Setting next_dagrun for example_subdag_operator.section-2 to None, run_after=None
[2024-03-04 12:18:02,890] {processor.py:161} INFO - Processing /home/luan/Documents/curso-extracao-de-dados/venv/lib/python3.9/site-packages/airflow/example_dags/example_subdag_operator.py took 0.063 seconds
[2024-03-04 12:18:56,780] {processor.py:153} INFO - Started process (PID=32539) to work on /home/luan/Documents/curso-extracao-de-dados/venv/lib/python3.9/site-packages/airflow/example_dags/example_subdag_operator.py
[2024-03-04 12:18:56,781] {processor.py:641} INFO - Processing file /home/luan/Documents/curso-extracao-de-dados/venv/lib/python3.9/site-packages/airflow/example_dags/example_subdag_operator.py for tasks to queue
[2024-03-04 12:18:56,781] {logging_mixin.py:115} INFO - [2024-03-04 12:18:56,781] {dagbag.py:507} INFO - Filling up the DagBag from /home/luan/Documents/curso-extracao-de-dados/venv/lib/python3.9/site-packages/airflow/example_dags/example_subdag_operator.py
[2024-03-04 12:18:56,794] {processor.py:651} INFO - DAG(s) dict_keys(['example_subdag_operator.section-1', 'example_subdag_operator.section-2', 'example_subdag_operator']) retrieved from /home/luan/Documents/curso-extracao-de-dados/venv/lib/python3.9/site-packages/airflow/example_dags/example_subdag_operator.py
[2024-03-04 12:18:56,805] {logging_mixin.py:115} INFO - [2024-03-04 12:18:56,805] {dag.py:2379} INFO - Sync 3 DAGs
[2024-03-04 12:18:56,817] {logging_mixin.py:115} INFO - [2024-03-04 12:18:56,817] {dag.py:2927} INFO - Setting next_dagrun for example_subdag_operator to 2022-01-01T00:00:00+00:00, run_after=2022-01-01T00:00:00+00:00
[2024-03-04 12:18:56,818] {logging_mixin.py:115} INFO - [2024-03-04 12:18:56,818] {dag.py:2927} INFO - Setting next_dagrun for example_subdag_operator.section-1 to None, run_after=None
[2024-03-04 12:18:56,818] {logging_mixin.py:115} INFO - [2024-03-04 12:18:56,818] {dag.py:2927} INFO - Setting next_dagrun for example_subdag_operator.section-2 to None, run_after=None
[2024-03-04 12:18:56,821] {logging_mixin.py:115} INFO - [2024-03-04 12:18:56,821] {dag.py:2379} INFO - Sync 2 DAGs
[2024-03-04 12:18:56,824] {logging_mixin.py:115} INFO - [2024-03-04 12:18:56,824] {dag.py:2927} INFO - Setting next_dagrun for example_subdag_operator.section-1 to None, run_after=None
[2024-03-04 12:18:56,824] {logging_mixin.py:115} INFO - [2024-03-04 12:18:56,824] {dag.py:2927} INFO - Setting next_dagrun for example_subdag_operator.section-2 to None, run_after=None
[2024-03-04 12:18:56,836] {processor.py:161} INFO - Processing /home/luan/Documents/curso-extracao-de-dados/venv/lib/python3.9/site-packages/airflow/example_dags/example_subdag_operator.py took 0.058 seconds
