[2024-03-04 11:21:23,599] {processor.py:153} INFO - Started process (PID=17496) to work on /home/luan/Documents/curso-extracao-de-dados/venv/lib/python3.9/site-packages/airflow/example_dags/example_sla_dag.py
[2024-03-04 11:21:23,599] {processor.py:641} INFO - Processing file /home/luan/Documents/curso-extracao-de-dados/venv/lib/python3.9/site-packages/airflow/example_dags/example_sla_dag.py for tasks to queue
[2024-03-04 11:21:23,600] {logging_mixin.py:115} INFO - [2024-03-04 11:21:23,600] {dagbag.py:507} INFO - Filling up the DagBag from /home/luan/Documents/curso-extracao-de-dados/venv/lib/python3.9/site-packages/airflow/example_dags/example_sla_dag.py
[2024-03-04 11:21:23,610] {processor.py:651} INFO - DAG(s) dict_keys(['example_sla_dag']) retrieved from /home/luan/Documents/curso-extracao-de-dados/venv/lib/python3.9/site-packages/airflow/example_dags/example_sla_dag.py
[2024-03-04 11:21:23,663] {logging_mixin.py:115} INFO - [2024-03-04 11:21:23,663] {manager.py:508} INFO - Created Permission View: can edit on DAG:example_sla_dag
[2024-03-04 11:21:23,674] {logging_mixin.py:115} INFO - [2024-03-04 11:21:23,674] {manager.py:508} INFO - Created Permission View: can delete on DAG:example_sla_dag
[2024-03-04 11:21:23,684] {logging_mixin.py:115} INFO - [2024-03-04 11:21:23,684] {manager.py:508} INFO - Created Permission View: can read on DAG:example_sla_dag
[2024-03-04 11:21:23,684] {logging_mixin.py:115} INFO - [2024-03-04 11:21:23,684] {dag.py:2379} INFO - Sync 1 DAGs
[2024-03-04 11:21:23,689] {logging_mixin.py:115} INFO - [2024-03-04 11:21:23,689] {dag.py:2398} INFO - Creating ORM DAG for example_sla_dag
[2024-03-04 11:21:23,697] {logging_mixin.py:115} INFO - [2024-03-04 11:21:23,697] {dag.py:2927} INFO - Setting next_dagrun for example_sla_dag to 2024-03-04T14:18:00+00:00, run_after=2024-03-04T14:20:00+00:00
[2024-03-04 11:21:23,713] {processor.py:161} INFO - Processing /home/luan/Documents/curso-extracao-de-dados/venv/lib/python3.9/site-packages/airflow/example_dags/example_sla_dag.py took 0.116 seconds
[2024-03-04 11:21:58,737] {processor.py:153} INFO - Started process (PID=17635) to work on /home/luan/Documents/curso-extracao-de-dados/venv/lib/python3.9/site-packages/airflow/example_dags/example_sla_dag.py
[2024-03-04 11:21:58,742] {processor.py:641} INFO - Processing file /home/luan/Documents/curso-extracao-de-dados/venv/lib/python3.9/site-packages/airflow/example_dags/example_sla_dag.py for tasks to queue
[2024-03-04 11:21:58,742] {logging_mixin.py:115} INFO - [2024-03-04 11:21:58,742] {dagbag.py:507} INFO - Filling up the DagBag from /home/luan/Documents/curso-extracao-de-dados/venv/lib/python3.9/site-packages/airflow/example_dags/example_sla_dag.py
[2024-03-04 11:21:58,753] {processor.py:651} INFO - DAG(s) dict_keys(['example_sla_dag']) retrieved from /home/luan/Documents/curso-extracao-de-dados/venv/lib/python3.9/site-packages/airflow/example_dags/example_sla_dag.py
[2024-03-04 11:21:58,763] {logging_mixin.py:115} INFO - [2024-03-04 11:21:58,763] {dag.py:2379} INFO - Sync 1 DAGs
[2024-03-04 11:21:58,779] {logging_mixin.py:115} INFO - [2024-03-04 11:21:58,779] {dag.py:2927} INFO - Setting next_dagrun for example_sla_dag to 2024-03-04T14:18:00+00:00, run_after=2024-03-04T14:20:00+00:00
[2024-03-04 11:21:58,792] {processor.py:161} INFO - Processing /home/luan/Documents/curso-extracao-de-dados/venv/lib/python3.9/site-packages/airflow/example_dags/example_sla_dag.py took 0.057 seconds
[2024-03-04 11:22:30,867] {processor.py:153} INFO - Started process (PID=17760) to work on /home/luan/Documents/curso-extracao-de-dados/venv/lib/python3.9/site-packages/airflow/example_dags/example_sla_dag.py
[2024-03-04 11:22:30,869] {processor.py:641} INFO - Processing file /home/luan/Documents/curso-extracao-de-dados/venv/lib/python3.9/site-packages/airflow/example_dags/example_sla_dag.py for tasks to queue
[2024-03-04 11:22:30,869] {logging_mixin.py:115} INFO - [2024-03-04 11:22:30,869] {dagbag.py:507} INFO - Filling up the DagBag from /home/luan/Documents/curso-extracao-de-dados/venv/lib/python3.9/site-packages/airflow/example_dags/example_sla_dag.py
[2024-03-04 11:22:30,880] {processor.py:651} INFO - DAG(s) dict_keys(['example_sla_dag']) retrieved from /home/luan/Documents/curso-extracao-de-dados/venv/lib/python3.9/site-packages/airflow/example_dags/example_sla_dag.py
[2024-03-04 11:22:30,891] {logging_mixin.py:115} INFO - [2024-03-04 11:22:30,891] {dag.py:2379} INFO - Sync 1 DAGs
[2024-03-04 11:22:30,907] {logging_mixin.py:115} INFO - [2024-03-04 11:22:30,907] {dag.py:2927} INFO - Setting next_dagrun for example_sla_dag to 2024-03-04T14:20:00+00:00, run_after=2024-03-04T14:22:00+00:00
[2024-03-04 11:22:30,920] {processor.py:161} INFO - Processing /home/luan/Documents/curso-extracao-de-dados/venv/lib/python3.9/site-packages/airflow/example_dags/example_sla_dag.py took 0.054 seconds
[2024-03-04 12:05:48,915] {processor.py:153} INFO - Started process (PID=28738) to work on /home/luan/Documents/curso-extracao-de-dados/venv/lib/python3.9/site-packages/airflow/example_dags/example_sla_dag.py
[2024-03-04 12:05:48,916] {processor.py:641} INFO - Processing file /home/luan/Documents/curso-extracao-de-dados/venv/lib/python3.9/site-packages/airflow/example_dags/example_sla_dag.py for tasks to queue
[2024-03-04 12:05:48,916] {logging_mixin.py:115} INFO - [2024-03-04 12:05:48,916] {dagbag.py:507} INFO - Filling up the DagBag from /home/luan/Documents/curso-extracao-de-dados/venv/lib/python3.9/site-packages/airflow/example_dags/example_sla_dag.py
[2024-03-04 12:05:48,928] {processor.py:651} INFO - DAG(s) dict_keys(['example_sla_dag']) retrieved from /home/luan/Documents/curso-extracao-de-dados/venv/lib/python3.9/site-packages/airflow/example_dags/example_sla_dag.py
[2024-03-04 12:05:48,937] {logging_mixin.py:115} INFO - [2024-03-04 12:05:48,937] {dag.py:2379} INFO - Sync 1 DAGs
[2024-03-04 12:05:48,952] {logging_mixin.py:115} INFO - [2024-03-04 12:05:48,952] {dag.py:2927} INFO - Setting next_dagrun for example_sla_dag to 2024-03-04T15:02:00+00:00, run_after=2024-03-04T15:04:00+00:00
[2024-03-04 12:05:48,966] {processor.py:161} INFO - Processing /home/luan/Documents/curso-extracao-de-dados/venv/lib/python3.9/site-packages/airflow/example_dags/example_sla_dag.py took 0.053 seconds
[2024-03-04 12:06:22,095] {processor.py:153} INFO - Started process (PID=29043) to work on /home/luan/Documents/curso-extracao-de-dados/venv/lib/python3.9/site-packages/airflow/example_dags/example_sla_dag.py
[2024-03-04 12:06:22,099] {processor.py:641} INFO - Processing file /home/luan/Documents/curso-extracao-de-dados/venv/lib/python3.9/site-packages/airflow/example_dags/example_sla_dag.py for tasks to queue
[2024-03-04 12:06:22,100] {logging_mixin.py:115} INFO - [2024-03-04 12:06:22,100] {dagbag.py:507} INFO - Filling up the DagBag from /home/luan/Documents/curso-extracao-de-dados/venv/lib/python3.9/site-packages/airflow/example_dags/example_sla_dag.py
[2024-03-04 12:06:22,112] {processor.py:651} INFO - DAG(s) dict_keys(['example_sla_dag']) retrieved from /home/luan/Documents/curso-extracao-de-dados/venv/lib/python3.9/site-packages/airflow/example_dags/example_sla_dag.py
[2024-03-04 12:06:22,122] {logging_mixin.py:115} INFO - [2024-03-04 12:06:22,122] {dag.py:2379} INFO - Sync 1 DAGs
[2024-03-04 12:06:22,137] {logging_mixin.py:115} INFO - [2024-03-04 12:06:22,137] {dag.py:2927} INFO - Setting next_dagrun for example_sla_dag to 2024-03-04T15:04:00+00:00, run_after=2024-03-04T15:06:00+00:00
[2024-03-04 12:06:22,161] {processor.py:161} INFO - Processing /home/luan/Documents/curso-extracao-de-dados/venv/lib/python3.9/site-packages/airflow/example_dags/example_sla_dag.py took 0.068 seconds
[2024-03-04 12:06:55,966] {processor.py:153} INFO - Started process (PID=29200) to work on /home/luan/Documents/curso-extracao-de-dados/venv/lib/python3.9/site-packages/airflow/example_dags/example_sla_dag.py
[2024-03-04 12:06:55,967] {processor.py:641} INFO - Processing file /home/luan/Documents/curso-extracao-de-dados/venv/lib/python3.9/site-packages/airflow/example_dags/example_sla_dag.py for tasks to queue
[2024-03-04 12:06:55,967] {logging_mixin.py:115} INFO - [2024-03-04 12:06:55,967] {dagbag.py:507} INFO - Filling up the DagBag from /home/luan/Documents/curso-extracao-de-dados/venv/lib/python3.9/site-packages/airflow/example_dags/example_sla_dag.py
[2024-03-04 12:06:55,982] {processor.py:651} INFO - DAG(s) dict_keys(['example_sla_dag']) retrieved from /home/luan/Documents/curso-extracao-de-dados/venv/lib/python3.9/site-packages/airflow/example_dags/example_sla_dag.py
[2024-03-04 12:06:55,995] {logging_mixin.py:115} INFO - [2024-03-04 12:06:55,995] {dag.py:2379} INFO - Sync 1 DAGs
[2024-03-04 12:06:56,015] {logging_mixin.py:115} INFO - [2024-03-04 12:06:56,015] {dag.py:2927} INFO - Setting next_dagrun for example_sla_dag to 2024-03-04T15:04:00+00:00, run_after=2024-03-04T15:06:00+00:00
[2024-03-04 12:06:56,030] {processor.py:161} INFO - Processing /home/luan/Documents/curso-extracao-de-dados/venv/lib/python3.9/site-packages/airflow/example_dags/example_sla_dag.py took 0.066 seconds
[2024-03-04 12:07:16,763] {processor.py:153} INFO - Started process (PID=29364) to work on /home/luan/Documents/curso-extracao-de-dados/venv/lib/python3.9/site-packages/airflow/example_dags/example_sla_dag.py
[2024-03-04 12:07:16,764] {processor.py:641} INFO - Processing file /home/luan/Documents/curso-extracao-de-dados/venv/lib/python3.9/site-packages/airflow/example_dags/example_sla_dag.py for tasks to queue
[2024-03-04 12:07:16,765] {logging_mixin.py:115} INFO - [2024-03-04 12:07:16,765] {dagbag.py:507} INFO - Filling up the DagBag from /home/luan/Documents/curso-extracao-de-dados/venv/lib/python3.9/site-packages/airflow/example_dags/example_sla_dag.py
[2024-03-04 12:07:16,776] {processor.py:651} INFO - DAG(s) dict_keys(['example_sla_dag']) retrieved from /home/luan/Documents/curso-extracao-de-dados/venv/lib/python3.9/site-packages/airflow/example_dags/example_sla_dag.py
[2024-03-04 12:07:16,785] {logging_mixin.py:115} INFO - [2024-03-04 12:07:16,785] {dag.py:2379} INFO - Sync 1 DAGs
[2024-03-04 12:07:16,801] {logging_mixin.py:115} INFO - [2024-03-04 12:07:16,801] {dag.py:2927} INFO - Setting next_dagrun for example_sla_dag to 2024-03-04T15:04:00+00:00, run_after=2024-03-04T15:06:00+00:00
[2024-03-04 12:07:16,815] {processor.py:161} INFO - Processing /home/luan/Documents/curso-extracao-de-dados/venv/lib/python3.9/site-packages/airflow/example_dags/example_sla_dag.py took 0.053 seconds
[2024-03-04 12:07:48,761] {processor.py:153} INFO - Started process (PID=29477) to work on /home/luan/Documents/curso-extracao-de-dados/venv/lib/python3.9/site-packages/airflow/example_dags/example_sla_dag.py
[2024-03-04 12:07:48,765] {processor.py:641} INFO - Processing file /home/luan/Documents/curso-extracao-de-dados/venv/lib/python3.9/site-packages/airflow/example_dags/example_sla_dag.py for tasks to queue
[2024-03-04 12:07:48,765] {logging_mixin.py:115} INFO - [2024-03-04 12:07:48,765] {dagbag.py:507} INFO - Filling up the DagBag from /home/luan/Documents/curso-extracao-de-dados/venv/lib/python3.9/site-packages/airflow/example_dags/example_sla_dag.py
[2024-03-04 12:07:48,777] {processor.py:651} INFO - DAG(s) dict_keys(['example_sla_dag']) retrieved from /home/luan/Documents/curso-extracao-de-dados/venv/lib/python3.9/site-packages/airflow/example_dags/example_sla_dag.py
[2024-03-04 12:07:48,791] {logging_mixin.py:115} INFO - [2024-03-04 12:07:48,791] {dag.py:2379} INFO - Sync 1 DAGs
[2024-03-04 12:07:48,820] {logging_mixin.py:115} INFO - [2024-03-04 12:07:48,820] {dag.py:2927} INFO - Setting next_dagrun for example_sla_dag to 2024-03-04T15:04:00+00:00, run_after=2024-03-04T15:06:00+00:00
[2024-03-04 12:07:48,840] {processor.py:161} INFO - Processing /home/luan/Documents/curso-extracao-de-dados/venv/lib/python3.9/site-packages/airflow/example_dags/example_sla_dag.py took 0.081 seconds
[2024-03-04 12:08:22,121] {processor.py:153} INFO - Started process (PID=29601) to work on /home/luan/Documents/curso-extracao-de-dados/venv/lib/python3.9/site-packages/airflow/example_dags/example_sla_dag.py
[2024-03-04 12:08:22,123] {processor.py:641} INFO - Processing file /home/luan/Documents/curso-extracao-de-dados/venv/lib/python3.9/site-packages/airflow/example_dags/example_sla_dag.py for tasks to queue
[2024-03-04 12:08:22,123] {logging_mixin.py:115} INFO - [2024-03-04 12:08:22,123] {dagbag.py:507} INFO - Filling up the DagBag from /home/luan/Documents/curso-extracao-de-dados/venv/lib/python3.9/site-packages/airflow/example_dags/example_sla_dag.py
[2024-03-04 12:08:22,133] {processor.py:651} INFO - DAG(s) dict_keys(['example_sla_dag']) retrieved from /home/luan/Documents/curso-extracao-de-dados/venv/lib/python3.9/site-packages/airflow/example_dags/example_sla_dag.py
[2024-03-04 12:08:22,143] {logging_mixin.py:115} INFO - [2024-03-04 12:08:22,143] {dag.py:2379} INFO - Sync 1 DAGs
[2024-03-04 12:08:22,158] {logging_mixin.py:115} INFO - [2024-03-04 12:08:22,158] {dag.py:2927} INFO - Setting next_dagrun for example_sla_dag to 2024-03-04T15:06:00+00:00, run_after=2024-03-04T15:08:00+00:00
[2024-03-04 12:08:22,171] {processor.py:161} INFO - Processing /home/luan/Documents/curso-extracao-de-dados/venv/lib/python3.9/site-packages/airflow/example_dags/example_sla_dag.py took 0.051 seconds
[2024-03-04 12:08:53,519] {processor.py:153} INFO - Started process (PID=29725) to work on /home/luan/Documents/curso-extracao-de-dados/venv/lib/python3.9/site-packages/airflow/example_dags/example_sla_dag.py
[2024-03-04 12:08:53,521] {processor.py:641} INFO - Processing file /home/luan/Documents/curso-extracao-de-dados/venv/lib/python3.9/site-packages/airflow/example_dags/example_sla_dag.py for tasks to queue
[2024-03-04 12:08:53,521] {logging_mixin.py:115} INFO - [2024-03-04 12:08:53,521] {dagbag.py:507} INFO - Filling up the DagBag from /home/luan/Documents/curso-extracao-de-dados/venv/lib/python3.9/site-packages/airflow/example_dags/example_sla_dag.py
[2024-03-04 12:08:53,537] {processor.py:651} INFO - DAG(s) dict_keys(['example_sla_dag']) retrieved from /home/luan/Documents/curso-extracao-de-dados/venv/lib/python3.9/site-packages/airflow/example_dags/example_sla_dag.py
[2024-03-04 12:08:53,547] {logging_mixin.py:115} INFO - [2024-03-04 12:08:53,547] {dag.py:2379} INFO - Sync 1 DAGs
[2024-03-04 12:08:53,563] {logging_mixin.py:115} INFO - [2024-03-04 12:08:53,563] {dag.py:2927} INFO - Setting next_dagrun for example_sla_dag to 2024-03-04T15:06:00+00:00, run_after=2024-03-04T15:08:00+00:00
[2024-03-04 12:08:53,578] {processor.py:161} INFO - Processing /home/luan/Documents/curso-extracao-de-dados/venv/lib/python3.9/site-packages/airflow/example_dags/example_sla_dag.py took 0.061 seconds
[2024-03-04 12:09:54,448] {processor.py:153} INFO - Started process (PID=30054) to work on /home/luan/Documents/curso-extracao-de-dados/venv/lib/python3.9/site-packages/airflow/example_dags/example_sla_dag.py
[2024-03-04 12:09:54,450] {processor.py:641} INFO - Processing file /home/luan/Documents/curso-extracao-de-dados/venv/lib/python3.9/site-packages/airflow/example_dags/example_sla_dag.py for tasks to queue
[2024-03-04 12:09:54,450] {logging_mixin.py:115} INFO - [2024-03-04 12:09:54,450] {dagbag.py:507} INFO - Filling up the DagBag from /home/luan/Documents/curso-extracao-de-dados/venv/lib/python3.9/site-packages/airflow/example_dags/example_sla_dag.py
[2024-03-04 12:09:54,461] {processor.py:651} INFO - DAG(s) dict_keys(['example_sla_dag']) retrieved from /home/luan/Documents/curso-extracao-de-dados/venv/lib/python3.9/site-packages/airflow/example_dags/example_sla_dag.py
[2024-03-04 12:09:54,470] {logging_mixin.py:115} INFO - [2024-03-04 12:09:54,470] {dag.py:2379} INFO - Sync 1 DAGs
[2024-03-04 12:09:54,484] {logging_mixin.py:115} INFO - [2024-03-04 12:09:54,484] {dag.py:2927} INFO - Setting next_dagrun for example_sla_dag to 2024-03-04T15:06:00+00:00, run_after=2024-03-04T15:08:00+00:00
[2024-03-04 12:09:54,499] {processor.py:161} INFO - Processing /home/luan/Documents/curso-extracao-de-dados/venv/lib/python3.9/site-packages/airflow/example_dags/example_sla_dag.py took 0.053 seconds
[2024-03-04 12:10:26,440] {processor.py:153} INFO - Started process (PID=30178) to work on /home/luan/Documents/curso-extracao-de-dados/venv/lib/python3.9/site-packages/airflow/example_dags/example_sla_dag.py
[2024-03-04 12:10:26,444] {processor.py:641} INFO - Processing file /home/luan/Documents/curso-extracao-de-dados/venv/lib/python3.9/site-packages/airflow/example_dags/example_sla_dag.py for tasks to queue
[2024-03-04 12:10:26,445] {logging_mixin.py:115} INFO - [2024-03-04 12:10:26,445] {dagbag.py:507} INFO - Filling up the DagBag from /home/luan/Documents/curso-extracao-de-dados/venv/lib/python3.9/site-packages/airflow/example_dags/example_sla_dag.py
[2024-03-04 12:10:26,456] {processor.py:651} INFO - DAG(s) dict_keys(['example_sla_dag']) retrieved from /home/luan/Documents/curso-extracao-de-dados/venv/lib/python3.9/site-packages/airflow/example_dags/example_sla_dag.py
[2024-03-04 12:10:26,466] {logging_mixin.py:115} INFO - [2024-03-04 12:10:26,466] {dag.py:2379} INFO - Sync 1 DAGs
[2024-03-04 12:10:26,481] {logging_mixin.py:115} INFO - [2024-03-04 12:10:26,480] {dag.py:2927} INFO - Setting next_dagrun for example_sla_dag to 2024-03-04T15:08:00+00:00, run_after=2024-03-04T15:10:00+00:00
[2024-03-04 12:10:26,494] {processor.py:161} INFO - Processing /home/luan/Documents/curso-extracao-de-dados/venv/lib/python3.9/site-packages/airflow/example_dags/example_sla_dag.py took 0.056 seconds
[2024-03-04 12:10:59,802] {processor.py:153} INFO - Started process (PID=30314) to work on /home/luan/Documents/curso-extracao-de-dados/venv/lib/python3.9/site-packages/airflow/example_dags/example_sla_dag.py
[2024-03-04 12:10:59,803] {processor.py:641} INFO - Processing file /home/luan/Documents/curso-extracao-de-dados/venv/lib/python3.9/site-packages/airflow/example_dags/example_sla_dag.py for tasks to queue
[2024-03-04 12:10:59,804] {logging_mixin.py:115} INFO - [2024-03-04 12:10:59,804] {dagbag.py:507} INFO - Filling up the DagBag from /home/luan/Documents/curso-extracao-de-dados/venv/lib/python3.9/site-packages/airflow/example_dags/example_sla_dag.py
[2024-03-04 12:10:59,815] {processor.py:651} INFO - DAG(s) dict_keys(['example_sla_dag']) retrieved from /home/luan/Documents/curso-extracao-de-dados/venv/lib/python3.9/site-packages/airflow/example_dags/example_sla_dag.py
[2024-03-04 12:10:59,824] {logging_mixin.py:115} INFO - [2024-03-04 12:10:59,824] {dag.py:2379} INFO - Sync 1 DAGs
[2024-03-04 12:10:59,839] {logging_mixin.py:115} INFO - [2024-03-04 12:10:59,839] {dag.py:2927} INFO - Setting next_dagrun for example_sla_dag to 2024-03-04T15:08:00+00:00, run_after=2024-03-04T15:10:00+00:00
[2024-03-04 12:10:59,853] {processor.py:161} INFO - Processing /home/luan/Documents/curso-extracao-de-dados/venv/lib/python3.9/site-packages/airflow/example_dags/example_sla_dag.py took 0.052 seconds
[2024-03-04 12:14:12,707] {processor.py:153} INFO - Started process (PID=31218) to work on /home/luan/Documents/curso-extracao-de-dados/venv/lib/python3.9/site-packages/airflow/example_dags/example_sla_dag.py
[2024-03-04 12:14:12,709] {processor.py:641} INFO - Processing file /home/luan/Documents/curso-extracao-de-dados/venv/lib/python3.9/site-packages/airflow/example_dags/example_sla_dag.py for tasks to queue
[2024-03-04 12:14:12,710] {logging_mixin.py:115} INFO - [2024-03-04 12:14:12,710] {dagbag.py:507} INFO - Filling up the DagBag from /home/luan/Documents/curso-extracao-de-dados/venv/lib/python3.9/site-packages/airflow/example_dags/example_sla_dag.py
[2024-03-04 12:14:12,720] {processor.py:651} INFO - DAG(s) dict_keys(['example_sla_dag']) retrieved from /home/luan/Documents/curso-extracao-de-dados/venv/lib/python3.9/site-packages/airflow/example_dags/example_sla_dag.py
[2024-03-04 12:14:12,730] {logging_mixin.py:115} INFO - [2024-03-04 12:14:12,729] {dag.py:2379} INFO - Sync 1 DAGs
[2024-03-04 12:14:12,744] {logging_mixin.py:115} INFO - [2024-03-04 12:14:12,744] {dag.py:2927} INFO - Setting next_dagrun for example_sla_dag to 2024-03-04T15:12:00+00:00, run_after=2024-03-04T15:14:00+00:00
[2024-03-04 12:14:12,760] {processor.py:161} INFO - Processing /home/luan/Documents/curso-extracao-de-dados/venv/lib/python3.9/site-packages/airflow/example_dags/example_sla_dag.py took 0.054 seconds
[2024-03-04 12:14:44,705] {processor.py:153} INFO - Started process (PID=31345) to work on /home/luan/Documents/curso-extracao-de-dados/venv/lib/python3.9/site-packages/airflow/example_dags/example_sla_dag.py
[2024-03-04 12:14:44,706] {processor.py:641} INFO - Processing file /home/luan/Documents/curso-extracao-de-dados/venv/lib/python3.9/site-packages/airflow/example_dags/example_sla_dag.py for tasks to queue
[2024-03-04 12:14:44,706] {logging_mixin.py:115} INFO - [2024-03-04 12:14:44,706] {dagbag.py:507} INFO - Filling up the DagBag from /home/luan/Documents/curso-extracao-de-dados/venv/lib/python3.9/site-packages/airflow/example_dags/example_sla_dag.py
[2024-03-04 12:14:44,718] {processor.py:651} INFO - DAG(s) dict_keys(['example_sla_dag']) retrieved from /home/luan/Documents/curso-extracao-de-dados/venv/lib/python3.9/site-packages/airflow/example_dags/example_sla_dag.py
[2024-03-04 12:14:44,727] {logging_mixin.py:115} INFO - [2024-03-04 12:14:44,727] {dag.py:2379} INFO - Sync 1 DAGs
[2024-03-04 12:14:44,742] {logging_mixin.py:115} INFO - [2024-03-04 12:14:44,742] {dag.py:2927} INFO - Setting next_dagrun for example_sla_dag to 2024-03-04T15:12:00+00:00, run_after=2024-03-04T15:14:00+00:00
[2024-03-04 12:14:44,755] {processor.py:161} INFO - Processing /home/luan/Documents/curso-extracao-de-dados/venv/lib/python3.9/site-packages/airflow/example_dags/example_sla_dag.py took 0.053 seconds
[2024-03-04 12:15:18,068] {processor.py:153} INFO - Started process (PID=31477) to work on /home/luan/Documents/curso-extracao-de-dados/venv/lib/python3.9/site-packages/airflow/example_dags/example_sla_dag.py
[2024-03-04 12:15:18,070] {processor.py:641} INFO - Processing file /home/luan/Documents/curso-extracao-de-dados/venv/lib/python3.9/site-packages/airflow/example_dags/example_sla_dag.py for tasks to queue
[2024-03-04 12:15:18,070] {logging_mixin.py:115} INFO - [2024-03-04 12:15:18,070] {dagbag.py:507} INFO - Filling up the DagBag from /home/luan/Documents/curso-extracao-de-dados/venv/lib/python3.9/site-packages/airflow/example_dags/example_sla_dag.py
[2024-03-04 12:15:18,090] {processor.py:651} INFO - DAG(s) dict_keys(['example_sla_dag']) retrieved from /home/luan/Documents/curso-extracao-de-dados/venv/lib/python3.9/site-packages/airflow/example_dags/example_sla_dag.py
[2024-03-04 12:15:18,104] {logging_mixin.py:115} INFO - [2024-03-04 12:15:18,104] {dag.py:2379} INFO - Sync 1 DAGs
[2024-03-04 12:15:18,122] {logging_mixin.py:115} INFO - [2024-03-04 12:15:18,122] {dag.py:2927} INFO - Setting next_dagrun for example_sla_dag to 2024-03-04T15:12:00+00:00, run_after=2024-03-04T15:14:00+00:00
[2024-03-04 12:15:18,136] {processor.py:161} INFO - Processing /home/luan/Documents/curso-extracao-de-dados/venv/lib/python3.9/site-packages/airflow/example_dags/example_sla_dag.py took 0.070 seconds
[2024-03-04 12:15:50,312] {processor.py:153} INFO - Started process (PID=31611) to work on /home/luan/Documents/curso-extracao-de-dados/venv/lib/python3.9/site-packages/airflow/example_dags/example_sla_dag.py
[2024-03-04 12:15:50,316] {processor.py:641} INFO - Processing file /home/luan/Documents/curso-extracao-de-dados/venv/lib/python3.9/site-packages/airflow/example_dags/example_sla_dag.py for tasks to queue
[2024-03-04 12:15:50,317] {logging_mixin.py:115} INFO - [2024-03-04 12:15:50,317] {dagbag.py:507} INFO - Filling up the DagBag from /home/luan/Documents/curso-extracao-de-dados/venv/lib/python3.9/site-packages/airflow/example_dags/example_sla_dag.py
[2024-03-04 12:15:50,328] {processor.py:651} INFO - DAG(s) dict_keys(['example_sla_dag']) retrieved from /home/luan/Documents/curso-extracao-de-dados/venv/lib/python3.9/site-packages/airflow/example_dags/example_sla_dag.py
[2024-03-04 12:15:50,338] {logging_mixin.py:115} INFO - [2024-03-04 12:15:50,338] {dag.py:2379} INFO - Sync 1 DAGs
[2024-03-04 12:15:50,355] {logging_mixin.py:115} INFO - [2024-03-04 12:15:50,355] {dag.py:2927} INFO - Setting next_dagrun for example_sla_dag to 2024-03-04T15:12:00+00:00, run_after=2024-03-04T15:14:00+00:00
[2024-03-04 12:15:50,371] {processor.py:161} INFO - Processing /home/luan/Documents/curso-extracao-de-dados/venv/lib/python3.9/site-packages/airflow/example_dags/example_sla_dag.py took 0.061 seconds
[2024-03-04 12:16:11,518] {processor.py:153} INFO - Started process (PID=31792) to work on /home/luan/Documents/curso-extracao-de-dados/venv/lib/python3.9/site-packages/airflow/example_dags/example_sla_dag.py
[2024-03-04 12:16:11,520] {processor.py:641} INFO - Processing file /home/luan/Documents/curso-extracao-de-dados/venv/lib/python3.9/site-packages/airflow/example_dags/example_sla_dag.py for tasks to queue
[2024-03-04 12:16:11,521] {logging_mixin.py:115} INFO - [2024-03-04 12:16:11,521] {dagbag.py:507} INFO - Filling up the DagBag from /home/luan/Documents/curso-extracao-de-dados/venv/lib/python3.9/site-packages/airflow/example_dags/example_sla_dag.py
[2024-03-04 12:16:11,532] {processor.py:651} INFO - DAG(s) dict_keys(['example_sla_dag']) retrieved from /home/luan/Documents/curso-extracao-de-dados/venv/lib/python3.9/site-packages/airflow/example_dags/example_sla_dag.py
[2024-03-04 12:16:11,541] {logging_mixin.py:115} INFO - [2024-03-04 12:16:11,541] {dag.py:2379} INFO - Sync 1 DAGs
[2024-03-04 12:16:11,556] {logging_mixin.py:115} INFO - [2024-03-04 12:16:11,556] {dag.py:2927} INFO - Setting next_dagrun for example_sla_dag to 2024-03-04T15:14:00+00:00, run_after=2024-03-04T15:16:00+00:00
[2024-03-04 12:16:11,569] {processor.py:161} INFO - Processing /home/luan/Documents/curso-extracao-de-dados/venv/lib/python3.9/site-packages/airflow/example_dags/example_sla_dag.py took 0.052 seconds
[2024-03-04 12:16:43,615] {processor.py:153} INFO - Started process (PID=31922) to work on /home/luan/Documents/curso-extracao-de-dados/venv/lib/python3.9/site-packages/airflow/example_dags/example_sla_dag.py
[2024-03-04 12:16:43,619] {processor.py:641} INFO - Processing file /home/luan/Documents/curso-extracao-de-dados/venv/lib/python3.9/site-packages/airflow/example_dags/example_sla_dag.py for tasks to queue
[2024-03-04 12:16:43,619] {logging_mixin.py:115} INFO - [2024-03-04 12:16:43,619] {dagbag.py:507} INFO - Filling up the DagBag from /home/luan/Documents/curso-extracao-de-dados/venv/lib/python3.9/site-packages/airflow/example_dags/example_sla_dag.py
[2024-03-04 12:16:43,630] {processor.py:651} INFO - DAG(s) dict_keys(['example_sla_dag']) retrieved from /home/luan/Documents/curso-extracao-de-dados/venv/lib/python3.9/site-packages/airflow/example_dags/example_sla_dag.py
[2024-03-04 12:16:43,640] {logging_mixin.py:115} INFO - [2024-03-04 12:16:43,640] {dag.py:2379} INFO - Sync 1 DAGs
[2024-03-04 12:16:43,655] {logging_mixin.py:115} INFO - [2024-03-04 12:16:43,655] {dag.py:2927} INFO - Setting next_dagrun for example_sla_dag to 2024-03-04T15:14:00+00:00, run_after=2024-03-04T15:16:00+00:00
[2024-03-04 12:16:43,669] {processor.py:161} INFO - Processing /home/luan/Documents/curso-extracao-de-dados/venv/lib/python3.9/site-packages/airflow/example_dags/example_sla_dag.py took 0.055 seconds
[2024-03-04 12:17:16,777] {processor.py:153} INFO - Started process (PID=32062) to work on /home/luan/Documents/curso-extracao-de-dados/venv/lib/python3.9/site-packages/airflow/example_dags/example_sla_dag.py
[2024-03-04 12:17:16,781] {processor.py:641} INFO - Processing file /home/luan/Documents/curso-extracao-de-dados/venv/lib/python3.9/site-packages/airflow/example_dags/example_sla_dag.py for tasks to queue
[2024-03-04 12:17:16,781] {logging_mixin.py:115} INFO - [2024-03-04 12:17:16,781] {dagbag.py:507} INFO - Filling up the DagBag from /home/luan/Documents/curso-extracao-de-dados/venv/lib/python3.9/site-packages/airflow/example_dags/example_sla_dag.py
[2024-03-04 12:17:16,792] {processor.py:651} INFO - DAG(s) dict_keys(['example_sla_dag']) retrieved from /home/luan/Documents/curso-extracao-de-dados/venv/lib/python3.9/site-packages/airflow/example_dags/example_sla_dag.py
[2024-03-04 12:17:16,802] {logging_mixin.py:115} INFO - [2024-03-04 12:17:16,802] {dag.py:2379} INFO - Sync 1 DAGs
[2024-03-04 12:17:16,817] {logging_mixin.py:115} INFO - [2024-03-04 12:17:16,816] {dag.py:2927} INFO - Setting next_dagrun for example_sla_dag to 2024-03-04T15:14:00+00:00, run_after=2024-03-04T15:16:00+00:00
[2024-03-04 12:17:16,830] {processor.py:161} INFO - Processing /home/luan/Documents/curso-extracao-de-dados/venv/lib/python3.9/site-packages/airflow/example_dags/example_sla_dag.py took 0.054 seconds
[2024-03-04 12:17:49,769] {processor.py:153} INFO - Started process (PID=32186) to work on /home/luan/Documents/curso-extracao-de-dados/venv/lib/python3.9/site-packages/airflow/example_dags/example_sla_dag.py
[2024-03-04 12:17:49,770] {processor.py:641} INFO - Processing file /home/luan/Documents/curso-extracao-de-dados/venv/lib/python3.9/site-packages/airflow/example_dags/example_sla_dag.py for tasks to queue
[2024-03-04 12:17:49,771] {logging_mixin.py:115} INFO - [2024-03-04 12:17:49,771] {dagbag.py:507} INFO - Filling up the DagBag from /home/luan/Documents/curso-extracao-de-dados/venv/lib/python3.9/site-packages/airflow/example_dags/example_sla_dag.py
[2024-03-04 12:17:49,781] {processor.py:651} INFO - DAG(s) dict_keys(['example_sla_dag']) retrieved from /home/luan/Documents/curso-extracao-de-dados/venv/lib/python3.9/site-packages/airflow/example_dags/example_sla_dag.py
[2024-03-04 12:17:49,791] {logging_mixin.py:115} INFO - [2024-03-04 12:17:49,791] {dag.py:2379} INFO - Sync 1 DAGs
[2024-03-04 12:17:49,806] {logging_mixin.py:115} INFO - [2024-03-04 12:17:49,806] {dag.py:2927} INFO - Setting next_dagrun for example_sla_dag to 2024-03-04T15:14:00+00:00, run_after=2024-03-04T15:16:00+00:00
[2024-03-04 12:17:49,818] {processor.py:161} INFO - Processing /home/luan/Documents/curso-extracao-de-dados/venv/lib/python3.9/site-packages/airflow/example_dags/example_sla_dag.py took 0.051 seconds
[2024-03-04 12:18:45,356] {processor.py:153} INFO - Started process (PID=32490) to work on /home/luan/Documents/curso-extracao-de-dados/venv/lib/python3.9/site-packages/airflow/example_dags/example_sla_dag.py
[2024-03-04 12:18:45,358] {processor.py:641} INFO - Processing file /home/luan/Documents/curso-extracao-de-dados/venv/lib/python3.9/site-packages/airflow/example_dags/example_sla_dag.py for tasks to queue
[2024-03-04 12:18:45,359] {logging_mixin.py:115} INFO - [2024-03-04 12:18:45,359] {dagbag.py:507} INFO - Filling up the DagBag from /home/luan/Documents/curso-extracao-de-dados/venv/lib/python3.9/site-packages/airflow/example_dags/example_sla_dag.py
[2024-03-04 12:18:45,370] {processor.py:651} INFO - DAG(s) dict_keys(['example_sla_dag']) retrieved from /home/luan/Documents/curso-extracao-de-dados/venv/lib/python3.9/site-packages/airflow/example_dags/example_sla_dag.py
[2024-03-04 12:18:45,379] {logging_mixin.py:115} INFO - [2024-03-04 12:18:45,379] {dag.py:2379} INFO - Sync 1 DAGs
[2024-03-04 12:18:45,394] {logging_mixin.py:115} INFO - [2024-03-04 12:18:45,394] {dag.py:2927} INFO - Setting next_dagrun for example_sla_dag to 2024-03-04T15:16:00+00:00, run_after=2024-03-04T15:18:00+00:00
[2024-03-04 12:18:45,408] {processor.py:161} INFO - Processing /home/luan/Documents/curso-extracao-de-dados/venv/lib/python3.9/site-packages/airflow/example_dags/example_sla_dag.py took 0.053 seconds
[2024-03-04 12:19:17,348] {processor.py:153} INFO - Started process (PID=32620) to work on /home/luan/Documents/curso-extracao-de-dados/venv/lib/python3.9/site-packages/airflow/example_dags/example_sla_dag.py
[2024-03-04 12:19:17,351] {processor.py:641} INFO - Processing file /home/luan/Documents/curso-extracao-de-dados/venv/lib/python3.9/site-packages/airflow/example_dags/example_sla_dag.py for tasks to queue
[2024-03-04 12:19:17,352] {logging_mixin.py:115} INFO - [2024-03-04 12:19:17,352] {dagbag.py:507} INFO - Filling up the DagBag from /home/luan/Documents/curso-extracao-de-dados/venv/lib/python3.9/site-packages/airflow/example_dags/example_sla_dag.py
[2024-03-04 12:19:17,363] {processor.py:651} INFO - DAG(s) dict_keys(['example_sla_dag']) retrieved from /home/luan/Documents/curso-extracao-de-dados/venv/lib/python3.9/site-packages/airflow/example_dags/example_sla_dag.py
[2024-03-04 12:19:17,373] {logging_mixin.py:115} INFO - [2024-03-04 12:19:17,373] {dag.py:2379} INFO - Sync 1 DAGs
[2024-03-04 12:19:17,387] {logging_mixin.py:115} INFO - [2024-03-04 12:19:17,387] {dag.py:2927} INFO - Setting next_dagrun for example_sla_dag to 2024-03-04T15:16:00+00:00, run_after=2024-03-04T15:18:00+00:00
[2024-03-04 12:19:17,399] {processor.py:161} INFO - Processing /home/luan/Documents/curso-extracao-de-dados/venv/lib/python3.9/site-packages/airflow/example_dags/example_sla_dag.py took 0.053 seconds
