[2024-03-04 11:21:36,617] {processor.py:153} INFO - Started process (PID=17547) to work on /home/luan/Documents/curso-extracao-de-dados/venv/lib/python3.9/site-packages/airflow/example_dags/example_xcom.py
[2024-03-04 11:21:36,618] {processor.py:641} INFO - Processing file /home/luan/Documents/curso-extracao-de-dados/venv/lib/python3.9/site-packages/airflow/example_dags/example_xcom.py for tasks to queue
[2024-03-04 11:21:36,618] {logging_mixin.py:115} INFO - [2024-03-04 11:21:36,618] {dagbag.py:507} INFO - Filling up the DagBag from /home/luan/Documents/curso-extracao-de-dados/venv/lib/python3.9/site-packages/airflow/example_dags/example_xcom.py
[2024-03-04 11:21:36,629] {processor.py:651} INFO - DAG(s) dict_keys(['example_xcom']) retrieved from /home/luan/Documents/curso-extracao-de-dados/venv/lib/python3.9/site-packages/airflow/example_dags/example_xcom.py
[2024-03-04 11:21:36,682] {logging_mixin.py:115} INFO - [2024-03-04 11:21:36,682] {manager.py:508} INFO - Created Permission View: can edit on DAG:example_xcom
[2024-03-04 11:21:36,693] {logging_mixin.py:115} INFO - [2024-03-04 11:21:36,693] {manager.py:508} INFO - Created Permission View: can delete on DAG:example_xcom
[2024-03-04 11:21:36,702] {logging_mixin.py:115} INFO - [2024-03-04 11:21:36,702] {manager.py:508} INFO - Created Permission View: can read on DAG:example_xcom
[2024-03-04 11:21:36,702] {logging_mixin.py:115} INFO - [2024-03-04 11:21:36,702] {dag.py:2379} INFO - Sync 1 DAGs
[2024-03-04 11:21:36,708] {logging_mixin.py:115} INFO - [2024-03-04 11:21:36,708] {dag.py:2398} INFO - Creating ORM DAG for example_xcom
[2024-03-04 11:21:36,714] {logging_mixin.py:115} INFO - [2024-03-04 11:21:36,714] {dag.py:2927} INFO - Setting next_dagrun for example_xcom to 2021-01-01T00:00:00+00:00, run_after=2021-01-01T00:00:00+00:00
[2024-03-04 11:21:36,729] {processor.py:161} INFO - Processing /home/luan/Documents/curso-extracao-de-dados/venv/lib/python3.9/site-packages/airflow/example_dags/example_xcom.py took 0.114 seconds
[2024-03-04 11:22:09,156] {processor.py:153} INFO - Started process (PID=17678) to work on /home/luan/Documents/curso-extracao-de-dados/venv/lib/python3.9/site-packages/airflow/example_dags/example_xcom.py
[2024-03-04 11:22:09,157] {processor.py:641} INFO - Processing file /home/luan/Documents/curso-extracao-de-dados/venv/lib/python3.9/site-packages/airflow/example_dags/example_xcom.py for tasks to queue
[2024-03-04 11:22:09,157] {logging_mixin.py:115} INFO - [2024-03-04 11:22:09,157] {dagbag.py:507} INFO - Filling up the DagBag from /home/luan/Documents/curso-extracao-de-dados/venv/lib/python3.9/site-packages/airflow/example_dags/example_xcom.py
[2024-03-04 11:22:09,169] {processor.py:651} INFO - DAG(s) dict_keys(['example_xcom']) retrieved from /home/luan/Documents/curso-extracao-de-dados/venv/lib/python3.9/site-packages/airflow/example_dags/example_xcom.py
[2024-03-04 11:22:09,199] {logging_mixin.py:115} INFO - [2024-03-04 11:22:09,199] {dag.py:2379} INFO - Sync 1 DAGs
[2024-03-04 11:22:09,209] {logging_mixin.py:115} INFO - [2024-03-04 11:22:09,209] {dag.py:2927} INFO - Setting next_dagrun for example_xcom to 2021-01-01T00:00:00+00:00, run_after=2021-01-01T00:00:00+00:00
[2024-03-04 11:22:09,224] {processor.py:161} INFO - Processing /home/luan/Documents/curso-extracao-de-dados/venv/lib/python3.9/site-packages/airflow/example_dags/example_xcom.py took 0.070 seconds
[2024-03-04 11:22:43,003] {processor.py:153} INFO - Started process (PID=17810) to work on /home/luan/Documents/curso-extracao-de-dados/venv/lib/python3.9/site-packages/airflow/example_dags/example_xcom.py
[2024-03-04 11:22:43,004] {processor.py:641} INFO - Processing file /home/luan/Documents/curso-extracao-de-dados/venv/lib/python3.9/site-packages/airflow/example_dags/example_xcom.py for tasks to queue
[2024-03-04 11:22:43,004] {logging_mixin.py:115} INFO - [2024-03-04 11:22:43,004] {dagbag.py:507} INFO - Filling up the DagBag from /home/luan/Documents/curso-extracao-de-dados/venv/lib/python3.9/site-packages/airflow/example_dags/example_xcom.py
[2024-03-04 11:22:43,015] {processor.py:651} INFO - DAG(s) dict_keys(['example_xcom']) retrieved from /home/luan/Documents/curso-extracao-de-dados/venv/lib/python3.9/site-packages/airflow/example_dags/example_xcom.py
[2024-03-04 11:22:43,025] {logging_mixin.py:115} INFO - [2024-03-04 11:22:43,024] {dag.py:2379} INFO - Sync 1 DAGs
[2024-03-04 11:22:43,038] {logging_mixin.py:115} INFO - [2024-03-04 11:22:43,037] {dag.py:2927} INFO - Setting next_dagrun for example_xcom to 2021-01-01T00:00:00+00:00, run_after=2021-01-01T00:00:00+00:00
[2024-03-04 11:22:43,054] {processor.py:161} INFO - Processing /home/luan/Documents/curso-extracao-de-dados/venv/lib/python3.9/site-packages/airflow/example_dags/example_xcom.py took 0.053 seconds
[2024-03-04 12:05:59,210] {processor.py:153} INFO - Started process (PID=28779) to work on /home/luan/Documents/curso-extracao-de-dados/venv/lib/python3.9/site-packages/airflow/example_dags/example_xcom.py
[2024-03-04 12:05:59,214] {processor.py:641} INFO - Processing file /home/luan/Documents/curso-extracao-de-dados/venv/lib/python3.9/site-packages/airflow/example_dags/example_xcom.py for tasks to queue
[2024-03-04 12:05:59,214] {logging_mixin.py:115} INFO - [2024-03-04 12:05:59,214] {dagbag.py:507} INFO - Filling up the DagBag from /home/luan/Documents/curso-extracao-de-dados/venv/lib/python3.9/site-packages/airflow/example_dags/example_xcom.py
[2024-03-04 12:05:59,227] {processor.py:651} INFO - DAG(s) dict_keys(['example_xcom']) retrieved from /home/luan/Documents/curso-extracao-de-dados/venv/lib/python3.9/site-packages/airflow/example_dags/example_xcom.py
[2024-03-04 12:05:59,259] {logging_mixin.py:115} INFO - [2024-03-04 12:05:59,259] {dag.py:2379} INFO - Sync 1 DAGs
[2024-03-04 12:05:59,272] {logging_mixin.py:115} INFO - [2024-03-04 12:05:59,271] {dag.py:2927} INFO - Setting next_dagrun for example_xcom to 2021-01-01T00:00:00+00:00, run_after=2021-01-01T00:00:00+00:00
[2024-03-04 12:05:59,286] {processor.py:161} INFO - Processing /home/luan/Documents/curso-extracao-de-dados/venv/lib/python3.9/site-packages/airflow/example_dags/example_xcom.py took 0.077 seconds
[2024-03-04 12:06:34,782] {processor.py:153} INFO - Started process (PID=29134) to work on /home/luan/Documents/curso-extracao-de-dados/venv/lib/python3.9/site-packages/airflow/example_dags/example_xcom.py
[2024-03-04 12:06:34,783] {processor.py:641} INFO - Processing file /home/luan/Documents/curso-extracao-de-dados/venv/lib/python3.9/site-packages/airflow/example_dags/example_xcom.py for tasks to queue
[2024-03-04 12:06:34,784] {logging_mixin.py:115} INFO - [2024-03-04 12:06:34,784] {dagbag.py:507} INFO - Filling up the DagBag from /home/luan/Documents/curso-extracao-de-dados/venv/lib/python3.9/site-packages/airflow/example_dags/example_xcom.py
[2024-03-04 12:06:34,795] {processor.py:651} INFO - DAG(s) dict_keys(['example_xcom']) retrieved from /home/luan/Documents/curso-extracao-de-dados/venv/lib/python3.9/site-packages/airflow/example_dags/example_xcom.py
[2024-03-04 12:06:34,824] {logging_mixin.py:115} INFO - [2024-03-04 12:06:34,824] {dag.py:2379} INFO - Sync 1 DAGs
[2024-03-04 12:06:34,834] {logging_mixin.py:115} INFO - [2024-03-04 12:06:34,834] {dag.py:2927} INFO - Setting next_dagrun for example_xcom to 2021-01-01T00:00:00+00:00, run_after=2021-01-01T00:00:00+00:00
[2024-03-04 12:06:34,850] {processor.py:161} INFO - Processing /home/luan/Documents/curso-extracao-de-dados/venv/lib/python3.9/site-packages/airflow/example_dags/example_xcom.py took 0.069 seconds
[2024-03-04 12:07:27,050] {processor.py:153} INFO - Started process (PID=29400) to work on /home/luan/Documents/curso-extracao-de-dados/venv/lib/python3.9/site-packages/airflow/example_dags/example_xcom.py
[2024-03-04 12:07:27,051] {processor.py:641} INFO - Processing file /home/luan/Documents/curso-extracao-de-dados/venv/lib/python3.9/site-packages/airflow/example_dags/example_xcom.py for tasks to queue
[2024-03-04 12:07:27,051] {logging_mixin.py:115} INFO - [2024-03-04 12:07:27,051] {dagbag.py:507} INFO - Filling up the DagBag from /home/luan/Documents/curso-extracao-de-dados/venv/lib/python3.9/site-packages/airflow/example_dags/example_xcom.py
[2024-03-04 12:07:27,063] {processor.py:651} INFO - DAG(s) dict_keys(['example_xcom']) retrieved from /home/luan/Documents/curso-extracao-de-dados/venv/lib/python3.9/site-packages/airflow/example_dags/example_xcom.py
[2024-03-04 12:07:27,093] {logging_mixin.py:115} INFO - [2024-03-04 12:07:27,093] {dag.py:2379} INFO - Sync 1 DAGs
[2024-03-04 12:07:27,103] {logging_mixin.py:115} INFO - [2024-03-04 12:07:27,103] {dag.py:2927} INFO - Setting next_dagrun for example_xcom to 2021-01-01T00:00:00+00:00, run_after=2021-01-01T00:00:00+00:00
[2024-03-04 12:07:27,118] {processor.py:161} INFO - Processing /home/luan/Documents/curso-extracao-de-dados/venv/lib/python3.9/site-packages/airflow/example_dags/example_xcom.py took 0.070 seconds
[2024-03-04 12:08:01,300] {processor.py:153} INFO - Started process (PID=29519) to work on /home/luan/Documents/curso-extracao-de-dados/venv/lib/python3.9/site-packages/airflow/example_dags/example_xcom.py
[2024-03-04 12:08:01,304] {processor.py:641} INFO - Processing file /home/luan/Documents/curso-extracao-de-dados/venv/lib/python3.9/site-packages/airflow/example_dags/example_xcom.py for tasks to queue
[2024-03-04 12:08:01,304] {logging_mixin.py:115} INFO - [2024-03-04 12:08:01,304] {dagbag.py:507} INFO - Filling up the DagBag from /home/luan/Documents/curso-extracao-de-dados/venv/lib/python3.9/site-packages/airflow/example_dags/example_xcom.py
[2024-03-04 12:08:01,316] {processor.py:651} INFO - DAG(s) dict_keys(['example_xcom']) retrieved from /home/luan/Documents/curso-extracao-de-dados/venv/lib/python3.9/site-packages/airflow/example_dags/example_xcom.py
[2024-03-04 12:08:01,344] {logging_mixin.py:115} INFO - [2024-03-04 12:08:01,344] {dag.py:2379} INFO - Sync 1 DAGs
[2024-03-04 12:08:01,354] {logging_mixin.py:115} INFO - [2024-03-04 12:08:01,354] {dag.py:2927} INFO - Setting next_dagrun for example_xcom to 2021-01-01T00:00:00+00:00, run_after=2021-01-01T00:00:00+00:00
[2024-03-04 12:08:01,370] {processor.py:161} INFO - Processing /home/luan/Documents/curso-extracao-de-dados/venv/lib/python3.9/site-packages/airflow/example_dags/example_xcom.py took 0.072 seconds
[2024-03-04 12:08:33,390] {processor.py:153} INFO - Started process (PID=29649) to work on /home/luan/Documents/curso-extracao-de-dados/venv/lib/python3.9/site-packages/airflow/example_dags/example_xcom.py
[2024-03-04 12:08:33,393] {processor.py:641} INFO - Processing file /home/luan/Documents/curso-extracao-de-dados/venv/lib/python3.9/site-packages/airflow/example_dags/example_xcom.py for tasks to queue
[2024-03-04 12:08:33,394] {logging_mixin.py:115} INFO - [2024-03-04 12:08:33,394] {dagbag.py:507} INFO - Filling up the DagBag from /home/luan/Documents/curso-extracao-de-dados/venv/lib/python3.9/site-packages/airflow/example_dags/example_xcom.py
[2024-03-04 12:08:33,405] {processor.py:651} INFO - DAG(s) dict_keys(['example_xcom']) retrieved from /home/luan/Documents/curso-extracao-de-dados/venv/lib/python3.9/site-packages/airflow/example_dags/example_xcom.py
[2024-03-04 12:08:33,435] {logging_mixin.py:115} INFO - [2024-03-04 12:08:33,435] {dag.py:2379} INFO - Sync 1 DAGs
[2024-03-04 12:08:33,447] {logging_mixin.py:115} INFO - [2024-03-04 12:08:33,447] {dag.py:2927} INFO - Setting next_dagrun for example_xcom to 2021-01-01T00:00:00+00:00, run_after=2021-01-01T00:00:00+00:00
[2024-03-04 12:08:33,461] {processor.py:161} INFO - Processing /home/luan/Documents/curso-extracao-de-dados/venv/lib/python3.9/site-packages/airflow/example_dags/example_xcom.py took 0.073 seconds
[2024-03-04 12:09:05,988] {processor.py:153} INFO - Started process (PID=29785) to work on /home/luan/Documents/curso-extracao-de-dados/venv/lib/python3.9/site-packages/airflow/example_dags/example_xcom.py
[2024-03-04 12:09:05,992] {processor.py:641} INFO - Processing file /home/luan/Documents/curso-extracao-de-dados/venv/lib/python3.9/site-packages/airflow/example_dags/example_xcom.py for tasks to queue
[2024-03-04 12:09:05,993] {logging_mixin.py:115} INFO - [2024-03-04 12:09:05,992] {dagbag.py:507} INFO - Filling up the DagBag from /home/luan/Documents/curso-extracao-de-dados/venv/lib/python3.9/site-packages/airflow/example_dags/example_xcom.py
[2024-03-04 12:09:06,003] {processor.py:651} INFO - DAG(s) dict_keys(['example_xcom']) retrieved from /home/luan/Documents/curso-extracao-de-dados/venv/lib/python3.9/site-packages/airflow/example_dags/example_xcom.py
[2024-03-04 12:09:06,030] {logging_mixin.py:115} INFO - [2024-03-04 12:09:06,030] {dag.py:2379} INFO - Sync 1 DAGs
[2024-03-04 12:09:06,041] {logging_mixin.py:115} INFO - [2024-03-04 12:09:06,040] {dag.py:2927} INFO - Setting next_dagrun for example_xcom to 2021-01-01T00:00:00+00:00, run_after=2021-01-01T00:00:00+00:00
[2024-03-04 12:09:06,054] {processor.py:161} INFO - Processing /home/luan/Documents/curso-extracao-de-dados/venv/lib/python3.9/site-packages/airflow/example_dags/example_xcom.py took 0.068 seconds
[2024-03-04 12:10:04,729] {processor.py:153} INFO - Started process (PID=30096) to work on /home/luan/Documents/curso-extracao-de-dados/venv/lib/python3.9/site-packages/airflow/example_dags/example_xcom.py
[2024-03-04 12:10:04,731] {processor.py:641} INFO - Processing file /home/luan/Documents/curso-extracao-de-dados/venv/lib/python3.9/site-packages/airflow/example_dags/example_xcom.py for tasks to queue
[2024-03-04 12:10:04,731] {logging_mixin.py:115} INFO - [2024-03-04 12:10:04,731] {dagbag.py:507} INFO - Filling up the DagBag from /home/luan/Documents/curso-extracao-de-dados/venv/lib/python3.9/site-packages/airflow/example_dags/example_xcom.py
[2024-03-04 12:10:04,742] {processor.py:651} INFO - DAG(s) dict_keys(['example_xcom']) retrieved from /home/luan/Documents/curso-extracao-de-dados/venv/lib/python3.9/site-packages/airflow/example_dags/example_xcom.py
[2024-03-04 12:10:04,769] {logging_mixin.py:115} INFO - [2024-03-04 12:10:04,769] {dag.py:2379} INFO - Sync 1 DAGs
[2024-03-04 12:10:04,780] {logging_mixin.py:115} INFO - [2024-03-04 12:10:04,780] {dag.py:2927} INFO - Setting next_dagrun for example_xcom to 2021-01-01T00:00:00+00:00, run_after=2021-01-01T00:00:00+00:00
[2024-03-04 12:10:04,795] {processor.py:161} INFO - Processing /home/luan/Documents/curso-extracao-de-dados/venv/lib/python3.9/site-packages/airflow/example_dags/example_xcom.py took 0.067 seconds
[2024-03-04 12:10:38,979] {processor.py:153} INFO - Started process (PID=30227) to work on /home/luan/Documents/curso-extracao-de-dados/venv/lib/python3.9/site-packages/airflow/example_dags/example_xcom.py
[2024-03-04 12:10:38,983] {processor.py:641} INFO - Processing file /home/luan/Documents/curso-extracao-de-dados/venv/lib/python3.9/site-packages/airflow/example_dags/example_xcom.py for tasks to queue
[2024-03-04 12:10:38,984] {logging_mixin.py:115} INFO - [2024-03-04 12:10:38,984] {dagbag.py:507} INFO - Filling up the DagBag from /home/luan/Documents/curso-extracao-de-dados/venv/lib/python3.9/site-packages/airflow/example_dags/example_xcom.py
[2024-03-04 12:10:38,995] {processor.py:651} INFO - DAG(s) dict_keys(['example_xcom']) retrieved from /home/luan/Documents/curso-extracao-de-dados/venv/lib/python3.9/site-packages/airflow/example_dags/example_xcom.py
[2024-03-04 12:10:39,022] {logging_mixin.py:115} INFO - [2024-03-04 12:10:39,022] {dag.py:2379} INFO - Sync 1 DAGs
[2024-03-04 12:10:39,032] {logging_mixin.py:115} INFO - [2024-03-04 12:10:39,032] {dag.py:2927} INFO - Setting next_dagrun for example_xcom to 2021-01-01T00:00:00+00:00, run_after=2021-01-01T00:00:00+00:00
[2024-03-04 12:10:39,046] {processor.py:161} INFO - Processing /home/luan/Documents/curso-extracao-de-dados/venv/lib/python3.9/site-packages/airflow/example_dags/example_xcom.py took 0.068 seconds
[2024-03-04 12:11:11,023] {processor.py:153} INFO - Started process (PID=30364) to work on /home/luan/Documents/curso-extracao-de-dados/venv/lib/python3.9/site-packages/airflow/example_dags/example_xcom.py
[2024-03-04 12:11:11,027] {processor.py:641} INFO - Processing file /home/luan/Documents/curso-extracao-de-dados/venv/lib/python3.9/site-packages/airflow/example_dags/example_xcom.py for tasks to queue
[2024-03-04 12:11:11,028] {logging_mixin.py:115} INFO - [2024-03-04 12:11:11,028] {dagbag.py:507} INFO - Filling up the DagBag from /home/luan/Documents/curso-extracao-de-dados/venv/lib/python3.9/site-packages/airflow/example_dags/example_xcom.py
[2024-03-04 12:11:11,040] {processor.py:651} INFO - DAG(s) dict_keys(['example_xcom']) retrieved from /home/luan/Documents/curso-extracao-de-dados/venv/lib/python3.9/site-packages/airflow/example_dags/example_xcom.py
[2024-03-04 12:11:11,054] {logging_mixin.py:115} INFO - [2024-03-04 12:11:11,054] {dag.py:2379} INFO - Sync 1 DAGs
[2024-03-04 12:11:11,066] {logging_mixin.py:115} INFO - [2024-03-04 12:11:11,066] {dag.py:2927} INFO - Setting next_dagrun for example_xcom to 2021-01-01T00:00:00+00:00, run_after=2021-01-01T00:00:00+00:00
[2024-03-04 12:11:11,080] {processor.py:161} INFO - Processing /home/luan/Documents/curso-extracao-de-dados/venv/lib/python3.9/site-packages/airflow/example_dags/example_xcom.py took 0.059 seconds
[2024-03-04 12:14:22,991] {processor.py:153} INFO - Started process (PID=31263) to work on /home/luan/Documents/curso-extracao-de-dados/venv/lib/python3.9/site-packages/airflow/example_dags/example_xcom.py
[2024-03-04 12:14:22,995] {processor.py:641} INFO - Processing file /home/luan/Documents/curso-extracao-de-dados/venv/lib/python3.9/site-packages/airflow/example_dags/example_xcom.py for tasks to queue
[2024-03-04 12:14:22,995] {logging_mixin.py:115} INFO - [2024-03-04 12:14:22,995] {dagbag.py:507} INFO - Filling up the DagBag from /home/luan/Documents/curso-extracao-de-dados/venv/lib/python3.9/site-packages/airflow/example_dags/example_xcom.py
[2024-03-04 12:14:23,007] {processor.py:651} INFO - DAG(s) dict_keys(['example_xcom']) retrieved from /home/luan/Documents/curso-extracao-de-dados/venv/lib/python3.9/site-packages/airflow/example_dags/example_xcom.py
[2024-03-04 12:14:23,038] {logging_mixin.py:115} INFO - [2024-03-04 12:14:23,038] {dag.py:2379} INFO - Sync 1 DAGs
[2024-03-04 12:14:23,049] {logging_mixin.py:115} INFO - [2024-03-04 12:14:23,049] {dag.py:2927} INFO - Setting next_dagrun for example_xcom to 2021-01-01T00:00:00+00:00, run_after=2021-01-01T00:00:00+00:00
[2024-03-04 12:14:23,063] {processor.py:161} INFO - Processing /home/luan/Documents/curso-extracao-de-dados/venv/lib/python3.9/site-packages/airflow/example_dags/example_xcom.py took 0.074 seconds
[2024-03-04 12:14:57,252] {processor.py:153} INFO - Started process (PID=31393) to work on /home/luan/Documents/curso-extracao-de-dados/venv/lib/python3.9/site-packages/airflow/example_dags/example_xcom.py
[2024-03-04 12:14:57,255] {processor.py:641} INFO - Processing file /home/luan/Documents/curso-extracao-de-dados/venv/lib/python3.9/site-packages/airflow/example_dags/example_xcom.py for tasks to queue
[2024-03-04 12:14:57,256] {logging_mixin.py:115} INFO - [2024-03-04 12:14:57,256] {dagbag.py:507} INFO - Filling up the DagBag from /home/luan/Documents/curso-extracao-de-dados/venv/lib/python3.9/site-packages/airflow/example_dags/example_xcom.py
[2024-03-04 12:14:57,270] {processor.py:651} INFO - DAG(s) dict_keys(['example_xcom']) retrieved from /home/luan/Documents/curso-extracao-de-dados/venv/lib/python3.9/site-packages/airflow/example_dags/example_xcom.py
[2024-03-04 12:14:57,303] {logging_mixin.py:115} INFO - [2024-03-04 12:14:57,303] {dag.py:2379} INFO - Sync 1 DAGs
[2024-03-04 12:14:57,315] {logging_mixin.py:115} INFO - [2024-03-04 12:14:57,315] {dag.py:2927} INFO - Setting next_dagrun for example_xcom to 2021-01-01T00:00:00+00:00, run_after=2021-01-01T00:00:00+00:00
[2024-03-04 12:14:57,331] {processor.py:161} INFO - Processing /home/luan/Documents/curso-extracao-de-dados/venv/lib/python3.9/site-packages/airflow/example_dags/example_xcom.py took 0.081 seconds
[2024-03-04 12:15:29,740] {processor.py:153} INFO - Started process (PID=31525) to work on /home/luan/Documents/curso-extracao-de-dados/venv/lib/python3.9/site-packages/airflow/example_dags/example_xcom.py
[2024-03-04 12:15:29,741] {processor.py:641} INFO - Processing file /home/luan/Documents/curso-extracao-de-dados/venv/lib/python3.9/site-packages/airflow/example_dags/example_xcom.py for tasks to queue
[2024-03-04 12:15:29,742] {logging_mixin.py:115} INFO - [2024-03-04 12:15:29,742] {dagbag.py:507} INFO - Filling up the DagBag from /home/luan/Documents/curso-extracao-de-dados/venv/lib/python3.9/site-packages/airflow/example_dags/example_xcom.py
[2024-03-04 12:15:29,753] {processor.py:651} INFO - DAG(s) dict_keys(['example_xcom']) retrieved from /home/luan/Documents/curso-extracao-de-dados/venv/lib/python3.9/site-packages/airflow/example_dags/example_xcom.py
[2024-03-04 12:15:29,764] {logging_mixin.py:115} INFO - [2024-03-04 12:15:29,764] {dag.py:2379} INFO - Sync 1 DAGs
[2024-03-04 12:15:29,775] {logging_mixin.py:115} INFO - [2024-03-04 12:15:29,775] {dag.py:2927} INFO - Setting next_dagrun for example_xcom to 2021-01-01T00:00:00+00:00, run_after=2021-01-01T00:00:00+00:00
[2024-03-04 12:15:29,789] {processor.py:161} INFO - Processing /home/luan/Documents/curso-extracao-de-dados/venv/lib/python3.9/site-packages/airflow/example_dags/example_xcom.py took 0.051 seconds
[2024-03-04 12:16:21,807] {processor.py:153} INFO - Started process (PID=31834) to work on /home/luan/Documents/curso-extracao-de-dados/venv/lib/python3.9/site-packages/airflow/example_dags/example_xcom.py
[2024-03-04 12:16:21,808] {processor.py:641} INFO - Processing file /home/luan/Documents/curso-extracao-de-dados/venv/lib/python3.9/site-packages/airflow/example_dags/example_xcom.py for tasks to queue
[2024-03-04 12:16:21,809] {logging_mixin.py:115} INFO - [2024-03-04 12:16:21,809] {dagbag.py:507} INFO - Filling up the DagBag from /home/luan/Documents/curso-extracao-de-dados/venv/lib/python3.9/site-packages/airflow/example_dags/example_xcom.py
[2024-03-04 12:16:21,821] {processor.py:651} INFO - DAG(s) dict_keys(['example_xcom']) retrieved from /home/luan/Documents/curso-extracao-de-dados/venv/lib/python3.9/site-packages/airflow/example_dags/example_xcom.py
[2024-03-04 12:16:21,851] {logging_mixin.py:115} INFO - [2024-03-04 12:16:21,851] {dag.py:2379} INFO - Sync 1 DAGs
[2024-03-04 12:16:21,861] {logging_mixin.py:115} INFO - [2024-03-04 12:16:21,861] {dag.py:2927} INFO - Setting next_dagrun for example_xcom to 2021-01-01T00:00:00+00:00, run_after=2021-01-01T00:00:00+00:00
[2024-03-04 12:16:21,876] {processor.py:161} INFO - Processing /home/luan/Documents/curso-extracao-de-dados/venv/lib/python3.9/site-packages/airflow/example_dags/example_xcom.py took 0.071 seconds
[2024-03-04 12:16:56,496] {processor.py:153} INFO - Started process (PID=31972) to work on /home/luan/Documents/curso-extracao-de-dados/venv/lib/python3.9/site-packages/airflow/example_dags/example_xcom.py
[2024-03-04 12:16:56,500] {processor.py:641} INFO - Processing file /home/luan/Documents/curso-extracao-de-dados/venv/lib/python3.9/site-packages/airflow/example_dags/example_xcom.py for tasks to queue
[2024-03-04 12:16:56,501] {logging_mixin.py:115} INFO - [2024-03-04 12:16:56,501] {dagbag.py:507} INFO - Filling up the DagBag from /home/luan/Documents/curso-extracao-de-dados/venv/lib/python3.9/site-packages/airflow/example_dags/example_xcom.py
[2024-03-04 12:16:56,512] {processor.py:651} INFO - DAG(s) dict_keys(['example_xcom']) retrieved from /home/luan/Documents/curso-extracao-de-dados/venv/lib/python3.9/site-packages/airflow/example_dags/example_xcom.py
[2024-03-04 12:16:56,544] {logging_mixin.py:115} INFO - [2024-03-04 12:16:56,543] {dag.py:2379} INFO - Sync 1 DAGs
[2024-03-04 12:16:56,554] {logging_mixin.py:115} INFO - [2024-03-04 12:16:56,554] {dag.py:2927} INFO - Setting next_dagrun for example_xcom to 2021-01-01T00:00:00+00:00, run_after=2021-01-01T00:00:00+00:00
[2024-03-04 12:16:56,569] {processor.py:161} INFO - Processing /home/luan/Documents/curso-extracao-de-dados/venv/lib/python3.9/site-packages/airflow/example_dags/example_xcom.py took 0.074 seconds
[2024-03-04 12:17:29,198] {processor.py:153} INFO - Started process (PID=32110) to work on /home/luan/Documents/curso-extracao-de-dados/venv/lib/python3.9/site-packages/airflow/example_dags/example_xcom.py
[2024-03-04 12:17:29,200] {processor.py:641} INFO - Processing file /home/luan/Documents/curso-extracao-de-dados/venv/lib/python3.9/site-packages/airflow/example_dags/example_xcom.py for tasks to queue
[2024-03-04 12:17:29,200] {logging_mixin.py:115} INFO - [2024-03-04 12:17:29,200] {dagbag.py:507} INFO - Filling up the DagBag from /home/luan/Documents/curso-extracao-de-dados/venv/lib/python3.9/site-packages/airflow/example_dags/example_xcom.py
[2024-03-04 12:17:29,212] {processor.py:651} INFO - DAG(s) dict_keys(['example_xcom']) retrieved from /home/luan/Documents/curso-extracao-de-dados/venv/lib/python3.9/site-packages/airflow/example_dags/example_xcom.py
[2024-03-04 12:17:29,225] {logging_mixin.py:115} INFO - [2024-03-04 12:17:29,225] {dag.py:2379} INFO - Sync 1 DAGs
[2024-03-04 12:17:29,237] {logging_mixin.py:115} INFO - [2024-03-04 12:17:29,237] {dag.py:2927} INFO - Setting next_dagrun for example_xcom to 2021-01-01T00:00:00+00:00, run_after=2021-01-01T00:00:00+00:00
[2024-03-04 12:17:29,251] {processor.py:161} INFO - Processing /home/luan/Documents/curso-extracao-de-dados/venv/lib/python3.9/site-packages/airflow/example_dags/example_xcom.py took 0.055 seconds
[2024-03-04 12:18:02,176] {processor.py:153} INFO - Started process (PID=32234) to work on /home/luan/Documents/curso-extracao-de-dados/venv/lib/python3.9/site-packages/airflow/example_dags/example_xcom.py
[2024-03-04 12:18:02,177] {processor.py:641} INFO - Processing file /home/luan/Documents/curso-extracao-de-dados/venv/lib/python3.9/site-packages/airflow/example_dags/example_xcom.py for tasks to queue
[2024-03-04 12:18:02,177] {logging_mixin.py:115} INFO - [2024-03-04 12:18:02,177] {dagbag.py:507} INFO - Filling up the DagBag from /home/luan/Documents/curso-extracao-de-dados/venv/lib/python3.9/site-packages/airflow/example_dags/example_xcom.py
[2024-03-04 12:18:02,189] {processor.py:651} INFO - DAG(s) dict_keys(['example_xcom']) retrieved from /home/luan/Documents/curso-extracao-de-dados/venv/lib/python3.9/site-packages/airflow/example_dags/example_xcom.py
[2024-03-04 12:18:02,200] {logging_mixin.py:115} INFO - [2024-03-04 12:18:02,200] {dag.py:2379} INFO - Sync 1 DAGs
[2024-03-04 12:18:02,213] {logging_mixin.py:115} INFO - [2024-03-04 12:18:02,213] {dag.py:2927} INFO - Setting next_dagrun for example_xcom to 2021-01-01T00:00:00+00:00, run_after=2021-01-01T00:00:00+00:00
[2024-03-04 12:18:02,228] {processor.py:161} INFO - Processing /home/luan/Documents/curso-extracao-de-dados/venv/lib/python3.9/site-packages/airflow/example_dags/example_xcom.py took 0.054 seconds
[2024-03-04 12:18:55,640] {processor.py:153} INFO - Started process (PID=32532) to work on /home/luan/Documents/curso-extracao-de-dados/venv/lib/python3.9/site-packages/airflow/example_dags/example_xcom.py
[2024-03-04 12:18:55,646] {processor.py:641} INFO - Processing file /home/luan/Documents/curso-extracao-de-dados/venv/lib/python3.9/site-packages/airflow/example_dags/example_xcom.py for tasks to queue
[2024-03-04 12:18:55,647] {logging_mixin.py:115} INFO - [2024-03-04 12:18:55,647] {dagbag.py:507} INFO - Filling up the DagBag from /home/luan/Documents/curso-extracao-de-dados/venv/lib/python3.9/site-packages/airflow/example_dags/example_xcom.py
[2024-03-04 12:18:55,657] {processor.py:651} INFO - DAG(s) dict_keys(['example_xcom']) retrieved from /home/luan/Documents/curso-extracao-de-dados/venv/lib/python3.9/site-packages/airflow/example_dags/example_xcom.py
[2024-03-04 12:18:55,684] {logging_mixin.py:115} INFO - [2024-03-04 12:18:55,684] {dag.py:2379} INFO - Sync 1 DAGs
[2024-03-04 12:18:55,694] {logging_mixin.py:115} INFO - [2024-03-04 12:18:55,694] {dag.py:2927} INFO - Setting next_dagrun for example_xcom to 2021-01-01T00:00:00+00:00, run_after=2021-01-01T00:00:00+00:00
[2024-03-04 12:18:55,707] {processor.py:161} INFO - Processing /home/luan/Documents/curso-extracao-de-dados/venv/lib/python3.9/site-packages/airflow/example_dags/example_xcom.py took 0.069 seconds
