[2024-03-04 11:21:28,935] {processor.py:153} INFO - Started process (PID=17516) to work on /home/luan/Documents/curso-extracao-de-dados/venv/lib/python3.9/site-packages/airflow/example_dags/example_branch_operator_decorator.py
[2024-03-04 11:21:28,936] {processor.py:641} INFO - Processing file /home/luan/Documents/curso-extracao-de-dados/venv/lib/python3.9/site-packages/airflow/example_dags/example_branch_operator_decorator.py for tasks to queue
[2024-03-04 11:21:28,936] {logging_mixin.py:115} INFO - [2024-03-04 11:21:28,936] {dagbag.py:507} INFO - Filling up the DagBag from /home/luan/Documents/curso-extracao-de-dados/venv/lib/python3.9/site-packages/airflow/example_dags/example_branch_operator_decorator.py
[2024-03-04 11:21:28,949] {processor.py:651} INFO - DAG(s) dict_keys(['example_branch_python_operator_decorator']) retrieved from /home/luan/Documents/curso-extracao-de-dados/venv/lib/python3.9/site-packages/airflow/example_dags/example_branch_operator_decorator.py
[2024-03-04 11:21:29,005] {logging_mixin.py:115} INFO - [2024-03-04 11:21:29,005] {manager.py:508} INFO - Created Permission View: can edit on DAG:example_branch_python_operator_decorator
[2024-03-04 11:21:29,015] {logging_mixin.py:115} INFO - [2024-03-04 11:21:29,015] {manager.py:508} INFO - Created Permission View: can delete on DAG:example_branch_python_operator_decorator
[2024-03-04 11:21:29,025] {logging_mixin.py:115} INFO - [2024-03-04 11:21:29,025] {manager.py:508} INFO - Created Permission View: can read on DAG:example_branch_python_operator_decorator
[2024-03-04 11:21:29,025] {logging_mixin.py:115} INFO - [2024-03-04 11:21:29,025] {dag.py:2379} INFO - Sync 1 DAGs
[2024-03-04 11:21:29,030] {logging_mixin.py:115} INFO - [2024-03-04 11:21:29,030] {dag.py:2398} INFO - Creating ORM DAG for example_branch_python_operator_decorator
[2024-03-04 11:21:29,038] {logging_mixin.py:115} INFO - [2024-03-04 11:21:29,038] {dag.py:2927} INFO - Setting next_dagrun for example_branch_python_operator_decorator to 2024-03-03T00:00:00+00:00, run_after=2024-03-04T00:00:00+00:00
[2024-03-04 11:21:29,053] {processor.py:161} INFO - Processing /home/luan/Documents/curso-extracao-de-dados/venv/lib/python3.9/site-packages/airflow/example_dags/example_branch_operator_decorator.py took 0.120 seconds
[2024-03-04 11:22:02,737] {processor.py:153} INFO - Started process (PID=17653) to work on /home/luan/Documents/curso-extracao-de-dados/venv/lib/python3.9/site-packages/airflow/example_dags/example_branch_operator_decorator.py
[2024-03-04 11:22:02,738] {processor.py:641} INFO - Processing file /home/luan/Documents/curso-extracao-de-dados/venv/lib/python3.9/site-packages/airflow/example_dags/example_branch_operator_decorator.py for tasks to queue
[2024-03-04 11:22:02,738] {logging_mixin.py:115} INFO - [2024-03-04 11:22:02,738] {dagbag.py:507} INFO - Filling up the DagBag from /home/luan/Documents/curso-extracao-de-dados/venv/lib/python3.9/site-packages/airflow/example_dags/example_branch_operator_decorator.py
[2024-03-04 11:22:02,749] {processor.py:651} INFO - DAG(s) dict_keys(['example_branch_python_operator_decorator']) retrieved from /home/luan/Documents/curso-extracao-de-dados/venv/lib/python3.9/site-packages/airflow/example_dags/example_branch_operator_decorator.py
[2024-03-04 11:22:02,760] {logging_mixin.py:115} INFO - [2024-03-04 11:22:02,759] {dag.py:2379} INFO - Sync 1 DAGs
[2024-03-04 11:22:02,773] {logging_mixin.py:115} INFO - [2024-03-04 11:22:02,773] {dag.py:2927} INFO - Setting next_dagrun for example_branch_python_operator_decorator to 2024-03-03T00:00:00+00:00, run_after=2024-03-04T00:00:00+00:00
[2024-03-04 11:22:02,787] {processor.py:161} INFO - Processing /home/luan/Documents/curso-extracao-de-dados/venv/lib/python3.9/site-packages/airflow/example_dags/example_branch_operator_decorator.py took 0.051 seconds
[2024-03-04 11:22:36,008] {processor.py:153} INFO - Started process (PID=17783) to work on /home/luan/Documents/curso-extracao-de-dados/venv/lib/python3.9/site-packages/airflow/example_dags/example_branch_operator_decorator.py
[2024-03-04 11:22:36,013] {processor.py:641} INFO - Processing file /home/luan/Documents/curso-extracao-de-dados/venv/lib/python3.9/site-packages/airflow/example_dags/example_branch_operator_decorator.py for tasks to queue
[2024-03-04 11:22:36,013] {logging_mixin.py:115} INFO - [2024-03-04 11:22:36,013] {dagbag.py:507} INFO - Filling up the DagBag from /home/luan/Documents/curso-extracao-de-dados/venv/lib/python3.9/site-packages/airflow/example_dags/example_branch_operator_decorator.py
[2024-03-04 11:22:36,024] {processor.py:651} INFO - DAG(s) dict_keys(['example_branch_python_operator_decorator']) retrieved from /home/luan/Documents/curso-extracao-de-dados/venv/lib/python3.9/site-packages/airflow/example_dags/example_branch_operator_decorator.py
[2024-03-04 11:22:36,034] {logging_mixin.py:115} INFO - [2024-03-04 11:22:36,034] {dag.py:2379} INFO - Sync 1 DAGs
[2024-03-04 11:22:36,049] {logging_mixin.py:115} INFO - [2024-03-04 11:22:36,049] {dag.py:2927} INFO - Setting next_dagrun for example_branch_python_operator_decorator to 2024-03-03T00:00:00+00:00, run_after=2024-03-04T00:00:00+00:00
[2024-03-04 11:22:36,064] {processor.py:161} INFO - Processing /home/luan/Documents/curso-extracao-de-dados/venv/lib/python3.9/site-packages/airflow/example_dags/example_branch_operator_decorator.py took 0.058 seconds
[2024-03-04 12:05:53,778] {processor.py:153} INFO - Started process (PID=28760) to work on /home/luan/Documents/curso-extracao-de-dados/venv/lib/python3.9/site-packages/airflow/example_dags/example_branch_operator_decorator.py
[2024-03-04 12:05:53,780] {processor.py:641} INFO - Processing file /home/luan/Documents/curso-extracao-de-dados/venv/lib/python3.9/site-packages/airflow/example_dags/example_branch_operator_decorator.py for tasks to queue
[2024-03-04 12:05:53,780] {logging_mixin.py:115} INFO - [2024-03-04 12:05:53,780] {dagbag.py:507} INFO - Filling up the DagBag from /home/luan/Documents/curso-extracao-de-dados/venv/lib/python3.9/site-packages/airflow/example_dags/example_branch_operator_decorator.py
[2024-03-04 12:05:53,792] {processor.py:651} INFO - DAG(s) dict_keys(['example_branch_python_operator_decorator']) retrieved from /home/luan/Documents/curso-extracao-de-dados/venv/lib/python3.9/site-packages/airflow/example_dags/example_branch_operator_decorator.py
[2024-03-04 12:05:53,802] {logging_mixin.py:115} INFO - [2024-03-04 12:05:53,802] {dag.py:2379} INFO - Sync 1 DAGs
[2024-03-04 12:05:53,817] {logging_mixin.py:115} INFO - [2024-03-04 12:05:53,817] {dag.py:2927} INFO - Setting next_dagrun for example_branch_python_operator_decorator to 2024-03-03T00:00:00+00:00, run_after=2024-03-04T00:00:00+00:00
[2024-03-04 12:05:53,831] {processor.py:161} INFO - Processing /home/luan/Documents/curso-extracao-de-dados/venv/lib/python3.9/site-packages/airflow/example_dags/example_branch_operator_decorator.py took 0.055 seconds
[2024-03-04 12:06:27,241] {processor.py:153} INFO - Started process (PID=29060) to work on /home/luan/Documents/curso-extracao-de-dados/venv/lib/python3.9/site-packages/airflow/example_dags/example_branch_operator_decorator.py
[2024-03-04 12:06:27,242] {processor.py:641} INFO - Processing file /home/luan/Documents/curso-extracao-de-dados/venv/lib/python3.9/site-packages/airflow/example_dags/example_branch_operator_decorator.py for tasks to queue
[2024-03-04 12:06:27,243] {logging_mixin.py:115} INFO - [2024-03-04 12:06:27,243] {dagbag.py:507} INFO - Filling up the DagBag from /home/luan/Documents/curso-extracao-de-dados/venv/lib/python3.9/site-packages/airflow/example_dags/example_branch_operator_decorator.py
[2024-03-04 12:06:27,256] {processor.py:651} INFO - DAG(s) dict_keys(['example_branch_python_operator_decorator']) retrieved from /home/luan/Documents/curso-extracao-de-dados/venv/lib/python3.9/site-packages/airflow/example_dags/example_branch_operator_decorator.py
[2024-03-04 12:06:27,268] {logging_mixin.py:115} INFO - [2024-03-04 12:06:27,268] {dag.py:2379} INFO - Sync 1 DAGs
[2024-03-04 12:06:27,286] {logging_mixin.py:115} INFO - [2024-03-04 12:06:27,286] {dag.py:2927} INFO - Setting next_dagrun for example_branch_python_operator_decorator to 2024-03-03T00:00:00+00:00, run_after=2024-03-04T00:00:00+00:00
[2024-03-04 12:06:27,302] {processor.py:161} INFO - Processing /home/luan/Documents/curso-extracao-de-dados/venv/lib/python3.9/site-packages/airflow/example_dags/example_branch_operator_decorator.py took 0.063 seconds
[2024-03-04 12:07:21,625] {processor.py:153} INFO - Started process (PID=29381) to work on /home/luan/Documents/curso-extracao-de-dados/venv/lib/python3.9/site-packages/airflow/example_dags/example_branch_operator_decorator.py
[2024-03-04 12:07:21,626] {processor.py:641} INFO - Processing file /home/luan/Documents/curso-extracao-de-dados/venv/lib/python3.9/site-packages/airflow/example_dags/example_branch_operator_decorator.py for tasks to queue
[2024-03-04 12:07:21,626] {logging_mixin.py:115} INFO - [2024-03-04 12:07:21,626] {dagbag.py:507} INFO - Filling up the DagBag from /home/luan/Documents/curso-extracao-de-dados/venv/lib/python3.9/site-packages/airflow/example_dags/example_branch_operator_decorator.py
[2024-03-04 12:07:21,637] {processor.py:651} INFO - DAG(s) dict_keys(['example_branch_python_operator_decorator']) retrieved from /home/luan/Documents/curso-extracao-de-dados/venv/lib/python3.9/site-packages/airflow/example_dags/example_branch_operator_decorator.py
[2024-03-04 12:07:21,649] {logging_mixin.py:115} INFO - [2024-03-04 12:07:21,649] {dag.py:2379} INFO - Sync 1 DAGs
[2024-03-04 12:07:21,663] {logging_mixin.py:115} INFO - [2024-03-04 12:07:21,663] {dag.py:2927} INFO - Setting next_dagrun for example_branch_python_operator_decorator to 2024-03-03T00:00:00+00:00, run_after=2024-03-04T00:00:00+00:00
[2024-03-04 12:07:21,677] {processor.py:161} INFO - Processing /home/luan/Documents/curso-extracao-de-dados/venv/lib/python3.9/site-packages/airflow/example_dags/example_branch_operator_decorator.py took 0.055 seconds
[2024-03-04 12:07:53,904] {processor.py:153} INFO - Started process (PID=29494) to work on /home/luan/Documents/curso-extracao-de-dados/venv/lib/python3.9/site-packages/airflow/example_dags/example_branch_operator_decorator.py
[2024-03-04 12:07:53,908] {processor.py:641} INFO - Processing file /home/luan/Documents/curso-extracao-de-dados/venv/lib/python3.9/site-packages/airflow/example_dags/example_branch_operator_decorator.py for tasks to queue
[2024-03-04 12:07:53,908] {logging_mixin.py:115} INFO - [2024-03-04 12:07:53,908] {dagbag.py:507} INFO - Filling up the DagBag from /home/luan/Documents/curso-extracao-de-dados/venv/lib/python3.9/site-packages/airflow/example_dags/example_branch_operator_decorator.py
[2024-03-04 12:07:53,919] {processor.py:651} INFO - DAG(s) dict_keys(['example_branch_python_operator_decorator']) retrieved from /home/luan/Documents/curso-extracao-de-dados/venv/lib/python3.9/site-packages/airflow/example_dags/example_branch_operator_decorator.py
[2024-03-04 12:07:53,930] {logging_mixin.py:115} INFO - [2024-03-04 12:07:53,930] {dag.py:2379} INFO - Sync 1 DAGs
[2024-03-04 12:07:53,945] {logging_mixin.py:115} INFO - [2024-03-04 12:07:53,945] {dag.py:2927} INFO - Setting next_dagrun for example_branch_python_operator_decorator to 2024-03-03T00:00:00+00:00, run_after=2024-03-04T00:00:00+00:00
[2024-03-04 12:07:53,958] {processor.py:161} INFO - Processing /home/luan/Documents/curso-extracao-de-dados/venv/lib/python3.9/site-packages/airflow/example_dags/example_branch_operator_decorator.py took 0.056 seconds
[2024-03-04 12:08:27,111] {processor.py:153} INFO - Started process (PID=29624) to work on /home/luan/Documents/curso-extracao-de-dados/venv/lib/python3.9/site-packages/airflow/example_dags/example_branch_operator_decorator.py
[2024-03-04 12:08:27,112] {processor.py:641} INFO - Processing file /home/luan/Documents/curso-extracao-de-dados/venv/lib/python3.9/site-packages/airflow/example_dags/example_branch_operator_decorator.py for tasks to queue
[2024-03-04 12:08:27,113] {logging_mixin.py:115} INFO - [2024-03-04 12:08:27,113] {dagbag.py:507} INFO - Filling up the DagBag from /home/luan/Documents/curso-extracao-de-dados/venv/lib/python3.9/site-packages/airflow/example_dags/example_branch_operator_decorator.py
[2024-03-04 12:08:27,124] {processor.py:651} INFO - DAG(s) dict_keys(['example_branch_python_operator_decorator']) retrieved from /home/luan/Documents/curso-extracao-de-dados/venv/lib/python3.9/site-packages/airflow/example_dags/example_branch_operator_decorator.py
[2024-03-04 12:08:27,135] {logging_mixin.py:115} INFO - [2024-03-04 12:08:27,135] {dag.py:2379} INFO - Sync 1 DAGs
[2024-03-04 12:08:27,150] {logging_mixin.py:115} INFO - [2024-03-04 12:08:27,150] {dag.py:2927} INFO - Setting next_dagrun for example_branch_python_operator_decorator to 2024-03-03T00:00:00+00:00, run_after=2024-03-04T00:00:00+00:00
[2024-03-04 12:08:27,164] {processor.py:161} INFO - Processing /home/luan/Documents/curso-extracao-de-dados/venv/lib/python3.9/site-packages/airflow/example_dags/example_branch_operator_decorator.py took 0.055 seconds
[2024-03-04 12:08:59,068] {processor.py:153} INFO - Started process (PID=29760) to work on /home/luan/Documents/curso-extracao-de-dados/venv/lib/python3.9/site-packages/airflow/example_dags/example_branch_operator_decorator.py
[2024-03-04 12:08:59,072] {processor.py:641} INFO - Processing file /home/luan/Documents/curso-extracao-de-dados/venv/lib/python3.9/site-packages/airflow/example_dags/example_branch_operator_decorator.py for tasks to queue
[2024-03-04 12:08:59,073] {logging_mixin.py:115} INFO - [2024-03-04 12:08:59,073] {dagbag.py:507} INFO - Filling up the DagBag from /home/luan/Documents/curso-extracao-de-dados/venv/lib/python3.9/site-packages/airflow/example_dags/example_branch_operator_decorator.py
[2024-03-04 12:08:59,084] {processor.py:651} INFO - DAG(s) dict_keys(['example_branch_python_operator_decorator']) retrieved from /home/luan/Documents/curso-extracao-de-dados/venv/lib/python3.9/site-packages/airflow/example_dags/example_branch_operator_decorator.py
[2024-03-04 12:08:59,094] {logging_mixin.py:115} INFO - [2024-03-04 12:08:59,094] {dag.py:2379} INFO - Sync 1 DAGs
[2024-03-04 12:08:59,108] {logging_mixin.py:115} INFO - [2024-03-04 12:08:59,108] {dag.py:2927} INFO - Setting next_dagrun for example_branch_python_operator_decorator to 2024-03-03T00:00:00+00:00, run_after=2024-03-04T00:00:00+00:00
[2024-03-04 12:08:59,123] {processor.py:161} INFO - Processing /home/luan/Documents/curso-extracao-de-dados/venv/lib/python3.9/site-packages/airflow/example_dags/example_branch_operator_decorator.py took 0.057 seconds
[2024-03-04 12:09:59,313] {processor.py:153} INFO - Started process (PID=30071) to work on /home/luan/Documents/curso-extracao-de-dados/venv/lib/python3.9/site-packages/airflow/example_dags/example_branch_operator_decorator.py
[2024-03-04 12:09:59,314] {processor.py:641} INFO - Processing file /home/luan/Documents/curso-extracao-de-dados/venv/lib/python3.9/site-packages/airflow/example_dags/example_branch_operator_decorator.py for tasks to queue
[2024-03-04 12:09:59,314] {logging_mixin.py:115} INFO - [2024-03-04 12:09:59,314] {dagbag.py:507} INFO - Filling up the DagBag from /home/luan/Documents/curso-extracao-de-dados/venv/lib/python3.9/site-packages/airflow/example_dags/example_branch_operator_decorator.py
[2024-03-04 12:09:59,326] {processor.py:651} INFO - DAG(s) dict_keys(['example_branch_python_operator_decorator']) retrieved from /home/luan/Documents/curso-extracao-de-dados/venv/lib/python3.9/site-packages/airflow/example_dags/example_branch_operator_decorator.py
[2024-03-04 12:09:59,336] {logging_mixin.py:115} INFO - [2024-03-04 12:09:59,336] {dag.py:2379} INFO - Sync 1 DAGs
[2024-03-04 12:09:59,350] {logging_mixin.py:115} INFO - [2024-03-04 12:09:59,350] {dag.py:2927} INFO - Setting next_dagrun for example_branch_python_operator_decorator to 2024-03-03T00:00:00+00:00, run_after=2024-03-04T00:00:00+00:00
[2024-03-04 12:09:59,366] {processor.py:161} INFO - Processing /home/luan/Documents/curso-extracao-de-dados/venv/lib/python3.9/site-packages/airflow/example_dags/example_branch_operator_decorator.py took 0.055 seconds
[2024-03-04 12:10:31,580] {processor.py:153} INFO - Started process (PID=30201) to work on /home/luan/Documents/curso-extracao-de-dados/venv/lib/python3.9/site-packages/airflow/example_dags/example_branch_operator_decorator.py
[2024-03-04 12:10:31,584] {processor.py:641} INFO - Processing file /home/luan/Documents/curso-extracao-de-dados/venv/lib/python3.9/site-packages/airflow/example_dags/example_branch_operator_decorator.py for tasks to queue
[2024-03-04 12:10:31,585] {logging_mixin.py:115} INFO - [2024-03-04 12:10:31,585] {dagbag.py:507} INFO - Filling up the DagBag from /home/luan/Documents/curso-extracao-de-dados/venv/lib/python3.9/site-packages/airflow/example_dags/example_branch_operator_decorator.py
[2024-03-04 12:10:31,596] {processor.py:651} INFO - DAG(s) dict_keys(['example_branch_python_operator_decorator']) retrieved from /home/luan/Documents/curso-extracao-de-dados/venv/lib/python3.9/site-packages/airflow/example_dags/example_branch_operator_decorator.py
[2024-03-04 12:10:31,608] {logging_mixin.py:115} INFO - [2024-03-04 12:10:31,608] {dag.py:2379} INFO - Sync 1 DAGs
[2024-03-04 12:10:31,622] {logging_mixin.py:115} INFO - [2024-03-04 12:10:31,622] {dag.py:2927} INFO - Setting next_dagrun for example_branch_python_operator_decorator to 2024-03-03T00:00:00+00:00, run_after=2024-03-04T00:00:00+00:00
[2024-03-04 12:10:31,636] {processor.py:161} INFO - Processing /home/luan/Documents/curso-extracao-de-dados/venv/lib/python3.9/site-packages/airflow/example_dags/example_branch_operator_decorator.py took 0.058 seconds
[2024-03-04 12:11:04,755] {processor.py:153} INFO - Started process (PID=30339) to work on /home/luan/Documents/curso-extracao-de-dados/venv/lib/python3.9/site-packages/airflow/example_dags/example_branch_operator_decorator.py
[2024-03-04 12:11:04,759] {processor.py:641} INFO - Processing file /home/luan/Documents/curso-extracao-de-dados/venv/lib/python3.9/site-packages/airflow/example_dags/example_branch_operator_decorator.py for tasks to queue
[2024-03-04 12:11:04,760] {logging_mixin.py:115} INFO - [2024-03-04 12:11:04,760] {dagbag.py:507} INFO - Filling up the DagBag from /home/luan/Documents/curso-extracao-de-dados/venv/lib/python3.9/site-packages/airflow/example_dags/example_branch_operator_decorator.py
[2024-03-04 12:11:04,771] {processor.py:651} INFO - DAG(s) dict_keys(['example_branch_python_operator_decorator']) retrieved from /home/luan/Documents/curso-extracao-de-dados/venv/lib/python3.9/site-packages/airflow/example_dags/example_branch_operator_decorator.py
[2024-03-04 12:11:04,781] {logging_mixin.py:115} INFO - [2024-03-04 12:11:04,781] {dag.py:2379} INFO - Sync 1 DAGs
[2024-03-04 12:11:04,795] {logging_mixin.py:115} INFO - [2024-03-04 12:11:04,795] {dag.py:2927} INFO - Setting next_dagrun for example_branch_python_operator_decorator to 2024-03-03T00:00:00+00:00, run_after=2024-03-04T00:00:00+00:00
[2024-03-04 12:11:04,811] {processor.py:161} INFO - Processing /home/luan/Documents/curso-extracao-de-dados/venv/lib/python3.9/site-packages/airflow/example_dags/example_branch_operator_decorator.py took 0.058 seconds
[2024-03-04 12:14:17,571] {processor.py:153} INFO - Started process (PID=31238) to work on /home/luan/Documents/curso-extracao-de-dados/venv/lib/python3.9/site-packages/airflow/example_dags/example_branch_operator_decorator.py
[2024-03-04 12:14:17,573] {processor.py:641} INFO - Processing file /home/luan/Documents/curso-extracao-de-dados/venv/lib/python3.9/site-packages/airflow/example_dags/example_branch_operator_decorator.py for tasks to queue
[2024-03-04 12:14:17,573] {logging_mixin.py:115} INFO - [2024-03-04 12:14:17,573] {dagbag.py:507} INFO - Filling up the DagBag from /home/luan/Documents/curso-extracao-de-dados/venv/lib/python3.9/site-packages/airflow/example_dags/example_branch_operator_decorator.py
[2024-03-04 12:14:17,585] {processor.py:651} INFO - DAG(s) dict_keys(['example_branch_python_operator_decorator']) retrieved from /home/luan/Documents/curso-extracao-de-dados/venv/lib/python3.9/site-packages/airflow/example_dags/example_branch_operator_decorator.py
[2024-03-04 12:14:17,595] {logging_mixin.py:115} INFO - [2024-03-04 12:14:17,595] {dag.py:2379} INFO - Sync 1 DAGs
[2024-03-04 12:14:17,608] {logging_mixin.py:115} INFO - [2024-03-04 12:14:17,608] {dag.py:2927} INFO - Setting next_dagrun for example_branch_python_operator_decorator to 2024-03-03T00:00:00+00:00, run_after=2024-03-04T00:00:00+00:00
[2024-03-04 12:14:17,622] {processor.py:161} INFO - Processing /home/luan/Documents/curso-extracao-de-dados/venv/lib/python3.9/site-packages/airflow/example_dags/example_branch_operator_decorator.py took 0.052 seconds
[2024-03-04 12:14:49,849] {processor.py:153} INFO - Started process (PID=31368) to work on /home/luan/Documents/curso-extracao-de-dados/venv/lib/python3.9/site-packages/airflow/example_dags/example_branch_operator_decorator.py
[2024-03-04 12:14:49,853] {processor.py:641} INFO - Processing file /home/luan/Documents/curso-extracao-de-dados/venv/lib/python3.9/site-packages/airflow/example_dags/example_branch_operator_decorator.py for tasks to queue
[2024-03-04 12:14:49,853] {logging_mixin.py:115} INFO - [2024-03-04 12:14:49,853] {dagbag.py:507} INFO - Filling up the DagBag from /home/luan/Documents/curso-extracao-de-dados/venv/lib/python3.9/site-packages/airflow/example_dags/example_branch_operator_decorator.py
[2024-03-04 12:14:49,864] {processor.py:651} INFO - DAG(s) dict_keys(['example_branch_python_operator_decorator']) retrieved from /home/luan/Documents/curso-extracao-de-dados/venv/lib/python3.9/site-packages/airflow/example_dags/example_branch_operator_decorator.py
[2024-03-04 12:14:49,875] {logging_mixin.py:115} INFO - [2024-03-04 12:14:49,874] {dag.py:2379} INFO - Sync 1 DAGs
[2024-03-04 12:14:49,888] {logging_mixin.py:115} INFO - [2024-03-04 12:14:49,888] {dag.py:2927} INFO - Setting next_dagrun for example_branch_python_operator_decorator to 2024-03-03T00:00:00+00:00, run_after=2024-03-04T00:00:00+00:00
[2024-03-04 12:14:49,906] {processor.py:161} INFO - Processing /home/luan/Documents/curso-extracao-de-dados/venv/lib/python3.9/site-packages/airflow/example_dags/example_branch_operator_decorator.py took 0.059 seconds
[2024-03-04 12:15:22,981] {processor.py:153} INFO - Started process (PID=31500) to work on /home/luan/Documents/curso-extracao-de-dados/venv/lib/python3.9/site-packages/airflow/example_dags/example_branch_operator_decorator.py
[2024-03-04 12:15:22,985] {processor.py:641} INFO - Processing file /home/luan/Documents/curso-extracao-de-dados/venv/lib/python3.9/site-packages/airflow/example_dags/example_branch_operator_decorator.py for tasks to queue
[2024-03-04 12:15:22,986] {logging_mixin.py:115} INFO - [2024-03-04 12:15:22,986] {dagbag.py:507} INFO - Filling up the DagBag from /home/luan/Documents/curso-extracao-de-dados/venv/lib/python3.9/site-packages/airflow/example_dags/example_branch_operator_decorator.py
[2024-03-04 12:15:22,997] {processor.py:651} INFO - DAG(s) dict_keys(['example_branch_python_operator_decorator']) retrieved from /home/luan/Documents/curso-extracao-de-dados/venv/lib/python3.9/site-packages/airflow/example_dags/example_branch_operator_decorator.py
[2024-03-04 12:15:23,008] {logging_mixin.py:115} INFO - [2024-03-04 12:15:23,008] {dag.py:2379} INFO - Sync 1 DAGs
[2024-03-04 12:15:23,022] {logging_mixin.py:115} INFO - [2024-03-04 12:15:23,022] {dag.py:2927} INFO - Setting next_dagrun for example_branch_python_operator_decorator to 2024-03-03T00:00:00+00:00, run_after=2024-03-04T00:00:00+00:00
[2024-03-04 12:15:23,038] {processor.py:161} INFO - Processing /home/luan/Documents/curso-extracao-de-dados/venv/lib/python3.9/site-packages/airflow/example_dags/example_branch_operator_decorator.py took 0.059 seconds
[2024-03-04 12:16:16,384] {processor.py:153} INFO - Started process (PID=31809) to work on /home/luan/Documents/curso-extracao-de-dados/venv/lib/python3.9/site-packages/airflow/example_dags/example_branch_operator_decorator.py
[2024-03-04 12:16:16,388] {processor.py:641} INFO - Processing file /home/luan/Documents/curso-extracao-de-dados/venv/lib/python3.9/site-packages/airflow/example_dags/example_branch_operator_decorator.py for tasks to queue
[2024-03-04 12:16:16,389] {logging_mixin.py:115} INFO - [2024-03-04 12:16:16,388] {dagbag.py:507} INFO - Filling up the DagBag from /home/luan/Documents/curso-extracao-de-dados/venv/lib/python3.9/site-packages/airflow/example_dags/example_branch_operator_decorator.py
[2024-03-04 12:16:16,400] {processor.py:651} INFO - DAG(s) dict_keys(['example_branch_python_operator_decorator']) retrieved from /home/luan/Documents/curso-extracao-de-dados/venv/lib/python3.9/site-packages/airflow/example_dags/example_branch_operator_decorator.py
[2024-03-04 12:16:16,411] {logging_mixin.py:115} INFO - [2024-03-04 12:16:16,411] {dag.py:2379} INFO - Sync 1 DAGs
[2024-03-04 12:16:16,426] {logging_mixin.py:115} INFO - [2024-03-04 12:16:16,426] {dag.py:2927} INFO - Setting next_dagrun for example_branch_python_operator_decorator to 2024-03-03T00:00:00+00:00, run_after=2024-03-04T00:00:00+00:00
[2024-03-04 12:16:16,441] {processor.py:161} INFO - Processing /home/luan/Documents/curso-extracao-de-dados/venv/lib/python3.9/site-packages/airflow/example_dags/example_branch_operator_decorator.py took 0.059 seconds
[2024-03-04 12:16:48,891] {processor.py:153} INFO - Started process (PID=31939) to work on /home/luan/Documents/curso-extracao-de-dados/venv/lib/python3.9/site-packages/airflow/example_dags/example_branch_operator_decorator.py
[2024-03-04 12:16:48,895] {processor.py:641} INFO - Processing file /home/luan/Documents/curso-extracao-de-dados/venv/lib/python3.9/site-packages/airflow/example_dags/example_branch_operator_decorator.py for tasks to queue
[2024-03-04 12:16:48,895] {logging_mixin.py:115} INFO - [2024-03-04 12:16:48,895] {dagbag.py:507} INFO - Filling up the DagBag from /home/luan/Documents/curso-extracao-de-dados/venv/lib/python3.9/site-packages/airflow/example_dags/example_branch_operator_decorator.py
[2024-03-04 12:16:48,907] {processor.py:651} INFO - DAG(s) dict_keys(['example_branch_python_operator_decorator']) retrieved from /home/luan/Documents/curso-extracao-de-dados/venv/lib/python3.9/site-packages/airflow/example_dags/example_branch_operator_decorator.py
[2024-03-04 12:16:48,917] {logging_mixin.py:115} INFO - [2024-03-04 12:16:48,917] {dag.py:2379} INFO - Sync 1 DAGs
[2024-03-04 12:16:48,931] {logging_mixin.py:115} INFO - [2024-03-04 12:16:48,931] {dag.py:2927} INFO - Setting next_dagrun for example_branch_python_operator_decorator to 2024-03-03T00:00:00+00:00, run_after=2024-03-04T00:00:00+00:00
[2024-03-04 12:16:48,946] {processor.py:161} INFO - Processing /home/luan/Documents/curso-extracao-de-dados/venv/lib/python3.9/site-packages/airflow/example_dags/example_branch_operator_decorator.py took 0.056 seconds
[2024-03-04 12:17:22,307] {processor.py:153} INFO - Started process (PID=32079) to work on /home/luan/Documents/curso-extracao-de-dados/venv/lib/python3.9/site-packages/airflow/example_dags/example_branch_operator_decorator.py
[2024-03-04 12:17:22,311] {processor.py:641} INFO - Processing file /home/luan/Documents/curso-extracao-de-dados/venv/lib/python3.9/site-packages/airflow/example_dags/example_branch_operator_decorator.py for tasks to queue
[2024-03-04 12:17:22,312] {logging_mixin.py:115} INFO - [2024-03-04 12:17:22,312] {dagbag.py:507} INFO - Filling up the DagBag from /home/luan/Documents/curso-extracao-de-dados/venv/lib/python3.9/site-packages/airflow/example_dags/example_branch_operator_decorator.py
[2024-03-04 12:17:22,324] {processor.py:651} INFO - DAG(s) dict_keys(['example_branch_python_operator_decorator']) retrieved from /home/luan/Documents/curso-extracao-de-dados/venv/lib/python3.9/site-packages/airflow/example_dags/example_branch_operator_decorator.py
[2024-03-04 12:17:22,335] {logging_mixin.py:115} INFO - [2024-03-04 12:17:22,335] {dag.py:2379} INFO - Sync 1 DAGs
[2024-03-04 12:17:22,350] {logging_mixin.py:115} INFO - [2024-03-04 12:17:22,350] {dag.py:2927} INFO - Setting next_dagrun for example_branch_python_operator_decorator to 2024-03-03T00:00:00+00:00, run_after=2024-03-04T00:00:00+00:00
[2024-03-04 12:17:22,364] {processor.py:161} INFO - Processing /home/luan/Documents/curso-extracao-de-dados/venv/lib/python3.9/site-packages/airflow/example_dags/example_branch_operator_decorator.py took 0.059 seconds
[2024-03-04 12:17:54,912] {processor.py:153} INFO - Started process (PID=32209) to work on /home/luan/Documents/curso-extracao-de-dados/venv/lib/python3.9/site-packages/airflow/example_dags/example_branch_operator_decorator.py
[2024-03-04 12:17:54,915] {processor.py:641} INFO - Processing file /home/luan/Documents/curso-extracao-de-dados/venv/lib/python3.9/site-packages/airflow/example_dags/example_branch_operator_decorator.py for tasks to queue
[2024-03-04 12:17:54,916] {logging_mixin.py:115} INFO - [2024-03-04 12:17:54,916] {dagbag.py:507} INFO - Filling up the DagBag from /home/luan/Documents/curso-extracao-de-dados/venv/lib/python3.9/site-packages/airflow/example_dags/example_branch_operator_decorator.py
[2024-03-04 12:17:54,928] {processor.py:651} INFO - DAG(s) dict_keys(['example_branch_python_operator_decorator']) retrieved from /home/luan/Documents/curso-extracao-de-dados/venv/lib/python3.9/site-packages/airflow/example_dags/example_branch_operator_decorator.py
[2024-03-04 12:17:54,939] {logging_mixin.py:115} INFO - [2024-03-04 12:17:54,939] {dag.py:2379} INFO - Sync 1 DAGs
[2024-03-04 12:17:54,954] {logging_mixin.py:115} INFO - [2024-03-04 12:17:54,954] {dag.py:2927} INFO - Setting next_dagrun for example_branch_python_operator_decorator to 2024-03-03T00:00:00+00:00, run_after=2024-03-04T00:00:00+00:00
[2024-03-04 12:17:54,967] {processor.py:161} INFO - Processing /home/luan/Documents/curso-extracao-de-dados/venv/lib/python3.9/site-packages/airflow/example_dags/example_branch_operator_decorator.py took 0.057 seconds
[2024-03-04 12:18:50,224] {processor.py:153} INFO - Started process (PID=32513) to work on /home/luan/Documents/curso-extracao-de-dados/venv/lib/python3.9/site-packages/airflow/example_dags/example_branch_operator_decorator.py
[2024-03-04 12:18:50,228] {processor.py:641} INFO - Processing file /home/luan/Documents/curso-extracao-de-dados/venv/lib/python3.9/site-packages/airflow/example_dags/example_branch_operator_decorator.py for tasks to queue
[2024-03-04 12:18:50,228] {logging_mixin.py:115} INFO - [2024-03-04 12:18:50,228] {dagbag.py:507} INFO - Filling up the DagBag from /home/luan/Documents/curso-extracao-de-dados/venv/lib/python3.9/site-packages/airflow/example_dags/example_branch_operator_decorator.py
[2024-03-04 12:18:50,240] {processor.py:651} INFO - DAG(s) dict_keys(['example_branch_python_operator_decorator']) retrieved from /home/luan/Documents/curso-extracao-de-dados/venv/lib/python3.9/site-packages/airflow/example_dags/example_branch_operator_decorator.py
[2024-03-04 12:18:50,249] {logging_mixin.py:115} INFO - [2024-03-04 12:18:50,249] {dag.py:2379} INFO - Sync 1 DAGs
[2024-03-04 12:18:50,263] {logging_mixin.py:115} INFO - [2024-03-04 12:18:50,263] {dag.py:2927} INFO - Setting next_dagrun for example_branch_python_operator_decorator to 2024-03-03T00:00:00+00:00, run_after=2024-03-04T00:00:00+00:00
[2024-03-04 12:18:50,278] {processor.py:161} INFO - Processing /home/luan/Documents/curso-extracao-de-dados/venv/lib/python3.9/site-packages/airflow/example_dags/example_branch_operator_decorator.py took 0.056 seconds
[2024-03-04 12:19:22,491] {processor.py:153} INFO - Started process (PID=32637) to work on /home/luan/Documents/curso-extracao-de-dados/venv/lib/python3.9/site-packages/airflow/example_dags/example_branch_operator_decorator.py
[2024-03-04 12:19:22,495] {processor.py:641} INFO - Processing file /home/luan/Documents/curso-extracao-de-dados/venv/lib/python3.9/site-packages/airflow/example_dags/example_branch_operator_decorator.py for tasks to queue
[2024-03-04 12:19:22,496] {logging_mixin.py:115} INFO - [2024-03-04 12:19:22,496] {dagbag.py:507} INFO - Filling up the DagBag from /home/luan/Documents/curso-extracao-de-dados/venv/lib/python3.9/site-packages/airflow/example_dags/example_branch_operator_decorator.py
[2024-03-04 12:19:22,507] {processor.py:651} INFO - DAG(s) dict_keys(['example_branch_python_operator_decorator']) retrieved from /home/luan/Documents/curso-extracao-de-dados/venv/lib/python3.9/site-packages/airflow/example_dags/example_branch_operator_decorator.py
[2024-03-04 12:19:22,517] {logging_mixin.py:115} INFO - [2024-03-04 12:19:22,517] {dag.py:2379} INFO - Sync 1 DAGs
[2024-03-04 12:19:22,531] {logging_mixin.py:115} INFO - [2024-03-04 12:19:22,531] {dag.py:2927} INFO - Setting next_dagrun for example_branch_python_operator_decorator to 2024-03-03T00:00:00+00:00, run_after=2024-03-04T00:00:00+00:00
[2024-03-04 12:19:22,544] {processor.py:161} INFO - Processing /home/luan/Documents/curso-extracao-de-dados/venv/lib/python3.9/site-packages/airflow/example_dags/example_branch_operator_decorator.py took 0.055 seconds
