[2024-03-04 11:21:32,192] {processor.py:153} INFO - Started process (PID=17531) to work on /home/luan/Documents/curso-extracao-de-dados/venv/lib/python3.9/site-packages/airflow/example_dags/example_task_group_decorator.py
[2024-03-04 11:21:32,192] {processor.py:641} INFO - Processing file /home/luan/Documents/curso-extracao-de-dados/venv/lib/python3.9/site-packages/airflow/example_dags/example_task_group_decorator.py for tasks to queue
[2024-03-04 11:21:32,193] {logging_mixin.py:115} INFO - [2024-03-04 11:21:32,192] {dagbag.py:507} INFO - Filling up the DagBag from /home/luan/Documents/curso-extracao-de-dados/venv/lib/python3.9/site-packages/airflow/example_dags/example_task_group_decorator.py
[2024-03-04 11:21:32,208] {processor.py:651} INFO - DAG(s) dict_keys(['example_task_group_decorator']) retrieved from /home/luan/Documents/curso-extracao-de-dados/venv/lib/python3.9/site-packages/airflow/example_dags/example_task_group_decorator.py
[2024-03-04 11:21:32,262] {logging_mixin.py:115} INFO - [2024-03-04 11:21:32,262] {manager.py:508} INFO - Created Permission View: can edit on DAG:example_task_group_decorator
[2024-03-04 11:21:32,273] {logging_mixin.py:115} INFO - [2024-03-04 11:21:32,273] {manager.py:508} INFO - Created Permission View: can delete on DAG:example_task_group_decorator
[2024-03-04 11:21:32,283] {logging_mixin.py:115} INFO - [2024-03-04 11:21:32,283] {manager.py:508} INFO - Created Permission View: can read on DAG:example_task_group_decorator
[2024-03-04 11:21:32,283] {logging_mixin.py:115} INFO - [2024-03-04 11:21:32,283] {dag.py:2379} INFO - Sync 1 DAGs
[2024-03-04 11:21:32,288] {logging_mixin.py:115} INFO - [2024-03-04 11:21:32,288] {dag.py:2398} INFO - Creating ORM DAG for example_task_group_decorator
[2024-03-04 11:21:32,303] {logging_mixin.py:115} INFO - [2024-03-04 11:21:32,303] {dag.py:2927} INFO - Setting next_dagrun for example_task_group_decorator to 2024-03-03T14:21:32.303313+00:00, run_after=2024-03-04T14:21:32.303313+00:00
[2024-03-04 11:21:32,321] {processor.py:161} INFO - Processing /home/luan/Documents/curso-extracao-de-dados/venv/lib/python3.9/site-packages/airflow/example_dags/example_task_group_decorator.py took 0.131 seconds
[2024-03-04 11:22:05,157] {processor.py:153} INFO - Started process (PID=17662) to work on /home/luan/Documents/curso-extracao-de-dados/venv/lib/python3.9/site-packages/airflow/example_dags/example_task_group_decorator.py
[2024-03-04 11:22:05,161] {processor.py:641} INFO - Processing file /home/luan/Documents/curso-extracao-de-dados/venv/lib/python3.9/site-packages/airflow/example_dags/example_task_group_decorator.py for tasks to queue
[2024-03-04 11:22:05,161] {logging_mixin.py:115} INFO - [2024-03-04 11:22:05,161] {dagbag.py:507} INFO - Filling up the DagBag from /home/luan/Documents/curso-extracao-de-dados/venv/lib/python3.9/site-packages/airflow/example_dags/example_task_group_decorator.py
[2024-03-04 11:22:05,176] {processor.py:651} INFO - DAG(s) dict_keys(['example_task_group_decorator']) retrieved from /home/luan/Documents/curso-extracao-de-dados/venv/lib/python3.9/site-packages/airflow/example_dags/example_task_group_decorator.py
[2024-03-04 11:22:05,206] {logging_mixin.py:115} INFO - [2024-03-04 11:22:05,206] {dag.py:2379} INFO - Sync 1 DAGs
[2024-03-04 11:22:05,216] {logging_mixin.py:115} INFO - [2024-03-04 11:22:05,216] {dag.py:2927} INFO - Setting next_dagrun for example_task_group_decorator to 2024-03-03T14:22:05.216151+00:00, run_after=2024-03-04T14:22:05.216151+00:00
[2024-03-04 11:22:05,230] {processor.py:161} INFO - Processing /home/luan/Documents/curso-extracao-de-dados/venv/lib/python3.9/site-packages/airflow/example_dags/example_task_group_decorator.py took 0.075 seconds
[2024-03-04 11:22:39,395] {processor.py:153} INFO - Started process (PID=17792) to work on /home/luan/Documents/curso-extracao-de-dados/venv/lib/python3.9/site-packages/airflow/example_dags/example_task_group_decorator.py
[2024-03-04 11:22:39,399] {processor.py:641} INFO - Processing file /home/luan/Documents/curso-extracao-de-dados/venv/lib/python3.9/site-packages/airflow/example_dags/example_task_group_decorator.py for tasks to queue
[2024-03-04 11:22:39,399] {logging_mixin.py:115} INFO - [2024-03-04 11:22:39,399] {dagbag.py:507} INFO - Filling up the DagBag from /home/luan/Documents/curso-extracao-de-dados/venv/lib/python3.9/site-packages/airflow/example_dags/example_task_group_decorator.py
[2024-03-04 11:22:39,416] {processor.py:651} INFO - DAG(s) dict_keys(['example_task_group_decorator']) retrieved from /home/luan/Documents/curso-extracao-de-dados/venv/lib/python3.9/site-packages/airflow/example_dags/example_task_group_decorator.py
[2024-03-04 11:22:39,454] {logging_mixin.py:115} INFO - [2024-03-04 11:22:39,454] {dag.py:2379} INFO - Sync 1 DAGs
[2024-03-04 11:22:39,478] {logging_mixin.py:115} INFO - [2024-03-04 11:22:39,477] {dag.py:2927} INFO - Setting next_dagrun for example_task_group_decorator to 2024-03-03T14:22:39.477640+00:00, run_after=2024-03-04T14:22:39.477640+00:00
[2024-03-04 11:22:39,500] {processor.py:161} INFO - Processing /home/luan/Documents/curso-extracao-de-dados/venv/lib/python3.9/site-packages/airflow/example_dags/example_task_group_decorator.py took 0.110 seconds
[2024-03-04 12:05:56,336] {processor.py:153} INFO - Started process (PID=28769) to work on /home/luan/Documents/curso-extracao-de-dados/venv/lib/python3.9/site-packages/airflow/example_dags/example_task_group_decorator.py
[2024-03-04 12:05:56,337] {processor.py:641} INFO - Processing file /home/luan/Documents/curso-extracao-de-dados/venv/lib/python3.9/site-packages/airflow/example_dags/example_task_group_decorator.py for tasks to queue
[2024-03-04 12:05:56,337] {logging_mixin.py:115} INFO - [2024-03-04 12:05:56,337] {dagbag.py:507} INFO - Filling up the DagBag from /home/luan/Documents/curso-extracao-de-dados/venv/lib/python3.9/site-packages/airflow/example_dags/example_task_group_decorator.py
[2024-03-04 12:05:56,353] {processor.py:651} INFO - DAG(s) dict_keys(['example_task_group_decorator']) retrieved from /home/luan/Documents/curso-extracao-de-dados/venv/lib/python3.9/site-packages/airflow/example_dags/example_task_group_decorator.py
[2024-03-04 12:05:56,382] {logging_mixin.py:115} INFO - [2024-03-04 12:05:56,382] {dag.py:2379} INFO - Sync 1 DAGs
[2024-03-04 12:05:56,394] {logging_mixin.py:115} INFO - [2024-03-04 12:05:56,394] {dag.py:2927} INFO - Setting next_dagrun for example_task_group_decorator to 2024-03-03T15:05:56.394069+00:00, run_after=2024-03-04T15:05:56.394069+00:00
[2024-03-04 12:05:56,408] {processor.py:161} INFO - Processing /home/luan/Documents/curso-extracao-de-dados/venv/lib/python3.9/site-packages/airflow/example_dags/example_task_group_decorator.py took 0.074 seconds
[2024-03-04 12:06:30,111] {processor.py:153} INFO - Started process (PID=29118) to work on /home/luan/Documents/curso-extracao-de-dados/venv/lib/python3.9/site-packages/airflow/example_dags/example_task_group_decorator.py
[2024-03-04 12:06:30,115] {processor.py:641} INFO - Processing file /home/luan/Documents/curso-extracao-de-dados/venv/lib/python3.9/site-packages/airflow/example_dags/example_task_group_decorator.py for tasks to queue
[2024-03-04 12:06:30,116] {logging_mixin.py:115} INFO - [2024-03-04 12:06:30,116] {dagbag.py:507} INFO - Filling up the DagBag from /home/luan/Documents/curso-extracao-de-dados/venv/lib/python3.9/site-packages/airflow/example_dags/example_task_group_decorator.py
[2024-03-04 12:06:30,146] {processor.py:651} INFO - DAG(s) dict_keys(['example_task_group_decorator']) retrieved from /home/luan/Documents/curso-extracao-de-dados/venv/lib/python3.9/site-packages/airflow/example_dags/example_task_group_decorator.py
[2024-03-04 12:06:30,196] {logging_mixin.py:115} INFO - [2024-03-04 12:06:30,196] {dag.py:2379} INFO - Sync 1 DAGs
[2024-03-04 12:06:30,210] {logging_mixin.py:115} INFO - [2024-03-04 12:06:30,210] {dag.py:2927} INFO - Setting next_dagrun for example_task_group_decorator to 2024-03-03T15:06:30.210050+00:00, run_after=2024-03-04T15:06:30.210050+00:00
[2024-03-04 12:06:30,227] {processor.py:161} INFO - Processing /home/luan/Documents/curso-extracao-de-dados/venv/lib/python3.9/site-packages/airflow/example_dags/example_task_group_decorator.py took 0.119 seconds
[2024-03-04 12:07:24,180] {processor.py:153} INFO - Started process (PID=29390) to work on /home/luan/Documents/curso-extracao-de-dados/venv/lib/python3.9/site-packages/airflow/example_dags/example_task_group_decorator.py
[2024-03-04 12:07:24,184] {processor.py:641} INFO - Processing file /home/luan/Documents/curso-extracao-de-dados/venv/lib/python3.9/site-packages/airflow/example_dags/example_task_group_decorator.py for tasks to queue
[2024-03-04 12:07:24,185] {logging_mixin.py:115} INFO - [2024-03-04 12:07:24,185] {dagbag.py:507} INFO - Filling up the DagBag from /home/luan/Documents/curso-extracao-de-dados/venv/lib/python3.9/site-packages/airflow/example_dags/example_task_group_decorator.py
[2024-03-04 12:07:24,200] {processor.py:651} INFO - DAG(s) dict_keys(['example_task_group_decorator']) retrieved from /home/luan/Documents/curso-extracao-de-dados/venv/lib/python3.9/site-packages/airflow/example_dags/example_task_group_decorator.py
[2024-03-04 12:07:24,231] {logging_mixin.py:115} INFO - [2024-03-04 12:07:24,230] {dag.py:2379} INFO - Sync 1 DAGs
[2024-03-04 12:07:24,242] {logging_mixin.py:115} INFO - [2024-03-04 12:07:24,242] {dag.py:2927} INFO - Setting next_dagrun for example_task_group_decorator to 2024-03-03T15:07:24.242155+00:00, run_after=2024-03-04T15:07:24.242155+00:00
[2024-03-04 12:07:24,257] {processor.py:161} INFO - Processing /home/luan/Documents/curso-extracao-de-dados/venv/lib/python3.9/site-packages/airflow/example_dags/example_task_group_decorator.py took 0.078 seconds
[2024-03-04 12:07:57,150] {processor.py:153} INFO - Started process (PID=29503) to work on /home/luan/Documents/curso-extracao-de-dados/venv/lib/python3.9/site-packages/airflow/example_dags/example_task_group_decorator.py
[2024-03-04 12:07:57,152] {processor.py:641} INFO - Processing file /home/luan/Documents/curso-extracao-de-dados/venv/lib/python3.9/site-packages/airflow/example_dags/example_task_group_decorator.py for tasks to queue
[2024-03-04 12:07:57,152] {logging_mixin.py:115} INFO - [2024-03-04 12:07:57,152] {dagbag.py:507} INFO - Filling up the DagBag from /home/luan/Documents/curso-extracao-de-dados/venv/lib/python3.9/site-packages/airflow/example_dags/example_task_group_decorator.py
[2024-03-04 12:07:57,169] {processor.py:651} INFO - DAG(s) dict_keys(['example_task_group_decorator']) retrieved from /home/luan/Documents/curso-extracao-de-dados/venv/lib/python3.9/site-packages/airflow/example_dags/example_task_group_decorator.py
[2024-03-04 12:07:57,198] {logging_mixin.py:115} INFO - [2024-03-04 12:07:57,198] {dag.py:2379} INFO - Sync 1 DAGs
[2024-03-04 12:07:57,214] {logging_mixin.py:115} INFO - [2024-03-04 12:07:57,214] {dag.py:2927} INFO - Setting next_dagrun for example_task_group_decorator to 2024-03-03T15:07:57.214690+00:00, run_after=2024-03-04T15:07:57.214690+00:00
[2024-03-04 12:07:57,229] {processor.py:161} INFO - Processing /home/luan/Documents/curso-extracao-de-dados/venv/lib/python3.9/site-packages/airflow/example_dags/example_task_group_decorator.py took 0.081 seconds
[2024-03-04 12:08:28,851] {processor.py:153} INFO - Started process (PID=29627) to work on /home/luan/Documents/curso-extracao-de-dados/venv/lib/python3.9/site-packages/airflow/example_dags/example_task_group_decorator.py
[2024-03-04 12:08:28,852] {processor.py:641} INFO - Processing file /home/luan/Documents/curso-extracao-de-dados/venv/lib/python3.9/site-packages/airflow/example_dags/example_task_group_decorator.py for tasks to queue
[2024-03-04 12:08:28,852] {logging_mixin.py:115} INFO - [2024-03-04 12:08:28,852] {dagbag.py:507} INFO - Filling up the DagBag from /home/luan/Documents/curso-extracao-de-dados/venv/lib/python3.9/site-packages/airflow/example_dags/example_task_group_decorator.py
[2024-03-04 12:08:28,868] {processor.py:651} INFO - DAG(s) dict_keys(['example_task_group_decorator']) retrieved from /home/luan/Documents/curso-extracao-de-dados/venv/lib/python3.9/site-packages/airflow/example_dags/example_task_group_decorator.py
[2024-03-04 12:08:28,900] {logging_mixin.py:115} INFO - [2024-03-04 12:08:28,900] {dag.py:2379} INFO - Sync 1 DAGs
[2024-03-04 12:08:28,911] {logging_mixin.py:115} INFO - [2024-03-04 12:08:28,911] {dag.py:2927} INFO - Setting next_dagrun for example_task_group_decorator to 2024-03-03T15:08:28.911495+00:00, run_after=2024-03-04T15:08:28.911495+00:00
[2024-03-04 12:08:28,926] {processor.py:161} INFO - Processing /home/luan/Documents/curso-extracao-de-dados/venv/lib/python3.9/site-packages/airflow/example_dags/example_task_group_decorator.py took 0.077 seconds
[2024-03-04 12:09:01,974] {processor.py:153} INFO - Started process (PID=29769) to work on /home/luan/Documents/curso-extracao-de-dados/venv/lib/python3.9/site-packages/airflow/example_dags/example_task_group_decorator.py
[2024-03-04 12:09:01,978] {processor.py:641} INFO - Processing file /home/luan/Documents/curso-extracao-de-dados/venv/lib/python3.9/site-packages/airflow/example_dags/example_task_group_decorator.py for tasks to queue
[2024-03-04 12:09:01,978] {logging_mixin.py:115} INFO - [2024-03-04 12:09:01,978] {dagbag.py:507} INFO - Filling up the DagBag from /home/luan/Documents/curso-extracao-de-dados/venv/lib/python3.9/site-packages/airflow/example_dags/example_task_group_decorator.py
[2024-03-04 12:09:01,994] {processor.py:651} INFO - DAG(s) dict_keys(['example_task_group_decorator']) retrieved from /home/luan/Documents/curso-extracao-de-dados/venv/lib/python3.9/site-packages/airflow/example_dags/example_task_group_decorator.py
[2024-03-04 12:09:02,028] {logging_mixin.py:115} INFO - [2024-03-04 12:09:02,028] {dag.py:2379} INFO - Sync 1 DAGs
[2024-03-04 12:09:02,041] {logging_mixin.py:115} INFO - [2024-03-04 12:09:02,040] {dag.py:2927} INFO - Setting next_dagrun for example_task_group_decorator to 2024-03-03T15:09:02.040658+00:00, run_after=2024-03-04T15:09:02.040658+00:00
[2024-03-04 12:09:02,058] {processor.py:161} INFO - Processing /home/luan/Documents/curso-extracao-de-dados/venv/lib/python3.9/site-packages/airflow/example_dags/example_task_group_decorator.py took 0.086 seconds
[2024-03-04 12:10:01,857] {processor.py:153} INFO - Started process (PID=30080) to work on /home/luan/Documents/curso-extracao-de-dados/venv/lib/python3.9/site-packages/airflow/example_dags/example_task_group_decorator.py
[2024-03-04 12:10:01,858] {processor.py:641} INFO - Processing file /home/luan/Documents/curso-extracao-de-dados/venv/lib/python3.9/site-packages/airflow/example_dags/example_task_group_decorator.py for tasks to queue
[2024-03-04 12:10:01,859] {logging_mixin.py:115} INFO - [2024-03-04 12:10:01,859] {dagbag.py:507} INFO - Filling up the DagBag from /home/luan/Documents/curso-extracao-de-dados/venv/lib/python3.9/site-packages/airflow/example_dags/example_task_group_decorator.py
[2024-03-04 12:10:01,873] {processor.py:651} INFO - DAG(s) dict_keys(['example_task_group_decorator']) retrieved from /home/luan/Documents/curso-extracao-de-dados/venv/lib/python3.9/site-packages/airflow/example_dags/example_task_group_decorator.py
[2024-03-04 12:10:01,901] {logging_mixin.py:115} INFO - [2024-03-04 12:10:01,901] {dag.py:2379} INFO - Sync 1 DAGs
[2024-03-04 12:10:01,911] {logging_mixin.py:115} INFO - [2024-03-04 12:10:01,911] {dag.py:2927} INFO - Setting next_dagrun for example_task_group_decorator to 2024-03-03T15:10:01.910890+00:00, run_after=2024-03-04T15:10:01.910890+00:00
[2024-03-04 12:10:01,925] {processor.py:161} INFO - Processing /home/luan/Documents/curso-extracao-de-dados/venv/lib/python3.9/site-packages/airflow/example_dags/example_task_group_decorator.py took 0.069 seconds
[2024-03-04 12:10:34,818] {processor.py:153} INFO - Started process (PID=30211) to work on /home/luan/Documents/curso-extracao-de-dados/venv/lib/python3.9/site-packages/airflow/example_dags/example_task_group_decorator.py
[2024-03-04 12:10:34,819] {processor.py:641} INFO - Processing file /home/luan/Documents/curso-extracao-de-dados/venv/lib/python3.9/site-packages/airflow/example_dags/example_task_group_decorator.py for tasks to queue
[2024-03-04 12:10:34,820] {logging_mixin.py:115} INFO - [2024-03-04 12:10:34,820] {dagbag.py:507} INFO - Filling up the DagBag from /home/luan/Documents/curso-extracao-de-dados/venv/lib/python3.9/site-packages/airflow/example_dags/example_task_group_decorator.py
[2024-03-04 12:10:34,835] {processor.py:651} INFO - DAG(s) dict_keys(['example_task_group_decorator']) retrieved from /home/luan/Documents/curso-extracao-de-dados/venv/lib/python3.9/site-packages/airflow/example_dags/example_task_group_decorator.py
[2024-03-04 12:10:34,865] {logging_mixin.py:115} INFO - [2024-03-04 12:10:34,865] {dag.py:2379} INFO - Sync 1 DAGs
[2024-03-04 12:10:34,876] {logging_mixin.py:115} INFO - [2024-03-04 12:10:34,876] {dag.py:2927} INFO - Setting next_dagrun for example_task_group_decorator to 2024-03-03T15:10:34.876529+00:00, run_after=2024-03-04T15:10:34.876529+00:00
[2024-03-04 12:10:34,891] {processor.py:161} INFO - Processing /home/luan/Documents/curso-extracao-de-dados/venv/lib/python3.9/site-packages/airflow/example_dags/example_task_group_decorator.py took 0.074 seconds
[2024-03-04 12:11:06,498] {processor.py:153} INFO - Started process (PID=30348) to work on /home/luan/Documents/curso-extracao-de-dados/venv/lib/python3.9/site-packages/airflow/example_dags/example_task_group_decorator.py
[2024-03-04 12:11:06,499] {processor.py:641} INFO - Processing file /home/luan/Documents/curso-extracao-de-dados/venv/lib/python3.9/site-packages/airflow/example_dags/example_task_group_decorator.py for tasks to queue
[2024-03-04 12:11:06,499] {logging_mixin.py:115} INFO - [2024-03-04 12:11:06,499] {dagbag.py:507} INFO - Filling up the DagBag from /home/luan/Documents/curso-extracao-de-dados/venv/lib/python3.9/site-packages/airflow/example_dags/example_task_group_decorator.py
[2024-03-04 12:11:06,516] {processor.py:651} INFO - DAG(s) dict_keys(['example_task_group_decorator']) retrieved from /home/luan/Documents/curso-extracao-de-dados/venv/lib/python3.9/site-packages/airflow/example_dags/example_task_group_decorator.py
[2024-03-04 12:11:06,551] {logging_mixin.py:115} INFO - [2024-03-04 12:11:06,551] {dag.py:2379} INFO - Sync 1 DAGs
[2024-03-04 12:11:06,563] {logging_mixin.py:115} INFO - [2024-03-04 12:11:06,563] {dag.py:2927} INFO - Setting next_dagrun for example_task_group_decorator to 2024-03-03T15:11:06.563335+00:00, run_after=2024-03-04T15:11:06.563335+00:00
[2024-03-04 12:11:06,579] {processor.py:161} INFO - Processing /home/luan/Documents/curso-extracao-de-dados/venv/lib/python3.9/site-packages/airflow/example_dags/example_task_group_decorator.py took 0.083 seconds
[2024-03-04 12:14:20,120] {processor.py:153} INFO - Started process (PID=31247) to work on /home/luan/Documents/curso-extracao-de-dados/venv/lib/python3.9/site-packages/airflow/example_dags/example_task_group_decorator.py
[2024-03-04 12:14:20,122] {processor.py:641} INFO - Processing file /home/luan/Documents/curso-extracao-de-dados/venv/lib/python3.9/site-packages/airflow/example_dags/example_task_group_decorator.py for tasks to queue
[2024-03-04 12:14:20,122] {logging_mixin.py:115} INFO - [2024-03-04 12:14:20,122] {dagbag.py:507} INFO - Filling up the DagBag from /home/luan/Documents/curso-extracao-de-dados/venv/lib/python3.9/site-packages/airflow/example_dags/example_task_group_decorator.py
[2024-03-04 12:14:20,137] {processor.py:651} INFO - DAG(s) dict_keys(['example_task_group_decorator']) retrieved from /home/luan/Documents/curso-extracao-de-dados/venv/lib/python3.9/site-packages/airflow/example_dags/example_task_group_decorator.py
[2024-03-04 12:14:20,165] {logging_mixin.py:115} INFO - [2024-03-04 12:14:20,165] {dag.py:2379} INFO - Sync 1 DAGs
[2024-03-04 12:14:20,175] {logging_mixin.py:115} INFO - [2024-03-04 12:14:20,175] {dag.py:2927} INFO - Setting next_dagrun for example_task_group_decorator to 2024-03-03T15:14:20.174991+00:00, run_after=2024-03-04T15:14:20.174991+00:00
[2024-03-04 12:14:20,189] {processor.py:161} INFO - Processing /home/luan/Documents/curso-extracao-de-dados/venv/lib/python3.9/site-packages/airflow/example_dags/example_task_group_decorator.py took 0.070 seconds
[2024-03-04 12:14:53,080] {processor.py:153} INFO - Started process (PID=31377) to work on /home/luan/Documents/curso-extracao-de-dados/venv/lib/python3.9/site-packages/airflow/example_dags/example_task_group_decorator.py
[2024-03-04 12:14:53,081] {processor.py:641} INFO - Processing file /home/luan/Documents/curso-extracao-de-dados/venv/lib/python3.9/site-packages/airflow/example_dags/example_task_group_decorator.py for tasks to queue
[2024-03-04 12:14:53,081] {logging_mixin.py:115} INFO - [2024-03-04 12:14:53,081] {dagbag.py:507} INFO - Filling up the DagBag from /home/luan/Documents/curso-extracao-de-dados/venv/lib/python3.9/site-packages/airflow/example_dags/example_task_group_decorator.py
[2024-03-04 12:14:53,097] {processor.py:651} INFO - DAG(s) dict_keys(['example_task_group_decorator']) retrieved from /home/luan/Documents/curso-extracao-de-dados/venv/lib/python3.9/site-packages/airflow/example_dags/example_task_group_decorator.py
[2024-03-04 12:14:53,127] {logging_mixin.py:115} INFO - [2024-03-04 12:14:53,126] {dag.py:2379} INFO - Sync 1 DAGs
[2024-03-04 12:14:53,136] {logging_mixin.py:115} INFO - [2024-03-04 12:14:53,136] {dag.py:2927} INFO - Setting next_dagrun for example_task_group_decorator to 2024-03-03T15:14:53.136649+00:00, run_after=2024-03-04T15:14:53.136649+00:00
[2024-03-04 12:14:53,151] {processor.py:161} INFO - Processing /home/luan/Documents/curso-extracao-de-dados/venv/lib/python3.9/site-packages/airflow/example_dags/example_task_group_decorator.py took 0.073 seconds
[2024-03-04 12:15:25,741] {processor.py:153} INFO - Started process (PID=31509) to work on /home/luan/Documents/curso-extracao-de-dados/venv/lib/python3.9/site-packages/airflow/example_dags/example_task_group_decorator.py
[2024-03-04 12:15:25,745] {processor.py:641} INFO - Processing file /home/luan/Documents/curso-extracao-de-dados/venv/lib/python3.9/site-packages/airflow/example_dags/example_task_group_decorator.py for tasks to queue
[2024-03-04 12:15:25,746] {logging_mixin.py:115} INFO - [2024-03-04 12:15:25,746] {dagbag.py:507} INFO - Filling up the DagBag from /home/luan/Documents/curso-extracao-de-dados/venv/lib/python3.9/site-packages/airflow/example_dags/example_task_group_decorator.py
[2024-03-04 12:15:25,761] {processor.py:651} INFO - DAG(s) dict_keys(['example_task_group_decorator']) retrieved from /home/luan/Documents/curso-extracao-de-dados/venv/lib/python3.9/site-packages/airflow/example_dags/example_task_group_decorator.py
[2024-03-04 12:15:25,795] {logging_mixin.py:115} INFO - [2024-03-04 12:15:25,795] {dag.py:2379} INFO - Sync 1 DAGs
[2024-03-04 12:15:25,806] {logging_mixin.py:115} INFO - [2024-03-04 12:15:25,806] {dag.py:2927} INFO - Setting next_dagrun for example_task_group_decorator to 2024-03-03T15:15:25.806396+00:00, run_after=2024-03-04T15:15:25.806396+00:00
[2024-03-04 12:15:25,821] {processor.py:161} INFO - Processing /home/luan/Documents/curso-extracao-de-dados/venv/lib/python3.9/site-packages/airflow/example_dags/example_task_group_decorator.py took 0.082 seconds
[2024-03-04 12:16:18,936] {processor.py:153} INFO - Started process (PID=31824) to work on /home/luan/Documents/curso-extracao-de-dados/venv/lib/python3.9/site-packages/airflow/example_dags/example_task_group_decorator.py
[2024-03-04 12:16:18,937] {processor.py:641} INFO - Processing file /home/luan/Documents/curso-extracao-de-dados/venv/lib/python3.9/site-packages/airflow/example_dags/example_task_group_decorator.py for tasks to queue
[2024-03-04 12:16:18,938] {logging_mixin.py:115} INFO - [2024-03-04 12:16:18,938] {dagbag.py:507} INFO - Filling up the DagBag from /home/luan/Documents/curso-extracao-de-dados/venv/lib/python3.9/site-packages/airflow/example_dags/example_task_group_decorator.py
[2024-03-04 12:16:18,953] {processor.py:651} INFO - DAG(s) dict_keys(['example_task_group_decorator']) retrieved from /home/luan/Documents/curso-extracao-de-dados/venv/lib/python3.9/site-packages/airflow/example_dags/example_task_group_decorator.py
[2024-03-04 12:16:18,983] {logging_mixin.py:115} INFO - [2024-03-04 12:16:18,983] {dag.py:2379} INFO - Sync 1 DAGs
[2024-03-04 12:16:18,993] {logging_mixin.py:115} INFO - [2024-03-04 12:16:18,993] {dag.py:2927} INFO - Setting next_dagrun for example_task_group_decorator to 2024-03-03T15:16:18.993240+00:00, run_after=2024-03-04T15:16:18.993240+00:00
[2024-03-04 12:16:19,007] {processor.py:161} INFO - Processing /home/luan/Documents/curso-extracao-de-dados/venv/lib/python3.9/site-packages/airflow/example_dags/example_task_group_decorator.py took 0.073 seconds
[2024-03-04 12:16:51,909] {processor.py:153} INFO - Started process (PID=31954) to work on /home/luan/Documents/curso-extracao-de-dados/venv/lib/python3.9/site-packages/airflow/example_dags/example_task_group_decorator.py
[2024-03-04 12:16:51,914] {processor.py:641} INFO - Processing file /home/luan/Documents/curso-extracao-de-dados/venv/lib/python3.9/site-packages/airflow/example_dags/example_task_group_decorator.py for tasks to queue
[2024-03-04 12:16:51,915] {logging_mixin.py:115} INFO - [2024-03-04 12:16:51,915] {dagbag.py:507} INFO - Filling up the DagBag from /home/luan/Documents/curso-extracao-de-dados/venv/lib/python3.9/site-packages/airflow/example_dags/example_task_group_decorator.py
[2024-03-04 12:16:51,931] {processor.py:651} INFO - DAG(s) dict_keys(['example_task_group_decorator']) retrieved from /home/luan/Documents/curso-extracao-de-dados/venv/lib/python3.9/site-packages/airflow/example_dags/example_task_group_decorator.py
[2024-03-04 12:16:51,964] {logging_mixin.py:115} INFO - [2024-03-04 12:16:51,964] {dag.py:2379} INFO - Sync 1 DAGs
[2024-03-04 12:16:51,976] {logging_mixin.py:115} INFO - [2024-03-04 12:16:51,976] {dag.py:2927} INFO - Setting next_dagrun for example_task_group_decorator to 2024-03-03T15:16:51.976152+00:00, run_after=2024-03-04T15:16:51.976152+00:00
[2024-03-04 12:16:51,992] {processor.py:161} INFO - Processing /home/luan/Documents/curso-extracao-de-dados/venv/lib/python3.9/site-packages/airflow/example_dags/example_task_group_decorator.py took 0.084 seconds
[2024-03-04 12:17:25,199] {processor.py:153} INFO - Started process (PID=32094) to work on /home/luan/Documents/curso-extracao-de-dados/venv/lib/python3.9/site-packages/airflow/example_dags/example_task_group_decorator.py
[2024-03-04 12:17:25,204] {processor.py:641} INFO - Processing file /home/luan/Documents/curso-extracao-de-dados/venv/lib/python3.9/site-packages/airflow/example_dags/example_task_group_decorator.py for tasks to queue
[2024-03-04 12:17:25,205] {logging_mixin.py:115} INFO - [2024-03-04 12:17:25,205] {dagbag.py:507} INFO - Filling up the DagBag from /home/luan/Documents/curso-extracao-de-dados/venv/lib/python3.9/site-packages/airflow/example_dags/example_task_group_decorator.py
[2024-03-04 12:17:25,219] {processor.py:651} INFO - DAG(s) dict_keys(['example_task_group_decorator']) retrieved from /home/luan/Documents/curso-extracao-de-dados/venv/lib/python3.9/site-packages/airflow/example_dags/example_task_group_decorator.py
[2024-03-04 12:17:25,249] {logging_mixin.py:115} INFO - [2024-03-04 12:17:25,249] {dag.py:2379} INFO - Sync 1 DAGs
[2024-03-04 12:17:25,261] {logging_mixin.py:115} INFO - [2024-03-04 12:17:25,261] {dag.py:2927} INFO - Setting next_dagrun for example_task_group_decorator to 2024-03-03T15:17:25.261022+00:00, run_after=2024-03-04T15:17:25.261022+00:00
[2024-03-04 12:17:25,277] {processor.py:161} INFO - Processing /home/luan/Documents/curso-extracao-de-dados/venv/lib/python3.9/site-packages/airflow/example_dags/example_task_group_decorator.py took 0.080 seconds
[2024-03-04 12:17:58,309] {processor.py:153} INFO - Started process (PID=32224) to work on /home/luan/Documents/curso-extracao-de-dados/venv/lib/python3.9/site-packages/airflow/example_dags/example_task_group_decorator.py
[2024-03-04 12:17:58,311] {processor.py:641} INFO - Processing file /home/luan/Documents/curso-extracao-de-dados/venv/lib/python3.9/site-packages/airflow/example_dags/example_task_group_decorator.py for tasks to queue
[2024-03-04 12:17:58,311] {logging_mixin.py:115} INFO - [2024-03-04 12:17:58,311] {dagbag.py:507} INFO - Filling up the DagBag from /home/luan/Documents/curso-extracao-de-dados/venv/lib/python3.9/site-packages/airflow/example_dags/example_task_group_decorator.py
[2024-03-04 12:17:58,326] {processor.py:651} INFO - DAG(s) dict_keys(['example_task_group_decorator']) retrieved from /home/luan/Documents/curso-extracao-de-dados/venv/lib/python3.9/site-packages/airflow/example_dags/example_task_group_decorator.py
[2024-03-04 12:17:58,358] {logging_mixin.py:115} INFO - [2024-03-04 12:17:58,358] {dag.py:2379} INFO - Sync 1 DAGs
[2024-03-04 12:17:58,368] {logging_mixin.py:115} INFO - [2024-03-04 12:17:58,368] {dag.py:2927} INFO - Setting next_dagrun for example_task_group_decorator to 2024-03-03T15:17:58.368579+00:00, run_after=2024-03-04T15:17:58.368579+00:00
[2024-03-04 12:17:58,384] {processor.py:161} INFO - Processing /home/luan/Documents/curso-extracao-de-dados/venv/lib/python3.9/site-packages/airflow/example_dags/example_task_group_decorator.py took 0.076 seconds
[2024-03-04 12:18:52,769] {processor.py:153} INFO - Started process (PID=32522) to work on /home/luan/Documents/curso-extracao-de-dados/venv/lib/python3.9/site-packages/airflow/example_dags/example_task_group_decorator.py
[2024-03-04 12:18:52,771] {processor.py:641} INFO - Processing file /home/luan/Documents/curso-extracao-de-dados/venv/lib/python3.9/site-packages/airflow/example_dags/example_task_group_decorator.py for tasks to queue
[2024-03-04 12:18:52,771] {logging_mixin.py:115} INFO - [2024-03-04 12:18:52,771] {dagbag.py:507} INFO - Filling up the DagBag from /home/luan/Documents/curso-extracao-de-dados/venv/lib/python3.9/site-packages/airflow/example_dags/example_task_group_decorator.py
[2024-03-04 12:18:52,785] {processor.py:651} INFO - DAG(s) dict_keys(['example_task_group_decorator']) retrieved from /home/luan/Documents/curso-extracao-de-dados/venv/lib/python3.9/site-packages/airflow/example_dags/example_task_group_decorator.py
[2024-03-04 12:18:52,813] {logging_mixin.py:115} INFO - [2024-03-04 12:18:52,813] {dag.py:2379} INFO - Sync 1 DAGs
[2024-03-04 12:18:52,823] {logging_mixin.py:115} INFO - [2024-03-04 12:18:52,823] {dag.py:2927} INFO - Setting next_dagrun for example_task_group_decorator to 2024-03-03T15:18:52.823427+00:00, run_after=2024-03-04T15:18:52.823427+00:00
[2024-03-04 12:18:52,838] {processor.py:161} INFO - Processing /home/luan/Documents/curso-extracao-de-dados/venv/lib/python3.9/site-packages/airflow/example_dags/example_task_group_decorator.py took 0.070 seconds
