[2024-03-04 11:21:27,132] {processor.py:153} INFO - Started process (PID=17510) to work on /home/luan/Documents/curso-extracao-de-dados/venv/lib/python3.9/site-packages/airflow/example_dags/example_task_group.py
[2024-03-04 11:21:27,132] {processor.py:641} INFO - Processing file /home/luan/Documents/curso-extracao-de-dados/venv/lib/python3.9/site-packages/airflow/example_dags/example_task_group.py for tasks to queue
[2024-03-04 11:21:27,133] {logging_mixin.py:115} INFO - [2024-03-04 11:21:27,133] {dagbag.py:507} INFO - Filling up the DagBag from /home/luan/Documents/curso-extracao-de-dados/venv/lib/python3.9/site-packages/airflow/example_dags/example_task_group.py
[2024-03-04 11:21:27,137] {processor.py:651} INFO - DAG(s) dict_keys(['example_task_group']) retrieved from /home/luan/Documents/curso-extracao-de-dados/venv/lib/python3.9/site-packages/airflow/example_dags/example_task_group.py
[2024-03-04 11:21:27,195] {logging_mixin.py:115} INFO - [2024-03-04 11:21:27,194] {manager.py:508} INFO - Created Permission View: can edit on DAG:example_task_group
[2024-03-04 11:21:27,205] {logging_mixin.py:115} INFO - [2024-03-04 11:21:27,205] {manager.py:508} INFO - Created Permission View: can delete on DAG:example_task_group
[2024-03-04 11:21:27,216] {logging_mixin.py:115} INFO - [2024-03-04 11:21:27,215] {manager.py:508} INFO - Created Permission View: can read on DAG:example_task_group
[2024-03-04 11:21:27,216] {logging_mixin.py:115} INFO - [2024-03-04 11:21:27,216] {dag.py:2379} INFO - Sync 1 DAGs
[2024-03-04 11:21:27,222] {logging_mixin.py:115} INFO - [2024-03-04 11:21:27,222] {dag.py:2398} INFO - Creating ORM DAG for example_task_group
[2024-03-04 11:21:27,239] {logging_mixin.py:115} INFO - [2024-03-04 11:21:27,239] {dag.py:2927} INFO - Setting next_dagrun for example_task_group to 2024-03-03T14:21:27.239051+00:00, run_after=2024-03-04T14:21:27.239051+00:00
[2024-03-04 11:21:27,257] {processor.py:161} INFO - Processing /home/luan/Documents/curso-extracao-de-dados/venv/lib/python3.9/site-packages/airflow/example_dags/example_task_group.py took 0.126 seconds
[2024-03-04 11:22:01,147] {processor.py:153} INFO - Started process (PID=17644) to work on /home/luan/Documents/curso-extracao-de-dados/venv/lib/python3.9/site-packages/airflow/example_dags/example_task_group.py
[2024-03-04 11:22:01,148] {processor.py:641} INFO - Processing file /home/luan/Documents/curso-extracao-de-dados/venv/lib/python3.9/site-packages/airflow/example_dags/example_task_group.py for tasks to queue
[2024-03-04 11:22:01,149] {logging_mixin.py:115} INFO - [2024-03-04 11:22:01,149] {dagbag.py:507} INFO - Filling up the DagBag from /home/luan/Documents/curso-extracao-de-dados/venv/lib/python3.9/site-packages/airflow/example_dags/example_task_group.py
[2024-03-04 11:22:01,154] {processor.py:651} INFO - DAG(s) dict_keys(['example_task_group']) retrieved from /home/luan/Documents/curso-extracao-de-dados/venv/lib/python3.9/site-packages/airflow/example_dags/example_task_group.py
[2024-03-04 11:22:01,167] {logging_mixin.py:115} INFO - [2024-03-04 11:22:01,167] {dag.py:2379} INFO - Sync 1 DAGs
[2024-03-04 11:22:01,181] {logging_mixin.py:115} INFO - [2024-03-04 11:22:01,181] {dag.py:2927} INFO - Setting next_dagrun for example_task_group to 2024-03-03T14:22:01.181647+00:00, run_after=2024-03-04T14:22:01.181647+00:00
[2024-03-04 11:22:01,226] {processor.py:161} INFO - Processing /home/luan/Documents/curso-extracao-de-dados/venv/lib/python3.9/site-packages/airflow/example_dags/example_task_group.py took 0.080 seconds
[2024-03-04 11:22:34,104] {processor.py:153} INFO - Started process (PID=17775) to work on /home/luan/Documents/curso-extracao-de-dados/venv/lib/python3.9/site-packages/airflow/example_dags/example_task_group.py
[2024-03-04 11:22:34,107] {processor.py:641} INFO - Processing file /home/luan/Documents/curso-extracao-de-dados/venv/lib/python3.9/site-packages/airflow/example_dags/example_task_group.py for tasks to queue
[2024-03-04 11:22:34,108] {logging_mixin.py:115} INFO - [2024-03-04 11:22:34,108] {dagbag.py:507} INFO - Filling up the DagBag from /home/luan/Documents/curso-extracao-de-dados/venv/lib/python3.9/site-packages/airflow/example_dags/example_task_group.py
[2024-03-04 11:22:34,112] {processor.py:651} INFO - DAG(s) dict_keys(['example_task_group']) retrieved from /home/luan/Documents/curso-extracao-de-dados/venv/lib/python3.9/site-packages/airflow/example_dags/example_task_group.py
[2024-03-04 11:22:34,123] {logging_mixin.py:115} INFO - [2024-03-04 11:22:34,123] {dag.py:2379} INFO - Sync 1 DAGs
[2024-03-04 11:22:34,137] {logging_mixin.py:115} INFO - [2024-03-04 11:22:34,137] {dag.py:2927} INFO - Setting next_dagrun for example_task_group to 2024-03-03T14:22:34.136984+00:00, run_after=2024-03-04T14:22:34.136984+00:00
[2024-03-04 11:22:34,152] {processor.py:161} INFO - Processing /home/luan/Documents/curso-extracao-de-dados/venv/lib/python3.9/site-packages/airflow/example_dags/example_task_group.py took 0.050 seconds
[2024-03-04 12:05:52,326] {processor.py:153} INFO - Started process (PID=28752) to work on /home/luan/Documents/curso-extracao-de-dados/venv/lib/python3.9/site-packages/airflow/example_dags/example_task_group.py
[2024-03-04 12:05:52,331] {processor.py:641} INFO - Processing file /home/luan/Documents/curso-extracao-de-dados/venv/lib/python3.9/site-packages/airflow/example_dags/example_task_group.py for tasks to queue
[2024-03-04 12:05:52,331] {logging_mixin.py:115} INFO - [2024-03-04 12:05:52,331] {dagbag.py:507} INFO - Filling up the DagBag from /home/luan/Documents/curso-extracao-de-dados/venv/lib/python3.9/site-packages/airflow/example_dags/example_task_group.py
[2024-03-04 12:05:52,335] {processor.py:651} INFO - DAG(s) dict_keys(['example_task_group']) retrieved from /home/luan/Documents/curso-extracao-de-dados/venv/lib/python3.9/site-packages/airflow/example_dags/example_task_group.py
[2024-03-04 12:05:52,348] {logging_mixin.py:115} INFO - [2024-03-04 12:05:52,348] {dag.py:2379} INFO - Sync 1 DAGs
[2024-03-04 12:05:52,364] {logging_mixin.py:115} INFO - [2024-03-04 12:05:52,364] {dag.py:2927} INFO - Setting next_dagrun for example_task_group to 2024-03-03T15:05:52.363899+00:00, run_after=2024-03-04T15:05:52.363899+00:00
[2024-03-04 12:05:52,379] {processor.py:161} INFO - Processing /home/luan/Documents/curso-extracao-de-dados/venv/lib/python3.9/site-packages/airflow/example_dags/example_task_group.py took 0.054 seconds
[2024-03-04 12:06:24,965] {processor.py:153} INFO - Started process (PID=29052) to work on /home/luan/Documents/curso-extracao-de-dados/venv/lib/python3.9/site-packages/airflow/example_dags/example_task_group.py
[2024-03-04 12:06:24,969] {processor.py:641} INFO - Processing file /home/luan/Documents/curso-extracao-de-dados/venv/lib/python3.9/site-packages/airflow/example_dags/example_task_group.py for tasks to queue
[2024-03-04 12:06:24,970] {logging_mixin.py:115} INFO - [2024-03-04 12:06:24,970] {dagbag.py:507} INFO - Filling up the DagBag from /home/luan/Documents/curso-extracao-de-dados/venv/lib/python3.9/site-packages/airflow/example_dags/example_task_group.py
[2024-03-04 12:06:24,974] {processor.py:651} INFO - DAG(s) dict_keys(['example_task_group']) retrieved from /home/luan/Documents/curso-extracao-de-dados/venv/lib/python3.9/site-packages/airflow/example_dags/example_task_group.py
[2024-03-04 12:06:24,985] {logging_mixin.py:115} INFO - [2024-03-04 12:06:24,985] {dag.py:2379} INFO - Sync 1 DAGs
[2024-03-04 12:06:24,999] {logging_mixin.py:115} INFO - [2024-03-04 12:06:24,999] {dag.py:2927} INFO - Setting next_dagrun for example_task_group to 2024-03-03T15:06:24.999315+00:00, run_after=2024-03-04T15:06:24.999315+00:00
[2024-03-04 12:06:25,013] {processor.py:161} INFO - Processing /home/luan/Documents/curso-extracao-de-dados/venv/lib/python3.9/site-packages/airflow/example_dags/example_task_group.py took 0.049 seconds
[2024-03-04 12:07:20,165] {processor.py:153} INFO - Started process (PID=29373) to work on /home/luan/Documents/curso-extracao-de-dados/venv/lib/python3.9/site-packages/airflow/example_dags/example_task_group.py
[2024-03-04 12:07:20,170] {processor.py:641} INFO - Processing file /home/luan/Documents/curso-extracao-de-dados/venv/lib/python3.9/site-packages/airflow/example_dags/example_task_group.py for tasks to queue
[2024-03-04 12:07:20,170] {logging_mixin.py:115} INFO - [2024-03-04 12:07:20,170] {dagbag.py:507} INFO - Filling up the DagBag from /home/luan/Documents/curso-extracao-de-dados/venv/lib/python3.9/site-packages/airflow/example_dags/example_task_group.py
[2024-03-04 12:07:20,175] {processor.py:651} INFO - DAG(s) dict_keys(['example_task_group']) retrieved from /home/luan/Documents/curso-extracao-de-dados/venv/lib/python3.9/site-packages/airflow/example_dags/example_task_group.py
[2024-03-04 12:07:20,185] {logging_mixin.py:115} INFO - [2024-03-04 12:07:20,185] {dag.py:2379} INFO - Sync 1 DAGs
[2024-03-04 12:07:20,199] {logging_mixin.py:115} INFO - [2024-03-04 12:07:20,199] {dag.py:2927} INFO - Setting next_dagrun for example_task_group to 2024-03-03T15:07:20.199371+00:00, run_after=2024-03-04T15:07:20.199371+00:00
[2024-03-04 12:07:20,216] {processor.py:161} INFO - Processing /home/luan/Documents/curso-extracao-de-dados/venv/lib/python3.9/site-packages/airflow/example_dags/example_task_group.py took 0.052 seconds
[2024-03-04 12:07:51,853] {processor.py:153} INFO - Started process (PID=29486) to work on /home/luan/Documents/curso-extracao-de-dados/venv/lib/python3.9/site-packages/airflow/example_dags/example_task_group.py
[2024-03-04 12:07:51,857] {processor.py:641} INFO - Processing file /home/luan/Documents/curso-extracao-de-dados/venv/lib/python3.9/site-packages/airflow/example_dags/example_task_group.py for tasks to queue
[2024-03-04 12:07:51,857] {logging_mixin.py:115} INFO - [2024-03-04 12:07:51,857] {dagbag.py:507} INFO - Filling up the DagBag from /home/luan/Documents/curso-extracao-de-dados/venv/lib/python3.9/site-packages/airflow/example_dags/example_task_group.py
[2024-03-04 12:07:51,861] {processor.py:651} INFO - DAG(s) dict_keys(['example_task_group']) retrieved from /home/luan/Documents/curso-extracao-de-dados/venv/lib/python3.9/site-packages/airflow/example_dags/example_task_group.py
[2024-03-04 12:07:51,872] {logging_mixin.py:115} INFO - [2024-03-04 12:07:51,872] {dag.py:2379} INFO - Sync 1 DAGs
[2024-03-04 12:07:51,885] {logging_mixin.py:115} INFO - [2024-03-04 12:07:51,885] {dag.py:2927} INFO - Setting next_dagrun for example_task_group to 2024-03-03T15:07:51.885277+00:00, run_after=2024-03-04T15:07:51.885277+00:00
[2024-03-04 12:07:51,897] {processor.py:161} INFO - Processing /home/luan/Documents/curso-extracao-de-dados/venv/lib/python3.9/site-packages/airflow/example_dags/example_task_group.py took 0.046 seconds
[2024-03-04 12:08:24,852] {processor.py:153} INFO - Started process (PID=29616) to work on /home/luan/Documents/curso-extracao-de-dados/venv/lib/python3.9/site-packages/airflow/example_dags/example_task_group.py
[2024-03-04 12:08:24,856] {processor.py:641} INFO - Processing file /home/luan/Documents/curso-extracao-de-dados/venv/lib/python3.9/site-packages/airflow/example_dags/example_task_group.py for tasks to queue
[2024-03-04 12:08:24,857] {logging_mixin.py:115} INFO - [2024-03-04 12:08:24,856] {dagbag.py:507} INFO - Filling up the DagBag from /home/luan/Documents/curso-extracao-de-dados/venv/lib/python3.9/site-packages/airflow/example_dags/example_task_group.py
[2024-03-04 12:08:24,861] {processor.py:651} INFO - DAG(s) dict_keys(['example_task_group']) retrieved from /home/luan/Documents/curso-extracao-de-dados/venv/lib/python3.9/site-packages/airflow/example_dags/example_task_group.py
[2024-03-04 12:08:24,871] {logging_mixin.py:115} INFO - [2024-03-04 12:08:24,871] {dag.py:2379} INFO - Sync 1 DAGs
[2024-03-04 12:08:24,886] {logging_mixin.py:115} INFO - [2024-03-04 12:08:24,886] {dag.py:2927} INFO - Setting next_dagrun for example_task_group to 2024-03-03T15:08:24.885974+00:00, run_after=2024-03-04T15:08:24.885974+00:00
[2024-03-04 12:08:24,900] {processor.py:161} INFO - Processing /home/luan/Documents/curso-extracao-de-dados/venv/lib/python3.9/site-packages/airflow/example_dags/example_task_group.py took 0.049 seconds
[2024-03-04 12:08:56,837] {processor.py:153} INFO - Started process (PID=29752) to work on /home/luan/Documents/curso-extracao-de-dados/venv/lib/python3.9/site-packages/airflow/example_dags/example_task_group.py
[2024-03-04 12:08:56,841] {processor.py:641} INFO - Processing file /home/luan/Documents/curso-extracao-de-dados/venv/lib/python3.9/site-packages/airflow/example_dags/example_task_group.py for tasks to queue
[2024-03-04 12:08:56,841] {logging_mixin.py:115} INFO - [2024-03-04 12:08:56,841] {dagbag.py:507} INFO - Filling up the DagBag from /home/luan/Documents/curso-extracao-de-dados/venv/lib/python3.9/site-packages/airflow/example_dags/example_task_group.py
[2024-03-04 12:08:56,846] {processor.py:651} INFO - DAG(s) dict_keys(['example_task_group']) retrieved from /home/luan/Documents/curso-extracao-de-dados/venv/lib/python3.9/site-packages/airflow/example_dags/example_task_group.py
[2024-03-04 12:08:56,860] {logging_mixin.py:115} INFO - [2024-03-04 12:08:56,860] {dag.py:2379} INFO - Sync 1 DAGs
[2024-03-04 12:08:56,874] {logging_mixin.py:115} INFO - [2024-03-04 12:08:56,873] {dag.py:2927} INFO - Setting next_dagrun for example_task_group to 2024-03-03T15:08:56.873554+00:00, run_after=2024-03-04T15:08:56.873554+00:00
[2024-03-04 12:08:56,889] {processor.py:161} INFO - Processing /home/luan/Documents/curso-extracao-de-dados/venv/lib/python3.9/site-packages/airflow/example_dags/example_task_group.py took 0.053 seconds
[2024-03-04 12:09:57,843] {processor.py:153} INFO - Started process (PID=30066) to work on /home/luan/Documents/curso-extracao-de-dados/venv/lib/python3.9/site-packages/airflow/example_dags/example_task_group.py
[2024-03-04 12:09:57,844] {processor.py:641} INFO - Processing file /home/luan/Documents/curso-extracao-de-dados/venv/lib/python3.9/site-packages/airflow/example_dags/example_task_group.py for tasks to queue
[2024-03-04 12:09:57,844] {logging_mixin.py:115} INFO - [2024-03-04 12:09:57,844] {dagbag.py:507} INFO - Filling up the DagBag from /home/luan/Documents/curso-extracao-de-dados/venv/lib/python3.9/site-packages/airflow/example_dags/example_task_group.py
[2024-03-04 12:09:57,848] {processor.py:651} INFO - DAG(s) dict_keys(['example_task_group']) retrieved from /home/luan/Documents/curso-extracao-de-dados/venv/lib/python3.9/site-packages/airflow/example_dags/example_task_group.py
[2024-03-04 12:09:57,859] {logging_mixin.py:115} INFO - [2024-03-04 12:09:57,858] {dag.py:2379} INFO - Sync 1 DAGs
[2024-03-04 12:09:57,872] {logging_mixin.py:115} INFO - [2024-03-04 12:09:57,872] {dag.py:2927} INFO - Setting next_dagrun for example_task_group to 2024-03-03T15:09:57.872392+00:00, run_after=2024-03-04T15:09:57.872392+00:00
[2024-03-04 12:09:57,885] {processor.py:161} INFO - Processing /home/luan/Documents/curso-extracao-de-dados/venv/lib/python3.9/site-packages/airflow/example_dags/example_task_group.py took 0.044 seconds
[2024-03-04 12:10:29,532] {processor.py:153} INFO - Started process (PID=30193) to work on /home/luan/Documents/curso-extracao-de-dados/venv/lib/python3.9/site-packages/airflow/example_dags/example_task_group.py
[2024-03-04 12:10:29,537] {processor.py:641} INFO - Processing file /home/luan/Documents/curso-extracao-de-dados/venv/lib/python3.9/site-packages/airflow/example_dags/example_task_group.py for tasks to queue
[2024-03-04 12:10:29,537] {logging_mixin.py:115} INFO - [2024-03-04 12:10:29,537] {dagbag.py:507} INFO - Filling up the DagBag from /home/luan/Documents/curso-extracao-de-dados/venv/lib/python3.9/site-packages/airflow/example_dags/example_task_group.py
[2024-03-04 12:10:29,541] {processor.py:651} INFO - DAG(s) dict_keys(['example_task_group']) retrieved from /home/luan/Documents/curso-extracao-de-dados/venv/lib/python3.9/site-packages/airflow/example_dags/example_task_group.py
[2024-03-04 12:10:29,552] {logging_mixin.py:115} INFO - [2024-03-04 12:10:29,552] {dag.py:2379} INFO - Sync 1 DAGs
[2024-03-04 12:10:29,573] {logging_mixin.py:115} INFO - [2024-03-04 12:10:29,573] {dag.py:2927} INFO - Setting next_dagrun for example_task_group to 2024-03-03T15:10:29.573579+00:00, run_after=2024-03-04T15:10:29.573579+00:00
[2024-03-04 12:10:29,586] {processor.py:161} INFO - Processing /home/luan/Documents/curso-extracao-de-dados/venv/lib/python3.9/site-packages/airflow/example_dags/example_task_group.py took 0.056 seconds
[2024-03-04 12:11:02,498] {processor.py:153} INFO - Started process (PID=30329) to work on /home/luan/Documents/curso-extracao-de-dados/venv/lib/python3.9/site-packages/airflow/example_dags/example_task_group.py
[2024-03-04 12:11:02,499] {processor.py:641} INFO - Processing file /home/luan/Documents/curso-extracao-de-dados/venv/lib/python3.9/site-packages/airflow/example_dags/example_task_group.py for tasks to queue
[2024-03-04 12:11:02,499] {logging_mixin.py:115} INFO - [2024-03-04 12:11:02,499] {dagbag.py:507} INFO - Filling up the DagBag from /home/luan/Documents/curso-extracao-de-dados/venv/lib/python3.9/site-packages/airflow/example_dags/example_task_group.py
[2024-03-04 12:11:02,504] {processor.py:651} INFO - DAG(s) dict_keys(['example_task_group']) retrieved from /home/luan/Documents/curso-extracao-de-dados/venv/lib/python3.9/site-packages/airflow/example_dags/example_task_group.py
[2024-03-04 12:11:02,515] {logging_mixin.py:115} INFO - [2024-03-04 12:11:02,515] {dag.py:2379} INFO - Sync 1 DAGs
[2024-03-04 12:11:02,528] {logging_mixin.py:115} INFO - [2024-03-04 12:11:02,528] {dag.py:2927} INFO - Setting next_dagrun for example_task_group to 2024-03-03T15:11:02.528698+00:00, run_after=2024-03-04T15:11:02.528698+00:00
[2024-03-04 12:11:02,543] {processor.py:161} INFO - Processing /home/luan/Documents/curso-extracao-de-dados/venv/lib/python3.9/site-packages/airflow/example_dags/example_task_group.py took 0.046 seconds
[2024-03-04 12:14:16,117] {processor.py:153} INFO - Started process (PID=31230) to work on /home/luan/Documents/curso-extracao-de-dados/venv/lib/python3.9/site-packages/airflow/example_dags/example_task_group.py
[2024-03-04 12:14:16,119] {processor.py:641} INFO - Processing file /home/luan/Documents/curso-extracao-de-dados/venv/lib/python3.9/site-packages/airflow/example_dags/example_task_group.py for tasks to queue
[2024-03-04 12:14:16,119] {logging_mixin.py:115} INFO - [2024-03-04 12:14:16,119] {dagbag.py:507} INFO - Filling up the DagBag from /home/luan/Documents/curso-extracao-de-dados/venv/lib/python3.9/site-packages/airflow/example_dags/example_task_group.py
[2024-03-04 12:14:16,123] {processor.py:651} INFO - DAG(s) dict_keys(['example_task_group']) retrieved from /home/luan/Documents/curso-extracao-de-dados/venv/lib/python3.9/site-packages/airflow/example_dags/example_task_group.py
[2024-03-04 12:14:16,134] {logging_mixin.py:115} INFO - [2024-03-04 12:14:16,134] {dag.py:2379} INFO - Sync 1 DAGs
[2024-03-04 12:14:16,148] {logging_mixin.py:115} INFO - [2024-03-04 12:14:16,148] {dag.py:2927} INFO - Setting next_dagrun for example_task_group to 2024-03-03T15:14:16.148136+00:00, run_after=2024-03-04T15:14:16.148136+00:00
[2024-03-04 12:14:16,163] {processor.py:161} INFO - Processing /home/luan/Documents/curso-extracao-de-dados/venv/lib/python3.9/site-packages/airflow/example_dags/example_task_group.py took 0.047 seconds
[2024-03-04 12:14:47,799] {processor.py:153} INFO - Started process (PID=31360) to work on /home/luan/Documents/curso-extracao-de-dados/venv/lib/python3.9/site-packages/airflow/example_dags/example_task_group.py
[2024-03-04 12:14:47,803] {processor.py:641} INFO - Processing file /home/luan/Documents/curso-extracao-de-dados/venv/lib/python3.9/site-packages/airflow/example_dags/example_task_group.py for tasks to queue
[2024-03-04 12:14:47,804] {logging_mixin.py:115} INFO - [2024-03-04 12:14:47,804] {dagbag.py:507} INFO - Filling up the DagBag from /home/luan/Documents/curso-extracao-de-dados/venv/lib/python3.9/site-packages/airflow/example_dags/example_task_group.py
[2024-03-04 12:14:47,808] {processor.py:651} INFO - DAG(s) dict_keys(['example_task_group']) retrieved from /home/luan/Documents/curso-extracao-de-dados/venv/lib/python3.9/site-packages/airflow/example_dags/example_task_group.py
[2024-03-04 12:14:47,818] {logging_mixin.py:115} INFO - [2024-03-04 12:14:47,818] {dag.py:2379} INFO - Sync 1 DAGs
[2024-03-04 12:14:47,831] {logging_mixin.py:115} INFO - [2024-03-04 12:14:47,831] {dag.py:2927} INFO - Setting next_dagrun for example_task_group to 2024-03-03T15:14:47.831203+00:00, run_after=2024-03-04T15:14:47.831203+00:00
[2024-03-04 12:14:47,846] {processor.py:161} INFO - Processing /home/luan/Documents/curso-extracao-de-dados/venv/lib/python3.9/site-packages/airflow/example_dags/example_task_group.py took 0.048 seconds
[2024-03-04 12:15:20,724] {processor.py:153} INFO - Started process (PID=31492) to work on /home/luan/Documents/curso-extracao-de-dados/venv/lib/python3.9/site-packages/airflow/example_dags/example_task_group.py
[2024-03-04 12:15:20,728] {processor.py:641} INFO - Processing file /home/luan/Documents/curso-extracao-de-dados/venv/lib/python3.9/site-packages/airflow/example_dags/example_task_group.py for tasks to queue
[2024-03-04 12:15:20,729] {logging_mixin.py:115} INFO - [2024-03-04 12:15:20,729] {dagbag.py:507} INFO - Filling up the DagBag from /home/luan/Documents/curso-extracao-de-dados/venv/lib/python3.9/site-packages/airflow/example_dags/example_task_group.py
[2024-03-04 12:15:20,734] {processor.py:651} INFO - DAG(s) dict_keys(['example_task_group']) retrieved from /home/luan/Documents/curso-extracao-de-dados/venv/lib/python3.9/site-packages/airflow/example_dags/example_task_group.py
[2024-03-04 12:15:20,744] {logging_mixin.py:115} INFO - [2024-03-04 12:15:20,744] {dag.py:2379} INFO - Sync 1 DAGs
[2024-03-04 12:15:20,758] {logging_mixin.py:115} INFO - [2024-03-04 12:15:20,758] {dag.py:2927} INFO - Setting next_dagrun for example_task_group to 2024-03-03T15:15:20.758064+00:00, run_after=2024-03-04T15:15:20.758064+00:00
[2024-03-04 12:15:20,772] {processor.py:161} INFO - Processing /home/luan/Documents/curso-extracao-de-dados/venv/lib/python3.9/site-packages/airflow/example_dags/example_task_group.py took 0.050 seconds
[2024-03-04 12:15:53,713] {processor.py:153} INFO - Started process (PID=31620) to work on /home/luan/Documents/curso-extracao-de-dados/venv/lib/python3.9/site-packages/airflow/example_dags/example_task_group.py
[2024-03-04 12:15:53,717] {processor.py:641} INFO - Processing file /home/luan/Documents/curso-extracao-de-dados/venv/lib/python3.9/site-packages/airflow/example_dags/example_task_group.py for tasks to queue
[2024-03-04 12:15:53,717] {logging_mixin.py:115} INFO - [2024-03-04 12:15:53,717] {dagbag.py:507} INFO - Filling up the DagBag from /home/luan/Documents/curso-extracao-de-dados/venv/lib/python3.9/site-packages/airflow/example_dags/example_task_group.py
[2024-03-04 12:15:53,721] {processor.py:651} INFO - DAG(s) dict_keys(['example_task_group']) retrieved from /home/luan/Documents/curso-extracao-de-dados/venv/lib/python3.9/site-packages/airflow/example_dags/example_task_group.py
[2024-03-04 12:15:53,732] {logging_mixin.py:115} INFO - [2024-03-04 12:15:53,732] {dag.py:2379} INFO - Sync 1 DAGs
[2024-03-04 12:15:53,745] {logging_mixin.py:115} INFO - [2024-03-04 12:15:53,745] {dag.py:2927} INFO - Setting next_dagrun for example_task_group to 2024-03-03T15:15:53.745305+00:00, run_after=2024-03-04T15:15:53.745305+00:00
[2024-03-04 12:15:53,759] {processor.py:161} INFO - Processing /home/luan/Documents/curso-extracao-de-dados/venv/lib/python3.9/site-packages/airflow/example_dags/example_task_group.py took 0.048 seconds
[2024-03-04 12:16:14,927] {processor.py:153} INFO - Started process (PID=31807) to work on /home/luan/Documents/curso-extracao-de-dados/venv/lib/python3.9/site-packages/airflow/example_dags/example_task_group.py
[2024-03-04 12:16:14,928] {processor.py:641} INFO - Processing file /home/luan/Documents/curso-extracao-de-dados/venv/lib/python3.9/site-packages/airflow/example_dags/example_task_group.py for tasks to queue
[2024-03-04 12:16:14,929] {logging_mixin.py:115} INFO - [2024-03-04 12:16:14,929] {dagbag.py:507} INFO - Filling up the DagBag from /home/luan/Documents/curso-extracao-de-dados/venv/lib/python3.9/site-packages/airflow/example_dags/example_task_group.py
[2024-03-04 12:16:14,935] {processor.py:651} INFO - DAG(s) dict_keys(['example_task_group']) retrieved from /home/luan/Documents/curso-extracao-de-dados/venv/lib/python3.9/site-packages/airflow/example_dags/example_task_group.py
[2024-03-04 12:16:14,952] {logging_mixin.py:115} INFO - [2024-03-04 12:16:14,952] {dag.py:2379} INFO - Sync 1 DAGs
[2024-03-04 12:16:14,975] {logging_mixin.py:115} INFO - [2024-03-04 12:16:14,975] {dag.py:2927} INFO - Setting next_dagrun for example_task_group to 2024-03-03T15:16:14.975444+00:00, run_after=2024-03-04T15:16:14.975444+00:00
[2024-03-04 12:16:14,997] {processor.py:161} INFO - Processing /home/luan/Documents/curso-extracao-de-dados/venv/lib/python3.9/site-packages/airflow/example_dags/example_task_group.py took 0.073 seconds
[2024-03-04 12:16:46,605] {processor.py:153} INFO - Started process (PID=31931) to work on /home/luan/Documents/curso-extracao-de-dados/venv/lib/python3.9/site-packages/airflow/example_dags/example_task_group.py
[2024-03-04 12:16:46,610] {processor.py:641} INFO - Processing file /home/luan/Documents/curso-extracao-de-dados/venv/lib/python3.9/site-packages/airflow/example_dags/example_task_group.py for tasks to queue
[2024-03-04 12:16:46,610] {logging_mixin.py:115} INFO - [2024-03-04 12:16:46,610] {dagbag.py:507} INFO - Filling up the DagBag from /home/luan/Documents/curso-extracao-de-dados/venv/lib/python3.9/site-packages/airflow/example_dags/example_task_group.py
[2024-03-04 12:16:46,615] {processor.py:651} INFO - DAG(s) dict_keys(['example_task_group']) retrieved from /home/luan/Documents/curso-extracao-de-dados/venv/lib/python3.9/site-packages/airflow/example_dags/example_task_group.py
[2024-03-04 12:16:46,626] {logging_mixin.py:115} INFO - [2024-03-04 12:16:46,626] {dag.py:2379} INFO - Sync 1 DAGs
[2024-03-04 12:16:46,639] {logging_mixin.py:115} INFO - [2024-03-04 12:16:46,639] {dag.py:2927} INFO - Setting next_dagrun for example_task_group to 2024-03-03T15:16:46.639260+00:00, run_after=2024-03-04T15:16:46.639260+00:00
[2024-03-04 12:16:46,654] {processor.py:161} INFO - Processing /home/luan/Documents/curso-extracao-de-dados/venv/lib/python3.9/site-packages/airflow/example_dags/example_task_group.py took 0.050 seconds
[2024-03-04 12:17:20,054] {processor.py:153} INFO - Started process (PID=32071) to work on /home/luan/Documents/curso-extracao-de-dados/venv/lib/python3.9/site-packages/airflow/example_dags/example_task_group.py
[2024-03-04 12:17:20,055] {processor.py:641} INFO - Processing file /home/luan/Documents/curso-extracao-de-dados/venv/lib/python3.9/site-packages/airflow/example_dags/example_task_group.py for tasks to queue
[2024-03-04 12:17:20,055] {logging_mixin.py:115} INFO - [2024-03-04 12:17:20,055] {dagbag.py:507} INFO - Filling up the DagBag from /home/luan/Documents/curso-extracao-de-dados/venv/lib/python3.9/site-packages/airflow/example_dags/example_task_group.py
[2024-03-04 12:17:20,059] {processor.py:651} INFO - DAG(s) dict_keys(['example_task_group']) retrieved from /home/luan/Documents/curso-extracao-de-dados/venv/lib/python3.9/site-packages/airflow/example_dags/example_task_group.py
[2024-03-04 12:17:20,070] {logging_mixin.py:115} INFO - [2024-03-04 12:17:20,070] {dag.py:2379} INFO - Sync 1 DAGs
[2024-03-04 12:17:20,083] {logging_mixin.py:115} INFO - [2024-03-04 12:17:20,083] {dag.py:2927} INFO - Setting next_dagrun for example_task_group to 2024-03-03T15:17:20.083519+00:00, run_after=2024-03-04T15:17:20.083519+00:00
[2024-03-04 12:17:20,098] {processor.py:161} INFO - Processing /home/luan/Documents/curso-extracao-de-dados/venv/lib/python3.9/site-packages/airflow/example_dags/example_task_group.py took 0.046 seconds
[2024-03-04 12:17:52,696] {processor.py:153} INFO - Started process (PID=32201) to work on /home/luan/Documents/curso-extracao-de-dados/venv/lib/python3.9/site-packages/airflow/example_dags/example_task_group.py
[2024-03-04 12:17:52,697] {processor.py:641} INFO - Processing file /home/luan/Documents/curso-extracao-de-dados/venv/lib/python3.9/site-packages/airflow/example_dags/example_task_group.py for tasks to queue
[2024-03-04 12:17:52,697] {logging_mixin.py:115} INFO - [2024-03-04 12:17:52,697] {dagbag.py:507} INFO - Filling up the DagBag from /home/luan/Documents/curso-extracao-de-dados/venv/lib/python3.9/site-packages/airflow/example_dags/example_task_group.py
[2024-03-04 12:17:52,702] {processor.py:651} INFO - DAG(s) dict_keys(['example_task_group']) retrieved from /home/luan/Documents/curso-extracao-de-dados/venv/lib/python3.9/site-packages/airflow/example_dags/example_task_group.py
[2024-03-04 12:17:52,714] {logging_mixin.py:115} INFO - [2024-03-04 12:17:52,714] {dag.py:2379} INFO - Sync 1 DAGs
[2024-03-04 12:17:52,728] {logging_mixin.py:115} INFO - [2024-03-04 12:17:52,728] {dag.py:2927} INFO - Setting next_dagrun for example_task_group to 2024-03-03T15:17:52.728420+00:00, run_after=2024-03-04T15:17:52.728420+00:00
[2024-03-04 12:17:52,742] {processor.py:161} INFO - Processing /home/luan/Documents/curso-extracao-de-dados/venv/lib/python3.9/site-packages/airflow/example_dags/example_task_group.py took 0.048 seconds
[2024-03-04 12:18:48,756] {processor.py:153} INFO - Started process (PID=32505) to work on /home/luan/Documents/curso-extracao-de-dados/venv/lib/python3.9/site-packages/airflow/example_dags/example_task_group.py
[2024-03-04 12:18:48,757] {processor.py:641} INFO - Processing file /home/luan/Documents/curso-extracao-de-dados/venv/lib/python3.9/site-packages/airflow/example_dags/example_task_group.py for tasks to queue
[2024-03-04 12:18:48,758] {logging_mixin.py:115} INFO - [2024-03-04 12:18:48,758] {dagbag.py:507} INFO - Filling up the DagBag from /home/luan/Documents/curso-extracao-de-dados/venv/lib/python3.9/site-packages/airflow/example_dags/example_task_group.py
[2024-03-04 12:18:48,762] {processor.py:651} INFO - DAG(s) dict_keys(['example_task_group']) retrieved from /home/luan/Documents/curso-extracao-de-dados/venv/lib/python3.9/site-packages/airflow/example_dags/example_task_group.py
[2024-03-04 12:18:48,772] {logging_mixin.py:115} INFO - [2024-03-04 12:18:48,772] {dag.py:2379} INFO - Sync 1 DAGs
[2024-03-04 12:18:48,785] {logging_mixin.py:115} INFO - [2024-03-04 12:18:48,785] {dag.py:2927} INFO - Setting next_dagrun for example_task_group to 2024-03-03T15:18:48.785076+00:00, run_after=2024-03-04T15:18:48.785076+00:00
[2024-03-04 12:18:48,798] {processor.py:161} INFO - Processing /home/luan/Documents/curso-extracao-de-dados/venv/lib/python3.9/site-packages/airflow/example_dags/example_task_group.py took 0.044 seconds
[2024-03-04 12:19:20,440] {processor.py:153} INFO - Started process (PID=32629) to work on /home/luan/Documents/curso-extracao-de-dados/venv/lib/python3.9/site-packages/airflow/example_dags/example_task_group.py
[2024-03-04 12:19:20,445] {processor.py:641} INFO - Processing file /home/luan/Documents/curso-extracao-de-dados/venv/lib/python3.9/site-packages/airflow/example_dags/example_task_group.py for tasks to queue
[2024-03-04 12:19:20,445] {logging_mixin.py:115} INFO - [2024-03-04 12:19:20,445] {dagbag.py:507} INFO - Filling up the DagBag from /home/luan/Documents/curso-extracao-de-dados/venv/lib/python3.9/site-packages/airflow/example_dags/example_task_group.py
[2024-03-04 12:19:20,449] {processor.py:651} INFO - DAG(s) dict_keys(['example_task_group']) retrieved from /home/luan/Documents/curso-extracao-de-dados/venv/lib/python3.9/site-packages/airflow/example_dags/example_task_group.py
[2024-03-04 12:19:20,459] {logging_mixin.py:115} INFO - [2024-03-04 12:19:20,459] {dag.py:2379} INFO - Sync 1 DAGs
[2024-03-04 12:19:20,471] {logging_mixin.py:115} INFO - [2024-03-04 12:19:20,471] {dag.py:2927} INFO - Setting next_dagrun for example_task_group to 2024-03-03T15:19:20.471609+00:00, run_after=2024-03-04T15:19:20.471609+00:00
[2024-03-04 12:19:20,484] {processor.py:161} INFO - Processing /home/luan/Documents/curso-extracao-de-dados/venv/lib/python3.9/site-packages/airflow/example_dags/example_task_group.py took 0.045 seconds
