[2024-03-04 11:21:16,887] {processor.py:153} INFO - Started process (PID=17469) to work on /home/luan/Documents/curso-extracao-de-dados/venv/lib/python3.9/site-packages/airflow/example_dags/example_branch_python_dop_operator_3.py
[2024-03-04 11:21:16,887] {processor.py:641} INFO - Processing file /home/luan/Documents/curso-extracao-de-dados/venv/lib/python3.9/site-packages/airflow/example_dags/example_branch_python_dop_operator_3.py for tasks to queue
[2024-03-04 11:21:16,888] {logging_mixin.py:115} INFO - [2024-03-04 11:21:16,888] {dagbag.py:507} INFO - Filling up the DagBag from /home/luan/Documents/curso-extracao-de-dados/venv/lib/python3.9/site-packages/airflow/example_dags/example_branch_python_dop_operator_3.py
[2024-03-04 11:21:16,893] {processor.py:651} INFO - DAG(s) dict_keys(['example_branch_dop_operator_v3']) retrieved from /home/luan/Documents/curso-extracao-de-dados/venv/lib/python3.9/site-packages/airflow/example_dags/example_branch_python_dop_operator_3.py
[2024-03-04 11:21:16,947] {logging_mixin.py:115} INFO - [2024-03-04 11:21:16,947] {manager.py:508} INFO - Created Permission View: can edit on DAG:example_branch_dop_operator_v3
[2024-03-04 11:21:16,959] {logging_mixin.py:115} INFO - [2024-03-04 11:21:16,959] {manager.py:508} INFO - Created Permission View: can delete on DAG:example_branch_dop_operator_v3
[2024-03-04 11:21:16,969] {logging_mixin.py:115} INFO - [2024-03-04 11:21:16,969] {manager.py:508} INFO - Created Permission View: can read on DAG:example_branch_dop_operator_v3
[2024-03-04 11:21:16,969] {logging_mixin.py:115} INFO - [2024-03-04 11:21:16,969] {dag.py:2379} INFO - Sync 1 DAGs
[2024-03-04 11:21:16,975] {logging_mixin.py:115} INFO - [2024-03-04 11:21:16,975] {dag.py:2398} INFO - Creating ORM DAG for example_branch_dop_operator_v3
[2024-03-04 11:21:16,986] {logging_mixin.py:115} INFO - [2024-03-04 11:21:16,986] {dag.py:2927} INFO - Setting next_dagrun for example_branch_dop_operator_v3 to 2024-03-04T14:20:00+00:00, run_after=2024-03-04T14:21:00+00:00
[2024-03-04 11:21:17,002] {processor.py:161} INFO - Processing /home/luan/Documents/curso-extracao-de-dados/venv/lib/python3.9/site-packages/airflow/example_dags/example_branch_python_dop_operator_3.py took 0.117 seconds
[2024-03-04 11:21:52,034] {processor.py:153} INFO - Started process (PID=17610) to work on /home/luan/Documents/curso-extracao-de-dados/venv/lib/python3.9/site-packages/airflow/example_dags/example_branch_python_dop_operator_3.py
[2024-03-04 11:21:52,039] {processor.py:641} INFO - Processing file /home/luan/Documents/curso-extracao-de-dados/venv/lib/python3.9/site-packages/airflow/example_dags/example_branch_python_dop_operator_3.py for tasks to queue
[2024-03-04 11:21:52,040] {logging_mixin.py:115} INFO - [2024-03-04 11:21:52,040] {dagbag.py:507} INFO - Filling up the DagBag from /home/luan/Documents/curso-extracao-de-dados/venv/lib/python3.9/site-packages/airflow/example_dags/example_branch_python_dop_operator_3.py
[2024-03-04 11:21:52,047] {processor.py:651} INFO - DAG(s) dict_keys(['example_branch_dop_operator_v3']) retrieved from /home/luan/Documents/curso-extracao-de-dados/venv/lib/python3.9/site-packages/airflow/example_dags/example_branch_python_dop_operator_3.py
[2024-03-04 11:21:52,059] {logging_mixin.py:115} INFO - [2024-03-04 11:21:52,059] {dag.py:2379} INFO - Sync 1 DAGs
[2024-03-04 11:21:52,078] {logging_mixin.py:115} INFO - [2024-03-04 11:21:52,078] {dag.py:2927} INFO - Setting next_dagrun for example_branch_dop_operator_v3 to 2024-03-04T14:20:00+00:00, run_after=2024-03-04T14:21:00+00:00
[2024-03-04 11:21:52,092] {processor.py:161} INFO - Processing /home/luan/Documents/curso-extracao-de-dados/venv/lib/python3.9/site-packages/airflow/example_dags/example_branch_python_dop_operator_3.py took 0.060 seconds
[2024-03-04 11:22:23,975] {processor.py:153} INFO - Started process (PID=17735) to work on /home/luan/Documents/curso-extracao-de-dados/venv/lib/python3.9/site-packages/airflow/example_dags/example_branch_python_dop_operator_3.py
[2024-03-04 11:22:23,976] {processor.py:641} INFO - Processing file /home/luan/Documents/curso-extracao-de-dados/venv/lib/python3.9/site-packages/airflow/example_dags/example_branch_python_dop_operator_3.py for tasks to queue
[2024-03-04 11:22:23,976] {logging_mixin.py:115} INFO - [2024-03-04 11:22:23,976] {dagbag.py:507} INFO - Filling up the DagBag from /home/luan/Documents/curso-extracao-de-dados/venv/lib/python3.9/site-packages/airflow/example_dags/example_branch_python_dop_operator_3.py
[2024-03-04 11:22:23,982] {processor.py:651} INFO - DAG(s) dict_keys(['example_branch_dop_operator_v3']) retrieved from /home/luan/Documents/curso-extracao-de-dados/venv/lib/python3.9/site-packages/airflow/example_dags/example_branch_python_dop_operator_3.py
[2024-03-04 11:22:23,992] {logging_mixin.py:115} INFO - [2024-03-04 11:22:23,992] {dag.py:2379} INFO - Sync 1 DAGs
[2024-03-04 11:22:24,007] {logging_mixin.py:115} INFO - [2024-03-04 11:22:24,007] {dag.py:2927} INFO - Setting next_dagrun for example_branch_dop_operator_v3 to 2024-03-04T14:21:00+00:00, run_after=2024-03-04T14:22:00+00:00
[2024-03-04 11:22:24,025] {processor.py:161} INFO - Processing /home/luan/Documents/curso-extracao-de-dados/venv/lib/python3.9/site-packages/airflow/example_dags/example_branch_python_dop_operator_3.py took 0.052 seconds
[2024-03-04 12:05:43,343] {processor.py:153} INFO - Started process (PID=28713) to work on /home/luan/Documents/curso-extracao-de-dados/venv/lib/python3.9/site-packages/airflow/example_dags/example_branch_python_dop_operator_3.py
[2024-03-04 12:05:43,347] {processor.py:641} INFO - Processing file /home/luan/Documents/curso-extracao-de-dados/venv/lib/python3.9/site-packages/airflow/example_dags/example_branch_python_dop_operator_3.py for tasks to queue
[2024-03-04 12:05:43,347] {logging_mixin.py:115} INFO - [2024-03-04 12:05:43,347] {dagbag.py:507} INFO - Filling up the DagBag from /home/luan/Documents/curso-extracao-de-dados/venv/lib/python3.9/site-packages/airflow/example_dags/example_branch_python_dop_operator_3.py
[2024-03-04 12:05:43,354] {processor.py:651} INFO - DAG(s) dict_keys(['example_branch_dop_operator_v3']) retrieved from /home/luan/Documents/curso-extracao-de-dados/venv/lib/python3.9/site-packages/airflow/example_dags/example_branch_python_dop_operator_3.py
[2024-03-04 12:05:43,363] {logging_mixin.py:115} INFO - [2024-03-04 12:05:43,363] {dag.py:2379} INFO - Sync 1 DAGs
[2024-03-04 12:05:43,380] {logging_mixin.py:115} INFO - [2024-03-04 12:05:43,380] {dag.py:2927} INFO - Setting next_dagrun for example_branch_dop_operator_v3 to 2024-03-04T15:04:00+00:00, run_after=2024-03-04T15:05:00+00:00
[2024-03-04 12:05:43,394] {processor.py:161} INFO - Processing /home/luan/Documents/curso-extracao-de-dados/venv/lib/python3.9/site-packages/airflow/example_dags/example_branch_python_dop_operator_3.py took 0.053 seconds
[2024-03-04 12:06:14,581] {processor.py:153} INFO - Started process (PID=28996) to work on /home/luan/Documents/curso-extracao-de-dados/venv/lib/python3.9/site-packages/airflow/example_dags/example_branch_python_dop_operator_3.py
[2024-03-04 12:06:14,582] {processor.py:641} INFO - Processing file /home/luan/Documents/curso-extracao-de-dados/venv/lib/python3.9/site-packages/airflow/example_dags/example_branch_python_dop_operator_3.py for tasks to queue
[2024-03-04 12:06:14,583] {logging_mixin.py:115} INFO - [2024-03-04 12:06:14,583] {dagbag.py:507} INFO - Filling up the DagBag from /home/luan/Documents/curso-extracao-de-dados/venv/lib/python3.9/site-packages/airflow/example_dags/example_branch_python_dop_operator_3.py
[2024-03-04 12:06:14,593] {processor.py:651} INFO - DAG(s) dict_keys(['example_branch_dop_operator_v3']) retrieved from /home/luan/Documents/curso-extracao-de-dados/venv/lib/python3.9/site-packages/airflow/example_dags/example_branch_python_dop_operator_3.py
[2024-03-04 12:06:14,625] {logging_mixin.py:115} INFO - [2024-03-04 12:06:14,625] {dag.py:2379} INFO - Sync 1 DAGs
[2024-03-04 12:06:14,666] {logging_mixin.py:115} INFO - [2024-03-04 12:06:14,666] {dag.py:2927} INFO - Setting next_dagrun for example_branch_dop_operator_v3 to 2024-03-04T15:05:00+00:00, run_after=2024-03-04T15:06:00+00:00
[2024-03-04 12:06:14,688] {processor.py:161} INFO - Processing /home/luan/Documents/curso-extracao-de-dados/venv/lib/python3.9/site-packages/airflow/example_dags/example_branch_python_dop_operator_3.py took 0.109 seconds
[2024-03-04 12:06:49,150] {processor.py:153} INFO - Started process (PID=29187) to work on /home/luan/Documents/curso-extracao-de-dados/venv/lib/python3.9/site-packages/airflow/example_dags/example_branch_python_dop_operator_3.py
[2024-03-04 12:06:49,151] {processor.py:641} INFO - Processing file /home/luan/Documents/curso-extracao-de-dados/venv/lib/python3.9/site-packages/airflow/example_dags/example_branch_python_dop_operator_3.py for tasks to queue
[2024-03-04 12:06:49,151] {logging_mixin.py:115} INFO - [2024-03-04 12:06:49,151] {dagbag.py:507} INFO - Filling up the DagBag from /home/luan/Documents/curso-extracao-de-dados/venv/lib/python3.9/site-packages/airflow/example_dags/example_branch_python_dop_operator_3.py
[2024-03-04 12:06:49,158] {processor.py:651} INFO - DAG(s) dict_keys(['example_branch_dop_operator_v3']) retrieved from /home/luan/Documents/curso-extracao-de-dados/venv/lib/python3.9/site-packages/airflow/example_dags/example_branch_python_dop_operator_3.py
[2024-03-04 12:06:49,168] {logging_mixin.py:115} INFO - [2024-03-04 12:06:49,168] {dag.py:2379} INFO - Sync 1 DAGs
[2024-03-04 12:06:49,185] {logging_mixin.py:115} INFO - [2024-03-04 12:06:49,185] {dag.py:2927} INFO - Setting next_dagrun for example_branch_dop_operator_v3 to 2024-03-04T15:05:00+00:00, run_after=2024-03-04T15:06:00+00:00
[2024-03-04 12:06:49,199] {processor.py:161} INFO - Processing /home/luan/Documents/curso-extracao-de-dados/venv/lib/python3.9/site-packages/airflow/example_dags/example_branch_python_dop_operator_3.py took 0.051 seconds
[2024-03-04 12:07:11,206] {processor.py:153} INFO - Started process (PID=29343) to work on /home/luan/Documents/curso-extracao-de-dados/venv/lib/python3.9/site-packages/airflow/example_dags/example_branch_python_dop_operator_3.py
[2024-03-04 12:07:11,208] {processor.py:641} INFO - Processing file /home/luan/Documents/curso-extracao-de-dados/venv/lib/python3.9/site-packages/airflow/example_dags/example_branch_python_dop_operator_3.py for tasks to queue
[2024-03-04 12:07:11,208] {logging_mixin.py:115} INFO - [2024-03-04 12:07:11,208] {dagbag.py:507} INFO - Filling up the DagBag from /home/luan/Documents/curso-extracao-de-dados/venv/lib/python3.9/site-packages/airflow/example_dags/example_branch_python_dop_operator_3.py
[2024-03-04 12:07:11,214] {processor.py:651} INFO - DAG(s) dict_keys(['example_branch_dop_operator_v3']) retrieved from /home/luan/Documents/curso-extracao-de-dados/venv/lib/python3.9/site-packages/airflow/example_dags/example_branch_python_dop_operator_3.py
[2024-03-04 12:07:11,225] {logging_mixin.py:115} INFO - [2024-03-04 12:07:11,225] {dag.py:2379} INFO - Sync 1 DAGs
[2024-03-04 12:07:11,241] {logging_mixin.py:115} INFO - [2024-03-04 12:07:11,240] {dag.py:2927} INFO - Setting next_dagrun for example_branch_dop_operator_v3 to 2024-03-04T15:06:00+00:00, run_after=2024-03-04T15:07:00+00:00
[2024-03-04 12:07:11,255] {processor.py:161} INFO - Processing /home/luan/Documents/curso-extracao-de-dados/venv/lib/python3.9/site-packages/airflow/example_dags/example_branch_python_dop_operator_3.py took 0.051 seconds
[2024-03-04 12:07:41,875] {processor.py:153} INFO - Started process (PID=29451) to work on /home/luan/Documents/curso-extracao-de-dados/venv/lib/python3.9/site-packages/airflow/example_dags/example_branch_python_dop_operator_3.py
[2024-03-04 12:07:41,876] {processor.py:641} INFO - Processing file /home/luan/Documents/curso-extracao-de-dados/venv/lib/python3.9/site-packages/airflow/example_dags/example_branch_python_dop_operator_3.py for tasks to queue
[2024-03-04 12:07:41,876] {logging_mixin.py:115} INFO - [2024-03-04 12:07:41,876] {dagbag.py:507} INFO - Filling up the DagBag from /home/luan/Documents/curso-extracao-de-dados/venv/lib/python3.9/site-packages/airflow/example_dags/example_branch_python_dop_operator_3.py
[2024-03-04 12:07:41,882] {processor.py:651} INFO - DAG(s) dict_keys(['example_branch_dop_operator_v3']) retrieved from /home/luan/Documents/curso-extracao-de-dados/venv/lib/python3.9/site-packages/airflow/example_dags/example_branch_python_dop_operator_3.py
[2024-03-04 12:07:41,893] {logging_mixin.py:115} INFO - [2024-03-04 12:07:41,892] {dag.py:2379} INFO - Sync 1 DAGs
[2024-03-04 12:07:41,909] {logging_mixin.py:115} INFO - [2024-03-04 12:07:41,909] {dag.py:2927} INFO - Setting next_dagrun for example_branch_dop_operator_v3 to 2024-03-04T15:06:00+00:00, run_after=2024-03-04T15:07:00+00:00
[2024-03-04 12:07:41,923] {processor.py:161} INFO - Processing /home/luan/Documents/curso-extracao-de-dados/venv/lib/python3.9/site-packages/airflow/example_dags/example_branch_python_dop_operator_3.py took 0.050 seconds
[2024-03-04 12:08:15,600] {processor.py:153} INFO - Started process (PID=29576) to work on /home/luan/Documents/curso-extracao-de-dados/venv/lib/python3.9/site-packages/airflow/example_dags/example_branch_python_dop_operator_3.py
[2024-03-04 12:08:15,605] {processor.py:641} INFO - Processing file /home/luan/Documents/curso-extracao-de-dados/venv/lib/python3.9/site-packages/airflow/example_dags/example_branch_python_dop_operator_3.py for tasks to queue
[2024-03-04 12:08:15,605] {logging_mixin.py:115} INFO - [2024-03-04 12:08:15,605] {dagbag.py:507} INFO - Filling up the DagBag from /home/luan/Documents/curso-extracao-de-dados/venv/lib/python3.9/site-packages/airflow/example_dags/example_branch_python_dop_operator_3.py
[2024-03-04 12:08:15,611] {processor.py:651} INFO - DAG(s) dict_keys(['example_branch_dop_operator_v3']) retrieved from /home/luan/Documents/curso-extracao-de-dados/venv/lib/python3.9/site-packages/airflow/example_dags/example_branch_python_dop_operator_3.py
[2024-03-04 12:08:15,621] {logging_mixin.py:115} INFO - [2024-03-04 12:08:15,621] {dag.py:2379} INFO - Sync 1 DAGs
[2024-03-04 12:08:15,636] {logging_mixin.py:115} INFO - [2024-03-04 12:08:15,636] {dag.py:2927} INFO - Setting next_dagrun for example_branch_dop_operator_v3 to 2024-03-04T15:07:00+00:00, run_after=2024-03-04T15:08:00+00:00
[2024-03-04 12:08:15,649] {processor.py:161} INFO - Processing /home/luan/Documents/curso-extracao-de-dados/venv/lib/python3.9/site-packages/airflow/example_dags/example_branch_python_dop_operator_3.py took 0.050 seconds
[2024-03-04 12:08:47,676] {processor.py:153} INFO - Started process (PID=29706) to work on /home/luan/Documents/curso-extracao-de-dados/venv/lib/python3.9/site-packages/airflow/example_dags/example_branch_python_dop_operator_3.py
[2024-03-04 12:08:47,677] {processor.py:641} INFO - Processing file /home/luan/Documents/curso-extracao-de-dados/venv/lib/python3.9/site-packages/airflow/example_dags/example_branch_python_dop_operator_3.py for tasks to queue
[2024-03-04 12:08:47,678] {logging_mixin.py:115} INFO - [2024-03-04 12:08:47,678] {dagbag.py:507} INFO - Filling up the DagBag from /home/luan/Documents/curso-extracao-de-dados/venv/lib/python3.9/site-packages/airflow/example_dags/example_branch_python_dop_operator_3.py
[2024-03-04 12:08:47,684] {processor.py:651} INFO - DAG(s) dict_keys(['example_branch_dop_operator_v3']) retrieved from /home/luan/Documents/curso-extracao-de-dados/venv/lib/python3.9/site-packages/airflow/example_dags/example_branch_python_dop_operator_3.py
[2024-03-04 12:08:47,693] {logging_mixin.py:115} INFO - [2024-03-04 12:08:47,693] {dag.py:2379} INFO - Sync 1 DAGs
[2024-03-04 12:08:47,709] {logging_mixin.py:115} INFO - [2024-03-04 12:08:47,709] {dag.py:2927} INFO - Setting next_dagrun for example_branch_dop_operator_v3 to 2024-03-04T15:07:00+00:00, run_after=2024-03-04T15:08:00+00:00
[2024-03-04 12:08:47,723] {processor.py:161} INFO - Processing /home/luan/Documents/curso-extracao-de-dados/venv/lib/python3.9/site-packages/airflow/example_dags/example_branch_python_dop_operator_3.py took 0.049 seconds
[2024-03-04 12:09:48,874] {processor.py:153} INFO - Started process (PID=30027) to work on /home/luan/Documents/curso-extracao-de-dados/venv/lib/python3.9/site-packages/airflow/example_dags/example_branch_python_dop_operator_3.py
[2024-03-04 12:09:48,876] {processor.py:641} INFO - Processing file /home/luan/Documents/curso-extracao-de-dados/venv/lib/python3.9/site-packages/airflow/example_dags/example_branch_python_dop_operator_3.py for tasks to queue
[2024-03-04 12:09:48,876] {logging_mixin.py:115} INFO - [2024-03-04 12:09:48,876] {dagbag.py:507} INFO - Filling up the DagBag from /home/luan/Documents/curso-extracao-de-dados/venv/lib/python3.9/site-packages/airflow/example_dags/example_branch_python_dop_operator_3.py
[2024-03-04 12:09:48,882] {processor.py:651} INFO - DAG(s) dict_keys(['example_branch_dop_operator_v3']) retrieved from /home/luan/Documents/curso-extracao-de-dados/venv/lib/python3.9/site-packages/airflow/example_dags/example_branch_python_dop_operator_3.py
[2024-03-04 12:09:48,891] {logging_mixin.py:115} INFO - [2024-03-04 12:09:48,891] {dag.py:2379} INFO - Sync 1 DAGs
[2024-03-04 12:09:48,908] {logging_mixin.py:115} INFO - [2024-03-04 12:09:48,907] {dag.py:2927} INFO - Setting next_dagrun for example_branch_dop_operator_v3 to 2024-03-04T15:08:00+00:00, run_after=2024-03-04T15:09:00+00:00
[2024-03-04 12:09:48,922] {processor.py:161} INFO - Processing /home/luan/Documents/curso-extracao-de-dados/venv/lib/python3.9/site-packages/airflow/example_dags/example_branch_python_dop_operator_3.py took 0.049 seconds
[2024-03-04 12:10:19,549] {processor.py:153} INFO - Started process (PID=30153) to work on /home/luan/Documents/curso-extracao-de-dados/venv/lib/python3.9/site-packages/airflow/example_dags/example_branch_python_dop_operator_3.py
[2024-03-04 12:10:19,550] {processor.py:641} INFO - Processing file /home/luan/Documents/curso-extracao-de-dados/venv/lib/python3.9/site-packages/airflow/example_dags/example_branch_python_dop_operator_3.py for tasks to queue
[2024-03-04 12:10:19,551] {logging_mixin.py:115} INFO - [2024-03-04 12:10:19,551] {dagbag.py:507} INFO - Filling up the DagBag from /home/luan/Documents/curso-extracao-de-dados/venv/lib/python3.9/site-packages/airflow/example_dags/example_branch_python_dop_operator_3.py
[2024-03-04 12:10:19,559] {processor.py:651} INFO - DAG(s) dict_keys(['example_branch_dop_operator_v3']) retrieved from /home/luan/Documents/curso-extracao-de-dados/venv/lib/python3.9/site-packages/airflow/example_dags/example_branch_python_dop_operator_3.py
[2024-03-04 12:10:19,572] {logging_mixin.py:115} INFO - [2024-03-04 12:10:19,572] {dag.py:2379} INFO - Sync 1 DAGs
[2024-03-04 12:10:19,590] {logging_mixin.py:115} INFO - [2024-03-04 12:10:19,590] {dag.py:2927} INFO - Setting next_dagrun for example_branch_dop_operator_v3 to 2024-03-04T15:09:00+00:00, run_after=2024-03-04T15:10:00+00:00
[2024-03-04 12:10:19,605] {processor.py:161} INFO - Processing /home/luan/Documents/curso-extracao-de-dados/venv/lib/python3.9/site-packages/airflow/example_dags/example_branch_python_dop_operator_3.py took 0.058 seconds
[2024-03-04 12:10:53,379] {processor.py:153} INFO - Started process (PID=30289) to work on /home/luan/Documents/curso-extracao-de-dados/venv/lib/python3.9/site-packages/airflow/example_dags/example_branch_python_dop_operator_3.py
[2024-03-04 12:10:53,383] {processor.py:641} INFO - Processing file /home/luan/Documents/curso-extracao-de-dados/venv/lib/python3.9/site-packages/airflow/example_dags/example_branch_python_dop_operator_3.py for tasks to queue
[2024-03-04 12:10:53,383] {logging_mixin.py:115} INFO - [2024-03-04 12:10:53,383] {dagbag.py:507} INFO - Filling up the DagBag from /home/luan/Documents/curso-extracao-de-dados/venv/lib/python3.9/site-packages/airflow/example_dags/example_branch_python_dop_operator_3.py
[2024-03-04 12:10:53,390] {processor.py:651} INFO - DAG(s) dict_keys(['example_branch_dop_operator_v3']) retrieved from /home/luan/Documents/curso-extracao-de-dados/venv/lib/python3.9/site-packages/airflow/example_dags/example_branch_python_dop_operator_3.py
[2024-03-04 12:10:53,404] {logging_mixin.py:115} INFO - [2024-03-04 12:10:53,404] {dag.py:2379} INFO - Sync 1 DAGs
[2024-03-04 12:10:53,423] {logging_mixin.py:115} INFO - [2024-03-04 12:10:53,423] {dag.py:2927} INFO - Setting next_dagrun for example_branch_dop_operator_v3 to 2024-03-04T15:09:00+00:00, run_after=2024-03-04T15:10:00+00:00
[2024-03-04 12:10:53,437] {processor.py:161} INFO - Processing /home/luan/Documents/curso-extracao-de-dados/venv/lib/python3.9/site-packages/airflow/example_dags/example_branch_python_dop_operator_3.py took 0.060 seconds
[2024-03-04 12:11:25,322] {processor.py:153} INFO - Started process (PID=30424) to work on /home/luan/Documents/curso-extracao-de-dados/venv/lib/python3.9/site-packages/airflow/example_dags/example_branch_python_dop_operator_3.py
[2024-03-04 12:11:25,323] {processor.py:641} INFO - Processing file /home/luan/Documents/curso-extracao-de-dados/venv/lib/python3.9/site-packages/airflow/example_dags/example_branch_python_dop_operator_3.py for tasks to queue
[2024-03-04 12:11:25,324] {logging_mixin.py:115} INFO - [2024-03-04 12:11:25,324] {dagbag.py:507} INFO - Filling up the DagBag from /home/luan/Documents/curso-extracao-de-dados/venv/lib/python3.9/site-packages/airflow/example_dags/example_branch_python_dop_operator_3.py
[2024-03-04 12:11:25,330] {processor.py:651} INFO - DAG(s) dict_keys(['example_branch_dop_operator_v3']) retrieved from /home/luan/Documents/curso-extracao-de-dados/venv/lib/python3.9/site-packages/airflow/example_dags/example_branch_python_dop_operator_3.py
[2024-03-04 12:11:25,341] {logging_mixin.py:115} INFO - [2024-03-04 12:11:25,340] {dag.py:2379} INFO - Sync 1 DAGs
[2024-03-04 12:11:25,357] {logging_mixin.py:115} INFO - [2024-03-04 12:11:25,357] {dag.py:2927} INFO - Setting next_dagrun for example_branch_dop_operator_v3 to 2024-03-04T15:10:00+00:00, run_after=2024-03-04T15:11:00+00:00
[2024-03-04 12:11:25,371] {processor.py:161} INFO - Processing /home/luan/Documents/curso-extracao-de-dados/venv/lib/python3.9/site-packages/airflow/example_dags/example_branch_python_dop_operator_3.py took 0.051 seconds
[2024-03-04 12:14:07,136] {processor.py:153} INFO - Started process (PID=31191) to work on /home/luan/Documents/curso-extracao-de-dados/venv/lib/python3.9/site-packages/airflow/example_dags/example_branch_python_dop_operator_3.py
[2024-03-04 12:14:07,141] {processor.py:641} INFO - Processing file /home/luan/Documents/curso-extracao-de-dados/venv/lib/python3.9/site-packages/airflow/example_dags/example_branch_python_dop_operator_3.py for tasks to queue
[2024-03-04 12:14:07,141] {logging_mixin.py:115} INFO - [2024-03-04 12:14:07,141] {dagbag.py:507} INFO - Filling up the DagBag from /home/luan/Documents/curso-extracao-de-dados/venv/lib/python3.9/site-packages/airflow/example_dags/example_branch_python_dop_operator_3.py
[2024-03-04 12:14:07,147] {processor.py:651} INFO - DAG(s) dict_keys(['example_branch_dop_operator_v3']) retrieved from /home/luan/Documents/curso-extracao-de-dados/venv/lib/python3.9/site-packages/airflow/example_dags/example_branch_python_dop_operator_3.py
[2024-03-04 12:14:07,156] {logging_mixin.py:115} INFO - [2024-03-04 12:14:07,156] {dag.py:2379} INFO - Sync 1 DAGs
[2024-03-04 12:14:07,172] {logging_mixin.py:115} INFO - [2024-03-04 12:14:07,172] {dag.py:2927} INFO - Setting next_dagrun for example_branch_dop_operator_v3 to 2024-03-04T15:13:00+00:00, run_after=2024-03-04T15:14:00+00:00
[2024-03-04 12:14:07,187] {processor.py:161} INFO - Processing /home/luan/Documents/curso-extracao-de-dados/venv/lib/python3.9/site-packages/airflow/example_dags/example_branch_python_dop_operator_3.py took 0.053 seconds
[2024-03-04 12:14:37,804] {processor.py:153} INFO - Started process (PID=31320) to work on /home/luan/Documents/curso-extracao-de-dados/venv/lib/python3.9/site-packages/airflow/example_dags/example_branch_python_dop_operator_3.py
[2024-03-04 12:14:37,805] {processor.py:641} INFO - Processing file /home/luan/Documents/curso-extracao-de-dados/venv/lib/python3.9/site-packages/airflow/example_dags/example_branch_python_dop_operator_3.py for tasks to queue
[2024-03-04 12:14:37,806] {logging_mixin.py:115} INFO - [2024-03-04 12:14:37,805] {dagbag.py:507} INFO - Filling up the DagBag from /home/luan/Documents/curso-extracao-de-dados/venv/lib/python3.9/site-packages/airflow/example_dags/example_branch_python_dop_operator_3.py
[2024-03-04 12:14:37,811] {processor.py:651} INFO - DAG(s) dict_keys(['example_branch_dop_operator_v3']) retrieved from /home/luan/Documents/curso-extracao-de-dados/venv/lib/python3.9/site-packages/airflow/example_dags/example_branch_python_dop_operator_3.py
[2024-03-04 12:14:37,821] {logging_mixin.py:115} INFO - [2024-03-04 12:14:37,821] {dag.py:2379} INFO - Sync 1 DAGs
[2024-03-04 12:14:37,836] {logging_mixin.py:115} INFO - [2024-03-04 12:14:37,836] {dag.py:2927} INFO - Setting next_dagrun for example_branch_dop_operator_v3 to 2024-03-04T15:13:00+00:00, run_after=2024-03-04T15:14:00+00:00
[2024-03-04 12:14:37,851] {processor.py:161} INFO - Processing /home/luan/Documents/curso-extracao-de-dados/venv/lib/python3.9/site-packages/airflow/example_dags/example_branch_python_dop_operator_3.py took 0.049 seconds
[2024-03-04 12:15:11,553] {processor.py:153} INFO - Started process (PID=31451) to work on /home/luan/Documents/curso-extracao-de-dados/venv/lib/python3.9/site-packages/airflow/example_dags/example_branch_python_dop_operator_3.py
[2024-03-04 12:15:11,555] {processor.py:641} INFO - Processing file /home/luan/Documents/curso-extracao-de-dados/venv/lib/python3.9/site-packages/airflow/example_dags/example_branch_python_dop_operator_3.py for tasks to queue
[2024-03-04 12:15:11,555] {logging_mixin.py:115} INFO - [2024-03-04 12:15:11,555] {dagbag.py:507} INFO - Filling up the DagBag from /home/luan/Documents/curso-extracao-de-dados/venv/lib/python3.9/site-packages/airflow/example_dags/example_branch_python_dop_operator_3.py
[2024-03-04 12:15:11,561] {processor.py:651} INFO - DAG(s) dict_keys(['example_branch_dop_operator_v3']) retrieved from /home/luan/Documents/curso-extracao-de-dados/venv/lib/python3.9/site-packages/airflow/example_dags/example_branch_python_dop_operator_3.py
[2024-03-04 12:15:11,571] {logging_mixin.py:115} INFO - [2024-03-04 12:15:11,571] {dag.py:2379} INFO - Sync 1 DAGs
[2024-03-04 12:15:11,586] {logging_mixin.py:115} INFO - [2024-03-04 12:15:11,586] {dag.py:2927} INFO - Setting next_dagrun for example_branch_dop_operator_v3 to 2024-03-04T15:14:00+00:00, run_after=2024-03-04T15:15:00+00:00
[2024-03-04 12:15:11,601] {processor.py:161} INFO - Processing /home/luan/Documents/curso-extracao-de-dados/venv/lib/python3.9/site-packages/airflow/example_dags/example_branch_python_dop_operator_3.py took 0.050 seconds
[2024-03-04 12:15:43,725] {processor.py:153} INFO - Started process (PID=31584) to work on /home/luan/Documents/curso-extracao-de-dados/venv/lib/python3.9/site-packages/airflow/example_dags/example_branch_python_dop_operator_3.py
[2024-03-04 12:15:43,729] {processor.py:641} INFO - Processing file /home/luan/Documents/curso-extracao-de-dados/venv/lib/python3.9/site-packages/airflow/example_dags/example_branch_python_dop_operator_3.py for tasks to queue
[2024-03-04 12:15:43,729] {logging_mixin.py:115} INFO - [2024-03-04 12:15:43,729] {dagbag.py:507} INFO - Filling up the DagBag from /home/luan/Documents/curso-extracao-de-dados/venv/lib/python3.9/site-packages/airflow/example_dags/example_branch_python_dop_operator_3.py
[2024-03-04 12:15:43,736] {processor.py:651} INFO - DAG(s) dict_keys(['example_branch_dop_operator_v3']) retrieved from /home/luan/Documents/curso-extracao-de-dados/venv/lib/python3.9/site-packages/airflow/example_dags/example_branch_python_dop_operator_3.py
[2024-03-04 12:15:43,746] {logging_mixin.py:115} INFO - [2024-03-04 12:15:43,746] {dag.py:2379} INFO - Sync 1 DAGs
[2024-03-04 12:15:43,762] {logging_mixin.py:115} INFO - [2024-03-04 12:15:43,762] {dag.py:2927} INFO - Setting next_dagrun for example_branch_dop_operator_v3 to 2024-03-04T15:14:00+00:00, run_after=2024-03-04T15:15:00+00:00
[2024-03-04 12:15:43,776] {processor.py:161} INFO - Processing /home/luan/Documents/curso-extracao-de-dados/venv/lib/python3.9/site-packages/airflow/example_dags/example_branch_python_dop_operator_3.py took 0.054 seconds
[2024-03-04 12:16:05,942] {processor.py:153} INFO - Started process (PID=31767) to work on /home/luan/Documents/curso-extracao-de-dados/venv/lib/python3.9/site-packages/airflow/example_dags/example_branch_python_dop_operator_3.py
[2024-03-04 12:16:05,946] {processor.py:641} INFO - Processing file /home/luan/Documents/curso-extracao-de-dados/venv/lib/python3.9/site-packages/airflow/example_dags/example_branch_python_dop_operator_3.py for tasks to queue
[2024-03-04 12:16:05,946] {logging_mixin.py:115} INFO - [2024-03-04 12:16:05,946] {dagbag.py:507} INFO - Filling up the DagBag from /home/luan/Documents/curso-extracao-de-dados/venv/lib/python3.9/site-packages/airflow/example_dags/example_branch_python_dop_operator_3.py
[2024-03-04 12:16:05,952] {processor.py:651} INFO - DAG(s) dict_keys(['example_branch_dop_operator_v3']) retrieved from /home/luan/Documents/curso-extracao-de-dados/venv/lib/python3.9/site-packages/airflow/example_dags/example_branch_python_dop_operator_3.py
[2024-03-04 12:16:05,962] {logging_mixin.py:115} INFO - [2024-03-04 12:16:05,961] {dag.py:2379} INFO - Sync 1 DAGs
[2024-03-04 12:16:05,976] {logging_mixin.py:115} INFO - [2024-03-04 12:16:05,976] {dag.py:2927} INFO - Setting next_dagrun for example_branch_dop_operator_v3 to 2024-03-04T15:15:00+00:00, run_after=2024-03-04T15:16:00+00:00
[2024-03-04 12:16:05,994] {processor.py:161} INFO - Processing /home/luan/Documents/curso-extracao-de-dados/venv/lib/python3.9/site-packages/airflow/example_dags/example_branch_python_dop_operator_3.py took 0.054 seconds
[2024-03-04 12:16:36,617] {processor.py:153} INFO - Started process (PID=31891) to work on /home/luan/Documents/curso-extracao-de-dados/venv/lib/python3.9/site-packages/airflow/example_dags/example_branch_python_dop_operator_3.py
[2024-03-04 12:16:36,621] {processor.py:641} INFO - Processing file /home/luan/Documents/curso-extracao-de-dados/venv/lib/python3.9/site-packages/airflow/example_dags/example_branch_python_dop_operator_3.py for tasks to queue
[2024-03-04 12:16:36,622] {logging_mixin.py:115} INFO - [2024-03-04 12:16:36,622] {dagbag.py:507} INFO - Filling up the DagBag from /home/luan/Documents/curso-extracao-de-dados/venv/lib/python3.9/site-packages/airflow/example_dags/example_branch_python_dop_operator_3.py
[2024-03-04 12:16:36,628] {processor.py:651} INFO - DAG(s) dict_keys(['example_branch_dop_operator_v3']) retrieved from /home/luan/Documents/curso-extracao-de-dados/venv/lib/python3.9/site-packages/airflow/example_dags/example_branch_python_dop_operator_3.py
[2024-03-04 12:16:36,639] {logging_mixin.py:115} INFO - [2024-03-04 12:16:36,639] {dag.py:2379} INFO - Sync 1 DAGs
[2024-03-04 12:16:36,656] {logging_mixin.py:115} INFO - [2024-03-04 12:16:36,656] {dag.py:2927} INFO - Setting next_dagrun for example_branch_dop_operator_v3 to 2024-03-04T15:15:00+00:00, run_after=2024-03-04T15:16:00+00:00
[2024-03-04 12:16:36,671] {processor.py:161} INFO - Processing /home/luan/Documents/curso-extracao-de-dados/venv/lib/python3.9/site-packages/airflow/example_dags/example_branch_python_dop_operator_3.py took 0.055 seconds
[2024-03-04 12:17:10,795] {processor.py:153} INFO - Started process (PID=32037) to work on /home/luan/Documents/curso-extracao-de-dados/venv/lib/python3.9/site-packages/airflow/example_dags/example_branch_python_dop_operator_3.py
[2024-03-04 12:17:10,796] {processor.py:641} INFO - Processing file /home/luan/Documents/curso-extracao-de-dados/venv/lib/python3.9/site-packages/airflow/example_dags/example_branch_python_dop_operator_3.py for tasks to queue
[2024-03-04 12:17:10,797] {logging_mixin.py:115} INFO - [2024-03-04 12:17:10,797] {dagbag.py:507} INFO - Filling up the DagBag from /home/luan/Documents/curso-extracao-de-dados/venv/lib/python3.9/site-packages/airflow/example_dags/example_branch_python_dop_operator_3.py
[2024-03-04 12:17:10,803] {processor.py:651} INFO - DAG(s) dict_keys(['example_branch_dop_operator_v3']) retrieved from /home/luan/Documents/curso-extracao-de-dados/venv/lib/python3.9/site-packages/airflow/example_dags/example_branch_python_dop_operator_3.py
[2024-03-04 12:17:10,813] {logging_mixin.py:115} INFO - [2024-03-04 12:17:10,813] {dag.py:2379} INFO - Sync 1 DAGs
[2024-03-04 12:17:10,829] {logging_mixin.py:115} INFO - [2024-03-04 12:17:10,829] {dag.py:2927} INFO - Setting next_dagrun for example_branch_dop_operator_v3 to 2024-03-04T15:16:00+00:00, run_after=2024-03-04T15:17:00+00:00
[2024-03-04 12:17:10,845] {processor.py:161} INFO - Processing /home/luan/Documents/curso-extracao-de-dados/venv/lib/python3.9/site-packages/airflow/example_dags/example_branch_python_dop_operator_3.py took 0.052 seconds
[2024-03-04 12:17:43,697] {processor.py:153} INFO - Started process (PID=32167) to work on /home/luan/Documents/curso-extracao-de-dados/venv/lib/python3.9/site-packages/airflow/example_dags/example_branch_python_dop_operator_3.py
[2024-03-04 12:17:43,701] {processor.py:641} INFO - Processing file /home/luan/Documents/curso-extracao-de-dados/venv/lib/python3.9/site-packages/airflow/example_dags/example_branch_python_dop_operator_3.py for tasks to queue
[2024-03-04 12:17:43,702] {logging_mixin.py:115} INFO - [2024-03-04 12:17:43,701] {dagbag.py:507} INFO - Filling up the DagBag from /home/luan/Documents/curso-extracao-de-dados/venv/lib/python3.9/site-packages/airflow/example_dags/example_branch_python_dop_operator_3.py
[2024-03-04 12:17:43,708] {processor.py:651} INFO - DAG(s) dict_keys(['example_branch_dop_operator_v3']) retrieved from /home/luan/Documents/curso-extracao-de-dados/venv/lib/python3.9/site-packages/airflow/example_dags/example_branch_python_dop_operator_3.py
[2024-03-04 12:17:43,718] {logging_mixin.py:115} INFO - [2024-03-04 12:17:43,718] {dag.py:2379} INFO - Sync 1 DAGs
[2024-03-04 12:17:43,735] {logging_mixin.py:115} INFO - [2024-03-04 12:17:43,735] {dag.py:2927} INFO - Setting next_dagrun for example_branch_dop_operator_v3 to 2024-03-04T15:16:00+00:00, run_after=2024-03-04T15:17:00+00:00
[2024-03-04 12:17:43,749] {processor.py:161} INFO - Processing /home/luan/Documents/curso-extracao-de-dados/venv/lib/python3.9/site-packages/airflow/example_dags/example_branch_python_dop_operator_3.py took 0.053 seconds
[2024-03-04 12:18:39,789] {processor.py:153} INFO - Started process (PID=32469) to work on /home/luan/Documents/curso-extracao-de-dados/venv/lib/python3.9/site-packages/airflow/example_dags/example_branch_python_dop_operator_3.py
[2024-03-04 12:18:39,794] {processor.py:641} INFO - Processing file /home/luan/Documents/curso-extracao-de-dados/venv/lib/python3.9/site-packages/airflow/example_dags/example_branch_python_dop_operator_3.py for tasks to queue
[2024-03-04 12:18:39,794] {logging_mixin.py:115} INFO - [2024-03-04 12:18:39,794] {dagbag.py:507} INFO - Filling up the DagBag from /home/luan/Documents/curso-extracao-de-dados/venv/lib/python3.9/site-packages/airflow/example_dags/example_branch_python_dop_operator_3.py
[2024-03-04 12:18:39,800] {processor.py:651} INFO - DAG(s) dict_keys(['example_branch_dop_operator_v3']) retrieved from /home/luan/Documents/curso-extracao-de-dados/venv/lib/python3.9/site-packages/airflow/example_dags/example_branch_python_dop_operator_3.py
[2024-03-04 12:18:39,809] {logging_mixin.py:115} INFO - [2024-03-04 12:18:39,809] {dag.py:2379} INFO - Sync 1 DAGs
[2024-03-04 12:18:39,825] {logging_mixin.py:115} INFO - [2024-03-04 12:18:39,824] {dag.py:2927} INFO - Setting next_dagrun for example_branch_dop_operator_v3 to 2024-03-04T15:17:00+00:00, run_after=2024-03-04T15:18:00+00:00
[2024-03-04 12:18:39,839] {processor.py:161} INFO - Processing /home/luan/Documents/curso-extracao-de-dados/venv/lib/python3.9/site-packages/airflow/example_dags/example_branch_python_dop_operator_3.py took 0.051 seconds
[2024-03-04 12:19:10,450] {processor.py:153} INFO - Started process (PID=32589) to work on /home/luan/Documents/curso-extracao-de-dados/venv/lib/python3.9/site-packages/airflow/example_dags/example_branch_python_dop_operator_3.py
[2024-03-04 12:19:10,452] {processor.py:641} INFO - Processing file /home/luan/Documents/curso-extracao-de-dados/venv/lib/python3.9/site-packages/airflow/example_dags/example_branch_python_dop_operator_3.py for tasks to queue
[2024-03-04 12:19:10,452] {logging_mixin.py:115} INFO - [2024-03-04 12:19:10,452] {dagbag.py:507} INFO - Filling up the DagBag from /home/luan/Documents/curso-extracao-de-dados/venv/lib/python3.9/site-packages/airflow/example_dags/example_branch_python_dop_operator_3.py
[2024-03-04 12:19:10,458] {processor.py:651} INFO - DAG(s) dict_keys(['example_branch_dop_operator_v3']) retrieved from /home/luan/Documents/curso-extracao-de-dados/venv/lib/python3.9/site-packages/airflow/example_dags/example_branch_python_dop_operator_3.py
[2024-03-04 12:19:10,468] {logging_mixin.py:115} INFO - [2024-03-04 12:19:10,468] {dag.py:2379} INFO - Sync 1 DAGs
[2024-03-04 12:19:10,483] {logging_mixin.py:115} INFO - [2024-03-04 12:19:10,483] {dag.py:2927} INFO - Setting next_dagrun for example_branch_dop_operator_v3 to 2024-03-04T15:18:00+00:00, run_after=2024-03-04T15:19:00+00:00
[2024-03-04 12:19:10,496] {processor.py:161} INFO - Processing /home/luan/Documents/curso-extracao-de-dados/venv/lib/python3.9/site-packages/airflow/example_dags/example_branch_python_dop_operator_3.py took 0.048 seconds
