[2024-03-04 11:21:15,658] {processor.py:153} INFO - Started process (PID=17462) to work on /home/luan/Documents/curso-extracao-de-dados/venv/lib/python3.9/site-packages/airflow/example_dags/example_latest_only_with_trigger.py
[2024-03-04 11:21:15,658] {processor.py:641} INFO - Processing file /home/luan/Documents/curso-extracao-de-dados/venv/lib/python3.9/site-packages/airflow/example_dags/example_latest_only_with_trigger.py for tasks to queue
[2024-03-04 11:21:15,658] {logging_mixin.py:115} INFO - [2024-03-04 11:21:15,658] {dagbag.py:507} INFO - Filling up the DagBag from /home/luan/Documents/curso-extracao-de-dados/venv/lib/python3.9/site-packages/airflow/example_dags/example_latest_only_with_trigger.py
[2024-03-04 11:21:15,662] {processor.py:651} INFO - DAG(s) dict_keys(['latest_only_with_trigger']) retrieved from /home/luan/Documents/curso-extracao-de-dados/venv/lib/python3.9/site-packages/airflow/example_dags/example_latest_only_with_trigger.py
[2024-03-04 11:21:15,718] {logging_mixin.py:115} INFO - [2024-03-04 11:21:15,717] {manager.py:508} INFO - Created Permission View: can edit on DAG:latest_only_with_trigger
[2024-03-04 11:21:15,728] {logging_mixin.py:115} INFO - [2024-03-04 11:21:15,728] {manager.py:508} INFO - Created Permission View: can delete on DAG:latest_only_with_trigger
[2024-03-04 11:21:15,738] {logging_mixin.py:115} INFO - [2024-03-04 11:21:15,737] {manager.py:508} INFO - Created Permission View: can read on DAG:latest_only_with_trigger
[2024-03-04 11:21:15,738] {logging_mixin.py:115} INFO - [2024-03-04 11:21:15,738] {dag.py:2379} INFO - Sync 1 DAGs
[2024-03-04 11:21:15,744] {logging_mixin.py:115} INFO - [2024-03-04 11:21:15,744] {dag.py:2398} INFO - Creating ORM DAG for latest_only_with_trigger
[2024-03-04 11:21:15,750] {logging_mixin.py:115} INFO - [2024-03-04 11:21:15,750] {dag.py:2927} INFO - Setting next_dagrun for latest_only_with_trigger to 2024-03-04T10:21:15.750574+00:00, run_after=2024-03-04T14:21:15.750574+00:00
[2024-03-04 11:21:15,768] {processor.py:161} INFO - Processing /home/luan/Documents/curso-extracao-de-dados/venv/lib/python3.9/site-packages/airflow/example_dags/example_latest_only_with_trigger.py took 0.112 seconds
[2024-03-04 11:21:50,908] {processor.py:153} INFO - Started process (PID=17603) to work on /home/luan/Documents/curso-extracao-de-dados/venv/lib/python3.9/site-packages/airflow/example_dags/example_latest_only_with_trigger.py
[2024-03-04 11:21:50,909] {processor.py:641} INFO - Processing file /home/luan/Documents/curso-extracao-de-dados/venv/lib/python3.9/site-packages/airflow/example_dags/example_latest_only_with_trigger.py for tasks to queue
[2024-03-04 11:21:50,910] {logging_mixin.py:115} INFO - [2024-03-04 11:21:50,910] {dagbag.py:507} INFO - Filling up the DagBag from /home/luan/Documents/curso-extracao-de-dados/venv/lib/python3.9/site-packages/airflow/example_dags/example_latest_only_with_trigger.py
[2024-03-04 11:21:50,914] {processor.py:651} INFO - DAG(s) dict_keys(['latest_only_with_trigger']) retrieved from /home/luan/Documents/curso-extracao-de-dados/venv/lib/python3.9/site-packages/airflow/example_dags/example_latest_only_with_trigger.py
[2024-03-04 11:21:50,931] {logging_mixin.py:115} INFO - [2024-03-04 11:21:50,931] {dag.py:2379} INFO - Sync 1 DAGs
[2024-03-04 11:21:50,949] {logging_mixin.py:115} INFO - [2024-03-04 11:21:50,949] {dag.py:2927} INFO - Setting next_dagrun for latest_only_with_trigger to 2024-03-04T10:21:50.949486+00:00, run_after=2024-03-04T14:21:50.949486+00:00
[2024-03-04 11:21:50,967] {processor.py:161} INFO - Processing /home/luan/Documents/curso-extracao-de-dados/venv/lib/python3.9/site-packages/airflow/example_dags/example_latest_only_with_trigger.py took 0.061 seconds
[2024-03-04 11:22:22,845] {processor.py:153} INFO - Started process (PID=17728) to work on /home/luan/Documents/curso-extracao-de-dados/venv/lib/python3.9/site-packages/airflow/example_dags/example_latest_only_with_trigger.py
[2024-03-04 11:22:22,847] {processor.py:641} INFO - Processing file /home/luan/Documents/curso-extracao-de-dados/venv/lib/python3.9/site-packages/airflow/example_dags/example_latest_only_with_trigger.py for tasks to queue
[2024-03-04 11:22:22,847] {logging_mixin.py:115} INFO - [2024-03-04 11:22:22,847] {dagbag.py:507} INFO - Filling up the DagBag from /home/luan/Documents/curso-extracao-de-dados/venv/lib/python3.9/site-packages/airflow/example_dags/example_latest_only_with_trigger.py
[2024-03-04 11:22:22,850] {processor.py:651} INFO - DAG(s) dict_keys(['latest_only_with_trigger']) retrieved from /home/luan/Documents/curso-extracao-de-dados/venv/lib/python3.9/site-packages/airflow/example_dags/example_latest_only_with_trigger.py
[2024-03-04 11:22:22,863] {logging_mixin.py:115} INFO - [2024-03-04 11:22:22,863] {dag.py:2379} INFO - Sync 1 DAGs
[2024-03-04 11:22:22,878] {logging_mixin.py:115} INFO - [2024-03-04 11:22:22,878] {dag.py:2927} INFO - Setting next_dagrun for latest_only_with_trigger to 2024-03-04T10:22:22.878685+00:00, run_after=2024-03-04T14:22:22.878685+00:00
[2024-03-04 11:22:22,896] {processor.py:161} INFO - Processing /home/luan/Documents/curso-extracao-de-dados/venv/lib/python3.9/site-packages/airflow/example_dags/example_latest_only_with_trigger.py took 0.052 seconds
[2024-03-04 12:05:42,213] {processor.py:153} INFO - Started process (PID=28706) to work on /home/luan/Documents/curso-extracao-de-dados/venv/lib/python3.9/site-packages/airflow/example_dags/example_latest_only_with_trigger.py
[2024-03-04 12:05:42,214] {processor.py:641} INFO - Processing file /home/luan/Documents/curso-extracao-de-dados/venv/lib/python3.9/site-packages/airflow/example_dags/example_latest_only_with_trigger.py for tasks to queue
[2024-03-04 12:05:42,215] {logging_mixin.py:115} INFO - [2024-03-04 12:05:42,215] {dagbag.py:507} INFO - Filling up the DagBag from /home/luan/Documents/curso-extracao-de-dados/venv/lib/python3.9/site-packages/airflow/example_dags/example_latest_only_with_trigger.py
[2024-03-04 12:05:42,218] {processor.py:651} INFO - DAG(s) dict_keys(['latest_only_with_trigger']) retrieved from /home/luan/Documents/curso-extracao-de-dados/venv/lib/python3.9/site-packages/airflow/example_dags/example_latest_only_with_trigger.py
[2024-03-04 12:05:42,228] {logging_mixin.py:115} INFO - [2024-03-04 12:05:42,228] {dag.py:2379} INFO - Sync 1 DAGs
[2024-03-04 12:05:42,242] {logging_mixin.py:115} INFO - [2024-03-04 12:05:42,242] {dag.py:2927} INFO - Setting next_dagrun for latest_only_with_trigger to 2024-03-04T11:05:42.241846+00:00, run_after=2024-03-04T15:05:42.241846+00:00
[2024-03-04 12:05:42,257] {processor.py:161} INFO - Processing /home/luan/Documents/curso-extracao-de-dados/venv/lib/python3.9/site-packages/airflow/example_dags/example_latest_only_with_trigger.py took 0.045 seconds
[2024-03-04 12:06:13,243] {processor.py:153} INFO - Started process (PID=28964) to work on /home/luan/Documents/curso-extracao-de-dados/venv/lib/python3.9/site-packages/airflow/example_dags/example_latest_only_with_trigger.py
[2024-03-04 12:06:13,244] {processor.py:641} INFO - Processing file /home/luan/Documents/curso-extracao-de-dados/venv/lib/python3.9/site-packages/airflow/example_dags/example_latest_only_with_trigger.py for tasks to queue
[2024-03-04 12:06:13,247] {logging_mixin.py:115} INFO - [2024-03-04 12:06:13,246] {dagbag.py:507} INFO - Filling up the DagBag from /home/luan/Documents/curso-extracao-de-dados/venv/lib/python3.9/site-packages/airflow/example_dags/example_latest_only_with_trigger.py
[2024-03-04 12:06:13,282] {processor.py:651} INFO - DAG(s) dict_keys(['latest_only_with_trigger']) retrieved from /home/luan/Documents/curso-extracao-de-dados/venv/lib/python3.9/site-packages/airflow/example_dags/example_latest_only_with_trigger.py
[2024-03-04 12:06:13,346] {logging_mixin.py:115} INFO - [2024-03-04 12:06:13,346] {dag.py:2379} INFO - Sync 1 DAGs
[2024-03-04 12:06:13,399] {logging_mixin.py:115} INFO - [2024-03-04 12:06:13,399] {dag.py:2927} INFO - Setting next_dagrun for latest_only_with_trigger to 2024-03-04T11:06:13.399026+00:00, run_after=2024-03-04T15:06:13.399026+00:00
[2024-03-04 12:06:13,432] {processor.py:161} INFO - Processing /home/luan/Documents/curso-extracao-de-dados/venv/lib/python3.9/site-packages/airflow/example_dags/example_latest_only_with_trigger.py took 0.201 seconds
[2024-03-04 12:06:48,023] {processor.py:153} INFO - Started process (PID=29180) to work on /home/luan/Documents/curso-extracao-de-dados/venv/lib/python3.9/site-packages/airflow/example_dags/example_latest_only_with_trigger.py
[2024-03-04 12:06:48,027] {processor.py:641} INFO - Processing file /home/luan/Documents/curso-extracao-de-dados/venv/lib/python3.9/site-packages/airflow/example_dags/example_latest_only_with_trigger.py for tasks to queue
[2024-03-04 12:06:48,027] {logging_mixin.py:115} INFO - [2024-03-04 12:06:48,027] {dagbag.py:507} INFO - Filling up the DagBag from /home/luan/Documents/curso-extracao-de-dados/venv/lib/python3.9/site-packages/airflow/example_dags/example_latest_only_with_trigger.py
[2024-03-04 12:06:48,031] {processor.py:651} INFO - DAG(s) dict_keys(['latest_only_with_trigger']) retrieved from /home/luan/Documents/curso-extracao-de-dados/venv/lib/python3.9/site-packages/airflow/example_dags/example_latest_only_with_trigger.py
[2024-03-04 12:06:48,042] {logging_mixin.py:115} INFO - [2024-03-04 12:06:48,042] {dag.py:2379} INFO - Sync 1 DAGs
[2024-03-04 12:06:48,057] {logging_mixin.py:115} INFO - [2024-03-04 12:06:48,057] {dag.py:2927} INFO - Setting next_dagrun for latest_only_with_trigger to 2024-03-04T11:06:48.057130+00:00, run_after=2024-03-04T15:06:48.057130+00:00
[2024-03-04 12:06:48,071] {processor.py:161} INFO - Processing /home/luan/Documents/curso-extracao-de-dados/venv/lib/python3.9/site-packages/airflow/example_dags/example_latest_only_with_trigger.py took 0.051 seconds
[2024-03-04 12:07:10,077] {processor.py:153} INFO - Started process (PID=29342) to work on /home/luan/Documents/curso-extracao-de-dados/venv/lib/python3.9/site-packages/airflow/example_dags/example_latest_only_with_trigger.py
[2024-03-04 12:07:10,081] {processor.py:641} INFO - Processing file /home/luan/Documents/curso-extracao-de-dados/venv/lib/python3.9/site-packages/airflow/example_dags/example_latest_only_with_trigger.py for tasks to queue
[2024-03-04 12:07:10,082] {logging_mixin.py:115} INFO - [2024-03-04 12:07:10,082] {dagbag.py:507} INFO - Filling up the DagBag from /home/luan/Documents/curso-extracao-de-dados/venv/lib/python3.9/site-packages/airflow/example_dags/example_latest_only_with_trigger.py
[2024-03-04 12:07:10,086] {processor.py:651} INFO - DAG(s) dict_keys(['latest_only_with_trigger']) retrieved from /home/luan/Documents/curso-extracao-de-dados/venv/lib/python3.9/site-packages/airflow/example_dags/example_latest_only_with_trigger.py
[2024-03-04 12:07:10,097] {logging_mixin.py:115} INFO - [2024-03-04 12:07:10,097] {dag.py:2379} INFO - Sync 1 DAGs
[2024-03-04 12:07:10,111] {logging_mixin.py:115} INFO - [2024-03-04 12:07:10,111] {dag.py:2927} INFO - Setting next_dagrun for latest_only_with_trigger to 2024-03-04T11:07:10.111049+00:00, run_after=2024-03-04T15:07:10.111049+00:00
[2024-03-04 12:07:10,125] {processor.py:161} INFO - Processing /home/luan/Documents/curso-extracao-de-dados/venv/lib/python3.9/site-packages/airflow/example_dags/example_latest_only_with_trigger.py took 0.050 seconds
[2024-03-04 12:07:40,746] {processor.py:153} INFO - Started process (PID=29444) to work on /home/luan/Documents/curso-extracao-de-dados/venv/lib/python3.9/site-packages/airflow/example_dags/example_latest_only_with_trigger.py
[2024-03-04 12:07:40,747] {processor.py:641} INFO - Processing file /home/luan/Documents/curso-extracao-de-dados/venv/lib/python3.9/site-packages/airflow/example_dags/example_latest_only_with_trigger.py for tasks to queue
[2024-03-04 12:07:40,747] {logging_mixin.py:115} INFO - [2024-03-04 12:07:40,747] {dagbag.py:507} INFO - Filling up the DagBag from /home/luan/Documents/curso-extracao-de-dados/venv/lib/python3.9/site-packages/airflow/example_dags/example_latest_only_with_trigger.py
[2024-03-04 12:07:40,751] {processor.py:651} INFO - DAG(s) dict_keys(['latest_only_with_trigger']) retrieved from /home/luan/Documents/curso-extracao-de-dados/venv/lib/python3.9/site-packages/airflow/example_dags/example_latest_only_with_trigger.py
[2024-03-04 12:07:40,764] {logging_mixin.py:115} INFO - [2024-03-04 12:07:40,764] {dag.py:2379} INFO - Sync 1 DAGs
[2024-03-04 12:07:40,782] {logging_mixin.py:115} INFO - [2024-03-04 12:07:40,781] {dag.py:2927} INFO - Setting next_dagrun for latest_only_with_trigger to 2024-03-04T11:07:40.781740+00:00, run_after=2024-03-04T15:07:40.781740+00:00
[2024-03-04 12:07:40,798] {processor.py:161} INFO - Processing /home/luan/Documents/curso-extracao-de-dados/venv/lib/python3.9/site-packages/airflow/example_dags/example_latest_only_with_trigger.py took 0.055 seconds
[2024-03-04 12:08:14,470] {processor.py:153} INFO - Started process (PID=29575) to work on /home/luan/Documents/curso-extracao-de-dados/venv/lib/python3.9/site-packages/airflow/example_dags/example_latest_only_with_trigger.py
[2024-03-04 12:08:14,474] {processor.py:641} INFO - Processing file /home/luan/Documents/curso-extracao-de-dados/venv/lib/python3.9/site-packages/airflow/example_dags/example_latest_only_with_trigger.py for tasks to queue
[2024-03-04 12:08:14,475] {logging_mixin.py:115} INFO - [2024-03-04 12:08:14,474] {dagbag.py:507} INFO - Filling up the DagBag from /home/luan/Documents/curso-extracao-de-dados/venv/lib/python3.9/site-packages/airflow/example_dags/example_latest_only_with_trigger.py
[2024-03-04 12:08:14,478] {processor.py:651} INFO - DAG(s) dict_keys(['latest_only_with_trigger']) retrieved from /home/luan/Documents/curso-extracao-de-dados/venv/lib/python3.9/site-packages/airflow/example_dags/example_latest_only_with_trigger.py
[2024-03-04 12:08:14,488] {logging_mixin.py:115} INFO - [2024-03-04 12:08:14,488] {dag.py:2379} INFO - Sync 1 DAGs
[2024-03-04 12:08:14,502] {logging_mixin.py:115} INFO - [2024-03-04 12:08:14,502] {dag.py:2927} INFO - Setting next_dagrun for latest_only_with_trigger to 2024-03-04T11:08:14.501855+00:00, run_after=2024-03-04T15:08:14.501855+00:00
[2024-03-04 12:08:14,515] {processor.py:161} INFO - Processing /home/luan/Documents/curso-extracao-de-dados/venv/lib/python3.9/site-packages/airflow/example_dags/example_latest_only_with_trigger.py took 0.047 seconds
[2024-03-04 12:08:46,547] {processor.py:153} INFO - Started process (PID=29699) to work on /home/luan/Documents/curso-extracao-de-dados/venv/lib/python3.9/site-packages/airflow/example_dags/example_latest_only_with_trigger.py
[2024-03-04 12:08:46,551] {processor.py:641} INFO - Processing file /home/luan/Documents/curso-extracao-de-dados/venv/lib/python3.9/site-packages/airflow/example_dags/example_latest_only_with_trigger.py for tasks to queue
[2024-03-04 12:08:46,552] {logging_mixin.py:115} INFO - [2024-03-04 12:08:46,552] {dagbag.py:507} INFO - Filling up the DagBag from /home/luan/Documents/curso-extracao-de-dados/venv/lib/python3.9/site-packages/airflow/example_dags/example_latest_only_with_trigger.py
[2024-03-04 12:08:46,555] {processor.py:651} INFO - DAG(s) dict_keys(['latest_only_with_trigger']) retrieved from /home/luan/Documents/curso-extracao-de-dados/venv/lib/python3.9/site-packages/airflow/example_dags/example_latest_only_with_trigger.py
[2024-03-04 12:08:46,565] {logging_mixin.py:115} INFO - [2024-03-04 12:08:46,565] {dag.py:2379} INFO - Sync 1 DAGs
[2024-03-04 12:08:46,578] {logging_mixin.py:115} INFO - [2024-03-04 12:08:46,578] {dag.py:2927} INFO - Setting next_dagrun for latest_only_with_trigger to 2024-03-04T11:08:46.578360+00:00, run_after=2024-03-04T15:08:46.578360+00:00
[2024-03-04 12:08:46,594] {processor.py:161} INFO - Processing /home/luan/Documents/curso-extracao-de-dados/venv/lib/python3.9/site-packages/airflow/example_dags/example_latest_only_with_trigger.py took 0.049 seconds
[2024-03-04 12:09:47,746] {processor.py:153} INFO - Started process (PID=30026) to work on /home/luan/Documents/curso-extracao-de-dados/venv/lib/python3.9/site-packages/airflow/example_dags/example_latest_only_with_trigger.py
[2024-03-04 12:09:47,747] {processor.py:641} INFO - Processing file /home/luan/Documents/curso-extracao-de-dados/venv/lib/python3.9/site-packages/airflow/example_dags/example_latest_only_with_trigger.py for tasks to queue
[2024-03-04 12:09:47,747] {logging_mixin.py:115} INFO - [2024-03-04 12:09:47,747] {dagbag.py:507} INFO - Filling up the DagBag from /home/luan/Documents/curso-extracao-de-dados/venv/lib/python3.9/site-packages/airflow/example_dags/example_latest_only_with_trigger.py
[2024-03-04 12:09:47,750] {processor.py:651} INFO - DAG(s) dict_keys(['latest_only_with_trigger']) retrieved from /home/luan/Documents/curso-extracao-de-dados/venv/lib/python3.9/site-packages/airflow/example_dags/example_latest_only_with_trigger.py
[2024-03-04 12:09:47,761] {logging_mixin.py:115} INFO - [2024-03-04 12:09:47,761] {dag.py:2379} INFO - Sync 1 DAGs
[2024-03-04 12:09:47,774] {logging_mixin.py:115} INFO - [2024-03-04 12:09:47,773] {dag.py:2927} INFO - Setting next_dagrun for latest_only_with_trigger to 2024-03-04T11:09:47.773765+00:00, run_after=2024-03-04T15:09:47.773765+00:00
[2024-03-04 12:09:47,788] {processor.py:161} INFO - Processing /home/luan/Documents/curso-extracao-de-dados/venv/lib/python3.9/site-packages/airflow/example_dags/example_latest_only_with_trigger.py took 0.044 seconds
[2024-03-04 12:10:18,416] {processor.py:153} INFO - Started process (PID=30146) to work on /home/luan/Documents/curso-extracao-de-dados/venv/lib/python3.9/site-packages/airflow/example_dags/example_latest_only_with_trigger.py
[2024-03-04 12:10:18,417] {processor.py:641} INFO - Processing file /home/luan/Documents/curso-extracao-de-dados/venv/lib/python3.9/site-packages/airflow/example_dags/example_latest_only_with_trigger.py for tasks to queue
[2024-03-04 12:10:18,418] {logging_mixin.py:115} INFO - [2024-03-04 12:10:18,418] {dagbag.py:507} INFO - Filling up the DagBag from /home/luan/Documents/curso-extracao-de-dados/venv/lib/python3.9/site-packages/airflow/example_dags/example_latest_only_with_trigger.py
[2024-03-04 12:10:18,422] {processor.py:651} INFO - DAG(s) dict_keys(['latest_only_with_trigger']) retrieved from /home/luan/Documents/curso-extracao-de-dados/venv/lib/python3.9/site-packages/airflow/example_dags/example_latest_only_with_trigger.py
[2024-03-04 12:10:18,433] {logging_mixin.py:115} INFO - [2024-03-04 12:10:18,433] {dag.py:2379} INFO - Sync 1 DAGs
[2024-03-04 12:10:18,447] {logging_mixin.py:115} INFO - [2024-03-04 12:10:18,447] {dag.py:2927} INFO - Setting next_dagrun for latest_only_with_trigger to 2024-03-04T11:10:18.447644+00:00, run_after=2024-03-04T15:10:18.447644+00:00
[2024-03-04 12:10:18,465] {processor.py:161} INFO - Processing /home/luan/Documents/curso-extracao-de-dados/venv/lib/python3.9/site-packages/airflow/example_dags/example_latest_only_with_trigger.py took 0.051 seconds
[2024-03-04 12:10:52,248] {processor.py:153} INFO - Started process (PID=30288) to work on /home/luan/Documents/curso-extracao-de-dados/venv/lib/python3.9/site-packages/airflow/example_dags/example_latest_only_with_trigger.py
[2024-03-04 12:10:52,253] {processor.py:641} INFO - Processing file /home/luan/Documents/curso-extracao-de-dados/venv/lib/python3.9/site-packages/airflow/example_dags/example_latest_only_with_trigger.py for tasks to queue
[2024-03-04 12:10:52,254] {logging_mixin.py:115} INFO - [2024-03-04 12:10:52,254] {dagbag.py:507} INFO - Filling up the DagBag from /home/luan/Documents/curso-extracao-de-dados/venv/lib/python3.9/site-packages/airflow/example_dags/example_latest_only_with_trigger.py
[2024-03-04 12:10:52,257] {processor.py:651} INFO - DAG(s) dict_keys(['latest_only_with_trigger']) retrieved from /home/luan/Documents/curso-extracao-de-dados/venv/lib/python3.9/site-packages/airflow/example_dags/example_latest_only_with_trigger.py
[2024-03-04 12:10:52,267] {logging_mixin.py:115} INFO - [2024-03-04 12:10:52,267] {dag.py:2379} INFO - Sync 1 DAGs
[2024-03-04 12:10:52,280] {logging_mixin.py:115} INFO - [2024-03-04 12:10:52,280] {dag.py:2927} INFO - Setting next_dagrun for latest_only_with_trigger to 2024-03-04T11:10:52.280559+00:00, run_after=2024-03-04T15:10:52.280559+00:00
[2024-03-04 12:10:52,297] {processor.py:161} INFO - Processing /home/luan/Documents/curso-extracao-de-dados/venv/lib/python3.9/site-packages/airflow/example_dags/example_latest_only_with_trigger.py took 0.050 seconds
[2024-03-04 12:11:24,194] {processor.py:153} INFO - Started process (PID=30417) to work on /home/luan/Documents/curso-extracao-de-dados/venv/lib/python3.9/site-packages/airflow/example_dags/example_latest_only_with_trigger.py
[2024-03-04 12:11:24,197] {processor.py:641} INFO - Processing file /home/luan/Documents/curso-extracao-de-dados/venv/lib/python3.9/site-packages/airflow/example_dags/example_latest_only_with_trigger.py for tasks to queue
[2024-03-04 12:11:24,198] {logging_mixin.py:115} INFO - [2024-03-04 12:11:24,198] {dagbag.py:507} INFO - Filling up the DagBag from /home/luan/Documents/curso-extracao-de-dados/venv/lib/python3.9/site-packages/airflow/example_dags/example_latest_only_with_trigger.py
[2024-03-04 12:11:24,202] {processor.py:651} INFO - DAG(s) dict_keys(['latest_only_with_trigger']) retrieved from /home/luan/Documents/curso-extracao-de-dados/venv/lib/python3.9/site-packages/airflow/example_dags/example_latest_only_with_trigger.py
[2024-03-04 12:11:24,212] {logging_mixin.py:115} INFO - [2024-03-04 12:11:24,212] {dag.py:2379} INFO - Sync 1 DAGs
[2024-03-04 12:11:24,225] {logging_mixin.py:115} INFO - [2024-03-04 12:11:24,225] {dag.py:2927} INFO - Setting next_dagrun for latest_only_with_trigger to 2024-03-04T11:11:24.225247+00:00, run_after=2024-03-04T15:11:24.225247+00:00
[2024-03-04 12:11:24,238] {processor.py:161} INFO - Processing /home/luan/Documents/curso-extracao-de-dados/venv/lib/python3.9/site-packages/airflow/example_dags/example_latest_only_with_trigger.py took 0.046 seconds
[2024-03-04 12:14:06,009] {processor.py:153} INFO - Started process (PID=31190) to work on /home/luan/Documents/curso-extracao-de-dados/venv/lib/python3.9/site-packages/airflow/example_dags/example_latest_only_with_trigger.py
[2024-03-04 12:14:06,014] {processor.py:641} INFO - Processing file /home/luan/Documents/curso-extracao-de-dados/venv/lib/python3.9/site-packages/airflow/example_dags/example_latest_only_with_trigger.py for tasks to queue
[2024-03-04 12:14:06,014] {logging_mixin.py:115} INFO - [2024-03-04 12:14:06,014] {dagbag.py:507} INFO - Filling up the DagBag from /home/luan/Documents/curso-extracao-de-dados/venv/lib/python3.9/site-packages/airflow/example_dags/example_latest_only_with_trigger.py
[2024-03-04 12:14:06,018] {processor.py:651} INFO - DAG(s) dict_keys(['latest_only_with_trigger']) retrieved from /home/luan/Documents/curso-extracao-de-dados/venv/lib/python3.9/site-packages/airflow/example_dags/example_latest_only_with_trigger.py
[2024-03-04 12:14:06,030] {logging_mixin.py:115} INFO - [2024-03-04 12:14:06,030] {dag.py:2379} INFO - Sync 1 DAGs
[2024-03-04 12:14:06,045] {logging_mixin.py:115} INFO - [2024-03-04 12:14:06,045] {dag.py:2927} INFO - Setting next_dagrun for latest_only_with_trigger to 2024-03-04T11:14:06.045007+00:00, run_after=2024-03-04T15:14:06.045007+00:00
[2024-03-04 12:14:06,061] {processor.py:161} INFO - Processing /home/luan/Documents/curso-extracao-de-dados/venv/lib/python3.9/site-packages/airflow/example_dags/example_latest_only_with_trigger.py took 0.053 seconds
[2024-03-04 12:14:36,676] {processor.py:153} INFO - Started process (PID=31313) to work on /home/luan/Documents/curso-extracao-de-dados/venv/lib/python3.9/site-packages/airflow/example_dags/example_latest_only_with_trigger.py
[2024-03-04 12:14:36,680] {processor.py:641} INFO - Processing file /home/luan/Documents/curso-extracao-de-dados/venv/lib/python3.9/site-packages/airflow/example_dags/example_latest_only_with_trigger.py for tasks to queue
[2024-03-04 12:14:36,681] {logging_mixin.py:115} INFO - [2024-03-04 12:14:36,681] {dagbag.py:507} INFO - Filling up the DagBag from /home/luan/Documents/curso-extracao-de-dados/venv/lib/python3.9/site-packages/airflow/example_dags/example_latest_only_with_trigger.py
[2024-03-04 12:14:36,684] {processor.py:651} INFO - DAG(s) dict_keys(['latest_only_with_trigger']) retrieved from /home/luan/Documents/curso-extracao-de-dados/venv/lib/python3.9/site-packages/airflow/example_dags/example_latest_only_with_trigger.py
[2024-03-04 12:14:36,694] {logging_mixin.py:115} INFO - [2024-03-04 12:14:36,694] {dag.py:2379} INFO - Sync 1 DAGs
[2024-03-04 12:14:36,707] {logging_mixin.py:115} INFO - [2024-03-04 12:14:36,707] {dag.py:2927} INFO - Setting next_dagrun for latest_only_with_trigger to 2024-03-04T11:14:36.707444+00:00, run_after=2024-03-04T15:14:36.707444+00:00
[2024-03-04 12:14:36,721] {processor.py:161} INFO - Processing /home/luan/Documents/curso-extracao-de-dados/venv/lib/python3.9/site-packages/airflow/example_dags/example_latest_only_with_trigger.py took 0.046 seconds
[2024-03-04 12:15:10,424] {processor.py:153} INFO - Started process (PID=31450) to work on /home/luan/Documents/curso-extracao-de-dados/venv/lib/python3.9/site-packages/airflow/example_dags/example_latest_only_with_trigger.py
[2024-03-04 12:15:10,425] {processor.py:641} INFO - Processing file /home/luan/Documents/curso-extracao-de-dados/venv/lib/python3.9/site-packages/airflow/example_dags/example_latest_only_with_trigger.py for tasks to queue
[2024-03-04 12:15:10,425] {logging_mixin.py:115} INFO - [2024-03-04 12:15:10,425] {dagbag.py:507} INFO - Filling up the DagBag from /home/luan/Documents/curso-extracao-de-dados/venv/lib/python3.9/site-packages/airflow/example_dags/example_latest_only_with_trigger.py
[2024-03-04 12:15:10,428] {processor.py:651} INFO - DAG(s) dict_keys(['latest_only_with_trigger']) retrieved from /home/luan/Documents/curso-extracao-de-dados/venv/lib/python3.9/site-packages/airflow/example_dags/example_latest_only_with_trigger.py
[2024-03-04 12:15:10,439] {logging_mixin.py:115} INFO - [2024-03-04 12:15:10,438] {dag.py:2379} INFO - Sync 1 DAGs
[2024-03-04 12:15:10,453] {logging_mixin.py:115} INFO - [2024-03-04 12:15:10,453] {dag.py:2927} INFO - Setting next_dagrun for latest_only_with_trigger to 2024-03-04T11:15:10.453069+00:00, run_after=2024-03-04T15:15:10.453069+00:00
[2024-03-04 12:15:10,466] {processor.py:161} INFO - Processing /home/luan/Documents/curso-extracao-de-dados/venv/lib/python3.9/site-packages/airflow/example_dags/example_latest_only_with_trigger.py took 0.044 seconds
[2024-03-04 12:15:43,436] {processor.py:153} INFO - Started process (PID=31583) to work on /home/luan/Documents/curso-extracao-de-dados/venv/lib/python3.9/site-packages/airflow/example_dags/example_latest_only_with_trigger.py
[2024-03-04 12:15:43,437] {processor.py:641} INFO - Processing file /home/luan/Documents/curso-extracao-de-dados/venv/lib/python3.9/site-packages/airflow/example_dags/example_latest_only_with_trigger.py for tasks to queue
[2024-03-04 12:15:43,437] {logging_mixin.py:115} INFO - [2024-03-04 12:15:43,437] {dagbag.py:507} INFO - Filling up the DagBag from /home/luan/Documents/curso-extracao-de-dados/venv/lib/python3.9/site-packages/airflow/example_dags/example_latest_only_with_trigger.py
[2024-03-04 12:15:43,441] {processor.py:651} INFO - DAG(s) dict_keys(['latest_only_with_trigger']) retrieved from /home/luan/Documents/curso-extracao-de-dados/venv/lib/python3.9/site-packages/airflow/example_dags/example_latest_only_with_trigger.py
[2024-03-04 12:15:43,451] {logging_mixin.py:115} INFO - [2024-03-04 12:15:43,451] {dag.py:2379} INFO - Sync 1 DAGs
[2024-03-04 12:15:43,466] {logging_mixin.py:115} INFO - [2024-03-04 12:15:43,466] {dag.py:2927} INFO - Setting next_dagrun for latest_only_with_trigger to 2024-03-04T11:15:43.466068+00:00, run_after=2024-03-04T15:15:43.466068+00:00
[2024-03-04 12:15:43,481] {processor.py:161} INFO - Processing /home/luan/Documents/curso-extracao-de-dados/venv/lib/python3.9/site-packages/airflow/example_dags/example_latest_only_with_trigger.py took 0.046 seconds
[2024-03-04 12:16:04,813] {processor.py:153} INFO - Started process (PID=31766) to work on /home/luan/Documents/curso-extracao-de-dados/venv/lib/python3.9/site-packages/airflow/example_dags/example_latest_only_with_trigger.py
[2024-03-04 12:16:04,815] {processor.py:641} INFO - Processing file /home/luan/Documents/curso-extracao-de-dados/venv/lib/python3.9/site-packages/airflow/example_dags/example_latest_only_with_trigger.py for tasks to queue
[2024-03-04 12:16:04,816] {logging_mixin.py:115} INFO - [2024-03-04 12:16:04,815] {dagbag.py:507} INFO - Filling up the DagBag from /home/luan/Documents/curso-extracao-de-dados/venv/lib/python3.9/site-packages/airflow/example_dags/example_latest_only_with_trigger.py
[2024-03-04 12:16:04,819] {processor.py:651} INFO - DAG(s) dict_keys(['latest_only_with_trigger']) retrieved from /home/luan/Documents/curso-extracao-de-dados/venv/lib/python3.9/site-packages/airflow/example_dags/example_latest_only_with_trigger.py
[2024-03-04 12:16:04,829] {logging_mixin.py:115} INFO - [2024-03-04 12:16:04,829] {dag.py:2379} INFO - Sync 1 DAGs
[2024-03-04 12:16:04,841] {logging_mixin.py:115} INFO - [2024-03-04 12:16:04,841] {dag.py:2927} INFO - Setting next_dagrun for latest_only_with_trigger to 2024-03-04T11:16:04.841604+00:00, run_after=2024-03-04T15:16:04.841604+00:00
[2024-03-04 12:16:04,856] {processor.py:161} INFO - Processing /home/luan/Documents/curso-extracao-de-dados/venv/lib/python3.9/site-packages/airflow/example_dags/example_latest_only_with_trigger.py took 0.045 seconds
[2024-03-04 12:16:35,489] {processor.py:153} INFO - Started process (PID=31890) to work on /home/luan/Documents/curso-extracao-de-dados/venv/lib/python3.9/site-packages/airflow/example_dags/example_latest_only_with_trigger.py
[2024-03-04 12:16:35,494] {processor.py:641} INFO - Processing file /home/luan/Documents/curso-extracao-de-dados/venv/lib/python3.9/site-packages/airflow/example_dags/example_latest_only_with_trigger.py for tasks to queue
[2024-03-04 12:16:35,494] {logging_mixin.py:115} INFO - [2024-03-04 12:16:35,494] {dagbag.py:507} INFO - Filling up the DagBag from /home/luan/Documents/curso-extracao-de-dados/venv/lib/python3.9/site-packages/airflow/example_dags/example_latest_only_with_trigger.py
[2024-03-04 12:16:35,497] {processor.py:651} INFO - DAG(s) dict_keys(['latest_only_with_trigger']) retrieved from /home/luan/Documents/curso-extracao-de-dados/venv/lib/python3.9/site-packages/airflow/example_dags/example_latest_only_with_trigger.py
[2024-03-04 12:16:35,508] {logging_mixin.py:115} INFO - [2024-03-04 12:16:35,508] {dag.py:2379} INFO - Sync 1 DAGs
[2024-03-04 12:16:35,521] {logging_mixin.py:115} INFO - [2024-03-04 12:16:35,521] {dag.py:2927} INFO - Setting next_dagrun for latest_only_with_trigger to 2024-03-04T11:16:35.521215+00:00, run_after=2024-03-04T15:16:35.521215+00:00
[2024-03-04 12:16:35,536] {processor.py:161} INFO - Processing /home/luan/Documents/curso-extracao-de-dados/venv/lib/python3.9/site-packages/airflow/example_dags/example_latest_only_with_trigger.py took 0.049 seconds
[2024-03-04 12:17:09,667] {processor.py:153} INFO - Started process (PID=32030) to work on /home/luan/Documents/curso-extracao-de-dados/venv/lib/python3.9/site-packages/airflow/example_dags/example_latest_only_with_trigger.py
[2024-03-04 12:17:09,671] {processor.py:641} INFO - Processing file /home/luan/Documents/curso-extracao-de-dados/venv/lib/python3.9/site-packages/airflow/example_dags/example_latest_only_with_trigger.py for tasks to queue
[2024-03-04 12:17:09,671] {logging_mixin.py:115} INFO - [2024-03-04 12:17:09,671] {dagbag.py:507} INFO - Filling up the DagBag from /home/luan/Documents/curso-extracao-de-dados/venv/lib/python3.9/site-packages/airflow/example_dags/example_latest_only_with_trigger.py
[2024-03-04 12:17:09,675] {processor.py:651} INFO - DAG(s) dict_keys(['latest_only_with_trigger']) retrieved from /home/luan/Documents/curso-extracao-de-dados/venv/lib/python3.9/site-packages/airflow/example_dags/example_latest_only_with_trigger.py
[2024-03-04 12:17:09,685] {logging_mixin.py:115} INFO - [2024-03-04 12:17:09,685] {dag.py:2379} INFO - Sync 1 DAGs
[2024-03-04 12:17:09,699] {logging_mixin.py:115} INFO - [2024-03-04 12:17:09,699] {dag.py:2927} INFO - Setting next_dagrun for latest_only_with_trigger to 2024-03-04T11:17:09.698980+00:00, run_after=2024-03-04T15:17:09.698980+00:00
[2024-03-04 12:17:09,715] {processor.py:161} INFO - Processing /home/luan/Documents/curso-extracao-de-dados/venv/lib/python3.9/site-packages/airflow/example_dags/example_latest_only_with_trigger.py took 0.050 seconds
[2024-03-04 12:17:42,567] {processor.py:153} INFO - Started process (PID=32160) to work on /home/luan/Documents/curso-extracao-de-dados/venv/lib/python3.9/site-packages/airflow/example_dags/example_latest_only_with_trigger.py
[2024-03-04 12:17:42,571] {processor.py:641} INFO - Processing file /home/luan/Documents/curso-extracao-de-dados/venv/lib/python3.9/site-packages/airflow/example_dags/example_latest_only_with_trigger.py for tasks to queue
[2024-03-04 12:17:42,572] {logging_mixin.py:115} INFO - [2024-03-04 12:17:42,572] {dagbag.py:507} INFO - Filling up the DagBag from /home/luan/Documents/curso-extracao-de-dados/venv/lib/python3.9/site-packages/airflow/example_dags/example_latest_only_with_trigger.py
[2024-03-04 12:17:42,576] {processor.py:651} INFO - DAG(s) dict_keys(['latest_only_with_trigger']) retrieved from /home/luan/Documents/curso-extracao-de-dados/venv/lib/python3.9/site-packages/airflow/example_dags/example_latest_only_with_trigger.py
[2024-03-04 12:17:42,586] {logging_mixin.py:115} INFO - [2024-03-04 12:17:42,586] {dag.py:2379} INFO - Sync 1 DAGs
[2024-03-04 12:17:42,600] {logging_mixin.py:115} INFO - [2024-03-04 12:17:42,599] {dag.py:2927} INFO - Setting next_dagrun for latest_only_with_trigger to 2024-03-04T11:17:42.599728+00:00, run_after=2024-03-04T15:17:42.599728+00:00
[2024-03-04 12:17:42,617] {processor.py:161} INFO - Processing /home/luan/Documents/curso-extracao-de-dados/venv/lib/python3.9/site-packages/airflow/example_dags/example_latest_only_with_trigger.py took 0.052 seconds
[2024-03-04 12:18:38,659] {processor.py:153} INFO - Started process (PID=32462) to work on /home/luan/Documents/curso-extracao-de-dados/venv/lib/python3.9/site-packages/airflow/example_dags/example_latest_only_with_trigger.py
[2024-03-04 12:18:38,663] {processor.py:641} INFO - Processing file /home/luan/Documents/curso-extracao-de-dados/venv/lib/python3.9/site-packages/airflow/example_dags/example_latest_only_with_trigger.py for tasks to queue
[2024-03-04 12:18:38,664] {logging_mixin.py:115} INFO - [2024-03-04 12:18:38,664] {dagbag.py:507} INFO - Filling up the DagBag from /home/luan/Documents/curso-extracao-de-dados/venv/lib/python3.9/site-packages/airflow/example_dags/example_latest_only_with_trigger.py
[2024-03-04 12:18:38,667] {processor.py:651} INFO - DAG(s) dict_keys(['latest_only_with_trigger']) retrieved from /home/luan/Documents/curso-extracao-de-dados/venv/lib/python3.9/site-packages/airflow/example_dags/example_latest_only_with_trigger.py
[2024-03-04 12:18:38,678] {logging_mixin.py:115} INFO - [2024-03-04 12:18:38,678] {dag.py:2379} INFO - Sync 1 DAGs
[2024-03-04 12:18:38,692] {logging_mixin.py:115} INFO - [2024-03-04 12:18:38,692] {dag.py:2927} INFO - Setting next_dagrun for latest_only_with_trigger to 2024-03-04T11:18:38.692170+00:00, run_after=2024-03-04T15:18:38.692170+00:00
[2024-03-04 12:18:38,707] {processor.py:161} INFO - Processing /home/luan/Documents/curso-extracao-de-dados/venv/lib/python3.9/site-packages/airflow/example_dags/example_latest_only_with_trigger.py took 0.050 seconds
[2024-03-04 12:19:09,320] {processor.py:153} INFO - Started process (PID=32588) to work on /home/luan/Documents/curso-extracao-de-dados/venv/lib/python3.9/site-packages/airflow/example_dags/example_latest_only_with_trigger.py
[2024-03-04 12:19:09,324] {processor.py:641} INFO - Processing file /home/luan/Documents/curso-extracao-de-dados/venv/lib/python3.9/site-packages/airflow/example_dags/example_latest_only_with_trigger.py for tasks to queue
[2024-03-04 12:19:09,325] {logging_mixin.py:115} INFO - [2024-03-04 12:19:09,325] {dagbag.py:507} INFO - Filling up the DagBag from /home/luan/Documents/curso-extracao-de-dados/venv/lib/python3.9/site-packages/airflow/example_dags/example_latest_only_with_trigger.py
[2024-03-04 12:19:09,328] {processor.py:651} INFO - DAG(s) dict_keys(['latest_only_with_trigger']) retrieved from /home/luan/Documents/curso-extracao-de-dados/venv/lib/python3.9/site-packages/airflow/example_dags/example_latest_only_with_trigger.py
[2024-03-04 12:19:09,338] {logging_mixin.py:115} INFO - [2024-03-04 12:19:09,338] {dag.py:2379} INFO - Sync 1 DAGs
[2024-03-04 12:19:09,351] {logging_mixin.py:115} INFO - [2024-03-04 12:19:09,351] {dag.py:2927} INFO - Setting next_dagrun for latest_only_with_trigger to 2024-03-04T11:19:09.350955+00:00, run_after=2024-03-04T15:19:09.350955+00:00
[2024-03-04 12:19:09,364] {processor.py:161} INFO - Processing /home/luan/Documents/curso-extracao-de-dados/venv/lib/python3.9/site-packages/airflow/example_dags/example_latest_only_with_trigger.py took 0.045 seconds
