[2024-03-04 11:21:27,599] {processor.py:153} INFO - Started process (PID=17514) to work on /home/luan/Documents/curso-extracao-de-dados/venv/lib/python3.9/site-packages/airflow/example_dags/example_skip_dag.py
[2024-03-04 11:21:27,600] {processor.py:641} INFO - Processing file /home/luan/Documents/curso-extracao-de-dados/venv/lib/python3.9/site-packages/airflow/example_dags/example_skip_dag.py for tasks to queue
[2024-03-04 11:21:27,601] {logging_mixin.py:115} INFO - [2024-03-04 11:21:27,601] {dagbag.py:507} INFO - Filling up the DagBag from /home/luan/Documents/curso-extracao-de-dados/venv/lib/python3.9/site-packages/airflow/example_dags/example_skip_dag.py
[2024-03-04 11:21:27,606] {processor.py:651} INFO - DAG(s) dict_keys(['example_skip_dag']) retrieved from /home/luan/Documents/curso-extracao-de-dados/venv/lib/python3.9/site-packages/airflow/example_dags/example_skip_dag.py
[2024-03-04 11:21:27,703] {logging_mixin.py:115} INFO - [2024-03-04 11:21:27,703] {manager.py:508} INFO - Created Permission View: can edit on DAG:example_skip_dag
[2024-03-04 11:21:27,727] {logging_mixin.py:115} INFO - [2024-03-04 11:21:27,727] {manager.py:508} INFO - Created Permission View: can delete on DAG:example_skip_dag
[2024-03-04 11:21:27,753] {logging_mixin.py:115} INFO - [2024-03-04 11:21:27,753] {manager.py:508} INFO - Created Permission View: can read on DAG:example_skip_dag
[2024-03-04 11:21:27,753] {logging_mixin.py:115} INFO - [2024-03-04 11:21:27,753] {dag.py:2379} INFO - Sync 1 DAGs
[2024-03-04 11:21:27,771] {logging_mixin.py:115} INFO - [2024-03-04 11:21:27,770] {dag.py:2398} INFO - Creating ORM DAG for example_skip_dag
[2024-03-04 11:21:27,783] {logging_mixin.py:115} INFO - [2024-03-04 11:21:27,783] {dag.py:2927} INFO - Setting next_dagrun for example_skip_dag to 2024-03-03T14:21:27.783146+00:00, run_after=2024-03-04T14:21:27.783146+00:00
[2024-03-04 11:21:27,815] {processor.py:161} INFO - Processing /home/luan/Documents/curso-extracao-de-dados/venv/lib/python3.9/site-packages/airflow/example_dags/example_skip_dag.py took 0.218 seconds
[2024-03-04 11:22:02,277] {processor.py:153} INFO - Started process (PID=17646) to work on /home/luan/Documents/curso-extracao-de-dados/venv/lib/python3.9/site-packages/airflow/example_dags/example_skip_dag.py
[2024-03-04 11:22:02,279] {processor.py:641} INFO - Processing file /home/luan/Documents/curso-extracao-de-dados/venv/lib/python3.9/site-packages/airflow/example_dags/example_skip_dag.py for tasks to queue
[2024-03-04 11:22:02,279] {logging_mixin.py:115} INFO - [2024-03-04 11:22:02,279] {dagbag.py:507} INFO - Filling up the DagBag from /home/luan/Documents/curso-extracao-de-dados/venv/lib/python3.9/site-packages/airflow/example_dags/example_skip_dag.py
[2024-03-04 11:22:02,282] {processor.py:651} INFO - DAG(s) dict_keys(['example_skip_dag']) retrieved from /home/luan/Documents/curso-extracao-de-dados/venv/lib/python3.9/site-packages/airflow/example_dags/example_skip_dag.py
[2024-03-04 11:22:02,293] {logging_mixin.py:115} INFO - [2024-03-04 11:22:02,293] {dag.py:2379} INFO - Sync 1 DAGs
[2024-03-04 11:22:02,306] {logging_mixin.py:115} INFO - [2024-03-04 11:22:02,306] {dag.py:2927} INFO - Setting next_dagrun for example_skip_dag to 2024-03-03T14:22:02.306359+00:00, run_after=2024-03-04T14:22:02.306359+00:00
[2024-03-04 11:22:02,323] {processor.py:161} INFO - Processing /home/luan/Documents/curso-extracao-de-dados/venv/lib/python3.9/site-packages/airflow/example_dags/example_skip_dag.py took 0.047 seconds
[2024-03-04 11:22:34,867] {processor.py:153} INFO - Started process (PID=17776) to work on /home/luan/Documents/curso-extracao-de-dados/venv/lib/python3.9/site-packages/airflow/example_dags/example_skip_dag.py
[2024-03-04 11:22:34,868] {processor.py:641} INFO - Processing file /home/luan/Documents/curso-extracao-de-dados/venv/lib/python3.9/site-packages/airflow/example_dags/example_skip_dag.py for tasks to queue
[2024-03-04 11:22:34,868] {logging_mixin.py:115} INFO - [2024-03-04 11:22:34,868] {dagbag.py:507} INFO - Filling up the DagBag from /home/luan/Documents/curso-extracao-de-dados/venv/lib/python3.9/site-packages/airflow/example_dags/example_skip_dag.py
[2024-03-04 11:22:34,872] {processor.py:651} INFO - DAG(s) dict_keys(['example_skip_dag']) retrieved from /home/luan/Documents/curso-extracao-de-dados/venv/lib/python3.9/site-packages/airflow/example_dags/example_skip_dag.py
[2024-03-04 11:22:34,883] {logging_mixin.py:115} INFO - [2024-03-04 11:22:34,883] {dag.py:2379} INFO - Sync 1 DAGs
[2024-03-04 11:22:34,900] {logging_mixin.py:115} INFO - [2024-03-04 11:22:34,900] {dag.py:2927} INFO - Setting next_dagrun for example_skip_dag to 2024-03-03T14:22:34.900067+00:00, run_after=2024-03-04T14:22:34.900067+00:00
[2024-03-04 11:22:34,915] {processor.py:161} INFO - Processing /home/luan/Documents/curso-extracao-de-dados/venv/lib/python3.9/site-packages/airflow/example_dags/example_skip_dag.py took 0.050 seconds
[2024-03-04 12:05:53,452] {processor.py:153} INFO - Started process (PID=28759) to work on /home/luan/Documents/curso-extracao-de-dados/venv/lib/python3.9/site-packages/airflow/example_dags/example_skip_dag.py
[2024-03-04 12:05:53,455] {processor.py:641} INFO - Processing file /home/luan/Documents/curso-extracao-de-dados/venv/lib/python3.9/site-packages/airflow/example_dags/example_skip_dag.py for tasks to queue
[2024-03-04 12:05:53,456] {logging_mixin.py:115} INFO - [2024-03-04 12:05:53,456] {dagbag.py:507} INFO - Filling up the DagBag from /home/luan/Documents/curso-extracao-de-dados/venv/lib/python3.9/site-packages/airflow/example_dags/example_skip_dag.py
[2024-03-04 12:05:53,459] {processor.py:651} INFO - DAG(s) dict_keys(['example_skip_dag']) retrieved from /home/luan/Documents/curso-extracao-de-dados/venv/lib/python3.9/site-packages/airflow/example_dags/example_skip_dag.py
[2024-03-04 12:05:53,469] {logging_mixin.py:115} INFO - [2024-03-04 12:05:53,469] {dag.py:2379} INFO - Sync 1 DAGs
[2024-03-04 12:05:53,483] {logging_mixin.py:115} INFO - [2024-03-04 12:05:53,483] {dag.py:2927} INFO - Setting next_dagrun for example_skip_dag to 2024-03-03T15:05:53.482894+00:00, run_after=2024-03-04T15:05:53.482894+00:00
[2024-03-04 12:05:53,496] {processor.py:161} INFO - Processing /home/luan/Documents/curso-extracao-de-dados/venv/lib/python3.9/site-packages/airflow/example_dags/example_skip_dag.py took 0.046 seconds
[2024-03-04 12:06:26,107] {processor.py:153} INFO - Started process (PID=29059) to work on /home/luan/Documents/curso-extracao-de-dados/venv/lib/python3.9/site-packages/airflow/example_dags/example_skip_dag.py
[2024-03-04 12:06:26,111] {processor.py:641} INFO - Processing file /home/luan/Documents/curso-extracao-de-dados/venv/lib/python3.9/site-packages/airflow/example_dags/example_skip_dag.py for tasks to queue
[2024-03-04 12:06:26,112] {logging_mixin.py:115} INFO - [2024-03-04 12:06:26,112] {dagbag.py:507} INFO - Filling up the DagBag from /home/luan/Documents/curso-extracao-de-dados/venv/lib/python3.9/site-packages/airflow/example_dags/example_skip_dag.py
[2024-03-04 12:06:26,115] {processor.py:651} INFO - DAG(s) dict_keys(['example_skip_dag']) retrieved from /home/luan/Documents/curso-extracao-de-dados/venv/lib/python3.9/site-packages/airflow/example_dags/example_skip_dag.py
[2024-03-04 12:06:26,126] {logging_mixin.py:115} INFO - [2024-03-04 12:06:26,126] {dag.py:2379} INFO - Sync 1 DAGs
[2024-03-04 12:06:26,139] {logging_mixin.py:115} INFO - [2024-03-04 12:06:26,139] {dag.py:2927} INFO - Setting next_dagrun for example_skip_dag to 2024-03-03T15:06:26.139429+00:00, run_after=2024-03-04T15:06:26.139429+00:00
[2024-03-04 12:06:26,153] {processor.py:161} INFO - Processing /home/luan/Documents/curso-extracao-de-dados/venv/lib/python3.9/site-packages/airflow/example_dags/example_skip_dag.py took 0.047 seconds
[2024-03-04 12:07:21,295] {processor.py:153} INFO - Started process (PID=29380) to work on /home/luan/Documents/curso-extracao-de-dados/venv/lib/python3.9/site-packages/airflow/example_dags/example_skip_dag.py
[2024-03-04 12:07:21,296] {processor.py:641} INFO - Processing file /home/luan/Documents/curso-extracao-de-dados/venv/lib/python3.9/site-packages/airflow/example_dags/example_skip_dag.py for tasks to queue
[2024-03-04 12:07:21,296] {logging_mixin.py:115} INFO - [2024-03-04 12:07:21,296] {dagbag.py:507} INFO - Filling up the DagBag from /home/luan/Documents/curso-extracao-de-dados/venv/lib/python3.9/site-packages/airflow/example_dags/example_skip_dag.py
[2024-03-04 12:07:21,299] {processor.py:651} INFO - DAG(s) dict_keys(['example_skip_dag']) retrieved from /home/luan/Documents/curso-extracao-de-dados/venv/lib/python3.9/site-packages/airflow/example_dags/example_skip_dag.py
[2024-03-04 12:07:21,310] {logging_mixin.py:115} INFO - [2024-03-04 12:07:21,310] {dag.py:2379} INFO - Sync 1 DAGs
[2024-03-04 12:07:21,324] {logging_mixin.py:115} INFO - [2024-03-04 12:07:21,324] {dag.py:2927} INFO - Setting next_dagrun for example_skip_dag to 2024-03-03T15:07:21.324545+00:00, run_after=2024-03-04T15:07:21.324545+00:00
[2024-03-04 12:07:21,339] {processor.py:161} INFO - Processing /home/luan/Documents/curso-extracao-de-dados/venv/lib/python3.9/site-packages/airflow/example_dags/example_skip_dag.py took 0.046 seconds
[2024-03-04 12:07:52,760] {processor.py:153} INFO - Started process (PID=29487) to work on /home/luan/Documents/curso-extracao-de-dados/venv/lib/python3.9/site-packages/airflow/example_dags/example_skip_dag.py
[2024-03-04 12:07:52,764] {processor.py:641} INFO - Processing file /home/luan/Documents/curso-extracao-de-dados/venv/lib/python3.9/site-packages/airflow/example_dags/example_skip_dag.py for tasks to queue
[2024-03-04 12:07:52,765] {logging_mixin.py:115} INFO - [2024-03-04 12:07:52,765] {dagbag.py:507} INFO - Filling up the DagBag from /home/luan/Documents/curso-extracao-de-dados/venv/lib/python3.9/site-packages/airflow/example_dags/example_skip_dag.py
[2024-03-04 12:07:52,769] {processor.py:651} INFO - DAG(s) dict_keys(['example_skip_dag']) retrieved from /home/luan/Documents/curso-extracao-de-dados/venv/lib/python3.9/site-packages/airflow/example_dags/example_skip_dag.py
[2024-03-04 12:07:52,779] {logging_mixin.py:115} INFO - [2024-03-04 12:07:52,779] {dag.py:2379} INFO - Sync 1 DAGs
[2024-03-04 12:07:52,792] {logging_mixin.py:115} INFO - [2024-03-04 12:07:52,792] {dag.py:2927} INFO - Setting next_dagrun for example_skip_dag to 2024-03-03T15:07:52.792477+00:00, run_after=2024-03-04T15:07:52.792477+00:00
[2024-03-04 12:07:52,807] {processor.py:161} INFO - Processing /home/luan/Documents/curso-extracao-de-dados/venv/lib/python3.9/site-packages/airflow/example_dags/example_skip_dag.py took 0.049 seconds
[2024-03-04 12:08:25,981] {processor.py:153} INFO - Started process (PID=29617) to work on /home/luan/Documents/curso-extracao-de-dados/venv/lib/python3.9/site-packages/airflow/example_dags/example_skip_dag.py
[2024-03-04 12:08:25,986] {processor.py:641} INFO - Processing file /home/luan/Documents/curso-extracao-de-dados/venv/lib/python3.9/site-packages/airflow/example_dags/example_skip_dag.py for tasks to queue
[2024-03-04 12:08:25,987] {logging_mixin.py:115} INFO - [2024-03-04 12:08:25,987] {dagbag.py:507} INFO - Filling up the DagBag from /home/luan/Documents/curso-extracao-de-dados/venv/lib/python3.9/site-packages/airflow/example_dags/example_skip_dag.py
[2024-03-04 12:08:25,990] {processor.py:651} INFO - DAG(s) dict_keys(['example_skip_dag']) retrieved from /home/luan/Documents/curso-extracao-de-dados/venv/lib/python3.9/site-packages/airflow/example_dags/example_skip_dag.py
[2024-03-04 12:08:26,000] {logging_mixin.py:115} INFO - [2024-03-04 12:08:26,000] {dag.py:2379} INFO - Sync 1 DAGs
[2024-03-04 12:08:26,014] {logging_mixin.py:115} INFO - [2024-03-04 12:08:26,014] {dag.py:2927} INFO - Setting next_dagrun for example_skip_dag to 2024-03-03T15:08:26.013930+00:00, run_after=2024-03-04T15:08:26.013930+00:00
[2024-03-04 12:08:26,029] {processor.py:161} INFO - Processing /home/luan/Documents/curso-extracao-de-dados/venv/lib/python3.9/site-packages/airflow/example_dags/example_skip_dag.py took 0.049 seconds
[2024-03-04 12:08:57,938] {processor.py:153} INFO - Started process (PID=29759) to work on /home/luan/Documents/curso-extracao-de-dados/venv/lib/python3.9/site-packages/airflow/example_dags/example_skip_dag.py
[2024-03-04 12:08:57,939] {processor.py:641} INFO - Processing file /home/luan/Documents/curso-extracao-de-dados/venv/lib/python3.9/site-packages/airflow/example_dags/example_skip_dag.py for tasks to queue
[2024-03-04 12:08:57,940] {logging_mixin.py:115} INFO - [2024-03-04 12:08:57,940] {dagbag.py:507} INFO - Filling up the DagBag from /home/luan/Documents/curso-extracao-de-dados/venv/lib/python3.9/site-packages/airflow/example_dags/example_skip_dag.py
[2024-03-04 12:08:57,944] {processor.py:651} INFO - DAG(s) dict_keys(['example_skip_dag']) retrieved from /home/luan/Documents/curso-extracao-de-dados/venv/lib/python3.9/site-packages/airflow/example_dags/example_skip_dag.py
[2024-03-04 12:08:57,959] {logging_mixin.py:115} INFO - [2024-03-04 12:08:57,959] {dag.py:2379} INFO - Sync 1 DAGs
[2024-03-04 12:08:57,972] {logging_mixin.py:115} INFO - [2024-03-04 12:08:57,972] {dag.py:2927} INFO - Setting next_dagrun for example_skip_dag to 2024-03-03T15:08:57.972481+00:00, run_after=2024-03-04T15:08:57.972481+00:00
[2024-03-04 12:08:57,988] {processor.py:161} INFO - Processing /home/luan/Documents/curso-extracao-de-dados/venv/lib/python3.9/site-packages/airflow/example_dags/example_skip_dag.py took 0.051 seconds
[2024-03-04 12:09:58,973] {processor.py:153} INFO - Started process (PID=30070) to work on /home/luan/Documents/curso-extracao-de-dados/venv/lib/python3.9/site-packages/airflow/example_dags/example_skip_dag.py
[2024-03-04 12:09:58,977] {processor.py:641} INFO - Processing file /home/luan/Documents/curso-extracao-de-dados/venv/lib/python3.9/site-packages/airflow/example_dags/example_skip_dag.py for tasks to queue
[2024-03-04 12:09:58,978] {logging_mixin.py:115} INFO - [2024-03-04 12:09:58,978] {dagbag.py:507} INFO - Filling up the DagBag from /home/luan/Documents/curso-extracao-de-dados/venv/lib/python3.9/site-packages/airflow/example_dags/example_skip_dag.py
[2024-03-04 12:09:58,981] {processor.py:651} INFO - DAG(s) dict_keys(['example_skip_dag']) retrieved from /home/luan/Documents/curso-extracao-de-dados/venv/lib/python3.9/site-packages/airflow/example_dags/example_skip_dag.py
[2024-03-04 12:09:58,991] {logging_mixin.py:115} INFO - [2024-03-04 12:09:58,991] {dag.py:2379} INFO - Sync 1 DAGs
[2024-03-04 12:09:59,005] {logging_mixin.py:115} INFO - [2024-03-04 12:09:59,004] {dag.py:2927} INFO - Setting next_dagrun for example_skip_dag to 2024-03-03T15:09:59.004759+00:00, run_after=2024-03-04T15:09:59.004759+00:00
[2024-03-04 12:09:59,018] {processor.py:161} INFO - Processing /home/luan/Documents/curso-extracao-de-dados/venv/lib/python3.9/site-packages/airflow/example_dags/example_skip_dag.py took 0.046 seconds
[2024-03-04 12:10:30,442] {processor.py:153} INFO - Started process (PID=30194) to work on /home/luan/Documents/curso-extracao-de-dados/venv/lib/python3.9/site-packages/airflow/example_dags/example_skip_dag.py
[2024-03-04 12:10:30,443] {processor.py:641} INFO - Processing file /home/luan/Documents/curso-extracao-de-dados/venv/lib/python3.9/site-packages/airflow/example_dags/example_skip_dag.py for tasks to queue
[2024-03-04 12:10:30,443] {logging_mixin.py:115} INFO - [2024-03-04 12:10:30,443] {dagbag.py:507} INFO - Filling up the DagBag from /home/luan/Documents/curso-extracao-de-dados/venv/lib/python3.9/site-packages/airflow/example_dags/example_skip_dag.py
[2024-03-04 12:10:30,446] {processor.py:651} INFO - DAG(s) dict_keys(['example_skip_dag']) retrieved from /home/luan/Documents/curso-extracao-de-dados/venv/lib/python3.9/site-packages/airflow/example_dags/example_skip_dag.py
[2024-03-04 12:10:30,457] {logging_mixin.py:115} INFO - [2024-03-04 12:10:30,457] {dag.py:2379} INFO - Sync 1 DAGs
[2024-03-04 12:10:30,470] {logging_mixin.py:115} INFO - [2024-03-04 12:10:30,470] {dag.py:2927} INFO - Setting next_dagrun for example_skip_dag to 2024-03-03T15:10:30.470176+00:00, run_after=2024-03-04T15:10:30.470176+00:00
[2024-03-04 12:10:30,484] {processor.py:161} INFO - Processing /home/luan/Documents/curso-extracao-de-dados/venv/lib/python3.9/site-packages/airflow/example_dags/example_skip_dag.py took 0.045 seconds
[2024-03-04 12:11:03,627] {processor.py:153} INFO - Started process (PID=30332) to work on /home/luan/Documents/curso-extracao-de-dados/venv/lib/python3.9/site-packages/airflow/example_dags/example_skip_dag.py
[2024-03-04 12:11:03,629] {processor.py:641} INFO - Processing file /home/luan/Documents/curso-extracao-de-dados/venv/lib/python3.9/site-packages/airflow/example_dags/example_skip_dag.py for tasks to queue
[2024-03-04 12:11:03,629] {logging_mixin.py:115} INFO - [2024-03-04 12:11:03,629] {dagbag.py:507} INFO - Filling up the DagBag from /home/luan/Documents/curso-extracao-de-dados/venv/lib/python3.9/site-packages/airflow/example_dags/example_skip_dag.py
[2024-03-04 12:11:03,632] {processor.py:651} INFO - DAG(s) dict_keys(['example_skip_dag']) retrieved from /home/luan/Documents/curso-extracao-de-dados/venv/lib/python3.9/site-packages/airflow/example_dags/example_skip_dag.py
[2024-03-04 12:11:03,644] {logging_mixin.py:115} INFO - [2024-03-04 12:11:03,644] {dag.py:2379} INFO - Sync 1 DAGs
[2024-03-04 12:11:03,659] {logging_mixin.py:115} INFO - [2024-03-04 12:11:03,659] {dag.py:2927} INFO - Setting next_dagrun for example_skip_dag to 2024-03-03T15:11:03.659131+00:00, run_after=2024-03-04T15:11:03.659131+00:00
[2024-03-04 12:11:03,673] {processor.py:161} INFO - Processing /home/luan/Documents/curso-extracao-de-dados/venv/lib/python3.9/site-packages/airflow/example_dags/example_skip_dag.py took 0.048 seconds
[2024-03-04 12:14:17,247] {processor.py:153} INFO - Started process (PID=31237) to work on /home/luan/Documents/curso-extracao-de-dados/venv/lib/python3.9/site-packages/airflow/example_dags/example_skip_dag.py
[2024-03-04 12:14:17,251] {processor.py:641} INFO - Processing file /home/luan/Documents/curso-extracao-de-dados/venv/lib/python3.9/site-packages/airflow/example_dags/example_skip_dag.py for tasks to queue
[2024-03-04 12:14:17,251] {logging_mixin.py:115} INFO - [2024-03-04 12:14:17,251] {dagbag.py:507} INFO - Filling up the DagBag from /home/luan/Documents/curso-extracao-de-dados/venv/lib/python3.9/site-packages/airflow/example_dags/example_skip_dag.py
[2024-03-04 12:14:17,254] {processor.py:651} INFO - DAG(s) dict_keys(['example_skip_dag']) retrieved from /home/luan/Documents/curso-extracao-de-dados/venv/lib/python3.9/site-packages/airflow/example_dags/example_skip_dag.py
[2024-03-04 12:14:17,265] {logging_mixin.py:115} INFO - [2024-03-04 12:14:17,265] {dag.py:2379} INFO - Sync 1 DAGs
[2024-03-04 12:14:17,279] {logging_mixin.py:115} INFO - [2024-03-04 12:14:17,279] {dag.py:2927} INFO - Setting next_dagrun for example_skip_dag to 2024-03-03T15:14:17.279512+00:00, run_after=2024-03-04T15:14:17.279512+00:00
[2024-03-04 12:14:17,298] {processor.py:161} INFO - Processing /home/luan/Documents/curso-extracao-de-dados/venv/lib/python3.9/site-packages/airflow/example_dags/example_skip_dag.py took 0.053 seconds
[2024-03-04 12:14:48,704] {processor.py:153} INFO - Started process (PID=31361) to work on /home/luan/Documents/curso-extracao-de-dados/venv/lib/python3.9/site-packages/airflow/example_dags/example_skip_dag.py
[2024-03-04 12:14:48,705] {processor.py:641} INFO - Processing file /home/luan/Documents/curso-extracao-de-dados/venv/lib/python3.9/site-packages/airflow/example_dags/example_skip_dag.py for tasks to queue
[2024-03-04 12:14:48,705] {logging_mixin.py:115} INFO - [2024-03-04 12:14:48,705] {dagbag.py:507} INFO - Filling up the DagBag from /home/luan/Documents/curso-extracao-de-dados/venv/lib/python3.9/site-packages/airflow/example_dags/example_skip_dag.py
[2024-03-04 12:14:48,708] {processor.py:651} INFO - DAG(s) dict_keys(['example_skip_dag']) retrieved from /home/luan/Documents/curso-extracao-de-dados/venv/lib/python3.9/site-packages/airflow/example_dags/example_skip_dag.py
[2024-03-04 12:14:48,719] {logging_mixin.py:115} INFO - [2024-03-04 12:14:48,719] {dag.py:2379} INFO - Sync 1 DAGs
[2024-03-04 12:14:48,732] {logging_mixin.py:115} INFO - [2024-03-04 12:14:48,731] {dag.py:2927} INFO - Setting next_dagrun for example_skip_dag to 2024-03-03T15:14:48.731720+00:00, run_after=2024-03-04T15:14:48.731720+00:00
[2024-03-04 12:14:48,745] {processor.py:161} INFO - Processing /home/luan/Documents/curso-extracao-de-dados/venv/lib/python3.9/site-packages/airflow/example_dags/example_skip_dag.py took 0.042 seconds
[2024-03-04 12:15:21,853] {processor.py:153} INFO - Started process (PID=31493) to work on /home/luan/Documents/curso-extracao-de-dados/venv/lib/python3.9/site-packages/airflow/example_dags/example_skip_dag.py
[2024-03-04 12:15:21,854] {processor.py:641} INFO - Processing file /home/luan/Documents/curso-extracao-de-dados/venv/lib/python3.9/site-packages/airflow/example_dags/example_skip_dag.py for tasks to queue
[2024-03-04 12:15:21,855] {logging_mixin.py:115} INFO - [2024-03-04 12:15:21,855] {dagbag.py:507} INFO - Filling up the DagBag from /home/luan/Documents/curso-extracao-de-dados/venv/lib/python3.9/site-packages/airflow/example_dags/example_skip_dag.py
[2024-03-04 12:15:21,858] {processor.py:651} INFO - DAG(s) dict_keys(['example_skip_dag']) retrieved from /home/luan/Documents/curso-extracao-de-dados/venv/lib/python3.9/site-packages/airflow/example_dags/example_skip_dag.py
[2024-03-04 12:15:21,872] {logging_mixin.py:115} INFO - [2024-03-04 12:15:21,871] {dag.py:2379} INFO - Sync 1 DAGs
[2024-03-04 12:15:21,890] {logging_mixin.py:115} INFO - [2024-03-04 12:15:21,890] {dag.py:2927} INFO - Setting next_dagrun for example_skip_dag to 2024-03-03T15:15:21.889941+00:00, run_after=2024-03-04T15:15:21.889941+00:00
[2024-03-04 12:15:21,908] {processor.py:161} INFO - Processing /home/luan/Documents/curso-extracao-de-dados/venv/lib/python3.9/site-packages/airflow/example_dags/example_skip_dag.py took 0.057 seconds
[2024-03-04 12:15:53,855] {processor.py:153} INFO - Started process (PID=31627) to work on /home/luan/Documents/curso-extracao-de-dados/venv/lib/python3.9/site-packages/airflow/example_dags/example_skip_dag.py
[2024-03-04 12:15:53,856] {processor.py:641} INFO - Processing file /home/luan/Documents/curso-extracao-de-dados/venv/lib/python3.9/site-packages/airflow/example_dags/example_skip_dag.py for tasks to queue
[2024-03-04 12:15:53,857] {logging_mixin.py:115} INFO - [2024-03-04 12:15:53,857] {dagbag.py:507} INFO - Filling up the DagBag from /home/luan/Documents/curso-extracao-de-dados/venv/lib/python3.9/site-packages/airflow/example_dags/example_skip_dag.py
[2024-03-04 12:15:53,860] {processor.py:651} INFO - DAG(s) dict_keys(['example_skip_dag']) retrieved from /home/luan/Documents/curso-extracao-de-dados/venv/lib/python3.9/site-packages/airflow/example_dags/example_skip_dag.py
[2024-03-04 12:15:53,871] {logging_mixin.py:115} INFO - [2024-03-04 12:15:53,871] {dag.py:2379} INFO - Sync 1 DAGs
[2024-03-04 12:15:53,884] {logging_mixin.py:115} INFO - [2024-03-04 12:15:53,884] {dag.py:2927} INFO - Setting next_dagrun for example_skip_dag to 2024-03-03T15:15:53.884670+00:00, run_after=2024-03-04T15:15:53.884670+00:00
[2024-03-04 12:15:53,899] {processor.py:161} INFO - Processing /home/luan/Documents/curso-extracao-de-dados/venv/lib/python3.9/site-packages/airflow/example_dags/example_skip_dag.py took 0.046 seconds
[2024-03-04 12:16:16,058] {processor.py:153} INFO - Started process (PID=31808) to work on /home/luan/Documents/curso-extracao-de-dados/venv/lib/python3.9/site-packages/airflow/example_dags/example_skip_dag.py
[2024-03-04 12:16:16,060] {processor.py:641} INFO - Processing file /home/luan/Documents/curso-extracao-de-dados/venv/lib/python3.9/site-packages/airflow/example_dags/example_skip_dag.py for tasks to queue
[2024-03-04 12:16:16,060] {logging_mixin.py:115} INFO - [2024-03-04 12:16:16,060] {dagbag.py:507} INFO - Filling up the DagBag from /home/luan/Documents/curso-extracao-de-dados/venv/lib/python3.9/site-packages/airflow/example_dags/example_skip_dag.py
[2024-03-04 12:16:16,064] {processor.py:651} INFO - DAG(s) dict_keys(['example_skip_dag']) retrieved from /home/luan/Documents/curso-extracao-de-dados/venv/lib/python3.9/site-packages/airflow/example_dags/example_skip_dag.py
[2024-03-04 12:16:16,075] {logging_mixin.py:115} INFO - [2024-03-04 12:16:16,075] {dag.py:2379} INFO - Sync 1 DAGs
[2024-03-04 12:16:16,089] {logging_mixin.py:115} INFO - [2024-03-04 12:16:16,089] {dag.py:2927} INFO - Setting next_dagrun for example_skip_dag to 2024-03-03T15:16:16.089403+00:00, run_after=2024-03-04T15:16:16.089403+00:00
[2024-03-04 12:16:16,104] {processor.py:161} INFO - Processing /home/luan/Documents/curso-extracao-de-dados/venv/lib/python3.9/site-packages/airflow/example_dags/example_skip_dag.py took 0.048 seconds
[2024-03-04 12:16:47,616] {processor.py:153} INFO - Started process (PID=31932) to work on /home/luan/Documents/curso-extracao-de-dados/venv/lib/python3.9/site-packages/airflow/example_dags/example_skip_dag.py
[2024-03-04 12:16:47,620] {processor.py:641} INFO - Processing file /home/luan/Documents/curso-extracao-de-dados/venv/lib/python3.9/site-packages/airflow/example_dags/example_skip_dag.py for tasks to queue
[2024-03-04 12:16:47,621] {logging_mixin.py:115} INFO - [2024-03-04 12:16:47,621] {dagbag.py:507} INFO - Filling up the DagBag from /home/luan/Documents/curso-extracao-de-dados/venv/lib/python3.9/site-packages/airflow/example_dags/example_skip_dag.py
[2024-03-04 12:16:47,624] {processor.py:651} INFO - DAG(s) dict_keys(['example_skip_dag']) retrieved from /home/luan/Documents/curso-extracao-de-dados/venv/lib/python3.9/site-packages/airflow/example_dags/example_skip_dag.py
[2024-03-04 12:16:47,636] {logging_mixin.py:115} INFO - [2024-03-04 12:16:47,636] {dag.py:2379} INFO - Sync 1 DAGs
[2024-03-04 12:16:47,650] {logging_mixin.py:115} INFO - [2024-03-04 12:16:47,650] {dag.py:2927} INFO - Setting next_dagrun for example_skip_dag to 2024-03-03T15:16:47.650211+00:00, run_after=2024-03-04T15:16:47.650211+00:00
[2024-03-04 12:16:47,665] {processor.py:161} INFO - Processing /home/luan/Documents/curso-extracao-de-dados/venv/lib/python3.9/site-packages/airflow/example_dags/example_skip_dag.py took 0.050 seconds
[2024-03-04 12:17:21,184] {processor.py:153} INFO - Started process (PID=32078) to work on /home/luan/Documents/curso-extracao-de-dados/venv/lib/python3.9/site-packages/airflow/example_dags/example_skip_dag.py
[2024-03-04 12:17:21,188] {processor.py:641} INFO - Processing file /home/luan/Documents/curso-extracao-de-dados/venv/lib/python3.9/site-packages/airflow/example_dags/example_skip_dag.py for tasks to queue
[2024-03-04 12:17:21,188] {logging_mixin.py:115} INFO - [2024-03-04 12:17:21,188] {dagbag.py:507} INFO - Filling up the DagBag from /home/luan/Documents/curso-extracao-de-dados/venv/lib/python3.9/site-packages/airflow/example_dags/example_skip_dag.py
[2024-03-04 12:17:21,192] {processor.py:651} INFO - DAG(s) dict_keys(['example_skip_dag']) retrieved from /home/luan/Documents/curso-extracao-de-dados/venv/lib/python3.9/site-packages/airflow/example_dags/example_skip_dag.py
[2024-03-04 12:17:21,206] {logging_mixin.py:115} INFO - [2024-03-04 12:17:21,206] {dag.py:2379} INFO - Sync 1 DAGs
[2024-03-04 12:17:21,222] {logging_mixin.py:115} INFO - [2024-03-04 12:17:21,221] {dag.py:2927} INFO - Setting next_dagrun for example_skip_dag to 2024-03-03T15:17:21.221691+00:00, run_after=2024-03-04T15:17:21.221691+00:00
[2024-03-04 12:17:21,237] {processor.py:161} INFO - Processing /home/luan/Documents/curso-extracao-de-dados/venv/lib/python3.9/site-packages/airflow/example_dags/example_skip_dag.py took 0.055 seconds
[2024-03-04 12:17:53,828] {processor.py:153} INFO - Started process (PID=32202) to work on /home/luan/Documents/curso-extracao-de-dados/venv/lib/python3.9/site-packages/airflow/example_dags/example_skip_dag.py
[2024-03-04 12:17:53,832] {processor.py:641} INFO - Processing file /home/luan/Documents/curso-extracao-de-dados/venv/lib/python3.9/site-packages/airflow/example_dags/example_skip_dag.py for tasks to queue
[2024-03-04 12:17:53,833] {logging_mixin.py:115} INFO - [2024-03-04 12:17:53,832] {dagbag.py:507} INFO - Filling up the DagBag from /home/luan/Documents/curso-extracao-de-dados/venv/lib/python3.9/site-packages/airflow/example_dags/example_skip_dag.py
[2024-03-04 12:17:53,836] {processor.py:651} INFO - DAG(s) dict_keys(['example_skip_dag']) retrieved from /home/luan/Documents/curso-extracao-de-dados/venv/lib/python3.9/site-packages/airflow/example_dags/example_skip_dag.py
[2024-03-04 12:17:53,847] {logging_mixin.py:115} INFO - [2024-03-04 12:17:53,847] {dag.py:2379} INFO - Sync 1 DAGs
[2024-03-04 12:17:53,861] {logging_mixin.py:115} INFO - [2024-03-04 12:17:53,860] {dag.py:2927} INFO - Setting next_dagrun for example_skip_dag to 2024-03-03T15:17:53.860741+00:00, run_after=2024-03-04T15:17:53.860741+00:00
[2024-03-04 12:17:53,876] {processor.py:161} INFO - Processing /home/luan/Documents/curso-extracao-de-dados/venv/lib/python3.9/site-packages/airflow/example_dags/example_skip_dag.py took 0.050 seconds
[2024-03-04 12:18:49,880] {processor.py:153} INFO - Started process (PID=32506) to work on /home/luan/Documents/curso-extracao-de-dados/venv/lib/python3.9/site-packages/airflow/example_dags/example_skip_dag.py
[2024-03-04 12:18:49,884] {processor.py:641} INFO - Processing file /home/luan/Documents/curso-extracao-de-dados/venv/lib/python3.9/site-packages/airflow/example_dags/example_skip_dag.py for tasks to queue
[2024-03-04 12:18:49,885] {logging_mixin.py:115} INFO - [2024-03-04 12:18:49,884] {dagbag.py:507} INFO - Filling up the DagBag from /home/luan/Documents/curso-extracao-de-dados/venv/lib/python3.9/site-packages/airflow/example_dags/example_skip_dag.py
[2024-03-04 12:18:49,888] {processor.py:651} INFO - DAG(s) dict_keys(['example_skip_dag']) retrieved from /home/luan/Documents/curso-extracao-de-dados/venv/lib/python3.9/site-packages/airflow/example_dags/example_skip_dag.py
[2024-03-04 12:18:49,900] {logging_mixin.py:115} INFO - [2024-03-04 12:18:49,900] {dag.py:2379} INFO - Sync 1 DAGs
[2024-03-04 12:18:49,914] {logging_mixin.py:115} INFO - [2024-03-04 12:18:49,914] {dag.py:2927} INFO - Setting next_dagrun for example_skip_dag to 2024-03-03T15:18:49.914557+00:00, run_after=2024-03-04T15:18:49.914557+00:00
[2024-03-04 12:18:49,928] {processor.py:161} INFO - Processing /home/luan/Documents/curso-extracao-de-dados/venv/lib/python3.9/site-packages/airflow/example_dags/example_skip_dag.py took 0.050 seconds
[2024-03-04 12:19:21,347] {processor.py:153} INFO - Started process (PID=32636) to work on /home/luan/Documents/curso-extracao-de-dados/venv/lib/python3.9/site-packages/airflow/example_dags/example_skip_dag.py
[2024-03-04 12:19:21,348] {processor.py:641} INFO - Processing file /home/luan/Documents/curso-extracao-de-dados/venv/lib/python3.9/site-packages/airflow/example_dags/example_skip_dag.py for tasks to queue
[2024-03-04 12:19:21,349] {logging_mixin.py:115} INFO - [2024-03-04 12:19:21,349] {dagbag.py:507} INFO - Filling up the DagBag from /home/luan/Documents/curso-extracao-de-dados/venv/lib/python3.9/site-packages/airflow/example_dags/example_skip_dag.py
[2024-03-04 12:19:21,352] {processor.py:651} INFO - DAG(s) dict_keys(['example_skip_dag']) retrieved from /home/luan/Documents/curso-extracao-de-dados/venv/lib/python3.9/site-packages/airflow/example_dags/example_skip_dag.py
[2024-03-04 12:19:21,363] {logging_mixin.py:115} INFO - [2024-03-04 12:19:21,363] {dag.py:2379} INFO - Sync 1 DAGs
[2024-03-04 12:19:21,376] {logging_mixin.py:115} INFO - [2024-03-04 12:19:21,376] {dag.py:2927} INFO - Setting next_dagrun for example_skip_dag to 2024-03-03T15:19:21.376252+00:00, run_after=2024-03-04T15:19:21.376252+00:00
[2024-03-04 12:19:21,391] {processor.py:161} INFO - Processing /home/luan/Documents/curso-extracao-de-dados/venv/lib/python3.9/site-packages/airflow/example_dags/example_skip_dag.py took 0.045 seconds
