[2024-03-04 11:21:32,934] {processor.py:153} INFO - Started process (PID=17532) to work on /home/luan/Documents/curso-extracao-de-dados/venv/lib/python3.9/site-packages/airflow/example_dags/example_nested_branch_dag.py
[2024-03-04 11:21:32,934] {processor.py:641} INFO - Processing file /home/luan/Documents/curso-extracao-de-dados/venv/lib/python3.9/site-packages/airflow/example_dags/example_nested_branch_dag.py for tasks to queue
[2024-03-04 11:21:32,935] {logging_mixin.py:115} INFO - [2024-03-04 11:21:32,935] {dagbag.py:507} INFO - Filling up the DagBag from /home/luan/Documents/curso-extracao-de-dados/venv/lib/python3.9/site-packages/airflow/example_dags/example_nested_branch_dag.py
[2024-03-04 11:21:32,941] {processor.py:651} INFO - DAG(s) dict_keys(['example_nested_branch_dag']) retrieved from /home/luan/Documents/curso-extracao-de-dados/venv/lib/python3.9/site-packages/airflow/example_dags/example_nested_branch_dag.py
[2024-03-04 11:21:32,999] {logging_mixin.py:115} INFO - [2024-03-04 11:21:32,999] {manager.py:508} INFO - Created Permission View: can edit on DAG:example_nested_branch_dag
[2024-03-04 11:21:33,010] {logging_mixin.py:115} INFO - [2024-03-04 11:21:33,010] {manager.py:508} INFO - Created Permission View: can delete on DAG:example_nested_branch_dag
[2024-03-04 11:21:33,020] {logging_mixin.py:115} INFO - [2024-03-04 11:21:33,019] {manager.py:508} INFO - Created Permission View: can read on DAG:example_nested_branch_dag
[2024-03-04 11:21:33,020] {logging_mixin.py:115} INFO - [2024-03-04 11:21:33,020] {dag.py:2379} INFO - Sync 1 DAGs
[2024-03-04 11:21:33,025] {logging_mixin.py:115} INFO - [2024-03-04 11:21:33,024] {dag.py:2398} INFO - Creating ORM DAG for example_nested_branch_dag
[2024-03-04 11:21:33,031] {logging_mixin.py:115} INFO - [2024-03-04 11:21:33,031] {dag.py:2927} INFO - Setting next_dagrun for example_nested_branch_dag to 2024-03-03T00:00:00+00:00, run_after=2024-03-04T00:00:00+00:00
[2024-03-04 11:21:33,047] {processor.py:161} INFO - Processing /home/luan/Documents/curso-extracao-de-dados/venv/lib/python3.9/site-packages/airflow/example_dags/example_nested_branch_dag.py took 0.115 seconds
[2024-03-04 11:22:06,285] {processor.py:153} INFO - Started process (PID=17663) to work on /home/luan/Documents/curso-extracao-de-dados/venv/lib/python3.9/site-packages/airflow/example_dags/example_nested_branch_dag.py
[2024-03-04 11:22:06,286] {processor.py:641} INFO - Processing file /home/luan/Documents/curso-extracao-de-dados/venv/lib/python3.9/site-packages/airflow/example_dags/example_nested_branch_dag.py for tasks to queue
[2024-03-04 11:22:06,287] {logging_mixin.py:115} INFO - [2024-03-04 11:22:06,287] {dagbag.py:507} INFO - Filling up the DagBag from /home/luan/Documents/curso-extracao-de-dados/venv/lib/python3.9/site-packages/airflow/example_dags/example_nested_branch_dag.py
[2024-03-04 11:22:06,294] {processor.py:651} INFO - DAG(s) dict_keys(['example_nested_branch_dag']) retrieved from /home/luan/Documents/curso-extracao-de-dados/venv/lib/python3.9/site-packages/airflow/example_dags/example_nested_branch_dag.py
[2024-03-04 11:22:06,304] {logging_mixin.py:115} INFO - [2024-03-04 11:22:06,304] {dag.py:2379} INFO - Sync 1 DAGs
[2024-03-04 11:22:06,319] {logging_mixin.py:115} INFO - [2024-03-04 11:22:06,319] {dag.py:2927} INFO - Setting next_dagrun for example_nested_branch_dag to 2024-03-03T00:00:00+00:00, run_after=2024-03-04T00:00:00+00:00
[2024-03-04 11:22:06,333] {processor.py:161} INFO - Processing /home/luan/Documents/curso-extracao-de-dados/venv/lib/python3.9/site-packages/airflow/example_dags/example_nested_branch_dag.py took 0.050 seconds
[2024-03-04 11:22:40,008] {processor.py:153} INFO - Started process (PID=17799) to work on /home/luan/Documents/curso-extracao-de-dados/venv/lib/python3.9/site-packages/airflow/example_dags/example_nested_branch_dag.py
[2024-03-04 11:22:40,012] {processor.py:641} INFO - Processing file /home/luan/Documents/curso-extracao-de-dados/venv/lib/python3.9/site-packages/airflow/example_dags/example_nested_branch_dag.py for tasks to queue
[2024-03-04 11:22:40,013] {logging_mixin.py:115} INFO - [2024-03-04 11:22:40,013] {dagbag.py:507} INFO - Filling up the DagBag from /home/luan/Documents/curso-extracao-de-dados/venv/lib/python3.9/site-packages/airflow/example_dags/example_nested_branch_dag.py
[2024-03-04 11:22:40,018] {processor.py:651} INFO - DAG(s) dict_keys(['example_nested_branch_dag']) retrieved from /home/luan/Documents/curso-extracao-de-dados/venv/lib/python3.9/site-packages/airflow/example_dags/example_nested_branch_dag.py
[2024-03-04 11:22:40,029] {logging_mixin.py:115} INFO - [2024-03-04 11:22:40,029] {dag.py:2379} INFO - Sync 1 DAGs
[2024-03-04 11:22:40,044] {logging_mixin.py:115} INFO - [2024-03-04 11:22:40,044] {dag.py:2927} INFO - Setting next_dagrun for example_nested_branch_dag to 2024-03-03T00:00:00+00:00, run_after=2024-03-04T00:00:00+00:00
[2024-03-04 11:22:40,060] {processor.py:161} INFO - Processing /home/luan/Documents/curso-extracao-de-dados/venv/lib/python3.9/site-packages/airflow/example_dags/example_nested_branch_dag.py took 0.054 seconds
[2024-03-04 12:05:57,463] {processor.py:153} INFO - Started process (PID=28776) to work on /home/luan/Documents/curso-extracao-de-dados/venv/lib/python3.9/site-packages/airflow/example_dags/example_nested_branch_dag.py
[2024-03-04 12:05:57,465] {processor.py:641} INFO - Processing file /home/luan/Documents/curso-extracao-de-dados/venv/lib/python3.9/site-packages/airflow/example_dags/example_nested_branch_dag.py for tasks to queue
[2024-03-04 12:05:57,465] {logging_mixin.py:115} INFO - [2024-03-04 12:05:57,465] {dagbag.py:507} INFO - Filling up the DagBag from /home/luan/Documents/curso-extracao-de-dados/venv/lib/python3.9/site-packages/airflow/example_dags/example_nested_branch_dag.py
[2024-03-04 12:05:57,471] {processor.py:651} INFO - DAG(s) dict_keys(['example_nested_branch_dag']) retrieved from /home/luan/Documents/curso-extracao-de-dados/venv/lib/python3.9/site-packages/airflow/example_dags/example_nested_branch_dag.py
[2024-03-04 12:05:57,483] {logging_mixin.py:115} INFO - [2024-03-04 12:05:57,483] {dag.py:2379} INFO - Sync 1 DAGs
[2024-03-04 12:05:57,497] {logging_mixin.py:115} INFO - [2024-03-04 12:05:57,497] {dag.py:2927} INFO - Setting next_dagrun for example_nested_branch_dag to 2024-03-03T00:00:00+00:00, run_after=2024-03-04T00:00:00+00:00
[2024-03-04 12:05:57,510] {processor.py:161} INFO - Processing /home/luan/Documents/curso-extracao-de-dados/venv/lib/python3.9/site-packages/airflow/example_dags/example_nested_branch_dag.py took 0.048 seconds
[2024-03-04 12:06:31,367] {processor.py:153} INFO - Started process (PID=29131) to work on /home/luan/Documents/curso-extracao-de-dados/venv/lib/python3.9/site-packages/airflow/example_dags/example_nested_branch_dag.py
[2024-03-04 12:06:31,368] {processor.py:641} INFO - Processing file /home/luan/Documents/curso-extracao-de-dados/venv/lib/python3.9/site-packages/airflow/example_dags/example_nested_branch_dag.py for tasks to queue
[2024-03-04 12:06:31,368] {logging_mixin.py:115} INFO - [2024-03-04 12:06:31,368] {dagbag.py:507} INFO - Filling up the DagBag from /home/luan/Documents/curso-extracao-de-dados/venv/lib/python3.9/site-packages/airflow/example_dags/example_nested_branch_dag.py
[2024-03-04 12:06:31,379] {processor.py:651} INFO - DAG(s) dict_keys(['example_nested_branch_dag']) retrieved from /home/luan/Documents/curso-extracao-de-dados/venv/lib/python3.9/site-packages/airflow/example_dags/example_nested_branch_dag.py
[2024-03-04 12:06:31,399] {logging_mixin.py:115} INFO - [2024-03-04 12:06:31,399] {dag.py:2379} INFO - Sync 1 DAGs
[2024-03-04 12:06:31,424] {logging_mixin.py:115} INFO - [2024-03-04 12:06:31,424] {dag.py:2927} INFO - Setting next_dagrun for example_nested_branch_dag to 2024-03-03T00:00:00+00:00, run_after=2024-03-04T00:00:00+00:00
[2024-03-04 12:06:31,444] {processor.py:161} INFO - Processing /home/luan/Documents/curso-extracao-de-dados/venv/lib/python3.9/site-packages/airflow/example_dags/example_nested_branch_dag.py took 0.079 seconds
[2024-03-04 12:07:25,312] {processor.py:153} INFO - Started process (PID=29391) to work on /home/luan/Documents/curso-extracao-de-dados/venv/lib/python3.9/site-packages/airflow/example_dags/example_nested_branch_dag.py
[2024-03-04 12:07:25,313] {processor.py:641} INFO - Processing file /home/luan/Documents/curso-extracao-de-dados/venv/lib/python3.9/site-packages/airflow/example_dags/example_nested_branch_dag.py for tasks to queue
[2024-03-04 12:07:25,314] {logging_mixin.py:115} INFO - [2024-03-04 12:07:25,314] {dagbag.py:507} INFO - Filling up the DagBag from /home/luan/Documents/curso-extracao-de-dados/venv/lib/python3.9/site-packages/airflow/example_dags/example_nested_branch_dag.py
[2024-03-04 12:07:25,319] {processor.py:651} INFO - DAG(s) dict_keys(['example_nested_branch_dag']) retrieved from /home/luan/Documents/curso-extracao-de-dados/venv/lib/python3.9/site-packages/airflow/example_dags/example_nested_branch_dag.py
[2024-03-04 12:07:25,330] {logging_mixin.py:115} INFO - [2024-03-04 12:07:25,330] {dag.py:2379} INFO - Sync 1 DAGs
[2024-03-04 12:07:25,345] {logging_mixin.py:115} INFO - [2024-03-04 12:07:25,345] {dag.py:2927} INFO - Setting next_dagrun for example_nested_branch_dag to 2024-03-03T00:00:00+00:00, run_after=2024-03-04T00:00:00+00:00
[2024-03-04 12:07:25,361] {processor.py:161} INFO - Processing /home/luan/Documents/curso-extracao-de-dados/venv/lib/python3.9/site-packages/airflow/example_dags/example_nested_branch_dag.py took 0.050 seconds
[2024-03-04 12:07:57,903] {processor.py:153} INFO - Started process (PID=29510) to work on /home/luan/Documents/curso-extracao-de-dados/venv/lib/python3.9/site-packages/airflow/example_dags/example_nested_branch_dag.py
[2024-03-04 12:07:57,907] {processor.py:641} INFO - Processing file /home/luan/Documents/curso-extracao-de-dados/venv/lib/python3.9/site-packages/airflow/example_dags/example_nested_branch_dag.py for tasks to queue
[2024-03-04 12:07:57,907] {logging_mixin.py:115} INFO - [2024-03-04 12:07:57,907] {dagbag.py:507} INFO - Filling up the DagBag from /home/luan/Documents/curso-extracao-de-dados/venv/lib/python3.9/site-packages/airflow/example_dags/example_nested_branch_dag.py
[2024-03-04 12:07:57,914] {processor.py:651} INFO - DAG(s) dict_keys(['example_nested_branch_dag']) retrieved from /home/luan/Documents/curso-extracao-de-dados/venv/lib/python3.9/site-packages/airflow/example_dags/example_nested_branch_dag.py
[2024-03-04 12:07:57,925] {logging_mixin.py:115} INFO - [2024-03-04 12:07:57,924] {dag.py:2379} INFO - Sync 1 DAGs
[2024-03-04 12:07:57,938] {logging_mixin.py:115} INFO - [2024-03-04 12:07:57,938] {dag.py:2927} INFO - Setting next_dagrun for example_nested_branch_dag to 2024-03-03T00:00:00+00:00, run_after=2024-03-04T00:00:00+00:00
[2024-03-04 12:07:57,953] {processor.py:161} INFO - Processing /home/luan/Documents/curso-extracao-de-dados/venv/lib/python3.9/site-packages/airflow/example_dags/example_nested_branch_dag.py took 0.052 seconds
[2024-03-04 12:08:29,995] {processor.py:153} INFO - Started process (PID=29634) to work on /home/luan/Documents/curso-extracao-de-dados/venv/lib/python3.9/site-packages/airflow/example_dags/example_nested_branch_dag.py
[2024-03-04 12:08:29,999] {processor.py:641} INFO - Processing file /home/luan/Documents/curso-extracao-de-dados/venv/lib/python3.9/site-packages/airflow/example_dags/example_nested_branch_dag.py for tasks to queue
[2024-03-04 12:08:29,999] {logging_mixin.py:115} INFO - [2024-03-04 12:08:29,999] {dagbag.py:507} INFO - Filling up the DagBag from /home/luan/Documents/curso-extracao-de-dados/venv/lib/python3.9/site-packages/airflow/example_dags/example_nested_branch_dag.py
[2024-03-04 12:08:30,005] {processor.py:651} INFO - DAG(s) dict_keys(['example_nested_branch_dag']) retrieved from /home/luan/Documents/curso-extracao-de-dados/venv/lib/python3.9/site-packages/airflow/example_dags/example_nested_branch_dag.py
[2024-03-04 12:08:30,018] {logging_mixin.py:115} INFO - [2024-03-04 12:08:30,018] {dag.py:2379} INFO - Sync 1 DAGs
[2024-03-04 12:08:30,037] {logging_mixin.py:115} INFO - [2024-03-04 12:08:30,037] {dag.py:2927} INFO - Setting next_dagrun for example_nested_branch_dag to 2024-03-03T00:00:00+00:00, run_after=2024-03-04T00:00:00+00:00
[2024-03-04 12:08:30,052] {processor.py:161} INFO - Processing /home/luan/Documents/curso-extracao-de-dados/venv/lib/python3.9/site-packages/airflow/example_dags/example_nested_branch_dag.py took 0.058 seconds
[2024-03-04 12:09:03,103] {processor.py:153} INFO - Started process (PID=29776) to work on /home/luan/Documents/curso-extracao-de-dados/venv/lib/python3.9/site-packages/airflow/example_dags/example_nested_branch_dag.py
[2024-03-04 12:09:03,105] {processor.py:641} INFO - Processing file /home/luan/Documents/curso-extracao-de-dados/venv/lib/python3.9/site-packages/airflow/example_dags/example_nested_branch_dag.py for tasks to queue
[2024-03-04 12:09:03,105] {logging_mixin.py:115} INFO - [2024-03-04 12:09:03,105] {dagbag.py:507} INFO - Filling up the DagBag from /home/luan/Documents/curso-extracao-de-dados/venv/lib/python3.9/site-packages/airflow/example_dags/example_nested_branch_dag.py
[2024-03-04 12:09:03,112] {processor.py:651} INFO - DAG(s) dict_keys(['example_nested_branch_dag']) retrieved from /home/luan/Documents/curso-extracao-de-dados/venv/lib/python3.9/site-packages/airflow/example_dags/example_nested_branch_dag.py
[2024-03-04 12:09:03,123] {logging_mixin.py:115} INFO - [2024-03-04 12:09:03,122] {dag.py:2379} INFO - Sync 1 DAGs
[2024-03-04 12:09:03,137] {logging_mixin.py:115} INFO - [2024-03-04 12:09:03,136] {dag.py:2927} INFO - Setting next_dagrun for example_nested_branch_dag to 2024-03-03T00:00:00+00:00, run_after=2024-03-04T00:00:00+00:00
[2024-03-04 12:09:03,150] {processor.py:161} INFO - Processing /home/luan/Documents/curso-extracao-de-dados/venv/lib/python3.9/site-packages/airflow/example_dags/example_nested_branch_dag.py took 0.048 seconds
[2024-03-04 12:10:02,988] {processor.py:153} INFO - Started process (PID=30087) to work on /home/luan/Documents/curso-extracao-de-dados/venv/lib/python3.9/site-packages/airflow/example_dags/example_nested_branch_dag.py
[2024-03-04 12:10:02,992] {processor.py:641} INFO - Processing file /home/luan/Documents/curso-extracao-de-dados/venv/lib/python3.9/site-packages/airflow/example_dags/example_nested_branch_dag.py for tasks to queue
[2024-03-04 12:10:02,992] {logging_mixin.py:115} INFO - [2024-03-04 12:10:02,992] {dagbag.py:507} INFO - Filling up the DagBag from /home/luan/Documents/curso-extracao-de-dados/venv/lib/python3.9/site-packages/airflow/example_dags/example_nested_branch_dag.py
[2024-03-04 12:10:02,998] {processor.py:651} INFO - DAG(s) dict_keys(['example_nested_branch_dag']) retrieved from /home/luan/Documents/curso-extracao-de-dados/venv/lib/python3.9/site-packages/airflow/example_dags/example_nested_branch_dag.py
[2024-03-04 12:10:03,008] {logging_mixin.py:115} INFO - [2024-03-04 12:10:03,008] {dag.py:2379} INFO - Sync 1 DAGs
[2024-03-04 12:10:03,021] {logging_mixin.py:115} INFO - [2024-03-04 12:10:03,021] {dag.py:2927} INFO - Setting next_dagrun for example_nested_branch_dag to 2024-03-03T00:00:00+00:00, run_after=2024-03-04T00:00:00+00:00
[2024-03-04 12:10:03,034] {processor.py:161} INFO - Processing /home/luan/Documents/curso-extracao-de-dados/venv/lib/python3.9/site-packages/airflow/example_dags/example_nested_branch_dag.py took 0.048 seconds
[2024-03-04 12:10:35,580] {processor.py:153} INFO - Started process (PID=30218) to work on /home/luan/Documents/curso-extracao-de-dados/venv/lib/python3.9/site-packages/airflow/example_dags/example_nested_branch_dag.py
[2024-03-04 12:10:35,581] {processor.py:641} INFO - Processing file /home/luan/Documents/curso-extracao-de-dados/venv/lib/python3.9/site-packages/airflow/example_dags/example_nested_branch_dag.py for tasks to queue
[2024-03-04 12:10:35,582] {logging_mixin.py:115} INFO - [2024-03-04 12:10:35,582] {dagbag.py:507} INFO - Filling up the DagBag from /home/luan/Documents/curso-extracao-de-dados/venv/lib/python3.9/site-packages/airflow/example_dags/example_nested_branch_dag.py
[2024-03-04 12:10:35,587] {processor.py:651} INFO - DAG(s) dict_keys(['example_nested_branch_dag']) retrieved from /home/luan/Documents/curso-extracao-de-dados/venv/lib/python3.9/site-packages/airflow/example_dags/example_nested_branch_dag.py
[2024-03-04 12:10:35,598] {logging_mixin.py:115} INFO - [2024-03-04 12:10:35,598] {dag.py:2379} INFO - Sync 1 DAGs
[2024-03-04 12:10:35,612] {logging_mixin.py:115} INFO - [2024-03-04 12:10:35,612] {dag.py:2927} INFO - Setting next_dagrun for example_nested_branch_dag to 2024-03-03T00:00:00+00:00, run_after=2024-03-04T00:00:00+00:00
[2024-03-04 12:10:35,626] {processor.py:161} INFO - Processing /home/luan/Documents/curso-extracao-de-dados/venv/lib/python3.9/site-packages/airflow/example_dags/example_nested_branch_dag.py took 0.048 seconds
[2024-03-04 12:11:07,637] {processor.py:153} INFO - Started process (PID=30349) to work on /home/luan/Documents/curso-extracao-de-dados/venv/lib/python3.9/site-packages/airflow/example_dags/example_nested_branch_dag.py
[2024-03-04 12:11:07,641] {processor.py:641} INFO - Processing file /home/luan/Documents/curso-extracao-de-dados/venv/lib/python3.9/site-packages/airflow/example_dags/example_nested_branch_dag.py for tasks to queue
[2024-03-04 12:11:07,642] {logging_mixin.py:115} INFO - [2024-03-04 12:11:07,642] {dagbag.py:507} INFO - Filling up the DagBag from /home/luan/Documents/curso-extracao-de-dados/venv/lib/python3.9/site-packages/airflow/example_dags/example_nested_branch_dag.py
[2024-03-04 12:11:07,650] {processor.py:651} INFO - DAG(s) dict_keys(['example_nested_branch_dag']) retrieved from /home/luan/Documents/curso-extracao-de-dados/venv/lib/python3.9/site-packages/airflow/example_dags/example_nested_branch_dag.py
[2024-03-04 12:11:07,664] {logging_mixin.py:115} INFO - [2024-03-04 12:11:07,664] {dag.py:2379} INFO - Sync 1 DAGs
[2024-03-04 12:11:07,680] {logging_mixin.py:115} INFO - [2024-03-04 12:11:07,680] {dag.py:2927} INFO - Setting next_dagrun for example_nested_branch_dag to 2024-03-03T00:00:00+00:00, run_after=2024-03-04T00:00:00+00:00
[2024-03-04 12:11:07,696] {processor.py:161} INFO - Processing /home/luan/Documents/curso-extracao-de-dados/venv/lib/python3.9/site-packages/airflow/example_dags/example_nested_branch_dag.py took 0.060 seconds
[2024-03-04 12:14:21,248] {processor.py:153} INFO - Started process (PID=31254) to work on /home/luan/Documents/curso-extracao-de-dados/venv/lib/python3.9/site-packages/airflow/example_dags/example_nested_branch_dag.py
[2024-03-04 12:14:21,252] {processor.py:641} INFO - Processing file /home/luan/Documents/curso-extracao-de-dados/venv/lib/python3.9/site-packages/airflow/example_dags/example_nested_branch_dag.py for tasks to queue
[2024-03-04 12:14:21,253] {logging_mixin.py:115} INFO - [2024-03-04 12:14:21,253] {dagbag.py:507} INFO - Filling up the DagBag from /home/luan/Documents/curso-extracao-de-dados/venv/lib/python3.9/site-packages/airflow/example_dags/example_nested_branch_dag.py
[2024-03-04 12:14:21,258] {processor.py:651} INFO - DAG(s) dict_keys(['example_nested_branch_dag']) retrieved from /home/luan/Documents/curso-extracao-de-dados/venv/lib/python3.9/site-packages/airflow/example_dags/example_nested_branch_dag.py
[2024-03-04 12:14:21,271] {logging_mixin.py:115} INFO - [2024-03-04 12:14:21,271] {dag.py:2379} INFO - Sync 1 DAGs
[2024-03-04 12:14:21,288] {logging_mixin.py:115} INFO - [2024-03-04 12:14:21,288] {dag.py:2927} INFO - Setting next_dagrun for example_nested_branch_dag to 2024-03-03T00:00:00+00:00, run_after=2024-03-04T00:00:00+00:00
[2024-03-04 12:14:21,302] {processor.py:161} INFO - Processing /home/luan/Documents/curso-extracao-de-dados/venv/lib/python3.9/site-packages/airflow/example_dags/example_nested_branch_dag.py took 0.056 seconds
[2024-03-04 12:14:53,849] {processor.py:153} INFO - Started process (PID=31384) to work on /home/luan/Documents/curso-extracao-de-dados/venv/lib/python3.9/site-packages/airflow/example_dags/example_nested_branch_dag.py
[2024-03-04 12:14:53,853] {processor.py:641} INFO - Processing file /home/luan/Documents/curso-extracao-de-dados/venv/lib/python3.9/site-packages/airflow/example_dags/example_nested_branch_dag.py for tasks to queue
[2024-03-04 12:14:53,854] {logging_mixin.py:115} INFO - [2024-03-04 12:14:53,854] {dagbag.py:507} INFO - Filling up the DagBag from /home/luan/Documents/curso-extracao-de-dados/venv/lib/python3.9/site-packages/airflow/example_dags/example_nested_branch_dag.py
[2024-03-04 12:14:53,859] {processor.py:651} INFO - DAG(s) dict_keys(['example_nested_branch_dag']) retrieved from /home/luan/Documents/curso-extracao-de-dados/venv/lib/python3.9/site-packages/airflow/example_dags/example_nested_branch_dag.py
[2024-03-04 12:14:53,869] {logging_mixin.py:115} INFO - [2024-03-04 12:14:53,869] {dag.py:2379} INFO - Sync 1 DAGs
[2024-03-04 12:14:53,883] {logging_mixin.py:115} INFO - [2024-03-04 12:14:53,883] {dag.py:2927} INFO - Setting next_dagrun for example_nested_branch_dag to 2024-03-03T00:00:00+00:00, run_after=2024-03-04T00:00:00+00:00
[2024-03-04 12:14:53,899] {processor.py:161} INFO - Processing /home/luan/Documents/curso-extracao-de-dados/venv/lib/python3.9/site-packages/airflow/example_dags/example_nested_branch_dag.py took 0.052 seconds
[2024-03-04 12:15:26,869] {processor.py:153} INFO - Started process (PID=31516) to work on /home/luan/Documents/curso-extracao-de-dados/venv/lib/python3.9/site-packages/airflow/example_dags/example_nested_branch_dag.py
[2024-03-04 12:15:26,870] {processor.py:641} INFO - Processing file /home/luan/Documents/curso-extracao-de-dados/venv/lib/python3.9/site-packages/airflow/example_dags/example_nested_branch_dag.py for tasks to queue
[2024-03-04 12:15:26,871] {logging_mixin.py:115} INFO - [2024-03-04 12:15:26,871] {dagbag.py:507} INFO - Filling up the DagBag from /home/luan/Documents/curso-extracao-de-dados/venv/lib/python3.9/site-packages/airflow/example_dags/example_nested_branch_dag.py
[2024-03-04 12:15:26,876] {processor.py:651} INFO - DAG(s) dict_keys(['example_nested_branch_dag']) retrieved from /home/luan/Documents/curso-extracao-de-dados/venv/lib/python3.9/site-packages/airflow/example_dags/example_nested_branch_dag.py
[2024-03-04 12:15:26,887] {logging_mixin.py:115} INFO - [2024-03-04 12:15:26,887] {dag.py:2379} INFO - Sync 1 DAGs
[2024-03-04 12:15:26,901] {logging_mixin.py:115} INFO - [2024-03-04 12:15:26,900] {dag.py:2927} INFO - Setting next_dagrun for example_nested_branch_dag to 2024-03-03T00:00:00+00:00, run_after=2024-03-04T00:00:00+00:00
[2024-03-04 12:15:26,915] {processor.py:161} INFO - Processing /home/luan/Documents/curso-extracao-de-dados/venv/lib/python3.9/site-packages/airflow/example_dags/example_nested_branch_dag.py took 0.047 seconds
[2024-03-04 12:16:20,065] {processor.py:153} INFO - Started process (PID=31825) to work on /home/luan/Documents/curso-extracao-de-dados/venv/lib/python3.9/site-packages/airflow/example_dags/example_nested_branch_dag.py
[2024-03-04 12:16:20,066] {processor.py:641} INFO - Processing file /home/luan/Documents/curso-extracao-de-dados/venv/lib/python3.9/site-packages/airflow/example_dags/example_nested_branch_dag.py for tasks to queue
[2024-03-04 12:16:20,066] {logging_mixin.py:115} INFO - [2024-03-04 12:16:20,066] {dagbag.py:507} INFO - Filling up the DagBag from /home/luan/Documents/curso-extracao-de-dados/venv/lib/python3.9/site-packages/airflow/example_dags/example_nested_branch_dag.py
[2024-03-04 12:16:20,072] {processor.py:651} INFO - DAG(s) dict_keys(['example_nested_branch_dag']) retrieved from /home/luan/Documents/curso-extracao-de-dados/venv/lib/python3.9/site-packages/airflow/example_dags/example_nested_branch_dag.py
[2024-03-04 12:16:20,083] {logging_mixin.py:115} INFO - [2024-03-04 12:16:20,083] {dag.py:2379} INFO - Sync 1 DAGs
[2024-03-04 12:16:20,096] {logging_mixin.py:115} INFO - [2024-03-04 12:16:20,096] {dag.py:2927} INFO - Setting next_dagrun for example_nested_branch_dag to 2024-03-03T00:00:00+00:00, run_after=2024-03-04T00:00:00+00:00
[2024-03-04 12:16:20,112] {processor.py:161} INFO - Processing /home/luan/Documents/curso-extracao-de-dados/venv/lib/python3.9/site-packages/airflow/example_dags/example_nested_branch_dag.py took 0.049 seconds
[2024-03-04 12:16:52,894] {processor.py:153} INFO - Started process (PID=31957) to work on /home/luan/Documents/curso-extracao-de-dados/venv/lib/python3.9/site-packages/airflow/example_dags/example_nested_branch_dag.py
[2024-03-04 12:16:52,895] {processor.py:641} INFO - Processing file /home/luan/Documents/curso-extracao-de-dados/venv/lib/python3.9/site-packages/airflow/example_dags/example_nested_branch_dag.py for tasks to queue
[2024-03-04 12:16:52,896] {logging_mixin.py:115} INFO - [2024-03-04 12:16:52,896] {dagbag.py:507} INFO - Filling up the DagBag from /home/luan/Documents/curso-extracao-de-dados/venv/lib/python3.9/site-packages/airflow/example_dags/example_nested_branch_dag.py
[2024-03-04 12:16:52,905] {processor.py:651} INFO - DAG(s) dict_keys(['example_nested_branch_dag']) retrieved from /home/luan/Documents/curso-extracao-de-dados/venv/lib/python3.9/site-packages/airflow/example_dags/example_nested_branch_dag.py
[2024-03-04 12:16:52,941] {logging_mixin.py:115} INFO - [2024-03-04 12:16:52,941] {dag.py:2379} INFO - Sync 1 DAGs
[2024-03-04 12:16:52,971] {logging_mixin.py:115} INFO - [2024-03-04 12:16:52,971] {dag.py:2927} INFO - Setting next_dagrun for example_nested_branch_dag to 2024-03-03T00:00:00+00:00, run_after=2024-03-04T00:00:00+00:00
[2024-03-04 12:16:53,120] {processor.py:161} INFO - Processing /home/luan/Documents/curso-extracao-de-dados/venv/lib/python3.9/site-packages/airflow/example_dags/example_nested_branch_dag.py took 0.229 seconds
[2024-03-04 12:17:26,328] {processor.py:153} INFO - Started process (PID=32095) to work on /home/luan/Documents/curso-extracao-de-dados/venv/lib/python3.9/site-packages/airflow/example_dags/example_nested_branch_dag.py
[2024-03-04 12:17:26,329] {processor.py:641} INFO - Processing file /home/luan/Documents/curso-extracao-de-dados/venv/lib/python3.9/site-packages/airflow/example_dags/example_nested_branch_dag.py for tasks to queue
[2024-03-04 12:17:26,330] {logging_mixin.py:115} INFO - [2024-03-04 12:17:26,330] {dagbag.py:507} INFO - Filling up the DagBag from /home/luan/Documents/curso-extracao-de-dados/venv/lib/python3.9/site-packages/airflow/example_dags/example_nested_branch_dag.py
[2024-03-04 12:17:26,338] {processor.py:651} INFO - DAG(s) dict_keys(['example_nested_branch_dag']) retrieved from /home/luan/Documents/curso-extracao-de-dados/venv/lib/python3.9/site-packages/airflow/example_dags/example_nested_branch_dag.py
[2024-03-04 12:17:26,355] {logging_mixin.py:115} INFO - [2024-03-04 12:17:26,354] {dag.py:2379} INFO - Sync 1 DAGs
[2024-03-04 12:17:26,372] {logging_mixin.py:115} INFO - [2024-03-04 12:17:26,372] {dag.py:2927} INFO - Setting next_dagrun for example_nested_branch_dag to 2024-03-03T00:00:00+00:00, run_after=2024-03-04T00:00:00+00:00
[2024-03-04 12:17:26,387] {processor.py:161} INFO - Processing /home/luan/Documents/curso-extracao-de-dados/venv/lib/python3.9/site-packages/airflow/example_dags/example_nested_branch_dag.py took 0.061 seconds
[2024-03-04 12:17:59,439] {processor.py:153} INFO - Started process (PID=32225) to work on /home/luan/Documents/curso-extracao-de-dados/venv/lib/python3.9/site-packages/airflow/example_dags/example_nested_branch_dag.py
[2024-03-04 12:17:59,443] {processor.py:641} INFO - Processing file /home/luan/Documents/curso-extracao-de-dados/venv/lib/python3.9/site-packages/airflow/example_dags/example_nested_branch_dag.py for tasks to queue
[2024-03-04 12:17:59,444] {logging_mixin.py:115} INFO - [2024-03-04 12:17:59,443] {dagbag.py:507} INFO - Filling up the DagBag from /home/luan/Documents/curso-extracao-de-dados/venv/lib/python3.9/site-packages/airflow/example_dags/example_nested_branch_dag.py
[2024-03-04 12:17:59,450] {processor.py:651} INFO - DAG(s) dict_keys(['example_nested_branch_dag']) retrieved from /home/luan/Documents/curso-extracao-de-dados/venv/lib/python3.9/site-packages/airflow/example_dags/example_nested_branch_dag.py
[2024-03-04 12:17:59,460] {logging_mixin.py:115} INFO - [2024-03-04 12:17:59,460] {dag.py:2379} INFO - Sync 1 DAGs
[2024-03-04 12:17:59,474] {logging_mixin.py:115} INFO - [2024-03-04 12:17:59,474] {dag.py:2927} INFO - Setting next_dagrun for example_nested_branch_dag to 2024-03-03T00:00:00+00:00, run_after=2024-03-04T00:00:00+00:00
[2024-03-04 12:17:59,490] {processor.py:161} INFO - Processing /home/luan/Documents/curso-extracao-de-dados/venv/lib/python3.9/site-packages/airflow/example_dags/example_nested_branch_dag.py took 0.053 seconds
[2024-03-04 12:18:53,898] {processor.py:153} INFO - Started process (PID=32523) to work on /home/luan/Documents/curso-extracao-de-dados/venv/lib/python3.9/site-packages/airflow/example_dags/example_nested_branch_dag.py
[2024-03-04 12:18:53,903] {processor.py:641} INFO - Processing file /home/luan/Documents/curso-extracao-de-dados/venv/lib/python3.9/site-packages/airflow/example_dags/example_nested_branch_dag.py for tasks to queue
[2024-03-04 12:18:53,903] {logging_mixin.py:115} INFO - [2024-03-04 12:18:53,903] {dagbag.py:507} INFO - Filling up the DagBag from /home/luan/Documents/curso-extracao-de-dados/venv/lib/python3.9/site-packages/airflow/example_dags/example_nested_branch_dag.py
[2024-03-04 12:18:53,909] {processor.py:651} INFO - DAG(s) dict_keys(['example_nested_branch_dag']) retrieved from /home/luan/Documents/curso-extracao-de-dados/venv/lib/python3.9/site-packages/airflow/example_dags/example_nested_branch_dag.py
[2024-03-04 12:18:53,918] {logging_mixin.py:115} INFO - [2024-03-04 12:18:53,918] {dag.py:2379} INFO - Sync 1 DAGs
[2024-03-04 12:18:53,931] {logging_mixin.py:115} INFO - [2024-03-04 12:18:53,931] {dag.py:2927} INFO - Setting next_dagrun for example_nested_branch_dag to 2024-03-03T00:00:00+00:00, run_after=2024-03-04T00:00:00+00:00
[2024-03-04 12:18:53,946] {processor.py:161} INFO - Processing /home/luan/Documents/curso-extracao-de-dados/venv/lib/python3.9/site-packages/airflow/example_dags/example_nested_branch_dag.py took 0.049 seconds
