[2024-03-04 11:21:43,395] {processor.py:153} INFO - Started process (PID=17572) to work on /home/luan/Documents/curso-extracao-de-dados/venv/lib/python3.9/site-packages/airflow/example_dags/tutorial_taskflow_api_etl.py
[2024-03-04 11:21:43,396] {processor.py:641} INFO - Processing file /home/luan/Documents/curso-extracao-de-dados/venv/lib/python3.9/site-packages/airflow/example_dags/tutorial_taskflow_api_etl.py for tasks to queue
[2024-03-04 11:21:43,396] {logging_mixin.py:115} INFO - [2024-03-04 11:21:43,396] {dagbag.py:507} INFO - Filling up the DagBag from /home/luan/Documents/curso-extracao-de-dados/venv/lib/python3.9/site-packages/airflow/example_dags/tutorial_taskflow_api_etl.py
[2024-03-04 11:21:43,408] {processor.py:651} INFO - DAG(s) dict_keys(['tutorial_taskflow_api_etl']) retrieved from /home/luan/Documents/curso-extracao-de-dados/venv/lib/python3.9/site-packages/airflow/example_dags/tutorial_taskflow_api_etl.py
[2024-03-04 11:21:43,483] {logging_mixin.py:115} INFO - [2024-03-04 11:21:43,483] {manager.py:508} INFO - Created Permission View: can edit on DAG:tutorial_taskflow_api_etl
[2024-03-04 11:21:43,494] {logging_mixin.py:115} INFO - [2024-03-04 11:21:43,494] {manager.py:508} INFO - Created Permission View: can delete on DAG:tutorial_taskflow_api_etl
[2024-03-04 11:21:43,503] {logging_mixin.py:115} INFO - [2024-03-04 11:21:43,503] {manager.py:508} INFO - Created Permission View: can read on DAG:tutorial_taskflow_api_etl
[2024-03-04 11:21:43,504] {logging_mixin.py:115} INFO - [2024-03-04 11:21:43,503] {dag.py:2379} INFO - Sync 1 DAGs
[2024-03-04 11:21:43,509] {logging_mixin.py:115} INFO - [2024-03-04 11:21:43,509] {dag.py:2398} INFO - Creating ORM DAG for tutorial_taskflow_api_etl
[2024-03-04 11:21:43,515] {logging_mixin.py:115} INFO - [2024-03-04 11:21:43,515] {dag.py:2927} INFO - Setting next_dagrun for tutorial_taskflow_api_etl to None, run_after=None
[2024-03-04 11:21:43,531] {processor.py:161} INFO - Processing /home/luan/Documents/curso-extracao-de-dados/venv/lib/python3.9/site-packages/airflow/example_dags/tutorial_taskflow_api_etl.py took 0.138 seconds
[2024-03-04 11:22:15,445] {processor.py:153} INFO - Started process (PID=17703) to work on /home/luan/Documents/curso-extracao-de-dados/venv/lib/python3.9/site-packages/airflow/example_dags/tutorial_taskflow_api_etl.py
[2024-03-04 11:22:15,446] {processor.py:641} INFO - Processing file /home/luan/Documents/curso-extracao-de-dados/venv/lib/python3.9/site-packages/airflow/example_dags/tutorial_taskflow_api_etl.py for tasks to queue
[2024-03-04 11:22:15,446] {logging_mixin.py:115} INFO - [2024-03-04 11:22:15,446] {dagbag.py:507} INFO - Filling up the DagBag from /home/luan/Documents/curso-extracao-de-dados/venv/lib/python3.9/site-packages/airflow/example_dags/tutorial_taskflow_api_etl.py
[2024-03-04 11:22:15,461] {processor.py:651} INFO - DAG(s) dict_keys(['tutorial_taskflow_api_etl']) retrieved from /home/luan/Documents/curso-extracao-de-dados/venv/lib/python3.9/site-packages/airflow/example_dags/tutorial_taskflow_api_etl.py
[2024-03-04 11:22:15,502] {logging_mixin.py:115} INFO - [2024-03-04 11:22:15,502] {dag.py:2379} INFO - Sync 1 DAGs
[2024-03-04 11:22:15,516] {logging_mixin.py:115} INFO - [2024-03-04 11:22:15,516] {dag.py:2927} INFO - Setting next_dagrun for tutorial_taskflow_api_etl to None, run_after=None
[2024-03-04 11:22:15,531] {processor.py:161} INFO - Processing /home/luan/Documents/curso-extracao-de-dados/venv/lib/python3.9/site-packages/airflow/example_dags/tutorial_taskflow_api_etl.py took 0.088 seconds
[2024-03-04 11:22:52,562] {processor.py:153} INFO - Started process (PID=17851) to work on /home/luan/Documents/curso-extracao-de-dados/venv/lib/python3.9/site-packages/airflow/example_dags/tutorial_taskflow_api_etl.py
[2024-03-04 11:22:52,563] {processor.py:641} INFO - Processing file /home/luan/Documents/curso-extracao-de-dados/venv/lib/python3.9/site-packages/airflow/example_dags/tutorial_taskflow_api_etl.py for tasks to queue
[2024-03-04 11:22:52,563] {logging_mixin.py:115} INFO - [2024-03-04 11:22:52,563] {dagbag.py:507} INFO - Filling up the DagBag from /home/luan/Documents/curso-extracao-de-dados/venv/lib/python3.9/site-packages/airflow/example_dags/tutorial_taskflow_api_etl.py
[2024-03-04 11:22:52,573] {processor.py:651} INFO - DAG(s) dict_keys(['tutorial_taskflow_api_etl']) retrieved from /home/luan/Documents/curso-extracao-de-dados/venv/lib/python3.9/site-packages/airflow/example_dags/tutorial_taskflow_api_etl.py
[2024-03-04 11:22:52,603] {logging_mixin.py:115} INFO - [2024-03-04 11:22:52,603] {dag.py:2379} INFO - Sync 1 DAGs
[2024-03-04 11:22:52,613] {logging_mixin.py:115} INFO - [2024-03-04 11:22:52,613] {dag.py:2927} INFO - Setting next_dagrun for tutorial_taskflow_api_etl to None, run_after=None
[2024-03-04 11:22:52,627] {processor.py:161} INFO - Processing /home/luan/Documents/curso-extracao-de-dados/venv/lib/python3.9/site-packages/airflow/example_dags/tutorial_taskflow_api_etl.py took 0.066 seconds
[2024-03-04 12:06:06,633] {processor.py:153} INFO - Started process (PID=28810) to work on /home/luan/Documents/curso-extracao-de-dados/venv/lib/python3.9/site-packages/airflow/example_dags/tutorial_taskflow_api_etl.py
[2024-03-04 12:06:06,635] {processor.py:641} INFO - Processing file /home/luan/Documents/curso-extracao-de-dados/venv/lib/python3.9/site-packages/airflow/example_dags/tutorial_taskflow_api_etl.py for tasks to queue
[2024-03-04 12:06:06,635] {logging_mixin.py:115} INFO - [2024-03-04 12:06:06,635] {dagbag.py:507} INFO - Filling up the DagBag from /home/luan/Documents/curso-extracao-de-dados/venv/lib/python3.9/site-packages/airflow/example_dags/tutorial_taskflow_api_etl.py
[2024-03-04 12:06:06,646] {processor.py:651} INFO - DAG(s) dict_keys(['tutorial_taskflow_api_etl']) retrieved from /home/luan/Documents/curso-extracao-de-dados/venv/lib/python3.9/site-packages/airflow/example_dags/tutorial_taskflow_api_etl.py
[2024-03-04 12:06:06,677] {logging_mixin.py:115} INFO - [2024-03-04 12:06:06,677] {dag.py:2379} INFO - Sync 1 DAGs
[2024-03-04 12:06:06,686] {logging_mixin.py:115} INFO - [2024-03-04 12:06:06,686] {dag.py:2927} INFO - Setting next_dagrun for tutorial_taskflow_api_etl to None, run_after=None
[2024-03-04 12:06:06,700] {processor.py:161} INFO - Processing /home/luan/Documents/curso-extracao-de-dados/venv/lib/python3.9/site-packages/airflow/example_dags/tutorial_taskflow_api_etl.py took 0.069 seconds
[2024-03-04 12:06:40,513] {processor.py:153} INFO - Started process (PID=29165) to work on /home/luan/Documents/curso-extracao-de-dados/venv/lib/python3.9/site-packages/airflow/example_dags/tutorial_taskflow_api_etl.py
[2024-03-04 12:06:40,514] {processor.py:641} INFO - Processing file /home/luan/Documents/curso-extracao-de-dados/venv/lib/python3.9/site-packages/airflow/example_dags/tutorial_taskflow_api_etl.py for tasks to queue
[2024-03-04 12:06:40,515] {logging_mixin.py:115} INFO - [2024-03-04 12:06:40,514] {dagbag.py:507} INFO - Filling up the DagBag from /home/luan/Documents/curso-extracao-de-dados/venv/lib/python3.9/site-packages/airflow/example_dags/tutorial_taskflow_api_etl.py
[2024-03-04 12:06:40,534] {processor.py:651} INFO - DAG(s) dict_keys(['tutorial_taskflow_api_etl']) retrieved from /home/luan/Documents/curso-extracao-de-dados/venv/lib/python3.9/site-packages/airflow/example_dags/tutorial_taskflow_api_etl.py
[2024-03-04 12:06:40,589] {logging_mixin.py:115} INFO - [2024-03-04 12:06:40,589] {dag.py:2379} INFO - Sync 1 DAGs
[2024-03-04 12:06:40,601] {logging_mixin.py:115} INFO - [2024-03-04 12:06:40,600] {dag.py:2927} INFO - Setting next_dagrun for tutorial_taskflow_api_etl to None, run_after=None
[2024-03-04 12:06:40,616] {processor.py:161} INFO - Processing /home/luan/Documents/curso-extracao-de-dados/venv/lib/python3.9/site-packages/airflow/example_dags/tutorial_taskflow_api_etl.py took 0.107 seconds
[2024-03-04 12:07:34,463] {processor.py:153} INFO - Started process (PID=29425) to work on /home/luan/Documents/curso-extracao-de-dados/venv/lib/python3.9/site-packages/airflow/example_dags/tutorial_taskflow_api_etl.py
[2024-03-04 12:07:34,465] {processor.py:641} INFO - Processing file /home/luan/Documents/curso-extracao-de-dados/venv/lib/python3.9/site-packages/airflow/example_dags/tutorial_taskflow_api_etl.py for tasks to queue
[2024-03-04 12:07:34,466] {logging_mixin.py:115} INFO - [2024-03-04 12:07:34,466] {dagbag.py:507} INFO - Filling up the DagBag from /home/luan/Documents/curso-extracao-de-dados/venv/lib/python3.9/site-packages/airflow/example_dags/tutorial_taskflow_api_etl.py
[2024-03-04 12:07:34,476] {processor.py:651} INFO - DAG(s) dict_keys(['tutorial_taskflow_api_etl']) retrieved from /home/luan/Documents/curso-extracao-de-dados/venv/lib/python3.9/site-packages/airflow/example_dags/tutorial_taskflow_api_etl.py
[2024-03-04 12:07:34,504] {logging_mixin.py:115} INFO - [2024-03-04 12:07:34,504] {dag.py:2379} INFO - Sync 1 DAGs
[2024-03-04 12:07:34,515] {logging_mixin.py:115} INFO - [2024-03-04 12:07:34,515] {dag.py:2927} INFO - Setting next_dagrun for tutorial_taskflow_api_etl to None, run_after=None
[2024-03-04 12:07:34,530] {processor.py:161} INFO - Processing /home/luan/Documents/curso-extracao-de-dados/venv/lib/python3.9/site-packages/airflow/example_dags/tutorial_taskflow_api_etl.py took 0.068 seconds
[2024-03-04 12:08:07,280] {processor.py:153} INFO - Started process (PID=29544) to work on /home/luan/Documents/curso-extracao-de-dados/venv/lib/python3.9/site-packages/airflow/example_dags/tutorial_taskflow_api_etl.py
[2024-03-04 12:08:07,284] {processor.py:641} INFO - Processing file /home/luan/Documents/curso-extracao-de-dados/venv/lib/python3.9/site-packages/airflow/example_dags/tutorial_taskflow_api_etl.py for tasks to queue
[2024-03-04 12:08:07,284] {logging_mixin.py:115} INFO - [2024-03-04 12:08:07,284] {dagbag.py:507} INFO - Filling up the DagBag from /home/luan/Documents/curso-extracao-de-dados/venv/lib/python3.9/site-packages/airflow/example_dags/tutorial_taskflow_api_etl.py
[2024-03-04 12:08:07,295] {processor.py:651} INFO - DAG(s) dict_keys(['tutorial_taskflow_api_etl']) retrieved from /home/luan/Documents/curso-extracao-de-dados/venv/lib/python3.9/site-packages/airflow/example_dags/tutorial_taskflow_api_etl.py
[2024-03-04 12:08:07,334] {logging_mixin.py:115} INFO - [2024-03-04 12:08:07,334] {dag.py:2379} INFO - Sync 1 DAGs
[2024-03-04 12:08:07,345] {logging_mixin.py:115} INFO - [2024-03-04 12:08:07,345] {dag.py:2927} INFO - Setting next_dagrun for tutorial_taskflow_api_etl to None, run_after=None
[2024-03-04 12:08:07,359] {processor.py:161} INFO - Processing /home/luan/Documents/curso-extracao-de-dados/venv/lib/python3.9/site-packages/airflow/example_dags/tutorial_taskflow_api_etl.py took 0.081 seconds
[2024-03-04 12:08:39,135] {processor.py:153} INFO - Started process (PID=29668) to work on /home/luan/Documents/curso-extracao-de-dados/venv/lib/python3.9/site-packages/airflow/example_dags/tutorial_taskflow_api_etl.py
[2024-03-04 12:08:39,140] {processor.py:641} INFO - Processing file /home/luan/Documents/curso-extracao-de-dados/venv/lib/python3.9/site-packages/airflow/example_dags/tutorial_taskflow_api_etl.py for tasks to queue
[2024-03-04 12:08:39,140] {logging_mixin.py:115} INFO - [2024-03-04 12:08:39,140] {dagbag.py:507} INFO - Filling up the DagBag from /home/luan/Documents/curso-extracao-de-dados/venv/lib/python3.9/site-packages/airflow/example_dags/tutorial_taskflow_api_etl.py
[2024-03-04 12:08:39,150] {processor.py:651} INFO - DAG(s) dict_keys(['tutorial_taskflow_api_etl']) retrieved from /home/luan/Documents/curso-extracao-de-dados/venv/lib/python3.9/site-packages/airflow/example_dags/tutorial_taskflow_api_etl.py
[2024-03-04 12:08:39,160] {logging_mixin.py:115} INFO - [2024-03-04 12:08:39,160] {dag.py:2379} INFO - Sync 1 DAGs
[2024-03-04 12:08:39,173] {logging_mixin.py:115} INFO - [2024-03-04 12:08:39,173] {dag.py:2927} INFO - Setting next_dagrun for tutorial_taskflow_api_etl to None, run_after=None
[2024-03-04 12:08:39,189] {processor.py:161} INFO - Processing /home/luan/Documents/curso-extracao-de-dados/venv/lib/python3.9/site-packages/airflow/example_dags/tutorial_taskflow_api_etl.py took 0.055 seconds
[2024-03-04 12:10:12,142] {processor.py:153} INFO - Started process (PID=30121) to work on /home/luan/Documents/curso-extracao-de-dados/venv/lib/python3.9/site-packages/airflow/example_dags/tutorial_taskflow_api_etl.py
[2024-03-04 12:10:12,143] {processor.py:641} INFO - Processing file /home/luan/Documents/curso-extracao-de-dados/venv/lib/python3.9/site-packages/airflow/example_dags/tutorial_taskflow_api_etl.py for tasks to queue
[2024-03-04 12:10:12,143] {logging_mixin.py:115} INFO - [2024-03-04 12:10:12,143] {dagbag.py:507} INFO - Filling up the DagBag from /home/luan/Documents/curso-extracao-de-dados/venv/lib/python3.9/site-packages/airflow/example_dags/tutorial_taskflow_api_etl.py
[2024-03-04 12:10:12,153] {processor.py:651} INFO - DAG(s) dict_keys(['tutorial_taskflow_api_etl']) retrieved from /home/luan/Documents/curso-extracao-de-dados/venv/lib/python3.9/site-packages/airflow/example_dags/tutorial_taskflow_api_etl.py
[2024-03-04 12:10:12,183] {logging_mixin.py:115} INFO - [2024-03-04 12:10:12,183] {dag.py:2379} INFO - Sync 1 DAGs
[2024-03-04 12:10:12,193] {logging_mixin.py:115} INFO - [2024-03-04 12:10:12,193] {dag.py:2927} INFO - Setting next_dagrun for tutorial_taskflow_api_etl to None, run_after=None
[2024-03-04 12:10:12,208] {processor.py:161} INFO - Processing /home/luan/Documents/curso-extracao-de-dados/venv/lib/python3.9/site-packages/airflow/example_dags/tutorial_taskflow_api_etl.py took 0.068 seconds
[2024-03-04 12:10:44,947] {processor.py:153} INFO - Started process (PID=30252) to work on /home/luan/Documents/curso-extracao-de-dados/venv/lib/python3.9/site-packages/airflow/example_dags/tutorial_taskflow_api_etl.py
[2024-03-04 12:10:44,948] {processor.py:641} INFO - Processing file /home/luan/Documents/curso-extracao-de-dados/venv/lib/python3.9/site-packages/airflow/example_dags/tutorial_taskflow_api_etl.py for tasks to queue
[2024-03-04 12:10:44,949] {logging_mixin.py:115} INFO - [2024-03-04 12:10:44,949] {dagbag.py:507} INFO - Filling up the DagBag from /home/luan/Documents/curso-extracao-de-dados/venv/lib/python3.9/site-packages/airflow/example_dags/tutorial_taskflow_api_etl.py
[2024-03-04 12:10:44,959] {processor.py:651} INFO - DAG(s) dict_keys(['tutorial_taskflow_api_etl']) retrieved from /home/luan/Documents/curso-extracao-de-dados/venv/lib/python3.9/site-packages/airflow/example_dags/tutorial_taskflow_api_etl.py
[2024-03-04 12:10:45,001] {logging_mixin.py:115} INFO - [2024-03-04 12:10:45,001] {dag.py:2379} INFO - Sync 1 DAGs
[2024-03-04 12:10:45,014] {logging_mixin.py:115} INFO - [2024-03-04 12:10:45,014] {dag.py:2927} INFO - Setting next_dagrun for tutorial_taskflow_api_etl to None, run_after=None
[2024-03-04 12:10:45,029] {processor.py:161} INFO - Processing /home/luan/Documents/curso-extracao-de-dados/venv/lib/python3.9/site-packages/airflow/example_dags/tutorial_taskflow_api_etl.py took 0.084 seconds
[2024-03-04 12:11:16,777] {processor.py:153} INFO - Started process (PID=30392) to work on /home/luan/Documents/curso-extracao-de-dados/venv/lib/python3.9/site-packages/airflow/example_dags/tutorial_taskflow_api_etl.py
[2024-03-04 12:11:16,778] {processor.py:641} INFO - Processing file /home/luan/Documents/curso-extracao-de-dados/venv/lib/python3.9/site-packages/airflow/example_dags/tutorial_taskflow_api_etl.py for tasks to queue
[2024-03-04 12:11:16,778] {logging_mixin.py:115} INFO - [2024-03-04 12:11:16,778] {dagbag.py:507} INFO - Filling up the DagBag from /home/luan/Documents/curso-extracao-de-dados/venv/lib/python3.9/site-packages/airflow/example_dags/tutorial_taskflow_api_etl.py
[2024-03-04 12:11:16,789] {processor.py:651} INFO - DAG(s) dict_keys(['tutorial_taskflow_api_etl']) retrieved from /home/luan/Documents/curso-extracao-de-dados/venv/lib/python3.9/site-packages/airflow/example_dags/tutorial_taskflow_api_etl.py
[2024-03-04 12:11:16,823] {logging_mixin.py:115} INFO - [2024-03-04 12:11:16,823] {dag.py:2379} INFO - Sync 1 DAGs
[2024-03-04 12:11:16,836] {logging_mixin.py:115} INFO - [2024-03-04 12:11:16,836] {dag.py:2927} INFO - Setting next_dagrun for tutorial_taskflow_api_etl to None, run_after=None
[2024-03-04 12:11:16,855] {processor.py:161} INFO - Processing /home/luan/Documents/curso-extracao-de-dados/venv/lib/python3.9/site-packages/airflow/example_dags/tutorial_taskflow_api_etl.py took 0.080 seconds
[2024-03-04 12:14:30,407] {processor.py:153} INFO - Started process (PID=31288) to work on /home/luan/Documents/curso-extracao-de-dados/venv/lib/python3.9/site-packages/airflow/example_dags/tutorial_taskflow_api_etl.py
[2024-03-04 12:14:30,408] {processor.py:641} INFO - Processing file /home/luan/Documents/curso-extracao-de-dados/venv/lib/python3.9/site-packages/airflow/example_dags/tutorial_taskflow_api_etl.py for tasks to queue
[2024-03-04 12:14:30,409] {logging_mixin.py:115} INFO - [2024-03-04 12:14:30,408] {dagbag.py:507} INFO - Filling up the DagBag from /home/luan/Documents/curso-extracao-de-dados/venv/lib/python3.9/site-packages/airflow/example_dags/tutorial_taskflow_api_etl.py
[2024-03-04 12:14:30,423] {processor.py:651} INFO - DAG(s) dict_keys(['tutorial_taskflow_api_etl']) retrieved from /home/luan/Documents/curso-extracao-de-dados/venv/lib/python3.9/site-packages/airflow/example_dags/tutorial_taskflow_api_etl.py
[2024-03-04 12:14:30,453] {logging_mixin.py:115} INFO - [2024-03-04 12:14:30,453] {dag.py:2379} INFO - Sync 1 DAGs
[2024-03-04 12:14:30,464] {logging_mixin.py:115} INFO - [2024-03-04 12:14:30,463] {dag.py:2927} INFO - Setting next_dagrun for tutorial_taskflow_api_etl to None, run_after=None
[2024-03-04 12:14:30,479] {processor.py:161} INFO - Processing /home/luan/Documents/curso-extracao-de-dados/venv/lib/python3.9/site-packages/airflow/example_dags/tutorial_taskflow_api_etl.py took 0.074 seconds
[2024-03-04 12:15:03,207] {processor.py:153} INFO - Started process (PID=31418) to work on /home/luan/Documents/curso-extracao-de-dados/venv/lib/python3.9/site-packages/airflow/example_dags/tutorial_taskflow_api_etl.py
[2024-03-04 12:15:03,212] {processor.py:641} INFO - Processing file /home/luan/Documents/curso-extracao-de-dados/venv/lib/python3.9/site-packages/airflow/example_dags/tutorial_taskflow_api_etl.py for tasks to queue
[2024-03-04 12:15:03,212] {logging_mixin.py:115} INFO - [2024-03-04 12:15:03,212] {dagbag.py:507} INFO - Filling up the DagBag from /home/luan/Documents/curso-extracao-de-dados/venv/lib/python3.9/site-packages/airflow/example_dags/tutorial_taskflow_api_etl.py
[2024-03-04 12:15:03,226] {processor.py:651} INFO - DAG(s) dict_keys(['tutorial_taskflow_api_etl']) retrieved from /home/luan/Documents/curso-extracao-de-dados/venv/lib/python3.9/site-packages/airflow/example_dags/tutorial_taskflow_api_etl.py
[2024-03-04 12:15:03,258] {logging_mixin.py:115} INFO - [2024-03-04 12:15:03,258] {dag.py:2379} INFO - Sync 1 DAGs
[2024-03-04 12:15:03,270] {logging_mixin.py:115} INFO - [2024-03-04 12:15:03,269] {dag.py:2927} INFO - Setting next_dagrun for tutorial_taskflow_api_etl to None, run_after=None
[2024-03-04 12:15:03,284] {processor.py:161} INFO - Processing /home/luan/Documents/curso-extracao-de-dados/venv/lib/python3.9/site-packages/airflow/example_dags/tutorial_taskflow_api_etl.py took 0.078 seconds
[2024-03-04 12:15:36,026] {processor.py:153} INFO - Started process (PID=31552) to work on /home/luan/Documents/curso-extracao-de-dados/venv/lib/python3.9/site-packages/airflow/example_dags/tutorial_taskflow_api_etl.py
[2024-03-04 12:15:36,030] {processor.py:641} INFO - Processing file /home/luan/Documents/curso-extracao-de-dados/venv/lib/python3.9/site-packages/airflow/example_dags/tutorial_taskflow_api_etl.py for tasks to queue
[2024-03-04 12:15:36,030] {logging_mixin.py:115} INFO - [2024-03-04 12:15:36,030] {dagbag.py:507} INFO - Filling up the DagBag from /home/luan/Documents/curso-extracao-de-dados/venv/lib/python3.9/site-packages/airflow/example_dags/tutorial_taskflow_api_etl.py
[2024-03-04 12:15:36,041] {processor.py:651} INFO - DAG(s) dict_keys(['tutorial_taskflow_api_etl']) retrieved from /home/luan/Documents/curso-extracao-de-dados/venv/lib/python3.9/site-packages/airflow/example_dags/tutorial_taskflow_api_etl.py
[2024-03-04 12:15:36,067] {logging_mixin.py:115} INFO - [2024-03-04 12:15:36,067] {dag.py:2379} INFO - Sync 1 DAGs
[2024-03-04 12:15:36,077] {logging_mixin.py:115} INFO - [2024-03-04 12:15:36,077] {dag.py:2927} INFO - Setting next_dagrun for tutorial_taskflow_api_etl to None, run_after=None
[2024-03-04 12:15:36,091] {processor.py:161} INFO - Processing /home/luan/Documents/curso-extracao-de-dados/venv/lib/python3.9/site-packages/airflow/example_dags/tutorial_taskflow_api_etl.py took 0.066 seconds
[2024-03-04 12:16:29,217] {processor.py:153} INFO - Started process (PID=31865) to work on /home/luan/Documents/curso-extracao-de-dados/venv/lib/python3.9/site-packages/airflow/example_dags/tutorial_taskflow_api_etl.py
[2024-03-04 12:16:29,222] {processor.py:641} INFO - Processing file /home/luan/Documents/curso-extracao-de-dados/venv/lib/python3.9/site-packages/airflow/example_dags/tutorial_taskflow_api_etl.py for tasks to queue
[2024-03-04 12:16:29,222] {logging_mixin.py:115} INFO - [2024-03-04 12:16:29,222] {dagbag.py:507} INFO - Filling up the DagBag from /home/luan/Documents/curso-extracao-de-dados/venv/lib/python3.9/site-packages/airflow/example_dags/tutorial_taskflow_api_etl.py
[2024-03-04 12:16:29,232] {processor.py:651} INFO - DAG(s) dict_keys(['tutorial_taskflow_api_etl']) retrieved from /home/luan/Documents/curso-extracao-de-dados/venv/lib/python3.9/site-packages/airflow/example_dags/tutorial_taskflow_api_etl.py
[2024-03-04 12:16:29,261] {logging_mixin.py:115} INFO - [2024-03-04 12:16:29,261] {dag.py:2379} INFO - Sync 1 DAGs
[2024-03-04 12:16:29,271] {logging_mixin.py:115} INFO - [2024-03-04 12:16:29,271] {dag.py:2927} INFO - Setting next_dagrun for tutorial_taskflow_api_etl to None, run_after=None
[2024-03-04 12:16:29,285] {processor.py:161} INFO - Processing /home/luan/Documents/curso-extracao-de-dados/venv/lib/python3.9/site-packages/airflow/example_dags/tutorial_taskflow_api_etl.py took 0.069 seconds
[2024-03-04 12:17:03,176] {processor.py:153} INFO - Started process (PID=32002) to work on /home/luan/Documents/curso-extracao-de-dados/venv/lib/python3.9/site-packages/airflow/example_dags/tutorial_taskflow_api_etl.py
[2024-03-04 12:17:03,177] {processor.py:641} INFO - Processing file /home/luan/Documents/curso-extracao-de-dados/venv/lib/python3.9/site-packages/airflow/example_dags/tutorial_taskflow_api_etl.py for tasks to queue
[2024-03-04 12:17:03,178] {logging_mixin.py:115} INFO - [2024-03-04 12:17:03,178] {dagbag.py:507} INFO - Filling up the DagBag from /home/luan/Documents/curso-extracao-de-dados/venv/lib/python3.9/site-packages/airflow/example_dags/tutorial_taskflow_api_etl.py
[2024-03-04 12:17:03,189] {processor.py:651} INFO - DAG(s) dict_keys(['tutorial_taskflow_api_etl']) retrieved from /home/luan/Documents/curso-extracao-de-dados/venv/lib/python3.9/site-packages/airflow/example_dags/tutorial_taskflow_api_etl.py
[2024-03-04 12:17:03,222] {logging_mixin.py:115} INFO - [2024-03-04 12:17:03,222] {dag.py:2379} INFO - Sync 1 DAGs
[2024-03-04 12:17:03,233] {logging_mixin.py:115} INFO - [2024-03-04 12:17:03,233] {dag.py:2927} INFO - Setting next_dagrun for tutorial_taskflow_api_etl to None, run_after=None
[2024-03-04 12:17:03,247] {processor.py:161} INFO - Processing /home/luan/Documents/curso-extracao-de-dados/venv/lib/python3.9/site-packages/airflow/example_dags/tutorial_taskflow_api_etl.py took 0.073 seconds
[2024-03-04 12:17:35,483] {processor.py:153} INFO - Started process (PID=32135) to work on /home/luan/Documents/curso-extracao-de-dados/venv/lib/python3.9/site-packages/airflow/example_dags/tutorial_taskflow_api_etl.py
[2024-03-04 12:17:35,488] {processor.py:641} INFO - Processing file /home/luan/Documents/curso-extracao-de-dados/venv/lib/python3.9/site-packages/airflow/example_dags/tutorial_taskflow_api_etl.py for tasks to queue
[2024-03-04 12:17:35,488] {logging_mixin.py:115} INFO - [2024-03-04 12:17:35,488] {dagbag.py:507} INFO - Filling up the DagBag from /home/luan/Documents/curso-extracao-de-dados/venv/lib/python3.9/site-packages/airflow/example_dags/tutorial_taskflow_api_etl.py
[2024-03-04 12:17:35,498] {processor.py:651} INFO - DAG(s) dict_keys(['tutorial_taskflow_api_etl']) retrieved from /home/luan/Documents/curso-extracao-de-dados/venv/lib/python3.9/site-packages/airflow/example_dags/tutorial_taskflow_api_etl.py
[2024-03-04 12:17:35,527] {logging_mixin.py:115} INFO - [2024-03-04 12:17:35,527] {dag.py:2379} INFO - Sync 1 DAGs
[2024-03-04 12:17:35,539] {logging_mixin.py:115} INFO - [2024-03-04 12:17:35,538] {dag.py:2927} INFO - Setting next_dagrun for tutorial_taskflow_api_etl to None, run_after=None
[2024-03-04 12:17:35,554] {processor.py:161} INFO - Processing /home/luan/Documents/curso-extracao-de-dados/venv/lib/python3.9/site-packages/airflow/example_dags/tutorial_taskflow_api_etl.py took 0.072 seconds
[2024-03-04 12:18:09,613] {processor.py:153} INFO - Started process (PID=32265) to work on /home/luan/Documents/curso-extracao-de-dados/venv/lib/python3.9/site-packages/airflow/example_dags/tutorial_taskflow_api_etl.py
[2024-03-04 12:18:09,617] {processor.py:641} INFO - Processing file /home/luan/Documents/curso-extracao-de-dados/venv/lib/python3.9/site-packages/airflow/example_dags/tutorial_taskflow_api_etl.py for tasks to queue
[2024-03-04 12:18:09,618] {logging_mixin.py:115} INFO - [2024-03-04 12:18:09,617] {dagbag.py:507} INFO - Filling up the DagBag from /home/luan/Documents/curso-extracao-de-dados/venv/lib/python3.9/site-packages/airflow/example_dags/tutorial_taskflow_api_etl.py
[2024-03-04 12:18:09,628] {processor.py:651} INFO - DAG(s) dict_keys(['tutorial_taskflow_api_etl']) retrieved from /home/luan/Documents/curso-extracao-de-dados/venv/lib/python3.9/site-packages/airflow/example_dags/tutorial_taskflow_api_etl.py
[2024-03-04 12:18:09,656] {logging_mixin.py:115} INFO - [2024-03-04 12:18:09,656] {dag.py:2379} INFO - Sync 1 DAGs
[2024-03-04 12:18:09,666] {logging_mixin.py:115} INFO - [2024-03-04 12:18:09,666] {dag.py:2927} INFO - Setting next_dagrun for tutorial_taskflow_api_etl to None, run_after=None
[2024-03-04 12:18:09,680] {processor.py:161} INFO - Processing /home/luan/Documents/curso-extracao-de-dados/venv/lib/python3.9/site-packages/airflow/example_dags/tutorial_taskflow_api_etl.py took 0.069 seconds
[2024-03-04 12:19:03,049] {processor.py:153} INFO - Started process (PID=32563) to work on /home/luan/Documents/curso-extracao-de-dados/venv/lib/python3.9/site-packages/airflow/example_dags/tutorial_taskflow_api_etl.py
[2024-03-04 12:19:03,053] {processor.py:641} INFO - Processing file /home/luan/Documents/curso-extracao-de-dados/venv/lib/python3.9/site-packages/airflow/example_dags/tutorial_taskflow_api_etl.py for tasks to queue
[2024-03-04 12:19:03,053] {logging_mixin.py:115} INFO - [2024-03-04 12:19:03,053] {dagbag.py:507} INFO - Filling up the DagBag from /home/luan/Documents/curso-extracao-de-dados/venv/lib/python3.9/site-packages/airflow/example_dags/tutorial_taskflow_api_etl.py
[2024-03-04 12:19:03,063] {processor.py:651} INFO - DAG(s) dict_keys(['tutorial_taskflow_api_etl']) retrieved from /home/luan/Documents/curso-extracao-de-dados/venv/lib/python3.9/site-packages/airflow/example_dags/tutorial_taskflow_api_etl.py
[2024-03-04 12:19:03,091] {logging_mixin.py:115} INFO - [2024-03-04 12:19:03,091] {dag.py:2379} INFO - Sync 1 DAGs
[2024-03-04 12:19:03,101] {logging_mixin.py:115} INFO - [2024-03-04 12:19:03,101] {dag.py:2927} INFO - Setting next_dagrun for tutorial_taskflow_api_etl to None, run_after=None
[2024-03-04 12:19:03,115] {processor.py:161} INFO - Processing /home/luan/Documents/curso-extracao-de-dados/venv/lib/python3.9/site-packages/airflow/example_dags/tutorial_taskflow_api_etl.py took 0.067 seconds
