[2024-03-04 11:21:40,624] {processor.py:153} INFO - Started process (PID=17563) to work on /home/luan/Documents/curso-extracao-de-dados/venv/lib/python3.9/site-packages/airflow/example_dags/tutorial.py
[2024-03-04 11:21:40,625] {processor.py:641} INFO - Processing file /home/luan/Documents/curso-extracao-de-dados/venv/lib/python3.9/site-packages/airflow/example_dags/tutorial.py for tasks to queue
[2024-03-04 11:21:40,625] {logging_mixin.py:115} INFO - [2024-03-04 11:21:40,625] {dagbag.py:507} INFO - Filling up the DagBag from /home/luan/Documents/curso-extracao-de-dados/venv/lib/python3.9/site-packages/airflow/example_dags/tutorial.py
[2024-03-04 11:21:40,629] {processor.py:651} INFO - DAG(s) dict_keys(['tutorial']) retrieved from /home/luan/Documents/curso-extracao-de-dados/venv/lib/python3.9/site-packages/airflow/example_dags/tutorial.py
[2024-03-04 11:21:40,687] {logging_mixin.py:115} INFO - [2024-03-04 11:21:40,687] {manager.py:508} INFO - Created Permission View: can edit on DAG:tutorial
[2024-03-04 11:21:40,699] {logging_mixin.py:115} INFO - [2024-03-04 11:21:40,699] {manager.py:508} INFO - Created Permission View: can delete on DAG:tutorial
[2024-03-04 11:21:40,709] {logging_mixin.py:115} INFO - [2024-03-04 11:21:40,709] {manager.py:508} INFO - Created Permission View: can read on DAG:tutorial
[2024-03-04 11:21:40,709] {logging_mixin.py:115} INFO - [2024-03-04 11:21:40,709] {dag.py:2379} INFO - Sync 1 DAGs
[2024-03-04 11:21:40,714] {logging_mixin.py:115} INFO - [2024-03-04 11:21:40,714] {dag.py:2398} INFO - Creating ORM DAG for tutorial
[2024-03-04 11:21:40,721] {logging_mixin.py:115} INFO - [2024-03-04 11:21:40,720] {dag.py:2927} INFO - Setting next_dagrun for tutorial to 2024-03-03T14:21:40.720680+00:00, run_after=2024-03-04T14:21:40.720680+00:00
[2024-03-04 11:21:40,737] {processor.py:161} INFO - Processing /home/luan/Documents/curso-extracao-de-dados/venv/lib/python3.9/site-packages/airflow/example_dags/tutorial.py took 0.115 seconds
[2024-03-04 11:22:12,735] {processor.py:153} INFO - Started process (PID=17691) to work on /home/luan/Documents/curso-extracao-de-dados/venv/lib/python3.9/site-packages/airflow/example_dags/tutorial.py
[2024-03-04 11:22:12,736] {processor.py:641} INFO - Processing file /home/luan/Documents/curso-extracao-de-dados/venv/lib/python3.9/site-packages/airflow/example_dags/tutorial.py for tasks to queue
[2024-03-04 11:22:12,736] {logging_mixin.py:115} INFO - [2024-03-04 11:22:12,736] {dagbag.py:507} INFO - Filling up the DagBag from /home/luan/Documents/curso-extracao-de-dados/venv/lib/python3.9/site-packages/airflow/example_dags/tutorial.py
[2024-03-04 11:22:12,741] {processor.py:651} INFO - DAG(s) dict_keys(['tutorial']) retrieved from /home/luan/Documents/curso-extracao-de-dados/venv/lib/python3.9/site-packages/airflow/example_dags/tutorial.py
[2024-03-04 11:22:12,752] {logging_mixin.py:115} INFO - [2024-03-04 11:22:12,752] {dag.py:2379} INFO - Sync 1 DAGs
[2024-03-04 11:22:12,767] {logging_mixin.py:115} INFO - [2024-03-04 11:22:12,766] {dag.py:2927} INFO - Setting next_dagrun for tutorial to 2024-03-03T14:22:12.766730+00:00, run_after=2024-03-04T14:22:12.766730+00:00
[2024-03-04 11:22:12,782] {processor.py:161} INFO - Processing /home/luan/Documents/curso-extracao-de-dados/venv/lib/python3.9/site-packages/airflow/example_dags/tutorial.py took 0.048 seconds
[2024-03-04 11:22:47,524] {processor.py:153} INFO - Started process (PID=17828) to work on /home/luan/Documents/curso-extracao-de-dados/venv/lib/python3.9/site-packages/airflow/example_dags/tutorial.py
[2024-03-04 11:22:47,528] {processor.py:641} INFO - Processing file /home/luan/Documents/curso-extracao-de-dados/venv/lib/python3.9/site-packages/airflow/example_dags/tutorial.py for tasks to queue
[2024-03-04 11:22:47,529] {logging_mixin.py:115} INFO - [2024-03-04 11:22:47,529] {dagbag.py:507} INFO - Filling up the DagBag from /home/luan/Documents/curso-extracao-de-dados/venv/lib/python3.9/site-packages/airflow/example_dags/tutorial.py
[2024-03-04 11:22:47,532] {processor.py:651} INFO - DAG(s) dict_keys(['tutorial']) retrieved from /home/luan/Documents/curso-extracao-de-dados/venv/lib/python3.9/site-packages/airflow/example_dags/tutorial.py
[2024-03-04 11:22:47,543] {logging_mixin.py:115} INFO - [2024-03-04 11:22:47,543] {dag.py:2379} INFO - Sync 1 DAGs
[2024-03-04 11:22:47,556] {logging_mixin.py:115} INFO - [2024-03-04 11:22:47,556] {dag.py:2927} INFO - Setting next_dagrun for tutorial to 2024-03-03T14:22:47.556091+00:00, run_after=2024-03-04T14:22:47.556091+00:00
[2024-03-04 11:22:47,573] {processor.py:161} INFO - Processing /home/luan/Documents/curso-extracao-de-dados/venv/lib/python3.9/site-packages/airflow/example_dags/tutorial.py took 0.052 seconds
[2024-03-04 12:06:03,734] {processor.py:153} INFO - Started process (PID=28801) to work on /home/luan/Documents/curso-extracao-de-dados/venv/lib/python3.9/site-packages/airflow/example_dags/tutorial.py
[2024-03-04 12:06:03,737] {processor.py:641} INFO - Processing file /home/luan/Documents/curso-extracao-de-dados/venv/lib/python3.9/site-packages/airflow/example_dags/tutorial.py for tasks to queue
[2024-03-04 12:06:03,738] {logging_mixin.py:115} INFO - [2024-03-04 12:06:03,738] {dagbag.py:507} INFO - Filling up the DagBag from /home/luan/Documents/curso-extracao-de-dados/venv/lib/python3.9/site-packages/airflow/example_dags/tutorial.py
[2024-03-04 12:06:03,742] {processor.py:651} INFO - DAG(s) dict_keys(['tutorial']) retrieved from /home/luan/Documents/curso-extracao-de-dados/venv/lib/python3.9/site-packages/airflow/example_dags/tutorial.py
[2024-03-04 12:06:03,752] {logging_mixin.py:115} INFO - [2024-03-04 12:06:03,752] {dag.py:2379} INFO - Sync 1 DAGs
[2024-03-04 12:06:03,765] {logging_mixin.py:115} INFO - [2024-03-04 12:06:03,765] {dag.py:2927} INFO - Setting next_dagrun for tutorial to 2024-03-03T15:06:03.765216+00:00, run_after=2024-03-04T15:06:03.765216+00:00
[2024-03-04 12:06:03,779] {processor.py:161} INFO - Processing /home/luan/Documents/curso-extracao-de-dados/venv/lib/python3.9/site-packages/airflow/example_dags/tutorial.py took 0.047 seconds
[2024-03-04 12:06:38,766] {processor.py:153} INFO - Started process (PID=29156) to work on /home/luan/Documents/curso-extracao-de-dados/venv/lib/python3.9/site-packages/airflow/example_dags/tutorial.py
[2024-03-04 12:06:38,769] {processor.py:641} INFO - Processing file /home/luan/Documents/curso-extracao-de-dados/venv/lib/python3.9/site-packages/airflow/example_dags/tutorial.py for tasks to queue
[2024-03-04 12:06:38,770] {logging_mixin.py:115} INFO - [2024-03-04 12:06:38,770] {dagbag.py:507} INFO - Filling up the DagBag from /home/luan/Documents/curso-extracao-de-dados/venv/lib/python3.9/site-packages/airflow/example_dags/tutorial.py
[2024-03-04 12:06:38,774] {processor.py:651} INFO - DAG(s) dict_keys(['tutorial']) retrieved from /home/luan/Documents/curso-extracao-de-dados/venv/lib/python3.9/site-packages/airflow/example_dags/tutorial.py
[2024-03-04 12:06:38,785] {logging_mixin.py:115} INFO - [2024-03-04 12:06:38,785] {dag.py:2379} INFO - Sync 1 DAGs
[2024-03-04 12:06:38,799] {logging_mixin.py:115} INFO - [2024-03-04 12:06:38,799] {dag.py:2927} INFO - Setting next_dagrun for tutorial to 2024-03-03T15:06:38.799410+00:00, run_after=2024-03-04T15:06:38.799410+00:00
[2024-03-04 12:06:38,814] {processor.py:161} INFO - Processing /home/luan/Documents/curso-extracao-de-dados/venv/lib/python3.9/site-packages/airflow/example_dags/tutorial.py took 0.050 seconds
[2024-03-04 12:07:31,682] {processor.py:153} INFO - Started process (PID=29416) to work on /home/luan/Documents/curso-extracao-de-dados/venv/lib/python3.9/site-packages/airflow/example_dags/tutorial.py
[2024-03-04 12:07:31,683] {processor.py:641} INFO - Processing file /home/luan/Documents/curso-extracao-de-dados/venv/lib/python3.9/site-packages/airflow/example_dags/tutorial.py for tasks to queue
[2024-03-04 12:07:31,684] {logging_mixin.py:115} INFO - [2024-03-04 12:07:31,684] {dagbag.py:507} INFO - Filling up the DagBag from /home/luan/Documents/curso-extracao-de-dados/venv/lib/python3.9/site-packages/airflow/example_dags/tutorial.py
[2024-03-04 12:07:31,687] {processor.py:651} INFO - DAG(s) dict_keys(['tutorial']) retrieved from /home/luan/Documents/curso-extracao-de-dados/venv/lib/python3.9/site-packages/airflow/example_dags/tutorial.py
[2024-03-04 12:07:31,699] {logging_mixin.py:115} INFO - [2024-03-04 12:07:31,699] {dag.py:2379} INFO - Sync 1 DAGs
[2024-03-04 12:07:31,713] {logging_mixin.py:115} INFO - [2024-03-04 12:07:31,713] {dag.py:2927} INFO - Setting next_dagrun for tutorial to 2024-03-03T15:07:31.713392+00:00, run_after=2024-03-04T15:07:31.713392+00:00
[2024-03-04 12:07:31,728] {processor.py:161} INFO - Processing /home/luan/Documents/curso-extracao-de-dados/venv/lib/python3.9/site-packages/airflow/example_dags/tutorial.py took 0.048 seconds
[2024-03-04 12:08:05,315] {processor.py:153} INFO - Started process (PID=29535) to work on /home/luan/Documents/curso-extracao-de-dados/venv/lib/python3.9/site-packages/airflow/example_dags/tutorial.py
[2024-03-04 12:08:05,316] {processor.py:641} INFO - Processing file /home/luan/Documents/curso-extracao-de-dados/venv/lib/python3.9/site-packages/airflow/example_dags/tutorial.py for tasks to queue
[2024-03-04 12:08:05,317] {logging_mixin.py:115} INFO - [2024-03-04 12:08:05,317] {dagbag.py:507} INFO - Filling up the DagBag from /home/luan/Documents/curso-extracao-de-dados/venv/lib/python3.9/site-packages/airflow/example_dags/tutorial.py
[2024-03-04 12:08:05,320] {processor.py:651} INFO - DAG(s) dict_keys(['tutorial']) retrieved from /home/luan/Documents/curso-extracao-de-dados/venv/lib/python3.9/site-packages/airflow/example_dags/tutorial.py
[2024-03-04 12:08:05,331] {logging_mixin.py:115} INFO - [2024-03-04 12:08:05,330] {dag.py:2379} INFO - Sync 1 DAGs
[2024-03-04 12:08:05,343] {logging_mixin.py:115} INFO - [2024-03-04 12:08:05,343] {dag.py:2927} INFO - Setting next_dagrun for tutorial to 2024-03-03T15:08:05.343630+00:00, run_after=2024-03-04T15:08:05.343630+00:00
[2024-03-04 12:08:05,360] {processor.py:161} INFO - Processing /home/luan/Documents/curso-extracao-de-dados/venv/lib/python3.9/site-packages/airflow/example_dags/tutorial.py took 0.047 seconds
[2024-03-04 12:08:37,251] {processor.py:153} INFO - Started process (PID=29665) to work on /home/luan/Documents/curso-extracao-de-dados/venv/lib/python3.9/site-packages/airflow/example_dags/tutorial.py
[2024-03-04 12:08:37,253] {processor.py:641} INFO - Processing file /home/luan/Documents/curso-extracao-de-dados/venv/lib/python3.9/site-packages/airflow/example_dags/tutorial.py for tasks to queue
[2024-03-04 12:08:37,253] {logging_mixin.py:115} INFO - [2024-03-04 12:08:37,253] {dagbag.py:507} INFO - Filling up the DagBag from /home/luan/Documents/curso-extracao-de-dados/venv/lib/python3.9/site-packages/airflow/example_dags/tutorial.py
[2024-03-04 12:08:37,257] {processor.py:651} INFO - DAG(s) dict_keys(['tutorial']) retrieved from /home/luan/Documents/curso-extracao-de-dados/venv/lib/python3.9/site-packages/airflow/example_dags/tutorial.py
[2024-03-04 12:08:37,267] {logging_mixin.py:115} INFO - [2024-03-04 12:08:37,267] {dag.py:2379} INFO - Sync 1 DAGs
[2024-03-04 12:08:37,281] {logging_mixin.py:115} INFO - [2024-03-04 12:08:37,281] {dag.py:2927} INFO - Setting next_dagrun for tutorial to 2024-03-03T15:08:37.281341+00:00, run_after=2024-03-04T15:08:37.281341+00:00
[2024-03-04 12:08:37,297] {processor.py:161} INFO - Processing /home/luan/Documents/curso-extracao-de-dados/venv/lib/python3.9/site-packages/airflow/example_dags/tutorial.py took 0.047 seconds
[2024-03-04 12:10:09,253] {processor.py:153} INFO - Started process (PID=30112) to work on /home/luan/Documents/curso-extracao-de-dados/venv/lib/python3.9/site-packages/airflow/example_dags/tutorial.py
[2024-03-04 12:10:09,254] {processor.py:641} INFO - Processing file /home/luan/Documents/curso-extracao-de-dados/venv/lib/python3.9/site-packages/airflow/example_dags/tutorial.py for tasks to queue
[2024-03-04 12:10:09,254] {logging_mixin.py:115} INFO - [2024-03-04 12:10:09,254] {dagbag.py:507} INFO - Filling up the DagBag from /home/luan/Documents/curso-extracao-de-dados/venv/lib/python3.9/site-packages/airflow/example_dags/tutorial.py
[2024-03-04 12:10:09,257] {processor.py:651} INFO - DAG(s) dict_keys(['tutorial']) retrieved from /home/luan/Documents/curso-extracao-de-dados/venv/lib/python3.9/site-packages/airflow/example_dags/tutorial.py
[2024-03-04 12:10:09,268] {logging_mixin.py:115} INFO - [2024-03-04 12:10:09,268] {dag.py:2379} INFO - Sync 1 DAGs
[2024-03-04 12:10:09,282] {logging_mixin.py:115} INFO - [2024-03-04 12:10:09,282] {dag.py:2927} INFO - Setting next_dagrun for tutorial to 2024-03-03T15:10:09.282340+00:00, run_after=2024-03-04T15:10:09.282340+00:00
[2024-03-04 12:10:09,297] {processor.py:161} INFO - Processing /home/luan/Documents/curso-extracao-de-dados/venv/lib/python3.9/site-packages/airflow/example_dags/tutorial.py took 0.046 seconds
[2024-03-04 12:10:43,096] {processor.py:153} INFO - Started process (PID=30243) to work on /home/luan/Documents/curso-extracao-de-dados/venv/lib/python3.9/site-packages/airflow/example_dags/tutorial.py
[2024-03-04 12:10:43,097] {processor.py:641} INFO - Processing file /home/luan/Documents/curso-extracao-de-dados/venv/lib/python3.9/site-packages/airflow/example_dags/tutorial.py for tasks to queue
[2024-03-04 12:10:43,098] {logging_mixin.py:115} INFO - [2024-03-04 12:10:43,098] {dagbag.py:507} INFO - Filling up the DagBag from /home/luan/Documents/curso-extracao-de-dados/venv/lib/python3.9/site-packages/airflow/example_dags/tutorial.py
[2024-03-04 12:10:43,101] {processor.py:651} INFO - DAG(s) dict_keys(['tutorial']) retrieved from /home/luan/Documents/curso-extracao-de-dados/venv/lib/python3.9/site-packages/airflow/example_dags/tutorial.py
[2024-03-04 12:10:43,111] {logging_mixin.py:115} INFO - [2024-03-04 12:10:43,111] {dag.py:2379} INFO - Sync 1 DAGs
[2024-03-04 12:10:43,124] {logging_mixin.py:115} INFO - [2024-03-04 12:10:43,124] {dag.py:2927} INFO - Setting next_dagrun for tutorial to 2024-03-03T15:10:43.124062+00:00, run_after=2024-03-04T15:10:43.124062+00:00
[2024-03-04 12:10:43,141] {processor.py:161} INFO - Processing /home/luan/Documents/curso-extracao-de-dados/venv/lib/python3.9/site-packages/airflow/example_dags/tutorial.py took 0.046 seconds
[2024-03-04 12:11:14,937] {processor.py:153} INFO - Started process (PID=30383) to work on /home/luan/Documents/curso-extracao-de-dados/venv/lib/python3.9/site-packages/airflow/example_dags/tutorial.py
[2024-03-04 12:11:14,941] {processor.py:641} INFO - Processing file /home/luan/Documents/curso-extracao-de-dados/venv/lib/python3.9/site-packages/airflow/example_dags/tutorial.py for tasks to queue
[2024-03-04 12:11:14,942] {logging_mixin.py:115} INFO - [2024-03-04 12:11:14,942] {dagbag.py:507} INFO - Filling up the DagBag from /home/luan/Documents/curso-extracao-de-dados/venv/lib/python3.9/site-packages/airflow/example_dags/tutorial.py
[2024-03-04 12:11:14,946] {processor.py:651} INFO - DAG(s) dict_keys(['tutorial']) retrieved from /home/luan/Documents/curso-extracao-de-dados/venv/lib/python3.9/site-packages/airflow/example_dags/tutorial.py
[2024-03-04 12:11:14,957] {logging_mixin.py:115} INFO - [2024-03-04 12:11:14,957] {dag.py:2379} INFO - Sync 1 DAGs
[2024-03-04 12:11:14,971] {logging_mixin.py:115} INFO - [2024-03-04 12:11:14,971] {dag.py:2927} INFO - Setting next_dagrun for tutorial to 2024-03-03T15:11:14.971287+00:00, run_after=2024-03-04T15:11:14.971287+00:00
[2024-03-04 12:11:14,985] {processor.py:161} INFO - Processing /home/luan/Documents/curso-extracao-de-dados/venv/lib/python3.9/site-packages/airflow/example_dags/tutorial.py took 0.051 seconds
[2024-03-04 12:14:27,527] {processor.py:153} INFO - Started process (PID=31279) to work on /home/luan/Documents/curso-extracao-de-dados/venv/lib/python3.9/site-packages/airflow/example_dags/tutorial.py
[2024-03-04 12:14:27,528] {processor.py:641} INFO - Processing file /home/luan/Documents/curso-extracao-de-dados/venv/lib/python3.9/site-packages/airflow/example_dags/tutorial.py for tasks to queue
[2024-03-04 12:14:27,528] {logging_mixin.py:115} INFO - [2024-03-04 12:14:27,528] {dagbag.py:507} INFO - Filling up the DagBag from /home/luan/Documents/curso-extracao-de-dados/venv/lib/python3.9/site-packages/airflow/example_dags/tutorial.py
[2024-03-04 12:14:27,532] {processor.py:651} INFO - DAG(s) dict_keys(['tutorial']) retrieved from /home/luan/Documents/curso-extracao-de-dados/venv/lib/python3.9/site-packages/airflow/example_dags/tutorial.py
[2024-03-04 12:14:27,542] {logging_mixin.py:115} INFO - [2024-03-04 12:14:27,542] {dag.py:2379} INFO - Sync 1 DAGs
[2024-03-04 12:14:27,556] {logging_mixin.py:115} INFO - [2024-03-04 12:14:27,556] {dag.py:2927} INFO - Setting next_dagrun for tutorial to 2024-03-03T15:14:27.555804+00:00, run_after=2024-03-04T15:14:27.555804+00:00
[2024-03-04 12:14:27,570] {processor.py:161} INFO - Processing /home/luan/Documents/curso-extracao-de-dados/venv/lib/python3.9/site-packages/airflow/example_dags/tutorial.py took 0.045 seconds
[2024-03-04 12:15:01,268] {processor.py:153} INFO - Started process (PID=31409) to work on /home/luan/Documents/curso-extracao-de-dados/venv/lib/python3.9/site-packages/airflow/example_dags/tutorial.py
[2024-03-04 12:15:01,270] {processor.py:641} INFO - Processing file /home/luan/Documents/curso-extracao-de-dados/venv/lib/python3.9/site-packages/airflow/example_dags/tutorial.py for tasks to queue
[2024-03-04 12:15:01,270] {logging_mixin.py:115} INFO - [2024-03-04 12:15:01,270] {dagbag.py:507} INFO - Filling up the DagBag from /home/luan/Documents/curso-extracao-de-dados/venv/lib/python3.9/site-packages/airflow/example_dags/tutorial.py
[2024-03-04 12:15:01,273] {processor.py:651} INFO - DAG(s) dict_keys(['tutorial']) retrieved from /home/luan/Documents/curso-extracao-de-dados/venv/lib/python3.9/site-packages/airflow/example_dags/tutorial.py
[2024-03-04 12:15:01,284] {logging_mixin.py:115} INFO - [2024-03-04 12:15:01,284] {dag.py:2379} INFO - Sync 1 DAGs
[2024-03-04 12:15:01,297] {logging_mixin.py:115} INFO - [2024-03-04 12:15:01,297] {dag.py:2927} INFO - Setting next_dagrun for tutorial to 2024-03-03T15:15:01.296985+00:00, run_after=2024-03-04T15:15:01.296985+00:00
[2024-03-04 12:15:01,310] {processor.py:161} INFO - Processing /home/luan/Documents/curso-extracao-de-dados/venv/lib/python3.9/site-packages/airflow/example_dags/tutorial.py took 0.044 seconds
[2024-03-04 12:15:33,596] {processor.py:153} INFO - Started process (PID=31543) to work on /home/luan/Documents/curso-extracao-de-dados/venv/lib/python3.9/site-packages/airflow/example_dags/tutorial.py
[2024-03-04 12:15:33,597] {processor.py:641} INFO - Processing file /home/luan/Documents/curso-extracao-de-dados/venv/lib/python3.9/site-packages/airflow/example_dags/tutorial.py for tasks to queue
[2024-03-04 12:15:33,598] {logging_mixin.py:115} INFO - [2024-03-04 12:15:33,598] {dagbag.py:507} INFO - Filling up the DagBag from /home/luan/Documents/curso-extracao-de-dados/venv/lib/python3.9/site-packages/airflow/example_dags/tutorial.py
[2024-03-04 12:15:33,602] {processor.py:651} INFO - DAG(s) dict_keys(['tutorial']) retrieved from /home/luan/Documents/curso-extracao-de-dados/venv/lib/python3.9/site-packages/airflow/example_dags/tutorial.py
[2024-03-04 12:15:33,612] {logging_mixin.py:115} INFO - [2024-03-04 12:15:33,612] {dag.py:2379} INFO - Sync 1 DAGs
[2024-03-04 12:15:33,626] {logging_mixin.py:115} INFO - [2024-03-04 12:15:33,626] {dag.py:2927} INFO - Setting next_dagrun for tutorial to 2024-03-03T15:15:33.626486+00:00, run_after=2024-03-04T15:15:33.626486+00:00
[2024-03-04 12:15:33,639] {processor.py:161} INFO - Processing /home/luan/Documents/curso-extracao-de-dados/venv/lib/python3.9/site-packages/airflow/example_dags/tutorial.py took 0.044 seconds
[2024-03-04 12:16:26,436] {processor.py:153} INFO - Started process (PID=31850) to work on /home/luan/Documents/curso-extracao-de-dados/venv/lib/python3.9/site-packages/airflow/example_dags/tutorial.py
[2024-03-04 12:16:26,440] {processor.py:641} INFO - Processing file /home/luan/Documents/curso-extracao-de-dados/venv/lib/python3.9/site-packages/airflow/example_dags/tutorial.py for tasks to queue
[2024-03-04 12:16:26,440] {logging_mixin.py:115} INFO - [2024-03-04 12:16:26,440] {dagbag.py:507} INFO - Filling up the DagBag from /home/luan/Documents/curso-extracao-de-dados/venv/lib/python3.9/site-packages/airflow/example_dags/tutorial.py
[2024-03-04 12:16:26,443] {processor.py:651} INFO - DAG(s) dict_keys(['tutorial']) retrieved from /home/luan/Documents/curso-extracao-de-dados/venv/lib/python3.9/site-packages/airflow/example_dags/tutorial.py
[2024-03-04 12:16:26,453] {logging_mixin.py:115} INFO - [2024-03-04 12:16:26,453] {dag.py:2379} INFO - Sync 1 DAGs
[2024-03-04 12:16:26,467] {logging_mixin.py:115} INFO - [2024-03-04 12:16:26,467] {dag.py:2927} INFO - Setting next_dagrun for tutorial to 2024-03-03T15:16:26.467166+00:00, run_after=2024-03-04T15:16:26.467166+00:00
[2024-03-04 12:16:26,482] {processor.py:161} INFO - Processing /home/luan/Documents/curso-extracao-de-dados/venv/lib/python3.9/site-packages/airflow/example_dags/tutorial.py took 0.048 seconds
[2024-03-04 12:17:00,508] {processor.py:153} INFO - Started process (PID=31988) to work on /home/luan/Documents/curso-extracao-de-dados/venv/lib/python3.9/site-packages/airflow/example_dags/tutorial.py
[2024-03-04 12:17:00,510] {processor.py:641} INFO - Processing file /home/luan/Documents/curso-extracao-de-dados/venv/lib/python3.9/site-packages/airflow/example_dags/tutorial.py for tasks to queue
[2024-03-04 12:17:00,510] {logging_mixin.py:115} INFO - [2024-03-04 12:17:00,510] {dagbag.py:507} INFO - Filling up the DagBag from /home/luan/Documents/curso-extracao-de-dados/venv/lib/python3.9/site-packages/airflow/example_dags/tutorial.py
[2024-03-04 12:17:00,514] {processor.py:651} INFO - DAG(s) dict_keys(['tutorial']) retrieved from /home/luan/Documents/curso-extracao-de-dados/venv/lib/python3.9/site-packages/airflow/example_dags/tutorial.py
[2024-03-04 12:17:00,525] {logging_mixin.py:115} INFO - [2024-03-04 12:17:00,525] {dag.py:2379} INFO - Sync 1 DAGs
[2024-03-04 12:17:00,540] {logging_mixin.py:115} INFO - [2024-03-04 12:17:00,540] {dag.py:2927} INFO - Setting next_dagrun for tutorial to 2024-03-03T15:17:00.540046+00:00, run_after=2024-03-04T15:17:00.540046+00:00
[2024-03-04 12:17:00,557] {processor.py:161} INFO - Processing /home/luan/Documents/curso-extracao-de-dados/venv/lib/python3.9/site-packages/airflow/example_dags/tutorial.py took 0.051 seconds
[2024-03-04 12:17:32,438] {processor.py:153} INFO - Started process (PID=32120) to work on /home/luan/Documents/curso-extracao-de-dados/venv/lib/python3.9/site-packages/airflow/example_dags/tutorial.py
[2024-03-04 12:17:32,439] {processor.py:641} INFO - Processing file /home/luan/Documents/curso-extracao-de-dados/venv/lib/python3.9/site-packages/airflow/example_dags/tutorial.py for tasks to queue
[2024-03-04 12:17:32,439] {logging_mixin.py:115} INFO - [2024-03-04 12:17:32,439] {dagbag.py:507} INFO - Filling up the DagBag from /home/luan/Documents/curso-extracao-de-dados/venv/lib/python3.9/site-packages/airflow/example_dags/tutorial.py
[2024-03-04 12:17:32,443] {processor.py:651} INFO - DAG(s) dict_keys(['tutorial']) retrieved from /home/luan/Documents/curso-extracao-de-dados/venv/lib/python3.9/site-packages/airflow/example_dags/tutorial.py
[2024-03-04 12:17:32,454] {logging_mixin.py:115} INFO - [2024-03-04 12:17:32,454] {dag.py:2379} INFO - Sync 1 DAGs
[2024-03-04 12:17:32,468] {logging_mixin.py:115} INFO - [2024-03-04 12:17:32,468] {dag.py:2927} INFO - Setting next_dagrun for tutorial to 2024-03-03T15:17:32.467976+00:00, run_after=2024-03-04T15:17:32.467976+00:00
[2024-03-04 12:17:32,483] {processor.py:161} INFO - Processing /home/luan/Documents/curso-extracao-de-dados/venv/lib/python3.9/site-packages/airflow/example_dags/tutorial.py took 0.047 seconds
[2024-03-04 12:18:06,229] {processor.py:153} INFO - Started process (PID=32250) to work on /home/luan/Documents/curso-extracao-de-dados/venv/lib/python3.9/site-packages/airflow/example_dags/tutorial.py
[2024-03-04 12:18:06,233] {processor.py:641} INFO - Processing file /home/luan/Documents/curso-extracao-de-dados/venv/lib/python3.9/site-packages/airflow/example_dags/tutorial.py for tasks to queue
[2024-03-04 12:18:06,234] {logging_mixin.py:115} INFO - [2024-03-04 12:18:06,234] {dagbag.py:507} INFO - Filling up the DagBag from /home/luan/Documents/curso-extracao-de-dados/venv/lib/python3.9/site-packages/airflow/example_dags/tutorial.py
[2024-03-04 12:18:06,238] {processor.py:651} INFO - DAG(s) dict_keys(['tutorial']) retrieved from /home/luan/Documents/curso-extracao-de-dados/venv/lib/python3.9/site-packages/airflow/example_dags/tutorial.py
[2024-03-04 12:18:06,248] {logging_mixin.py:115} INFO - [2024-03-04 12:18:06,248] {dag.py:2379} INFO - Sync 1 DAGs
[2024-03-04 12:18:06,263] {logging_mixin.py:115} INFO - [2024-03-04 12:18:06,263] {dag.py:2927} INFO - Setting next_dagrun for tutorial to 2024-03-03T15:18:06.263192+00:00, run_after=2024-03-04T15:18:06.263192+00:00
[2024-03-04 12:18:06,277] {processor.py:161} INFO - Processing /home/luan/Documents/curso-extracao-de-dados/venv/lib/python3.9/site-packages/airflow/example_dags/tutorial.py took 0.049 seconds
[2024-03-04 12:19:00,265] {processor.py:153} INFO - Started process (PID=32551) to work on /home/luan/Documents/curso-extracao-de-dados/venv/lib/python3.9/site-packages/airflow/example_dags/tutorial.py
[2024-03-04 12:19:00,266] {processor.py:641} INFO - Processing file /home/luan/Documents/curso-extracao-de-dados/venv/lib/python3.9/site-packages/airflow/example_dags/tutorial.py for tasks to queue
[2024-03-04 12:19:00,266] {logging_mixin.py:115} INFO - [2024-03-04 12:19:00,266] {dagbag.py:507} INFO - Filling up the DagBag from /home/luan/Documents/curso-extracao-de-dados/venv/lib/python3.9/site-packages/airflow/example_dags/tutorial.py
[2024-03-04 12:19:00,270] {processor.py:651} INFO - DAG(s) dict_keys(['tutorial']) retrieved from /home/luan/Documents/curso-extracao-de-dados/venv/lib/python3.9/site-packages/airflow/example_dags/tutorial.py
[2024-03-04 12:19:00,279] {logging_mixin.py:115} INFO - [2024-03-04 12:19:00,279] {dag.py:2379} INFO - Sync 1 DAGs
[2024-03-04 12:19:00,293] {logging_mixin.py:115} INFO - [2024-03-04 12:19:00,293] {dag.py:2927} INFO - Setting next_dagrun for tutorial to 2024-03-03T15:19:00.293250+00:00, run_after=2024-03-04T15:19:00.293250+00:00
[2024-03-04 12:19:00,307] {processor.py:161} INFO - Processing /home/luan/Documents/curso-extracao-de-dados/venv/lib/python3.9/site-packages/airflow/example_dags/tutorial.py took 0.044 seconds
