[2024-03-04 11:21:18,367] {processor.py:153} INFO - Started process (PID=17471) to work on /home/luan/Documents/curso-extracao-de-dados/venv/lib/python3.9/site-packages/airflow/example_dags/tutorial_etl_dag.py
[2024-03-04 11:21:18,367] {processor.py:641} INFO - Processing file /home/luan/Documents/curso-extracao-de-dados/venv/lib/python3.9/site-packages/airflow/example_dags/tutorial_etl_dag.py for tasks to queue
[2024-03-04 11:21:18,367] {logging_mixin.py:115} INFO - [2024-03-04 11:21:18,367] {dagbag.py:507} INFO - Filling up the DagBag from /home/luan/Documents/curso-extracao-de-dados/venv/lib/python3.9/site-packages/airflow/example_dags/tutorial_etl_dag.py
[2024-03-04 11:21:18,372] {processor.py:651} INFO - DAG(s) dict_keys(['tutorial_etl_dag']) retrieved from /home/luan/Documents/curso-extracao-de-dados/venv/lib/python3.9/site-packages/airflow/example_dags/tutorial_etl_dag.py
[2024-03-04 11:21:18,423] {logging_mixin.py:115} INFO - [2024-03-04 11:21:18,423] {manager.py:508} INFO - Created Permission View: can edit on DAG:tutorial_etl_dag
[2024-03-04 11:21:18,435] {logging_mixin.py:115} INFO - [2024-03-04 11:21:18,435] {manager.py:508} INFO - Created Permission View: can delete on DAG:tutorial_etl_dag
[2024-03-04 11:21:18,448] {logging_mixin.py:115} INFO - [2024-03-04 11:21:18,448] {manager.py:508} INFO - Created Permission View: can read on DAG:tutorial_etl_dag
[2024-03-04 11:21:18,449] {logging_mixin.py:115} INFO - [2024-03-04 11:21:18,449] {dag.py:2379} INFO - Sync 1 DAGs
[2024-03-04 11:21:18,456] {logging_mixin.py:115} INFO - [2024-03-04 11:21:18,456] {dag.py:2398} INFO - Creating ORM DAG for tutorial_etl_dag
[2024-03-04 11:21:18,464] {logging_mixin.py:115} INFO - [2024-03-04 11:21:18,464] {dag.py:2927} INFO - Setting next_dagrun for tutorial_etl_dag to None, run_after=None
[2024-03-04 11:21:18,485] {processor.py:161} INFO - Processing /home/luan/Documents/curso-extracao-de-dados/venv/lib/python3.9/site-packages/airflow/example_dags/tutorial_etl_dag.py took 0.120 seconds
[2024-03-04 11:21:53,739] {processor.py:153} INFO - Started process (PID=17612) to work on /home/luan/Documents/curso-extracao-de-dados/venv/lib/python3.9/site-packages/airflow/example_dags/tutorial_etl_dag.py
[2024-03-04 11:21:53,743] {processor.py:641} INFO - Processing file /home/luan/Documents/curso-extracao-de-dados/venv/lib/python3.9/site-packages/airflow/example_dags/tutorial_etl_dag.py for tasks to queue
[2024-03-04 11:21:53,743] {logging_mixin.py:115} INFO - [2024-03-04 11:21:53,743] {dagbag.py:507} INFO - Filling up the DagBag from /home/luan/Documents/curso-extracao-de-dados/venv/lib/python3.9/site-packages/airflow/example_dags/tutorial_etl_dag.py
[2024-03-04 11:21:53,747] {processor.py:651} INFO - DAG(s) dict_keys(['tutorial_etl_dag']) retrieved from /home/luan/Documents/curso-extracao-de-dados/venv/lib/python3.9/site-packages/airflow/example_dags/tutorial_etl_dag.py
[2024-03-04 11:21:53,758] {logging_mixin.py:115} INFO - [2024-03-04 11:21:53,758] {dag.py:2379} INFO - Sync 1 DAGs
[2024-03-04 11:21:53,772] {logging_mixin.py:115} INFO - [2024-03-04 11:21:53,772] {dag.py:2927} INFO - Setting next_dagrun for tutorial_etl_dag to None, run_after=None
[2024-03-04 11:21:53,787] {processor.py:161} INFO - Processing /home/luan/Documents/curso-extracao-de-dados/venv/lib/python3.9/site-packages/airflow/example_dags/tutorial_etl_dag.py took 0.050 seconds
[2024-03-04 11:22:25,728] {processor.py:153} INFO - Started process (PID=17743) to work on /home/luan/Documents/curso-extracao-de-dados/venv/lib/python3.9/site-packages/airflow/example_dags/tutorial_etl_dag.py
[2024-03-04 11:22:25,732] {processor.py:641} INFO - Processing file /home/luan/Documents/curso-extracao-de-dados/venv/lib/python3.9/site-packages/airflow/example_dags/tutorial_etl_dag.py for tasks to queue
[2024-03-04 11:22:25,733] {logging_mixin.py:115} INFO - [2024-03-04 11:22:25,733] {dagbag.py:507} INFO - Filling up the DagBag from /home/luan/Documents/curso-extracao-de-dados/venv/lib/python3.9/site-packages/airflow/example_dags/tutorial_etl_dag.py
[2024-03-04 11:22:25,738] {processor.py:651} INFO - DAG(s) dict_keys(['tutorial_etl_dag']) retrieved from /home/luan/Documents/curso-extracao-de-dados/venv/lib/python3.9/site-packages/airflow/example_dags/tutorial_etl_dag.py
[2024-03-04 11:22:25,751] {logging_mixin.py:115} INFO - [2024-03-04 11:22:25,751] {dag.py:2379} INFO - Sync 1 DAGs
[2024-03-04 11:22:25,768] {logging_mixin.py:115} INFO - [2024-03-04 11:22:25,768] {dag.py:2927} INFO - Setting next_dagrun for tutorial_etl_dag to None, run_after=None
[2024-03-04 11:22:25,784] {processor.py:161} INFO - Processing /home/luan/Documents/curso-extracao-de-dados/venv/lib/python3.9/site-packages/airflow/example_dags/tutorial_etl_dag.py took 0.058 seconds
[2024-03-04 12:05:44,916] {processor.py:153} INFO - Started process (PID=28723) to work on /home/luan/Documents/curso-extracao-de-dados/venv/lib/python3.9/site-packages/airflow/example_dags/tutorial_etl_dag.py
[2024-03-04 12:05:44,917] {processor.py:641} INFO - Processing file /home/luan/Documents/curso-extracao-de-dados/venv/lib/python3.9/site-packages/airflow/example_dags/tutorial_etl_dag.py for tasks to queue
[2024-03-04 12:05:44,918] {logging_mixin.py:115} INFO - [2024-03-04 12:05:44,917] {dagbag.py:507} INFO - Filling up the DagBag from /home/luan/Documents/curso-extracao-de-dados/venv/lib/python3.9/site-packages/airflow/example_dags/tutorial_etl_dag.py
[2024-03-04 12:05:44,922] {processor.py:651} INFO - DAG(s) dict_keys(['tutorial_etl_dag']) retrieved from /home/luan/Documents/curso-extracao-de-dados/venv/lib/python3.9/site-packages/airflow/example_dags/tutorial_etl_dag.py
[2024-03-04 12:05:44,931] {logging_mixin.py:115} INFO - [2024-03-04 12:05:44,931] {dag.py:2379} INFO - Sync 1 DAGs
[2024-03-04 12:05:44,944] {logging_mixin.py:115} INFO - [2024-03-04 12:05:44,944] {dag.py:2927} INFO - Setting next_dagrun for tutorial_etl_dag to None, run_after=None
[2024-03-04 12:05:44,960] {processor.py:161} INFO - Processing /home/luan/Documents/curso-extracao-de-dados/venv/lib/python3.9/site-packages/airflow/example_dags/tutorial_etl_dag.py took 0.046 seconds
[2024-03-04 12:06:17,256] {processor.py:153} INFO - Started process (PID=29008) to work on /home/luan/Documents/curso-extracao-de-dados/venv/lib/python3.9/site-packages/airflow/example_dags/tutorial_etl_dag.py
[2024-03-04 12:06:17,261] {processor.py:641} INFO - Processing file /home/luan/Documents/curso-extracao-de-dados/venv/lib/python3.9/site-packages/airflow/example_dags/tutorial_etl_dag.py for tasks to queue
[2024-03-04 12:06:17,261] {logging_mixin.py:115} INFO - [2024-03-04 12:06:17,261] {dagbag.py:507} INFO - Filling up the DagBag from /home/luan/Documents/curso-extracao-de-dados/venv/lib/python3.9/site-packages/airflow/example_dags/tutorial_etl_dag.py
[2024-03-04 12:06:17,265] {processor.py:651} INFO - DAG(s) dict_keys(['tutorial_etl_dag']) retrieved from /home/luan/Documents/curso-extracao-de-dados/venv/lib/python3.9/site-packages/airflow/example_dags/tutorial_etl_dag.py
[2024-03-04 12:06:17,279] {logging_mixin.py:115} INFO - [2024-03-04 12:06:17,279] {dag.py:2379} INFO - Sync 1 DAGs
[2024-03-04 12:06:17,296] {logging_mixin.py:115} INFO - [2024-03-04 12:06:17,296] {dag.py:2927} INFO - Setting next_dagrun for tutorial_etl_dag to None, run_after=None
[2024-03-04 12:06:17,312] {processor.py:161} INFO - Processing /home/luan/Documents/curso-extracao-de-dados/venv/lib/python3.9/site-packages/airflow/example_dags/tutorial_etl_dag.py took 0.057 seconds
[2024-03-04 12:06:50,822] {processor.py:153} INFO - Started process (PID=29189) to work on /home/luan/Documents/curso-extracao-de-dados/venv/lib/python3.9/site-packages/airflow/example_dags/tutorial_etl_dag.py
[2024-03-04 12:06:50,826] {processor.py:641} INFO - Processing file /home/luan/Documents/curso-extracao-de-dados/venv/lib/python3.9/site-packages/airflow/example_dags/tutorial_etl_dag.py for tasks to queue
[2024-03-04 12:06:50,826] {logging_mixin.py:115} INFO - [2024-03-04 12:06:50,826] {dagbag.py:507} INFO - Filling up the DagBag from /home/luan/Documents/curso-extracao-de-dados/venv/lib/python3.9/site-packages/airflow/example_dags/tutorial_etl_dag.py
[2024-03-04 12:06:50,831] {processor.py:651} INFO - DAG(s) dict_keys(['tutorial_etl_dag']) retrieved from /home/luan/Documents/curso-extracao-de-dados/venv/lib/python3.9/site-packages/airflow/example_dags/tutorial_etl_dag.py
[2024-03-04 12:06:50,842] {logging_mixin.py:115} INFO - [2024-03-04 12:06:50,842] {dag.py:2379} INFO - Sync 1 DAGs
[2024-03-04 12:06:50,856] {logging_mixin.py:115} INFO - [2024-03-04 12:06:50,856] {dag.py:2927} INFO - Setting next_dagrun for tutorial_etl_dag to None, run_after=None
[2024-03-04 12:06:50,870] {processor.py:161} INFO - Processing /home/luan/Documents/curso-extracao-de-dados/venv/lib/python3.9/site-packages/airflow/example_dags/tutorial_etl_dag.py took 0.050 seconds
[2024-03-04 12:07:12,765] {processor.py:153} INFO - Started process (PID=29351) to work on /home/luan/Documents/curso-extracao-de-dados/venv/lib/python3.9/site-packages/airflow/example_dags/tutorial_etl_dag.py
[2024-03-04 12:07:12,768] {processor.py:641} INFO - Processing file /home/luan/Documents/curso-extracao-de-dados/venv/lib/python3.9/site-packages/airflow/example_dags/tutorial_etl_dag.py for tasks to queue
[2024-03-04 12:07:12,769] {logging_mixin.py:115} INFO - [2024-03-04 12:07:12,769] {dagbag.py:507} INFO - Filling up the DagBag from /home/luan/Documents/curso-extracao-de-dados/venv/lib/python3.9/site-packages/airflow/example_dags/tutorial_etl_dag.py
[2024-03-04 12:07:12,775] {processor.py:651} INFO - DAG(s) dict_keys(['tutorial_etl_dag']) retrieved from /home/luan/Documents/curso-extracao-de-dados/venv/lib/python3.9/site-packages/airflow/example_dags/tutorial_etl_dag.py
[2024-03-04 12:07:12,791] {logging_mixin.py:115} INFO - [2024-03-04 12:07:12,791] {dag.py:2379} INFO - Sync 1 DAGs
[2024-03-04 12:07:12,810] {logging_mixin.py:115} INFO - [2024-03-04 12:07:12,810] {dag.py:2927} INFO - Setting next_dagrun for tutorial_etl_dag to None, run_after=None
[2024-03-04 12:07:12,828] {processor.py:161} INFO - Processing /home/luan/Documents/curso-extracao-de-dados/venv/lib/python3.9/site-packages/airflow/example_dags/tutorial_etl_dag.py took 0.065 seconds
[2024-03-04 12:07:43,619] {processor.py:153} INFO - Started process (PID=29453) to work on /home/luan/Documents/curso-extracao-de-dados/venv/lib/python3.9/site-packages/airflow/example_dags/tutorial_etl_dag.py
[2024-03-04 12:07:43,623] {processor.py:641} INFO - Processing file /home/luan/Documents/curso-extracao-de-dados/venv/lib/python3.9/site-packages/airflow/example_dags/tutorial_etl_dag.py for tasks to queue
[2024-03-04 12:07:43,625] {logging_mixin.py:115} INFO - [2024-03-04 12:07:43,625] {dagbag.py:507} INFO - Filling up the DagBag from /home/luan/Documents/curso-extracao-de-dados/venv/lib/python3.9/site-packages/airflow/example_dags/tutorial_etl_dag.py
[2024-03-04 12:07:43,640] {processor.py:651} INFO - DAG(s) dict_keys(['tutorial_etl_dag']) retrieved from /home/luan/Documents/curso-extracao-de-dados/venv/lib/python3.9/site-packages/airflow/example_dags/tutorial_etl_dag.py
[2024-03-04 12:07:43,654] {logging_mixin.py:115} INFO - [2024-03-04 12:07:43,654] {dag.py:2379} INFO - Sync 1 DAGs
[2024-03-04 12:07:43,677] {logging_mixin.py:115} INFO - [2024-03-04 12:07:43,677] {dag.py:2927} INFO - Setting next_dagrun for tutorial_etl_dag to None, run_after=None
[2024-03-04 12:07:43,699] {processor.py:161} INFO - Processing /home/luan/Documents/curso-extracao-de-dados/venv/lib/python3.9/site-packages/airflow/example_dags/tutorial_etl_dag.py took 0.082 seconds
[2024-03-04 12:08:17,414] {processor.py:153} INFO - Started process (PID=29584) to work on /home/luan/Documents/curso-extracao-de-dados/venv/lib/python3.9/site-packages/airflow/example_dags/tutorial_etl_dag.py
[2024-03-04 12:08:17,417] {processor.py:641} INFO - Processing file /home/luan/Documents/curso-extracao-de-dados/venv/lib/python3.9/site-packages/airflow/example_dags/tutorial_etl_dag.py for tasks to queue
[2024-03-04 12:08:17,418] {logging_mixin.py:115} INFO - [2024-03-04 12:08:17,418] {dagbag.py:507} INFO - Filling up the DagBag from /home/luan/Documents/curso-extracao-de-dados/venv/lib/python3.9/site-packages/airflow/example_dags/tutorial_etl_dag.py
[2024-03-04 12:08:17,422] {processor.py:651} INFO - DAG(s) dict_keys(['tutorial_etl_dag']) retrieved from /home/luan/Documents/curso-extracao-de-dados/venv/lib/python3.9/site-packages/airflow/example_dags/tutorial_etl_dag.py
[2024-03-04 12:08:17,434] {logging_mixin.py:115} INFO - [2024-03-04 12:08:17,434] {dag.py:2379} INFO - Sync 1 DAGs
[2024-03-04 12:08:17,458] {logging_mixin.py:115} INFO - [2024-03-04 12:08:17,458] {dag.py:2927} INFO - Setting next_dagrun for tutorial_etl_dag to None, run_after=None
[2024-03-04 12:08:17,471] {processor.py:161} INFO - Processing /home/luan/Documents/curso-extracao-de-dados/venv/lib/python3.9/site-packages/airflow/example_dags/tutorial_etl_dag.py took 0.059 seconds
[2024-03-04 12:08:48,939] {processor.py:153} INFO - Started process (PID=29708) to work on /home/luan/Documents/curso-extracao-de-dados/venv/lib/python3.9/site-packages/airflow/example_dags/tutorial_etl_dag.py
[2024-03-04 12:08:48,944] {processor.py:641} INFO - Processing file /home/luan/Documents/curso-extracao-de-dados/venv/lib/python3.9/site-packages/airflow/example_dags/tutorial_etl_dag.py for tasks to queue
[2024-03-04 12:08:48,944] {logging_mixin.py:115} INFO - [2024-03-04 12:08:48,944] {dagbag.py:507} INFO - Filling up the DagBag from /home/luan/Documents/curso-extracao-de-dados/venv/lib/python3.9/site-packages/airflow/example_dags/tutorial_etl_dag.py
[2024-03-04 12:08:48,948] {processor.py:651} INFO - DAG(s) dict_keys(['tutorial_etl_dag']) retrieved from /home/luan/Documents/curso-extracao-de-dados/venv/lib/python3.9/site-packages/airflow/example_dags/tutorial_etl_dag.py
[2024-03-04 12:08:48,958] {logging_mixin.py:115} INFO - [2024-03-04 12:08:48,958] {dag.py:2379} INFO - Sync 1 DAGs
[2024-03-04 12:08:48,971] {logging_mixin.py:115} INFO - [2024-03-04 12:08:48,970] {dag.py:2927} INFO - Setting next_dagrun for tutorial_etl_dag to None, run_after=None
[2024-03-04 12:08:48,987] {processor.py:161} INFO - Processing /home/luan/Documents/curso-extracao-de-dados/venv/lib/python3.9/site-packages/airflow/example_dags/tutorial_etl_dag.py took 0.049 seconds
[2024-03-04 12:09:50,449] {processor.py:153} INFO - Started process (PID=30035) to work on /home/luan/Documents/curso-extracao-de-dados/venv/lib/python3.9/site-packages/airflow/example_dags/tutorial_etl_dag.py
[2024-03-04 12:09:50,454] {processor.py:641} INFO - Processing file /home/luan/Documents/curso-extracao-de-dados/venv/lib/python3.9/site-packages/airflow/example_dags/tutorial_etl_dag.py for tasks to queue
[2024-03-04 12:09:50,454] {logging_mixin.py:115} INFO - [2024-03-04 12:09:50,454] {dagbag.py:507} INFO - Filling up the DagBag from /home/luan/Documents/curso-extracao-de-dados/venv/lib/python3.9/site-packages/airflow/example_dags/tutorial_etl_dag.py
[2024-03-04 12:09:50,458] {processor.py:651} INFO - DAG(s) dict_keys(['tutorial_etl_dag']) retrieved from /home/luan/Documents/curso-extracao-de-dados/venv/lib/python3.9/site-packages/airflow/example_dags/tutorial_etl_dag.py
[2024-03-04 12:09:50,468] {logging_mixin.py:115} INFO - [2024-03-04 12:09:50,467] {dag.py:2379} INFO - Sync 1 DAGs
[2024-03-04 12:09:50,480] {logging_mixin.py:115} INFO - [2024-03-04 12:09:50,480] {dag.py:2927} INFO - Setting next_dagrun for tutorial_etl_dag to None, run_after=None
[2024-03-04 12:09:50,495] {processor.py:161} INFO - Processing /home/luan/Documents/curso-extracao-de-dados/venv/lib/python3.9/site-packages/airflow/example_dags/tutorial_etl_dag.py took 0.047 seconds
[2024-03-04 12:10:21,299] {processor.py:153} INFO - Started process (PID=30161) to work on /home/luan/Documents/curso-extracao-de-dados/venv/lib/python3.9/site-packages/airflow/example_dags/tutorial_etl_dag.py
[2024-03-04 12:10:21,303] {processor.py:641} INFO - Processing file /home/luan/Documents/curso-extracao-de-dados/venv/lib/python3.9/site-packages/airflow/example_dags/tutorial_etl_dag.py for tasks to queue
[2024-03-04 12:10:21,304] {logging_mixin.py:115} INFO - [2024-03-04 12:10:21,304] {dagbag.py:507} INFO - Filling up the DagBag from /home/luan/Documents/curso-extracao-de-dados/venv/lib/python3.9/site-packages/airflow/example_dags/tutorial_etl_dag.py
[2024-03-04 12:10:21,308] {processor.py:651} INFO - DAG(s) dict_keys(['tutorial_etl_dag']) retrieved from /home/luan/Documents/curso-extracao-de-dados/venv/lib/python3.9/site-packages/airflow/example_dags/tutorial_etl_dag.py
[2024-03-04 12:10:21,318] {logging_mixin.py:115} INFO - [2024-03-04 12:10:21,318] {dag.py:2379} INFO - Sync 1 DAGs
[2024-03-04 12:10:21,331] {logging_mixin.py:115} INFO - [2024-03-04 12:10:21,331] {dag.py:2927} INFO - Setting next_dagrun for tutorial_etl_dag to None, run_after=None
[2024-03-04 12:10:21,346] {processor.py:161} INFO - Processing /home/luan/Documents/curso-extracao-de-dados/venv/lib/python3.9/site-packages/airflow/example_dags/tutorial_etl_dag.py took 0.048 seconds
[2024-03-04 12:10:55,085] {processor.py:153} INFO - Started process (PID=30297) to work on /home/luan/Documents/curso-extracao-de-dados/venv/lib/python3.9/site-packages/airflow/example_dags/tutorial_etl_dag.py
[2024-03-04 12:10:55,087] {processor.py:641} INFO - Processing file /home/luan/Documents/curso-extracao-de-dados/venv/lib/python3.9/site-packages/airflow/example_dags/tutorial_etl_dag.py for tasks to queue
[2024-03-04 12:10:55,087] {logging_mixin.py:115} INFO - [2024-03-04 12:10:55,087] {dagbag.py:507} INFO - Filling up the DagBag from /home/luan/Documents/curso-extracao-de-dados/venv/lib/python3.9/site-packages/airflow/example_dags/tutorial_etl_dag.py
[2024-03-04 12:10:55,091] {processor.py:651} INFO - DAG(s) dict_keys(['tutorial_etl_dag']) retrieved from /home/luan/Documents/curso-extracao-de-dados/venv/lib/python3.9/site-packages/airflow/example_dags/tutorial_etl_dag.py
[2024-03-04 12:10:55,101] {logging_mixin.py:115} INFO - [2024-03-04 12:10:55,101] {dag.py:2379} INFO - Sync 1 DAGs
[2024-03-04 12:10:55,114] {logging_mixin.py:115} INFO - [2024-03-04 12:10:55,114] {dag.py:2927} INFO - Setting next_dagrun for tutorial_etl_dag to None, run_after=None
[2024-03-04 12:10:55,129] {processor.py:161} INFO - Processing /home/luan/Documents/curso-extracao-de-dados/venv/lib/python3.9/site-packages/airflow/example_dags/tutorial_etl_dag.py took 0.046 seconds
[2024-03-04 12:11:26,606] {processor.py:153} INFO - Started process (PID=30426) to work on /home/luan/Documents/curso-extracao-de-dados/venv/lib/python3.9/site-packages/airflow/example_dags/tutorial_etl_dag.py
[2024-03-04 12:11:26,610] {processor.py:641} INFO - Processing file /home/luan/Documents/curso-extracao-de-dados/venv/lib/python3.9/site-packages/airflow/example_dags/tutorial_etl_dag.py for tasks to queue
[2024-03-04 12:11:26,611] {logging_mixin.py:115} INFO - [2024-03-04 12:11:26,610] {dagbag.py:507} INFO - Filling up the DagBag from /home/luan/Documents/curso-extracao-de-dados/venv/lib/python3.9/site-packages/airflow/example_dags/tutorial_etl_dag.py
[2024-03-04 12:11:26,616] {processor.py:651} INFO - DAG(s) dict_keys(['tutorial_etl_dag']) retrieved from /home/luan/Documents/curso-extracao-de-dados/venv/lib/python3.9/site-packages/airflow/example_dags/tutorial_etl_dag.py
[2024-03-04 12:11:26,626] {logging_mixin.py:115} INFO - [2024-03-04 12:11:26,626] {dag.py:2379} INFO - Sync 1 DAGs
[2024-03-04 12:11:26,640] {logging_mixin.py:115} INFO - [2024-03-04 12:11:26,639] {dag.py:2927} INFO - Setting next_dagrun for tutorial_etl_dag to None, run_after=None
[2024-03-04 12:11:26,654] {processor.py:161} INFO - Processing /home/luan/Documents/curso-extracao-de-dados/venv/lib/python3.9/site-packages/airflow/example_dags/tutorial_etl_dag.py took 0.049 seconds
[2024-03-04 12:14:08,709] {processor.py:153} INFO - Started process (PID=31201) to work on /home/luan/Documents/curso-extracao-de-dados/venv/lib/python3.9/site-packages/airflow/example_dags/tutorial_etl_dag.py
[2024-03-04 12:14:08,710] {processor.py:641} INFO - Processing file /home/luan/Documents/curso-extracao-de-dados/venv/lib/python3.9/site-packages/airflow/example_dags/tutorial_etl_dag.py for tasks to queue
[2024-03-04 12:14:08,711] {logging_mixin.py:115} INFO - [2024-03-04 12:14:08,711] {dagbag.py:507} INFO - Filling up the DagBag from /home/luan/Documents/curso-extracao-de-dados/venv/lib/python3.9/site-packages/airflow/example_dags/tutorial_etl_dag.py
[2024-03-04 12:14:08,718] {processor.py:651} INFO - DAG(s) dict_keys(['tutorial_etl_dag']) retrieved from /home/luan/Documents/curso-extracao-de-dados/venv/lib/python3.9/site-packages/airflow/example_dags/tutorial_etl_dag.py
[2024-03-04 12:14:08,730] {logging_mixin.py:115} INFO - [2024-03-04 12:14:08,730] {dag.py:2379} INFO - Sync 1 DAGs
[2024-03-04 12:14:08,755] {logging_mixin.py:115} INFO - [2024-03-04 12:14:08,755] {dag.py:2927} INFO - Setting next_dagrun for tutorial_etl_dag to None, run_after=None
[2024-03-04 12:14:08,770] {processor.py:161} INFO - Processing /home/luan/Documents/curso-extracao-de-dados/venv/lib/python3.9/site-packages/airflow/example_dags/tutorial_etl_dag.py took 0.063 seconds
[2024-03-04 12:14:39,564] {processor.py:153} INFO - Started process (PID=31328) to work on /home/luan/Documents/curso-extracao-de-dados/venv/lib/python3.9/site-packages/airflow/example_dags/tutorial_etl_dag.py
[2024-03-04 12:14:39,566] {processor.py:641} INFO - Processing file /home/luan/Documents/curso-extracao-de-dados/venv/lib/python3.9/site-packages/airflow/example_dags/tutorial_etl_dag.py for tasks to queue
[2024-03-04 12:14:39,566] {logging_mixin.py:115} INFO - [2024-03-04 12:14:39,566] {dagbag.py:507} INFO - Filling up the DagBag from /home/luan/Documents/curso-extracao-de-dados/venv/lib/python3.9/site-packages/airflow/example_dags/tutorial_etl_dag.py
[2024-03-04 12:14:39,570] {processor.py:651} INFO - DAG(s) dict_keys(['tutorial_etl_dag']) retrieved from /home/luan/Documents/curso-extracao-de-dados/venv/lib/python3.9/site-packages/airflow/example_dags/tutorial_etl_dag.py
[2024-03-04 12:14:39,580] {logging_mixin.py:115} INFO - [2024-03-04 12:14:39,580] {dag.py:2379} INFO - Sync 1 DAGs
[2024-03-04 12:14:39,593] {logging_mixin.py:115} INFO - [2024-03-04 12:14:39,592] {dag.py:2927} INFO - Setting next_dagrun for tutorial_etl_dag to None, run_after=None
[2024-03-04 12:14:39,609] {processor.py:161} INFO - Processing /home/luan/Documents/curso-extracao-de-dados/venv/lib/python3.9/site-packages/airflow/example_dags/tutorial_etl_dag.py took 0.047 seconds
[2024-03-04 12:15:13,338] {processor.py:153} INFO - Started process (PID=31460) to work on /home/luan/Documents/curso-extracao-de-dados/venv/lib/python3.9/site-packages/airflow/example_dags/tutorial_etl_dag.py
[2024-03-04 12:15:13,339] {processor.py:641} INFO - Processing file /home/luan/Documents/curso-extracao-de-dados/venv/lib/python3.9/site-packages/airflow/example_dags/tutorial_etl_dag.py for tasks to queue
[2024-03-04 12:15:13,340] {logging_mixin.py:115} INFO - [2024-03-04 12:15:13,340] {dagbag.py:507} INFO - Filling up the DagBag from /home/luan/Documents/curso-extracao-de-dados/venv/lib/python3.9/site-packages/airflow/example_dags/tutorial_etl_dag.py
[2024-03-04 12:15:13,344] {processor.py:651} INFO - DAG(s) dict_keys(['tutorial_etl_dag']) retrieved from /home/luan/Documents/curso-extracao-de-dados/venv/lib/python3.9/site-packages/airflow/example_dags/tutorial_etl_dag.py
[2024-03-04 12:15:13,358] {logging_mixin.py:115} INFO - [2024-03-04 12:15:13,358] {dag.py:2379} INFO - Sync 1 DAGs
[2024-03-04 12:15:13,372] {logging_mixin.py:115} INFO - [2024-03-04 12:15:13,372] {dag.py:2927} INFO - Setting next_dagrun for tutorial_etl_dag to None, run_after=None
[2024-03-04 12:15:13,387] {processor.py:161} INFO - Processing /home/luan/Documents/curso-extracao-de-dados/venv/lib/python3.9/site-packages/airflow/example_dags/tutorial_etl_dag.py took 0.050 seconds
[2024-03-04 12:15:45,169] {processor.py:153} INFO - Started process (PID=31586) to work on /home/luan/Documents/curso-extracao-de-dados/venv/lib/python3.9/site-packages/airflow/example_dags/tutorial_etl_dag.py
[2024-03-04 12:15:45,170] {processor.py:641} INFO - Processing file /home/luan/Documents/curso-extracao-de-dados/venv/lib/python3.9/site-packages/airflow/example_dags/tutorial_etl_dag.py for tasks to queue
[2024-03-04 12:15:45,171] {logging_mixin.py:115} INFO - [2024-03-04 12:15:45,171] {dagbag.py:507} INFO - Filling up the DagBag from /home/luan/Documents/curso-extracao-de-dados/venv/lib/python3.9/site-packages/airflow/example_dags/tutorial_etl_dag.py
[2024-03-04 12:15:45,176] {processor.py:651} INFO - DAG(s) dict_keys(['tutorial_etl_dag']) retrieved from /home/luan/Documents/curso-extracao-de-dados/venv/lib/python3.9/site-packages/airflow/example_dags/tutorial_etl_dag.py
[2024-03-04 12:15:45,186] {logging_mixin.py:115} INFO - [2024-03-04 12:15:45,186] {dag.py:2379} INFO - Sync 1 DAGs
[2024-03-04 12:15:45,199] {logging_mixin.py:115} INFO - [2024-03-04 12:15:45,199] {dag.py:2927} INFO - Setting next_dagrun for tutorial_etl_dag to None, run_after=None
[2024-03-04 12:15:45,212] {processor.py:161} INFO - Processing /home/luan/Documents/curso-extracao-de-dados/venv/lib/python3.9/site-packages/airflow/example_dags/tutorial_etl_dag.py took 0.045 seconds
[2024-03-04 12:16:07,519] {processor.py:153} INFO - Started process (PID=31775) to work on /home/luan/Documents/curso-extracao-de-dados/venv/lib/python3.9/site-packages/airflow/example_dags/tutorial_etl_dag.py
[2024-03-04 12:16:07,520] {processor.py:641} INFO - Processing file /home/luan/Documents/curso-extracao-de-dados/venv/lib/python3.9/site-packages/airflow/example_dags/tutorial_etl_dag.py for tasks to queue
[2024-03-04 12:16:07,521] {logging_mixin.py:115} INFO - [2024-03-04 12:16:07,520] {dagbag.py:507} INFO - Filling up the DagBag from /home/luan/Documents/curso-extracao-de-dados/venv/lib/python3.9/site-packages/airflow/example_dags/tutorial_etl_dag.py
[2024-03-04 12:16:07,525] {processor.py:651} INFO - DAG(s) dict_keys(['tutorial_etl_dag']) retrieved from /home/luan/Documents/curso-extracao-de-dados/venv/lib/python3.9/site-packages/airflow/example_dags/tutorial_etl_dag.py
[2024-03-04 12:16:07,534] {logging_mixin.py:115} INFO - [2024-03-04 12:16:07,534] {dag.py:2379} INFO - Sync 1 DAGs
[2024-03-04 12:16:07,546] {logging_mixin.py:115} INFO - [2024-03-04 12:16:07,546] {dag.py:2927} INFO - Setting next_dagrun for tutorial_etl_dag to None, run_after=None
[2024-03-04 12:16:07,562] {processor.py:161} INFO - Processing /home/luan/Documents/curso-extracao-de-dados/venv/lib/python3.9/site-packages/airflow/example_dags/tutorial_etl_dag.py took 0.045 seconds
[2024-03-04 12:16:38,476] {processor.py:153} INFO - Started process (PID=31899) to work on /home/luan/Documents/curso-extracao-de-dados/venv/lib/python3.9/site-packages/airflow/example_dags/tutorial_etl_dag.py
[2024-03-04 12:16:38,481] {processor.py:641} INFO - Processing file /home/luan/Documents/curso-extracao-de-dados/venv/lib/python3.9/site-packages/airflow/example_dags/tutorial_etl_dag.py for tasks to queue
[2024-03-04 12:16:38,481] {logging_mixin.py:115} INFO - [2024-03-04 12:16:38,481] {dagbag.py:507} INFO - Filling up the DagBag from /home/luan/Documents/curso-extracao-de-dados/venv/lib/python3.9/site-packages/airflow/example_dags/tutorial_etl_dag.py
[2024-03-04 12:16:38,486] {processor.py:651} INFO - DAG(s) dict_keys(['tutorial_etl_dag']) retrieved from /home/luan/Documents/curso-extracao-de-dados/venv/lib/python3.9/site-packages/airflow/example_dags/tutorial_etl_dag.py
[2024-03-04 12:16:38,495] {logging_mixin.py:115} INFO - [2024-03-04 12:16:38,495] {dag.py:2379} INFO - Sync 1 DAGs
[2024-03-04 12:16:38,508] {logging_mixin.py:115} INFO - [2024-03-04 12:16:38,508] {dag.py:2927} INFO - Setting next_dagrun for tutorial_etl_dag to None, run_after=None
[2024-03-04 12:16:38,520] {processor.py:161} INFO - Processing /home/luan/Documents/curso-extracao-de-dados/venv/lib/python3.9/site-packages/airflow/example_dags/tutorial_etl_dag.py took 0.045 seconds
[2024-03-04 12:17:12,175] {processor.py:153} INFO - Started process (PID=32039) to work on /home/luan/Documents/curso-extracao-de-dados/venv/lib/python3.9/site-packages/airflow/example_dags/tutorial_etl_dag.py
[2024-03-04 12:17:12,179] {processor.py:641} INFO - Processing file /home/luan/Documents/curso-extracao-de-dados/venv/lib/python3.9/site-packages/airflow/example_dags/tutorial_etl_dag.py for tasks to queue
[2024-03-04 12:17:12,180] {logging_mixin.py:115} INFO - [2024-03-04 12:17:12,180] {dagbag.py:507} INFO - Filling up the DagBag from /home/luan/Documents/curso-extracao-de-dados/venv/lib/python3.9/site-packages/airflow/example_dags/tutorial_etl_dag.py
[2024-03-04 12:17:12,185] {processor.py:651} INFO - DAG(s) dict_keys(['tutorial_etl_dag']) retrieved from /home/luan/Documents/curso-extracao-de-dados/venv/lib/python3.9/site-packages/airflow/example_dags/tutorial_etl_dag.py
[2024-03-04 12:17:12,195] {logging_mixin.py:115} INFO - [2024-03-04 12:17:12,195] {dag.py:2379} INFO - Sync 1 DAGs
[2024-03-04 12:17:12,208] {logging_mixin.py:115} INFO - [2024-03-04 12:17:12,208] {dag.py:2927} INFO - Setting next_dagrun for tutorial_etl_dag to None, run_after=None
[2024-03-04 12:17:12,222] {processor.py:161} INFO - Processing /home/luan/Documents/curso-extracao-de-dados/venv/lib/python3.9/site-packages/airflow/example_dags/tutorial_etl_dag.py took 0.048 seconds
[2024-03-04 12:17:45,767] {processor.py:153} INFO - Started process (PID=32175) to work on /home/luan/Documents/curso-extracao-de-dados/venv/lib/python3.9/site-packages/airflow/example_dags/tutorial_etl_dag.py
[2024-03-04 12:17:45,771] {processor.py:641} INFO - Processing file /home/luan/Documents/curso-extracao-de-dados/venv/lib/python3.9/site-packages/airflow/example_dags/tutorial_etl_dag.py for tasks to queue
[2024-03-04 12:17:45,771] {logging_mixin.py:115} INFO - [2024-03-04 12:17:45,771] {dagbag.py:507} INFO - Filling up the DagBag from /home/luan/Documents/curso-extracao-de-dados/venv/lib/python3.9/site-packages/airflow/example_dags/tutorial_etl_dag.py
[2024-03-04 12:17:45,776] {processor.py:651} INFO - DAG(s) dict_keys(['tutorial_etl_dag']) retrieved from /home/luan/Documents/curso-extracao-de-dados/venv/lib/python3.9/site-packages/airflow/example_dags/tutorial_etl_dag.py
[2024-03-04 12:17:45,786] {logging_mixin.py:115} INFO - [2024-03-04 12:17:45,786] {dag.py:2379} INFO - Sync 1 DAGs
[2024-03-04 12:17:45,799] {logging_mixin.py:115} INFO - [2024-03-04 12:17:45,799] {dag.py:2927} INFO - Setting next_dagrun for tutorial_etl_dag to None, run_after=None
[2024-03-04 12:17:45,816] {processor.py:161} INFO - Processing /home/luan/Documents/curso-extracao-de-dados/venv/lib/python3.9/site-packages/airflow/example_dags/tutorial_etl_dag.py took 0.051 seconds
[2024-03-04 12:18:41,359] {processor.py:153} INFO - Started process (PID=32473) to work on /home/luan/Documents/curso-extracao-de-dados/venv/lib/python3.9/site-packages/airflow/example_dags/tutorial_etl_dag.py
[2024-03-04 12:18:41,360] {processor.py:641} INFO - Processing file /home/luan/Documents/curso-extracao-de-dados/venv/lib/python3.9/site-packages/airflow/example_dags/tutorial_etl_dag.py for tasks to queue
[2024-03-04 12:18:41,361] {logging_mixin.py:115} INFO - [2024-03-04 12:18:41,361] {dagbag.py:507} INFO - Filling up the DagBag from /home/luan/Documents/curso-extracao-de-dados/venv/lib/python3.9/site-packages/airflow/example_dags/tutorial_etl_dag.py
[2024-03-04 12:18:41,365] {processor.py:651} INFO - DAG(s) dict_keys(['tutorial_etl_dag']) retrieved from /home/luan/Documents/curso-extracao-de-dados/venv/lib/python3.9/site-packages/airflow/example_dags/tutorial_etl_dag.py
[2024-03-04 12:18:41,378] {logging_mixin.py:115} INFO - [2024-03-04 12:18:41,378] {dag.py:2379} INFO - Sync 1 DAGs
[2024-03-04 12:18:41,394] {logging_mixin.py:115} INFO - [2024-03-04 12:18:41,394] {dag.py:2927} INFO - Setting next_dagrun for tutorial_etl_dag to None, run_after=None
[2024-03-04 12:18:41,409] {processor.py:161} INFO - Processing /home/luan/Documents/curso-extracao-de-dados/venv/lib/python3.9/site-packages/airflow/example_dags/tutorial_etl_dag.py took 0.052 seconds
[2024-03-04 12:19:12,207] {processor.py:153} INFO - Started process (PID=32597) to work on /home/luan/Documents/curso-extracao-de-dados/venv/lib/python3.9/site-packages/airflow/example_dags/tutorial_etl_dag.py
[2024-03-04 12:19:12,211] {processor.py:641} INFO - Processing file /home/luan/Documents/curso-extracao-de-dados/venv/lib/python3.9/site-packages/airflow/example_dags/tutorial_etl_dag.py for tasks to queue
[2024-03-04 12:19:12,212] {logging_mixin.py:115} INFO - [2024-03-04 12:19:12,211] {dagbag.py:507} INFO - Filling up the DagBag from /home/luan/Documents/curso-extracao-de-dados/venv/lib/python3.9/site-packages/airflow/example_dags/tutorial_etl_dag.py
[2024-03-04 12:19:12,216] {processor.py:651} INFO - DAG(s) dict_keys(['tutorial_etl_dag']) retrieved from /home/luan/Documents/curso-extracao-de-dados/venv/lib/python3.9/site-packages/airflow/example_dags/tutorial_etl_dag.py
[2024-03-04 12:19:12,226] {logging_mixin.py:115} INFO - [2024-03-04 12:19:12,226] {dag.py:2379} INFO - Sync 1 DAGs
[2024-03-04 12:19:12,239] {logging_mixin.py:115} INFO - [2024-03-04 12:19:12,239] {dag.py:2927} INFO - Setting next_dagrun for tutorial_etl_dag to None, run_after=None
[2024-03-04 12:19:12,252] {processor.py:161} INFO - Processing /home/luan/Documents/curso-extracao-de-dados/venv/lib/python3.9/site-packages/airflow/example_dags/tutorial_etl_dag.py took 0.047 seconds
