[2024-03-04 12:38:46,094] {taskinstance.py:1159} INFO - Dependencies all met for <TaskInstance: TwitterDAG.twitter_datascience scheduled__2024-03-02T00:00:00+00:00 [queued]>
[2024-03-04 12:38:46,099] {taskinstance.py:1159} INFO - Dependencies all met for <TaskInstance: TwitterDAG.twitter_datascience scheduled__2024-03-02T00:00:00+00:00 [queued]>
[2024-03-04 12:38:46,100] {taskinstance.py:1356} INFO - 
--------------------------------------------------------------------------------
[2024-03-04 12:38:46,100] {taskinstance.py:1357} INFO - Starting attempt 1 of 1
[2024-03-04 12:38:46,100] {taskinstance.py:1358} INFO - 
--------------------------------------------------------------------------------
[2024-03-04 12:38:46,113] {taskinstance.py:1377} INFO - Executing <Task(TwitterOperator): twitter_datascience> on 2024-03-02 00:00:00+00:00
[2024-03-04 12:38:46,114] {standard_task_runner.py:52} INFO - Started process 36460 to run task
[2024-03-04 12:38:46,117] {standard_task_runner.py:79} INFO - Running: ['airflow', 'tasks', 'run', 'TwitterDAG', 'twitter_datascience', 'scheduled__2024-03-02T00:00:00+00:00', '--job-id', '10', '--raw', '--subdir', 'DAGS_FOLDER/twitter_dag.py', '--cfg-path', '/tmp/tmpiq2jklk6', '--error-file', '/tmp/tmpx4_h_aph']
[2024-03-04 12:38:46,117] {standard_task_runner.py:80} INFO - Job 10: Subtask twitter_datascience
[2024-03-04 12:38:46,147] {task_command.py:370} INFO - Running <TaskInstance: TwitterDAG.twitter_datascience scheduled__2024-03-02T00:00:00+00:00 [running]> on host BITL0401.
[2024-03-04 12:38:46,191] {taskinstance.py:1569} INFO - Exporting the following env vars:
AIRFLOW_CTX_DAG_OWNER=airflow
AIRFLOW_CTX_DAG_ID=TwitterDAG
AIRFLOW_CTX_TASK_ID=twitter_datascience
AIRFLOW_CTX_EXECUTION_DATE=2024-03-02T00:00:00+00:00
AIRFLOW_CTX_TRY_NUMBER=1
AIRFLOW_CTX_DAG_RUN_ID=scheduled__2024-03-02T00:00:00+00:00
[2024-03-04 12:38:46,196] {base.py:68} INFO - Using connection ID 'twitter_default' for task execution.
[2024-03-04 12:38:46,198] {twitter_hook.py:32} INFO - URL: https://labdados.com/2/tweets/search/recent?query=data science&tweet.fields=author_id,conversation_id,created_at,id,in_reply_to_user_id,public_metrics,lang,text&expansions=author_id&user.fields=id,name,username,created_at&start_time=2024-03-02T00:00:00.00Z&end_time=2024-03-03T00:00:00.00Z
[2024-03-04 12:38:47,750] {taskinstance.py:1395} INFO - Marking task as SUCCESS. dag_id=TwitterDAG, task_id=twitter_datascience, execution_date=20240302T000000, start_date=20240304T153846, end_date=20240304T153847
[2024-03-04 12:38:47,778] {local_task_job.py:156} INFO - Task exited with return code 0
[2024-03-04 12:38:47,790] {local_task_job.py:273} INFO - 0 downstream tasks scheduled from follow-on schedule check
