[2024-03-04 11:21:13,313] {processor.py:153} INFO - Started process (PID=17454) to work on /home/luan/Documents/curso-extracao-de-dados/venv/lib/python3.9/site-packages/airflow/example_dags/plugins/workday.py
[2024-03-04 11:21:13,314] {processor.py:641} INFO - Processing file /home/luan/Documents/curso-extracao-de-dados/venv/lib/python3.9/site-packages/airflow/example_dags/plugins/workday.py for tasks to queue
[2024-03-04 11:21:13,315] {logging_mixin.py:115} INFO - [2024-03-04 11:21:13,315] {dagbag.py:507} INFO - Filling up the DagBag from /home/luan/Documents/curso-extracao-de-dados/venv/lib/python3.9/site-packages/airflow/example_dags/plugins/workday.py
[2024-03-04 11:21:13,317] {processor.py:653} WARNING - No viable dags retrieved from /home/luan/Documents/curso-extracao-de-dados/venv/lib/python3.9/site-packages/airflow/example_dags/plugins/workday.py
[2024-03-04 11:21:13,330] {processor.py:161} INFO - Processing /home/luan/Documents/curso-extracao-de-dados/venv/lib/python3.9/site-packages/airflow/example_dags/plugins/workday.py took 0.021 seconds
[2024-03-04 11:21:48,634] {processor.py:153} INFO - Started process (PID=17595) to work on /home/luan/Documents/curso-extracao-de-dados/venv/lib/python3.9/site-packages/airflow/example_dags/plugins/workday.py
[2024-03-04 11:21:48,635] {processor.py:641} INFO - Processing file /home/luan/Documents/curso-extracao-de-dados/venv/lib/python3.9/site-packages/airflow/example_dags/plugins/workday.py for tasks to queue
[2024-03-04 11:21:48,636] {logging_mixin.py:115} INFO - [2024-03-04 11:21:48,636] {dagbag.py:507} INFO - Filling up the DagBag from /home/luan/Documents/curso-extracao-de-dados/venv/lib/python3.9/site-packages/airflow/example_dags/plugins/workday.py
[2024-03-04 11:21:48,637] {processor.py:653} WARNING - No viable dags retrieved from /home/luan/Documents/curso-extracao-de-dados/venv/lib/python3.9/site-packages/airflow/example_dags/plugins/workday.py
[2024-03-04 11:21:48,644] {processor.py:161} INFO - Processing /home/luan/Documents/curso-extracao-de-dados/venv/lib/python3.9/site-packages/airflow/example_dags/plugins/workday.py took 0.012 seconds
[2024-03-04 11:22:19,444] {processor.py:153} INFO - Started process (PID=17719) to work on /home/luan/Documents/curso-extracao-de-dados/venv/lib/python3.9/site-packages/airflow/example_dags/plugins/workday.py
[2024-03-04 11:22:19,445] {processor.py:641} INFO - Processing file /home/luan/Documents/curso-extracao-de-dados/venv/lib/python3.9/site-packages/airflow/example_dags/plugins/workday.py for tasks to queue
[2024-03-04 11:22:19,445] {logging_mixin.py:115} INFO - [2024-03-04 11:22:19,445] {dagbag.py:507} INFO - Filling up the DagBag from /home/luan/Documents/curso-extracao-de-dados/venv/lib/python3.9/site-packages/airflow/example_dags/plugins/workday.py
[2024-03-04 11:22:19,446] {processor.py:653} WARNING - No viable dags retrieved from /home/luan/Documents/curso-extracao-de-dados/venv/lib/python3.9/site-packages/airflow/example_dags/plugins/workday.py
[2024-03-04 11:22:19,453] {processor.py:161} INFO - Processing /home/luan/Documents/curso-extracao-de-dados/venv/lib/python3.9/site-packages/airflow/example_dags/plugins/workday.py took 0.011 seconds
[2024-03-04 11:22:51,435] {processor.py:153} INFO - Started process (PID=17844) to work on /home/luan/Documents/curso-extracao-de-dados/venv/lib/python3.9/site-packages/airflow/example_dags/plugins/workday.py
[2024-03-04 11:22:51,436] {processor.py:641} INFO - Processing file /home/luan/Documents/curso-extracao-de-dados/venv/lib/python3.9/site-packages/airflow/example_dags/plugins/workday.py for tasks to queue
[2024-03-04 11:22:51,437] {logging_mixin.py:115} INFO - [2024-03-04 11:22:51,436] {dagbag.py:507} INFO - Filling up the DagBag from /home/luan/Documents/curso-extracao-de-dados/venv/lib/python3.9/site-packages/airflow/example_dags/plugins/workday.py
[2024-03-04 11:22:51,439] {processor.py:653} WARNING - No viable dags retrieved from /home/luan/Documents/curso-extracao-de-dados/venv/lib/python3.9/site-packages/airflow/example_dags/plugins/workday.py
[2024-03-04 11:22:51,448] {processor.py:161} INFO - Processing /home/luan/Documents/curso-extracao-de-dados/venv/lib/python3.9/site-packages/airflow/example_dags/plugins/workday.py took 0.015 seconds
[2024-03-04 12:05:39,943] {processor.py:153} INFO - Started process (PID=28698) to work on /home/luan/Documents/curso-extracao-de-dados/venv/lib/python3.9/site-packages/airflow/example_dags/plugins/workday.py
[2024-03-04 12:05:39,945] {processor.py:641} INFO - Processing file /home/luan/Documents/curso-extracao-de-dados/venv/lib/python3.9/site-packages/airflow/example_dags/plugins/workday.py for tasks to queue
[2024-03-04 12:05:39,945] {logging_mixin.py:115} INFO - [2024-03-04 12:05:39,945] {dagbag.py:507} INFO - Filling up the DagBag from /home/luan/Documents/curso-extracao-de-dados/venv/lib/python3.9/site-packages/airflow/example_dags/plugins/workday.py
[2024-03-04 12:05:39,947] {processor.py:653} WARNING - No viable dags retrieved from /home/luan/Documents/curso-extracao-de-dados/venv/lib/python3.9/site-packages/airflow/example_dags/plugins/workday.py
[2024-03-04 12:05:39,965] {processor.py:161} INFO - Processing /home/luan/Documents/curso-extracao-de-dados/venv/lib/python3.9/site-packages/airflow/example_dags/plugins/workday.py took 0.024 seconds
[2024-03-04 12:06:10,701] {processor.py:153} INFO - Started process (PID=28864) to work on /home/luan/Documents/curso-extracao-de-dados/venv/lib/python3.9/site-packages/airflow/example_dags/plugins/workday.py
[2024-03-04 12:06:10,702] {processor.py:641} INFO - Processing file /home/luan/Documents/curso-extracao-de-dados/venv/lib/python3.9/site-packages/airflow/example_dags/plugins/workday.py for tasks to queue
[2024-03-04 12:06:10,703] {logging_mixin.py:115} INFO - [2024-03-04 12:06:10,703] {dagbag.py:507} INFO - Filling up the DagBag from /home/luan/Documents/curso-extracao-de-dados/venv/lib/python3.9/site-packages/airflow/example_dags/plugins/workday.py
[2024-03-04 12:06:10,707] {processor.py:653} WARNING - No viable dags retrieved from /home/luan/Documents/curso-extracao-de-dados/venv/lib/python3.9/site-packages/airflow/example_dags/plugins/workday.py
[2024-03-04 12:06:10,734] {processor.py:161} INFO - Processing /home/luan/Documents/curso-extracao-de-dados/venv/lib/python3.9/site-packages/airflow/example_dags/plugins/workday.py took 0.041 seconds
[2024-03-04 12:06:45,751] {processor.py:153} INFO - Started process (PID=29178) to work on /home/luan/Documents/curso-extracao-de-dados/venv/lib/python3.9/site-packages/airflow/example_dags/plugins/workday.py
[2024-03-04 12:06:45,755] {processor.py:641} INFO - Processing file /home/luan/Documents/curso-extracao-de-dados/venv/lib/python3.9/site-packages/airflow/example_dags/plugins/workday.py for tasks to queue
[2024-03-04 12:06:45,756] {logging_mixin.py:115} INFO - [2024-03-04 12:06:45,756] {dagbag.py:507} INFO - Filling up the DagBag from /home/luan/Documents/curso-extracao-de-dados/venv/lib/python3.9/site-packages/airflow/example_dags/plugins/workday.py
[2024-03-04 12:06:45,757] {processor.py:653} WARNING - No viable dags retrieved from /home/luan/Documents/curso-extracao-de-dados/venv/lib/python3.9/site-packages/airflow/example_dags/plugins/workday.py
[2024-03-04 12:06:45,766] {processor.py:161} INFO - Processing /home/luan/Documents/curso-extracao-de-dados/venv/lib/python3.9/site-packages/airflow/example_dags/plugins/workday.py took 0.016 seconds
[2024-03-04 12:07:07,798] {processor.py:153} INFO - Started process (PID=29334) to work on /home/luan/Documents/curso-extracao-de-dados/venv/lib/python3.9/site-packages/airflow/example_dags/plugins/workday.py
[2024-03-04 12:07:07,799] {processor.py:641} INFO - Processing file /home/luan/Documents/curso-extracao-de-dados/venv/lib/python3.9/site-packages/airflow/example_dags/plugins/workday.py for tasks to queue
[2024-03-04 12:07:07,799] {logging_mixin.py:115} INFO - [2024-03-04 12:07:07,799] {dagbag.py:507} INFO - Filling up the DagBag from /home/luan/Documents/curso-extracao-de-dados/venv/lib/python3.9/site-packages/airflow/example_dags/plugins/workday.py
[2024-03-04 12:07:07,800] {processor.py:653} WARNING - No viable dags retrieved from /home/luan/Documents/curso-extracao-de-dados/venv/lib/python3.9/site-packages/airflow/example_dags/plugins/workday.py
[2024-03-04 12:07:07,813] {processor.py:161} INFO - Processing /home/luan/Documents/curso-extracao-de-dados/venv/lib/python3.9/site-packages/airflow/example_dags/plugins/workday.py took 0.017 seconds
[2024-03-04 12:07:38,477] {processor.py:153} INFO - Started process (PID=29436) to work on /home/luan/Documents/curso-extracao-de-dados/venv/lib/python3.9/site-packages/airflow/example_dags/plugins/workday.py
[2024-03-04 12:07:38,481] {processor.py:641} INFO - Processing file /home/luan/Documents/curso-extracao-de-dados/venv/lib/python3.9/site-packages/airflow/example_dags/plugins/workday.py for tasks to queue
[2024-03-04 12:07:38,482] {logging_mixin.py:115} INFO - [2024-03-04 12:07:38,482] {dagbag.py:507} INFO - Filling up the DagBag from /home/luan/Documents/curso-extracao-de-dados/venv/lib/python3.9/site-packages/airflow/example_dags/plugins/workday.py
[2024-03-04 12:07:38,483] {processor.py:653} WARNING - No viable dags retrieved from /home/luan/Documents/curso-extracao-de-dados/venv/lib/python3.9/site-packages/airflow/example_dags/plugins/workday.py
[2024-03-04 12:07:38,490] {processor.py:161} INFO - Processing /home/luan/Documents/curso-extracao-de-dados/venv/lib/python3.9/site-packages/airflow/example_dags/plugins/workday.py took 0.015 seconds
[2024-03-04 12:08:11,584] {processor.py:153} INFO - Started process (PID=29560) to work on /home/luan/Documents/curso-extracao-de-dados/venv/lib/python3.9/site-packages/airflow/example_dags/plugins/workday.py
[2024-03-04 12:08:11,588] {processor.py:641} INFO - Processing file /home/luan/Documents/curso-extracao-de-dados/venv/lib/python3.9/site-packages/airflow/example_dags/plugins/workday.py for tasks to queue
[2024-03-04 12:08:11,589] {logging_mixin.py:115} INFO - [2024-03-04 12:08:11,589] {dagbag.py:507} INFO - Filling up the DagBag from /home/luan/Documents/curso-extracao-de-dados/venv/lib/python3.9/site-packages/airflow/example_dags/plugins/workday.py
[2024-03-04 12:08:11,590] {processor.py:653} WARNING - No viable dags retrieved from /home/luan/Documents/curso-extracao-de-dados/venv/lib/python3.9/site-packages/airflow/example_dags/plugins/workday.py
[2024-03-04 12:08:11,598] {processor.py:161} INFO - Processing /home/luan/Documents/curso-extracao-de-dados/venv/lib/python3.9/site-packages/airflow/example_dags/plugins/workday.py took 0.016 seconds
[2024-03-04 12:08:43,662] {processor.py:153} INFO - Started process (PID=29690) to work on /home/luan/Documents/curso-extracao-de-dados/venv/lib/python3.9/site-packages/airflow/example_dags/plugins/workday.py
[2024-03-04 12:08:43,666] {processor.py:641} INFO - Processing file /home/luan/Documents/curso-extracao-de-dados/venv/lib/python3.9/site-packages/airflow/example_dags/plugins/workday.py for tasks to queue
[2024-03-04 12:08:43,667] {logging_mixin.py:115} INFO - [2024-03-04 12:08:43,667] {dagbag.py:507} INFO - Filling up the DagBag from /home/luan/Documents/curso-extracao-de-dados/venv/lib/python3.9/site-packages/airflow/example_dags/plugins/workday.py
[2024-03-04 12:08:43,668] {processor.py:653} WARNING - No viable dags retrieved from /home/luan/Documents/curso-extracao-de-dados/venv/lib/python3.9/site-packages/airflow/example_dags/plugins/workday.py
[2024-03-04 12:08:43,675] {processor.py:161} INFO - Processing /home/luan/Documents/curso-extracao-de-dados/venv/lib/python3.9/site-packages/airflow/example_dags/plugins/workday.py took 0.014 seconds
[2024-03-04 12:09:45,481] {processor.py:153} INFO - Started process (PID=30018) to work on /home/luan/Documents/curso-extracao-de-dados/venv/lib/python3.9/site-packages/airflow/example_dags/plugins/workday.py
[2024-03-04 12:09:45,482] {processor.py:641} INFO - Processing file /home/luan/Documents/curso-extracao-de-dados/venv/lib/python3.9/site-packages/airflow/example_dags/plugins/workday.py for tasks to queue
[2024-03-04 12:09:45,483] {logging_mixin.py:115} INFO - [2024-03-04 12:09:45,482] {dagbag.py:507} INFO - Filling up the DagBag from /home/luan/Documents/curso-extracao-de-dados/venv/lib/python3.9/site-packages/airflow/example_dags/plugins/workday.py
[2024-03-04 12:09:45,484] {processor.py:653} WARNING - No viable dags retrieved from /home/luan/Documents/curso-extracao-de-dados/venv/lib/python3.9/site-packages/airflow/example_dags/plugins/workday.py
[2024-03-04 12:09:45,494] {processor.py:161} INFO - Processing /home/luan/Documents/curso-extracao-de-dados/venv/lib/python3.9/site-packages/airflow/example_dags/plugins/workday.py took 0.016 seconds
[2024-03-04 12:10:16,157] {processor.py:153} INFO - Started process (PID=30138) to work on /home/luan/Documents/curso-extracao-de-dados/venv/lib/python3.9/site-packages/airflow/example_dags/plugins/workday.py
[2024-03-04 12:10:16,159] {processor.py:641} INFO - Processing file /home/luan/Documents/curso-extracao-de-dados/venv/lib/python3.9/site-packages/airflow/example_dags/plugins/workday.py for tasks to queue
[2024-03-04 12:10:16,159] {logging_mixin.py:115} INFO - [2024-03-04 12:10:16,159] {dagbag.py:507} INFO - Filling up the DagBag from /home/luan/Documents/curso-extracao-de-dados/venv/lib/python3.9/site-packages/airflow/example_dags/plugins/workday.py
[2024-03-04 12:10:16,161] {processor.py:653} WARNING - No viable dags retrieved from /home/luan/Documents/curso-extracao-de-dados/venv/lib/python3.9/site-packages/airflow/example_dags/plugins/workday.py
[2024-03-04 12:10:16,168] {processor.py:161} INFO - Processing /home/luan/Documents/curso-extracao-de-dados/venv/lib/python3.9/site-packages/airflow/example_dags/plugins/workday.py took 0.013 seconds
[2024-03-04 12:10:49,370] {processor.py:153} INFO - Started process (PID=30271) to work on /home/luan/Documents/curso-extracao-de-dados/venv/lib/python3.9/site-packages/airflow/example_dags/plugins/workday.py
[2024-03-04 12:10:49,374] {processor.py:641} INFO - Processing file /home/luan/Documents/curso-extracao-de-dados/venv/lib/python3.9/site-packages/airflow/example_dags/plugins/workday.py for tasks to queue
[2024-03-04 12:10:49,374] {logging_mixin.py:115} INFO - [2024-03-04 12:10:49,374] {dagbag.py:507} INFO - Filling up the DagBag from /home/luan/Documents/curso-extracao-de-dados/venv/lib/python3.9/site-packages/airflow/example_dags/plugins/workday.py
[2024-03-04 12:10:49,376] {processor.py:653} WARNING - No viable dags retrieved from /home/luan/Documents/curso-extracao-de-dados/venv/lib/python3.9/site-packages/airflow/example_dags/plugins/workday.py
[2024-03-04 12:10:49,383] {processor.py:161} INFO - Processing /home/luan/Documents/curso-extracao-de-dados/venv/lib/python3.9/site-packages/airflow/example_dags/plugins/workday.py took 0.015 seconds
[2024-03-04 12:11:21,308] {processor.py:153} INFO - Started process (PID=30408) to work on /home/luan/Documents/curso-extracao-de-dados/venv/lib/python3.9/site-packages/airflow/example_dags/plugins/workday.py
[2024-03-04 12:11:21,309] {processor.py:641} INFO - Processing file /home/luan/Documents/curso-extracao-de-dados/venv/lib/python3.9/site-packages/airflow/example_dags/plugins/workday.py for tasks to queue
[2024-03-04 12:11:21,310] {logging_mixin.py:115} INFO - [2024-03-04 12:11:21,310] {dagbag.py:507} INFO - Filling up the DagBag from /home/luan/Documents/curso-extracao-de-dados/venv/lib/python3.9/site-packages/airflow/example_dags/plugins/workday.py
[2024-03-04 12:11:21,311] {processor.py:653} WARNING - No viable dags retrieved from /home/luan/Documents/curso-extracao-de-dados/venv/lib/python3.9/site-packages/airflow/example_dags/plugins/workday.py
[2024-03-04 12:11:21,318] {processor.py:161} INFO - Processing /home/luan/Documents/curso-extracao-de-dados/venv/lib/python3.9/site-packages/airflow/example_dags/plugins/workday.py took 0.011 seconds
[2024-03-04 12:14:03,742] {processor.py:153} INFO - Started process (PID=31176) to work on /home/luan/Documents/curso-extracao-de-dados/venv/lib/python3.9/site-packages/airflow/example_dags/plugins/workday.py
[2024-03-04 12:14:03,743] {processor.py:641} INFO - Processing file /home/luan/Documents/curso-extracao-de-dados/venv/lib/python3.9/site-packages/airflow/example_dags/plugins/workday.py for tasks to queue
[2024-03-04 12:14:03,744] {logging_mixin.py:115} INFO - [2024-03-04 12:14:03,744] {dagbag.py:507} INFO - Filling up the DagBag from /home/luan/Documents/curso-extracao-de-dados/venv/lib/python3.9/site-packages/airflow/example_dags/plugins/workday.py
[2024-03-04 12:14:03,747] {processor.py:653} WARNING - No viable dags retrieved from /home/luan/Documents/curso-extracao-de-dados/venv/lib/python3.9/site-packages/airflow/example_dags/plugins/workday.py
[2024-03-04 12:14:03,757] {processor.py:161} INFO - Processing /home/luan/Documents/curso-extracao-de-dados/venv/lib/python3.9/site-packages/airflow/example_dags/plugins/workday.py took 0.017 seconds
[2024-03-04 12:14:34,423] {processor.py:153} INFO - Started process (PID=31305) to work on /home/luan/Documents/curso-extracao-de-dados/venv/lib/python3.9/site-packages/airflow/example_dags/plugins/workday.py
[2024-03-04 12:14:34,424] {processor.py:641} INFO - Processing file /home/luan/Documents/curso-extracao-de-dados/venv/lib/python3.9/site-packages/airflow/example_dags/plugins/workday.py for tasks to queue
[2024-03-04 12:14:34,424] {logging_mixin.py:115} INFO - [2024-03-04 12:14:34,424] {dagbag.py:507} INFO - Filling up the DagBag from /home/luan/Documents/curso-extracao-de-dados/venv/lib/python3.9/site-packages/airflow/example_dags/plugins/workday.py
[2024-03-04 12:14:34,425] {processor.py:653} WARNING - No viable dags retrieved from /home/luan/Documents/curso-extracao-de-dados/venv/lib/python3.9/site-packages/airflow/example_dags/plugins/workday.py
[2024-03-04 12:14:34,433] {processor.py:161} INFO - Processing /home/luan/Documents/curso-extracao-de-dados/venv/lib/python3.9/site-packages/airflow/example_dags/plugins/workday.py took 0.012 seconds
[2024-03-04 12:15:07,541] {processor.py:153} INFO - Started process (PID=31435) to work on /home/luan/Documents/curso-extracao-de-dados/venv/lib/python3.9/site-packages/airflow/example_dags/plugins/workday.py
[2024-03-04 12:15:07,545] {processor.py:641} INFO - Processing file /home/luan/Documents/curso-extracao-de-dados/venv/lib/python3.9/site-packages/airflow/example_dags/plugins/workday.py for tasks to queue
[2024-03-04 12:15:07,546] {logging_mixin.py:115} INFO - [2024-03-04 12:15:07,546] {dagbag.py:507} INFO - Filling up the DagBag from /home/luan/Documents/curso-extracao-de-dados/venv/lib/python3.9/site-packages/airflow/example_dags/plugins/workday.py
[2024-03-04 12:15:07,547] {processor.py:653} WARNING - No viable dags retrieved from /home/luan/Documents/curso-extracao-de-dados/venv/lib/python3.9/site-packages/airflow/example_dags/plugins/workday.py
[2024-03-04 12:15:07,554] {processor.py:161} INFO - Processing /home/luan/Documents/curso-extracao-de-dados/venv/lib/python3.9/site-packages/airflow/example_dags/plugins/workday.py took 0.015 seconds
[2024-03-04 12:15:40,026] {processor.py:153} INFO - Started process (PID=31568) to work on /home/luan/Documents/curso-extracao-de-dados/venv/lib/python3.9/site-packages/airflow/example_dags/plugins/workday.py
[2024-03-04 12:15:40,027] {processor.py:641} INFO - Processing file /home/luan/Documents/curso-extracao-de-dados/venv/lib/python3.9/site-packages/airflow/example_dags/plugins/workday.py for tasks to queue
[2024-03-04 12:15:40,028] {logging_mixin.py:115} INFO - [2024-03-04 12:15:40,028] {dagbag.py:507} INFO - Filling up the DagBag from /home/luan/Documents/curso-extracao-de-dados/venv/lib/python3.9/site-packages/airflow/example_dags/plugins/workday.py
[2024-03-04 12:15:40,029] {processor.py:653} WARNING - No viable dags retrieved from /home/luan/Documents/curso-extracao-de-dados/venv/lib/python3.9/site-packages/airflow/example_dags/plugins/workday.py
[2024-03-04 12:15:40,036] {processor.py:161} INFO - Processing /home/luan/Documents/curso-extracao-de-dados/venv/lib/python3.9/site-packages/airflow/example_dags/plugins/workday.py took 0.011 seconds
[2024-03-04 12:16:02,569] {processor.py:153} INFO - Started process (PID=31758) to work on /home/luan/Documents/curso-extracao-de-dados/venv/lib/python3.9/site-packages/airflow/example_dags/plugins/workday.py
[2024-03-04 12:16:02,583] {processor.py:641} INFO - Processing file /home/luan/Documents/curso-extracao-de-dados/venv/lib/python3.9/site-packages/airflow/example_dags/plugins/workday.py for tasks to queue
[2024-03-04 12:16:02,584] {logging_mixin.py:115} INFO - [2024-03-04 12:16:02,584] {dagbag.py:507} INFO - Filling up the DagBag from /home/luan/Documents/curso-extracao-de-dados/venv/lib/python3.9/site-packages/airflow/example_dags/plugins/workday.py
[2024-03-04 12:16:02,587] {processor.py:653} WARNING - No viable dags retrieved from /home/luan/Documents/curso-extracao-de-dados/venv/lib/python3.9/site-packages/airflow/example_dags/plugins/workday.py
[2024-03-04 12:16:02,599] {processor.py:161} INFO - Processing /home/luan/Documents/curso-extracao-de-dados/venv/lib/python3.9/site-packages/airflow/example_dags/plugins/workday.py took 0.033 seconds
[2024-03-04 12:16:33,230] {processor.py:153} INFO - Started process (PID=31882) to work on /home/luan/Documents/curso-extracao-de-dados/venv/lib/python3.9/site-packages/airflow/example_dags/plugins/workday.py
[2024-03-04 12:16:33,232] {processor.py:641} INFO - Processing file /home/luan/Documents/curso-extracao-de-dados/venv/lib/python3.9/site-packages/airflow/example_dags/plugins/workday.py for tasks to queue
[2024-03-04 12:16:33,233] {logging_mixin.py:115} INFO - [2024-03-04 12:16:33,232] {dagbag.py:507} INFO - Filling up the DagBag from /home/luan/Documents/curso-extracao-de-dados/venv/lib/python3.9/site-packages/airflow/example_dags/plugins/workday.py
[2024-03-04 12:16:33,234] {processor.py:653} WARNING - No viable dags retrieved from /home/luan/Documents/curso-extracao-de-dados/venv/lib/python3.9/site-packages/airflow/example_dags/plugins/workday.py
[2024-03-04 12:16:33,241] {processor.py:161} INFO - Processing /home/luan/Documents/curso-extracao-de-dados/venv/lib/python3.9/site-packages/airflow/example_dags/plugins/workday.py took 0.012 seconds
[2024-03-04 12:17:07,907] {processor.py:153} INFO - Started process (PID=32021) to work on /home/luan/Documents/curso-extracao-de-dados/venv/lib/python3.9/site-packages/airflow/example_dags/plugins/workday.py
[2024-03-04 12:17:07,911] {processor.py:641} INFO - Processing file /home/luan/Documents/curso-extracao-de-dados/venv/lib/python3.9/site-packages/airflow/example_dags/plugins/workday.py for tasks to queue
[2024-03-04 12:17:07,911] {logging_mixin.py:115} INFO - [2024-03-04 12:17:07,911] {dagbag.py:507} INFO - Filling up the DagBag from /home/luan/Documents/curso-extracao-de-dados/venv/lib/python3.9/site-packages/airflow/example_dags/plugins/workday.py
[2024-03-04 12:17:07,913] {processor.py:653} WARNING - No viable dags retrieved from /home/luan/Documents/curso-extracao-de-dados/venv/lib/python3.9/site-packages/airflow/example_dags/plugins/workday.py
[2024-03-04 12:17:07,923] {processor.py:161} INFO - Processing /home/luan/Documents/curso-extracao-de-dados/venv/lib/python3.9/site-packages/airflow/example_dags/plugins/workday.py took 0.018 seconds
[2024-03-04 12:17:40,625] {processor.py:153} INFO - Started process (PID=32152) to work on /home/luan/Documents/curso-extracao-de-dados/venv/lib/python3.9/site-packages/airflow/example_dags/plugins/workday.py
[2024-03-04 12:17:40,629] {processor.py:641} INFO - Processing file /home/luan/Documents/curso-extracao-de-dados/venv/lib/python3.9/site-packages/airflow/example_dags/plugins/workday.py for tasks to queue
[2024-03-04 12:17:40,630] {logging_mixin.py:115} INFO - [2024-03-04 12:17:40,630] {dagbag.py:507} INFO - Filling up the DagBag from /home/luan/Documents/curso-extracao-de-dados/venv/lib/python3.9/site-packages/airflow/example_dags/plugins/workday.py
[2024-03-04 12:17:40,631] {processor.py:653} WARNING - No viable dags retrieved from /home/luan/Documents/curso-extracao-de-dados/venv/lib/python3.9/site-packages/airflow/example_dags/plugins/workday.py
[2024-03-04 12:17:40,638] {processor.py:161} INFO - Processing /home/luan/Documents/curso-extracao-de-dados/venv/lib/python3.9/site-packages/airflow/example_dags/plugins/workday.py took 0.015 seconds
[2024-03-04 12:18:36,395] {processor.py:153} INFO - Started process (PID=32454) to work on /home/luan/Documents/curso-extracao-de-dados/venv/lib/python3.9/site-packages/airflow/example_dags/plugins/workday.py
[2024-03-04 12:18:36,399] {processor.py:641} INFO - Processing file /home/luan/Documents/curso-extracao-de-dados/venv/lib/python3.9/site-packages/airflow/example_dags/plugins/workday.py for tasks to queue
[2024-03-04 12:18:36,400] {logging_mixin.py:115} INFO - [2024-03-04 12:18:36,400] {dagbag.py:507} INFO - Filling up the DagBag from /home/luan/Documents/curso-extracao-de-dados/venv/lib/python3.9/site-packages/airflow/example_dags/plugins/workday.py
[2024-03-04 12:18:36,401] {processor.py:653} WARNING - No viable dags retrieved from /home/luan/Documents/curso-extracao-de-dados/venv/lib/python3.9/site-packages/airflow/example_dags/plugins/workday.py
[2024-03-04 12:18:36,409] {processor.py:161} INFO - Processing /home/luan/Documents/curso-extracao-de-dados/venv/lib/python3.9/site-packages/airflow/example_dags/plugins/workday.py took 0.016 seconds
[2024-03-04 12:19:07,064] {processor.py:153} INFO - Started process (PID=32580) to work on /home/luan/Documents/curso-extracao-de-dados/venv/lib/python3.9/site-packages/airflow/example_dags/plugins/workday.py
[2024-03-04 12:19:07,068] {processor.py:641} INFO - Processing file /home/luan/Documents/curso-extracao-de-dados/venv/lib/python3.9/site-packages/airflow/example_dags/plugins/workday.py for tasks to queue
[2024-03-04 12:19:07,069] {logging_mixin.py:115} INFO - [2024-03-04 12:19:07,069] {dagbag.py:507} INFO - Filling up the DagBag from /home/luan/Documents/curso-extracao-de-dados/venv/lib/python3.9/site-packages/airflow/example_dags/plugins/workday.py
[2024-03-04 12:19:07,070] {processor.py:653} WARNING - No viable dags retrieved from /home/luan/Documents/curso-extracao-de-dados/venv/lib/python3.9/site-packages/airflow/example_dags/plugins/workday.py
[2024-03-04 12:19:07,077] {processor.py:161} INFO - Processing /home/luan/Documents/curso-extracao-de-dados/venv/lib/python3.9/site-packages/airflow/example_dags/plugins/workday.py took 0.014 seconds
